#
# A fatal error has been detected by the Java Runtime Environment:
#
#  SIGSEGV (0xb) at pc=0x000000010be81f1d, pid=3078, tid=0x0000000000003b03
#
# JRE version: Java(TM) SE Runtime Environment (8.0_151-b12) (build 1.8.0_151-b12)
# Java VM: Java HotSpot(TM) 64-Bit Server VM (25.151-b12 mixed mode bsd-amd64 compressed oops)
# Problematic frame:
# V  [libjvm.dylib+0x12cf1d]  Interval::split_child_at_op_id(int, LIR_OpVisitState::OprMode)+0x43
#
# Failed to write core dump. Core dumps have been disabled. To enable core dumping, try "ulimit -c unlimited" before starting Java again
#
# If you would like to submit a bug report, please visit:
#   http://bugreport.java.com/bugreport/crash.jsp
#

---------------  T H R E A D  ---------------

Current thread (0x00007fdd7c838000):  JavaThread "C1 CompilerThread2" daemon [_thread_in_native, id=15107, stack(0x000070000b6c8000,0x000070000b7c8000)]

siginfo: si_signo: 11 (SIGSEGV), si_code: 0 (unknown), si_addr: 0x0000000000000000

Registers:
RAX=0x00007fdd7ba63c10, RBX=0x00007fdd7c209580, RCX=0x0000000000000017, RDX=0x0000000000000000
RSP=0x000070000b7c7030, RBP=0x000070000b7c7030, RSI=0x0000000000000c52, RDI=0x00007fdd7c8cdeb0
R8 =0x000000000000000b, R9 =0x3f000000feffffff, R10=0x00000000000008e5, R11=0x0000000000000000
R12=0x00000000000000cc, R13=0x00007fdd7ba99960, R14=0x00000000000000cc, R15=0x000000000000001f
RIP=0x000000010be81f1d, EFLAGS=0x0000000000010283, ERR=0x0000000000000000
  TRAPNO=0x000000000000000d

Top of Stack: (sp=0x000070000b7c7030)
0x000070000b7c7030:   000070000b7c7050 000000010be84bfc
0x000070000b7c7040:   00007fdd7d13d810 00000000000000cc
0x000070000b7c7050:   000070000b7c7100 000000010be88285
0x000070000b7c7060:   00007fdd7ca11620 0000000000000000
0x000070000b7c7070:   000070000b7c7208 000070000b7c71d8
0x000070000b7c7080:   000070000b7c71f0 00007fdd7d1af040
0x000070000b7c7090:   00007fdd7bad9b10 00007fdd7c209580
0x000070000b7c70a0:   00000000000007c0 0000000000000000
0x000070000b7c70b0:   00000000ffffff00 0000000000000000
0x000070000b7c70c0:   0000000000000000 00007fdd7d13d810
0x000070000b7c70d0:   00000000000007c0 000070000b7c7188
0x000070000b7c70e0:   0000000000000000 00007fdd7bad9b10
0x000070000b7c70f0:   00007fdd7d1af040 0000000000000002
0x000070000b7c7100:   000070000b7c7320 000000010be8874c
0x000070000b7c7110:   0000000000000168 0000000000000059
0x000070000b7c7120:   00007fdd7c209580 0000000000000000
0x000070000b7c7130:   00007fdd7c097800 0000000000000000
0x000070000b7c7140:   00007fdd7c097800 00007fdd7d3e3a00
0x000070000b7c7150:   0000000000000168 0000000000000000
0x000070000b7c7160:   00007fdd7c097900 0000000000000000
0x000070000b7c7170:   00007fdd7c097900 00007fdd7d3e39d0
0x000070000b7c7180:   0000000000000168 00007fdd7c209580
0x000070000b7c7190:   0000000000000000 00007fddffffffff
0x000070000b7c71a0:   0000000000000000 00007fdd00000002
0x000070000b7c71b0:   00007fdd7d3e38b0 00007fdd00000008
0x000070000b7c71c0:   0000000000000001 00007fdd7d3e38d0
0x000070000b7c71d0:   0000000000000008 0000000000000001
0x000070000b7c71e0:   00007fdd7d3e3910 0000000000000008
0x000070000b7c71f0:   0000000000000001 00007fdd7d3e3950
0x000070000b7c7200:   0000000000000008 0000000000000001
0x000070000b7c7210:   00007fdd7d3e3990 00007fdd00000008
0x000070000b7c7220:   0000000000000000 0000000000000000 

Instructions: (pc=0x000000010be81f1d)
0x000000010be81efd:   68 49 89 00 eb 5c 83 fa 02 0f 95 c0 0f b6 d0 45
0x000000010be81f0d:   31 c0 eb 47 48 8b 47 68 4a 8b 04 c0 4c 8b 48 08
0x000000010be81f1d:   41 39 31 7f 33 44 8b 50 44 41 83 fa ff 75 21 4d
0x000000010be81f2d:   8b 51 08 4c 8b 1d d9 2f 7b 00 eb 07 4d 89 d1 4d 

Register to memory mapping:

RAX=0x00007fdd7ba63c10 is an unknown value
RBX=0x00007fdd7c209580 is an unknown value
RCX=0x0000000000000017 is an unknown value
RDX=0x0000000000000000 is an unknown value
RSP=0x000070000b7c7030 is pointing into the stack for thread: 0x00007fdd7c838000
RBP=0x000070000b7c7030 is pointing into the stack for thread: 0x00007fdd7c838000
RSI=0x0000000000000c52 is an unknown value
RDI=0x00007fdd7c8cdeb0 is an unknown value
R8 =0x000000000000000b is an unknown value
R9 =0x3f000000feffffff is an unknown value
R10=0x00000000000008e5 is an unknown value
R11=0x0000000000000000 is an unknown value
R12=0x00000000000000cc is an unknown value
R13=0x00007fdd7ba99960 is an unknown value
R14=0x00000000000000cc is an unknown value
R15=0x000000000000001f is an unknown value


Stack: [0x000070000b6c8000,0x000070000b7c8000],  sp=0x000070000b7c7030,  free space=1020k
Native frames: (J=compiled Java code, j=interpreted, Vv=VM code, C=native code)
V  [libjvm.dylib+0x12cf1d]  Interval::split_child_at_op_id(int, LIR_OpVisitState::OprMode)+0x43
V  [libjvm.dylib+0x12fbfc]  LinearScan::split_child_at_op_id(Interval*, int, LIR_OpVisitState::OprMode)+0x16
V  [libjvm.dylib+0x133285]  LinearScan::resolve_collect_mappings(BlockBegin*, BlockBegin*, MoveResolver&)+0x10b
V  [libjvm.dylib+0x13374c]  LinearScan::resolve_data_flow()+0x310
V  [libjvm.dylib+0x1360f6]  LinearScan::do_linear_scan()+0x6e
V  [libjvm.dylib+0xe8971]  Compilation::emit_lir()+0xdb
V  [libjvm.dylib+0xe8c6a]  Compilation::compile_java_method()+0xe4
V  [libjvm.dylib+0xe8e07]  Compilation::compile_method()+0x6d
V  [libjvm.dylib+0xe901c]  Compilation::Compilation(AbstractCompiler*, ciEnv*, ciMethod*, int, BufferBlob*)+0x1a2
V  [libjvm.dylib+0xe979e]  Compiler::compile_method(ciEnv*, ciMethod*, int)+0x90
V  [libjvm.dylib+0x1b7454]  CompileBroker::invoke_compiler_on_method(CompileTask*)+0x5b2
V  [libjvm.dylib+0x1b999b]  CompileBroker::compiler_thread_loop()+0x291
V  [libjvm.dylib+0x56c173]  JavaThread::thread_main_inner()+0x9b
V  [libjvm.dylib+0x56d860]  JavaThread::run()+0x1c2
V  [libjvm.dylib+0x48bbb2]  java_start(Thread*)+0xf6
C  [libsystem_pthread.dylib+0x3305]  _pthread_body+0x7e
C  [libsystem_pthread.dylib+0x626f]  _pthread_start+0x46
C  [libsystem_pthread.dylib+0x2415]  thread_start+0xd
C  0x0000000000000000


Current CompileTask:
C1:   5210 1040   !   3       com.badlogic.gdx.utils.Json::readValue (1451 bytes)


---------------  P R O C E S S  ---------------

Java Threads: ( => current thread )
  0x00007fdd7ba13800 JavaThread "DestroyJavaVM" [_thread_blocked, id=9731, stack(0x000070000ab24000,0x000070000ac24000)]
  0x00007fdd7ba12800 JavaThread "LWJGL Application" [_thread_in_native, id=70151, stack(0x000070000bce0000,0x000070000bde0000)]
  0x00007fdd7c143000 JavaThread "AWT-Shutdown" [_thread_blocked, id=40235, stack(0x000070000b9d1000,0x000070000bad1000)]
  0x00007fdd7c923000 JavaThread "AppKit Thread" daemon [_thread_in_native, id=775, stack(0x00007ffee36da000,0x00007ffee3eda000)]
  0x00007fdd7c841000 JavaThread "Service Thread" daemon [_thread_blocked, id=15619, stack(0x000070000b7cb000,0x000070000b8cb000)]
=>0x00007fdd7c838000 JavaThread "C1 CompilerThread2" daemon [_thread_in_native, id=15107, stack(0x000070000b6c8000,0x000070000b7c8000)]
  0x00007fdd7c837800 JavaThread "C2 CompilerThread1" daemon [_thread_in_native, id=14595, stack(0x000070000b5c5000,0x000070000b6c5000)]
  0x00007fdd7c835800 JavaThread "C2 CompilerThread0" daemon [_thread_blocked, id=19459, stack(0x000070000b4c2000,0x000070000b5c2000)]
  0x00007fdd7c806000 JavaThread "Signal Dispatcher" daemon [_thread_blocked, id=14339, stack(0x000070000b3bf000,0x000070000b4bf000)]
  0x00007fdd7c008000 JavaThread "Finalizer" daemon [_thread_blocked, id=20995, stack(0x000070000b239000,0x000070000b339000)]
  0x00007fdd7b81a800 JavaThread "Reference Handler" daemon [_thread_blocked, id=12035, stack(0x000070000b136000,0x000070000b236000)]

Other Threads:
  0x00007fdd7d026800 VMThread [stack: 0x000070000b033000,0x000070000b133000] [id=21251]
  0x00007fdd7c017000 WatcherThread [stack: 0x000070000b8ce000,0x000070000b9ce000] [id=18947]

VM state:not at safepoint (normal execution)

VM Mutex/Monitor currently owned by a thread: None

Heap:
 PSYoungGen      total 38400K, used 30126K [0x0000000795580000, 0x0000000798000000, 0x00000007c0000000)
  eden space 33280K, 90% used [0x0000000795580000,0x00000007972eb9c8,0x0000000797600000)
  from space 5120K, 0% used [0x0000000797b00000,0x0000000797b00000,0x0000000798000000)
  to   space 5120K, 0% used [0x0000000797600000,0x0000000797600000,0x0000000797b00000)
 ParOldGen       total 87552K, used 0K [0x0000000740000000, 0x0000000745580000, 0x0000000795580000)
  object space 87552K, 0% used [0x0000000740000000,0x0000000740000000,0x0000000745580000)
 Metaspace       used 9576K, capacity 9743K, committed 9984K, reserved 1058816K
  class space    used 954K, capacity 1018K, committed 1024K, reserved 1048576K

Card table byte_map: [0x000000010d9c0000,0x000000010ddc1000] byte_map_base: 0x0000000109fc0000

Marking Bits: (ParMarkBitMap*) 0x000000010c6485d0
 Begin Bits: [0x000000010e06c000, 0x000000011006c000)
 End Bits:   [0x000000011006c000, 0x000000011206c000)

Polling page: 0x000000010cd3f000

CodeCache: size=245760Kb used=3837Kb max_used=3848Kb free=241923Kb
 bounds [0x000000011248c000, 0x000000011285c000, 0x000000012148c000]
 total_blobs=1495 nmethods=1041 adapters=368
 compilation: enabled

Compilation events (10 events):
Event: 5.169 Thread 0x00007fdd7c838000 1040   !   3       com.badlogic.gdx.utils.Json::readValue (1451 bytes)
Event: 5.174 Thread 0x00007fdd7c837800 nmethod 1037 0x000000011284ee50 code [0x000000011284efc0, 0x000000011284f2b8]
Event: 5.174 Thread 0x00007fdd7c837800 1039       4       java.util.StringTokenizer::nextToken (92 bytes)
Event: 5.175 Thread 0x00007fdd7c835800 nmethod 1038 0x000000011284f550 code [0x000000011284f6c0, 0x000000011284f978]
Event: 5.175 Thread 0x00007fdd7c835800 1049       4       java.lang.String::indexOf (7 bytes)
Event: 5.178 Thread 0x00007fdd7c835800 nmethod 1049 0x000000011284fc10 code [0x000000011284fd60, 0x000000011284fed8]
Event: 5.178 Thread 0x00007fdd7c835800 1051       4       java.util.ArrayList::get (11 bytes)
Event: 5.179 Thread 0x00007fdd7c835800 nmethod 1051 0x000000011284ffd0 code [0x0000000112850120, 0x00000001128501f8]
Event: 5.179 Thread 0x00007fdd7c835800 1054       4       org.lwjgl.opengl.GLContext::getCapabilities (20 bytes)
Event: 5.180 Thread 0x00007fdd7c835800 nmethod 1054 0x00000001128374d0 code [0x0000000112837620, 0x00000001128376d8]

GC Heap History (0 events):
No events

Deoptimization events (7 events):
Event: 0.290 Thread 0x00007fdd7c808800 Uncommon trap: reason=unstable_if action=reinterpret pc=0x00000001125e093c method=java.lang.String.indexOf([CII[CIII)I @ 134
Event: 2.795 Thread 0x00007fdd7ba12800 Uncommon trap: reason=unstable_if action=reinterpret pc=0x000000011265b0f0 method=java.lang.String.replace(CC)Ljava/lang/String; @ 26
Event: 3.623 Thread 0x00007fdd7ba12800 Uncommon trap: reason=unstable_if action=reinterpret pc=0x0000000112696b44 method=java.lang.AbstractStringBuilder.append(Ljava/lang/String;)Ljava/lang/AbstractStringBuilder; @ 1
Event: 4.987 Thread 0x00007fdd7ba12800 Uncommon trap: reason=unstable_if action=reinterpret pc=0x00000001127739ac method=java.util.StringTokenizer.scanToken(I)I @ 7
Event: 4.987 Thread 0x00007fdd7ba12800 Uncommon trap: reason=unstable_if action=reinterpret pc=0x0000000112734904 method=java.util.StringTokenizer.skipDelimiters(I)I @ 29
Event: 4.988 Thread 0x00007fdd7ba12800 Uncommon trap: reason=unstable_if action=reinterpret pc=0x00000001126e1100 method=sun.net.www.ParseUtil.encodePath(Ljava/lang/String;Z)Ljava/lang/String; @ 145
Event: 4.989 Thread 0x00007fdd7ba12800 Uncommon trap: reason=unstable_if action=reinterpret pc=0x00000001127341f0 method=java.util.StringTokenizer.scanToken(I)I @ 7

Internal exceptions (10 events):
Event: 0.450 Thread 0x00007fdd7c808800 Exception <a 'java/lang/NoSuchFieldError': method resolution failed> (0x0000000795af0ac8) thrown at [/Users/java_re/workspace/8-2-build-macosx-x86_64/jdk8u151/9699/hotspot/src/share/vm/prims/methodHandles.cpp, line 1146]
Event: 2.429 Thread 0x00007fdd7c808800 Exception <a 'java/io/FileNotFoundException'> (0x0000000795b6b8a8) thrown at [/Users/java_re/workspace/8-2-build-macosx-x86_64/jdk8u151/9699/hotspot/src/share/vm/prims/jni.cpp, line 709]
Event: 2.429 Thread 0x00007fdd7c808800 Exception <a 'java/io/FileNotFoundException'> (0x0000000795b6c438) thrown at [/Users/java_re/workspace/8-2-build-macosx-x86_64/jdk8u151/9699/hotspot/src/share/vm/prims/jni.cpp, line 709]
Event: 2.444 Thread 0x00007fdd7c808800 Exception <a 'java/security/PrivilegedActionException'> (0x0000000795b914a8) thrown at [/Users/java_re/workspace/8-2-build-macosx-x86_64/jdk8u151/9699/hotspot/src/share/vm/prims/jvm.cpp, line 1390]
Event: 2.444 Thread 0x00007fdd7c808800 Exception <a 'java/security/PrivilegedActionException'> (0x0000000795b93090) thrown at [/Users/java_re/workspace/8-2-build-macosx-x86_64/jdk8u151/9699/hotspot/src/share/vm/prims/jvm.cpp, line 1390]
Event: 2.444 Thread 0x00007fdd7c808800 Exception <a 'java/security/PrivilegedActionException'> (0x0000000795b941b0) thrown at [/Users/java_re/workspace/8-2-build-macosx-x86_64/jdk8u151/9699/hotspot/src/share/vm/prims/jvm.cpp, line 1390]
Event: 2.445 Thread 0x00007fdd7c808800 Exception <a 'java/security/PrivilegedActionException'> (0x0000000795b992d0) thrown at [/Users/java_re/workspace/8-2-build-macosx-x86_64/jdk8u151/9699/hotspot/src/share/vm/prims/jvm.cpp, line 1390]
Event: 2.445 Thread 0x00007fdd7c808800 Exception <a 'java/security/PrivilegedActionException'> (0x0000000795b99f28) thrown at [/Users/java_re/workspace/8-2-build-macosx-x86_64/jdk8u151/9699/hotspot/src/share/vm/prims/jvm.cpp, line 1390]
Event: 2.445 Thread 0x00007fdd7c808800 Exception <a 'java/security/PrivilegedActionException'> (0x0000000795b9ab50) thrown at [/Users/java_re/workspace/8-2-build-macosx-x86_64/jdk8u151/9699/hotspot/src/share/vm/prims/jvm.cpp, line 1390]
Event: 3.623 Thread 0x00007fdd7ba12800 Implicit null exception at 0x0000000112696775 to 0x0000000112696b31

Events (10 events):
Event: 5.119 loading class sun/reflect/ClassDefiner$1
Event: 5.119 loading class sun/reflect/ClassDefiner$1 done
Event: 5.119 loading class sun/reflect/BootstrapConstructorAccessorImpl
Event: 5.119 loading class sun/reflect/BootstrapConstructorAccessorImpl done
Event: 5.150 loading class com/geeselightning/zepr/TextScreen
Event: 5.150 loading class com/geeselightning/zepr/TextScreen done
Event: 5.179 loading class com/badlogic/gdx/utils/ObjectSet$ObjectSetIterator
Event: 5.179 loading class com/badlogic/gdx/utils/ObjectSet$ObjectSetIterator done
Event: 5.182 loading class com/geeselightning/zepr/TextScreen$1
Event: 5.182 loading class com/geeselightning/zepr/TextScreen$1 done


Dynamic libraries:
0x000000000ee12000 	/System/Library/Frameworks/Cocoa.framework/Versions/A/Cocoa
0x000000000ee12000 	/System/Library/Frameworks/Security.framework/Versions/A/Security
0x000000000ee12000 	/System/Library/Frameworks/ApplicationServices.framework/Versions/A/ApplicationServices
0x000000000ee12000 	/usr/lib/libz.1.dylib
0x000000000ee12000 	/usr/lib/libSystem.B.dylib
0x000000000ee12000 	/usr/lib/libobjc.A.dylib
0x000000000ee12000 	/System/Library/Frameworks/CoreFoundation.framework/Versions/A/CoreFoundation
0x000000000ee12000 	/System/Library/Frameworks/Foundation.framework/Versions/C/Foundation
0x000000000ee12000 	/System/Library/Frameworks/AppKit.framework/Versions/C/AppKit
0x000000000ee12000 	/System/Library/Frameworks/CoreData.framework/Versions/A/CoreData
0x000000000ee12000 	/System/Library/PrivateFrameworks/RemoteViewServices.framework/Versions/A/RemoteViewServices
0x000000000ee12000 	/System/Library/PrivateFrameworks/UIFoundation.framework/Versions/A/UIFoundation
0x000000000ee12000 	/System/Library/PrivateFrameworks/XCTTargetBootstrap.framework/Versions/A/XCTTargetBootstrap
0x000000000ee12000 	/System/Library/PrivateFrameworks/IconServices.framework/Versions/A/IconServices
0x000000000ee12000 	/System/Library/Frameworks/Metal.framework/Versions/A/Metal
0x000000000ee12000 	/System/Library/PrivateFrameworks/DesktopServicesPriv.framework/Versions/A/DesktopServicesPriv
0x000000000ee12000 	/usr/lib/libenergytrace.dylib
0x000000000ee12000 	/System/Library/PrivateFrameworks/SkyLight.framework/Versions/A/SkyLight
0x000000000ee12000 	/System/Library/Frameworks/CoreGraphics.framework/Versions/A/CoreGraphics
0x000000000ee12000 	/System/Library/Frameworks/Accelerate.framework/Versions/A/Accelerate
0x000000000ee12000 	/System/Library/Frameworks/IOSurface.framework/Versions/A/IOSurface
0x000000000ee12000 	/System/Library/PrivateFrameworks/DFRFoundation.framework/Versions/A/DFRFoundation
0x000000000ee12000 	/System/Library/Frameworks/AudioToolbox.framework/Versions/A/AudioToolbox
0x000000000ee12000 	/System/Library/Frameworks/AudioUnit.framework/Versions/A/AudioUnit
0x000000000ee12000 	/System/Library/PrivateFrameworks/DataDetectorsCore.framework/Versions/A/DataDetectorsCore
0x000000000ee12000 	/System/Library/Frameworks/Carbon.framework/Versions/A/Frameworks/HIToolbox.framework/Versions/A/HIToolbox
0x000000000ee12000 	/usr/lib/libicucore.A.dylib
0x000000000ee12000 	/System/Library/Frameworks/QuartzCore.framework/Versions/A/QuartzCore
0x000000000ee12000 	/System/Library/Frameworks/Carbon.framework/Versions/A/Frameworks/SpeechRecognition.framework/Versions/A/SpeechRecognition
0x000000000ee12000 	/usr/lib/libauto.dylib
0x000000000ee12000 	/usr/lib/libxml2.2.dylib
0x000000000ee12000 	/System/Library/PrivateFrameworks/CoreUI.framework/Versions/A/CoreUI
0x000000000ee12000 	/System/Library/Frameworks/CoreAudio.framework/Versions/A/CoreAudio
0x000000000ee12000 	/System/Library/Frameworks/DiskArbitration.framework/Versions/A/DiskArbitration
0x000000000ee12000 	/usr/lib/liblangid.dylib
0x000000000ee12000 	/System/Library/PrivateFrameworks/MultitouchSupport.framework/Versions/A/MultitouchSupport
0x000000000ee12000 	/System/Library/Frameworks/IOKit.framework/Versions/A/IOKit
0x000000000ee12000 	/usr/lib/libDiagnosticMessagesClient.dylib
0x000000000ee12000 	/System/Library/Frameworks/CoreServices.framework/Versions/A/CoreServices
0x000000000ee12000 	/System/Library/PrivateFrameworks/PerformanceAnalysis.framework/Versions/A/PerformanceAnalysis
0x000000000ee12000 	/System/Library/Frameworks/OpenGL.framework/Versions/A/OpenGL
0x000000000ee12000 	/System/Library/Frameworks/ColorSync.framework/Versions/A/ColorSync
0x000000000ee12000 	/System/Library/Frameworks/CoreImage.framework/Versions/A/CoreImage
0x000000000ee12000 	/System/Library/Frameworks/CoreText.framework/Versions/A/CoreText
0x000000000ee12000 	/System/Library/Frameworks/ImageIO.framework/Versions/A/ImageIO
0x000000000ee12000 	/System/Library/PrivateFrameworks/Backup.framework/Versions/A/Backup
0x000000000ee12000 	/usr/lib/libarchive.2.dylib
0x000000000ee12000 	/System/Library/Frameworks/CFNetwork.framework/Versions/A/CFNetwork
0x000000000ee12000 	/System/Library/Frameworks/SystemConfiguration.framework/Versions/A/SystemConfiguration
0x000000000ee12000 	/usr/lib/libCRFSuite.dylib
0x000000000ee12000 	/usr/lib/libc++.1.dylib
0x000000000ee12000 	/usr/lib/libc++abi.dylib
0x000000000ee12000 	/usr/lib/system/libcache.dylib
0x000000000ee12000 	/usr/lib/system/libcommonCrypto.dylib
0x000000000ee12000 	/usr/lib/system/libcompiler_rt.dylib
0x000000000ee12000 	/usr/lib/system/libcopyfile.dylib
0x000000000ee12000 	/usr/lib/system/libcorecrypto.dylib
0x000000000ee12000 	/usr/lib/system/libdispatch.dylib
0x000000000ee12000 	/usr/lib/system/libdyld.dylib
0x000000000ee12000 	/usr/lib/system/libkeymgr.dylib
0x000000000ee12000 	/usr/lib/system/liblaunch.dylib
0x000000000ee12000 	/usr/lib/system/libmacho.dylib
0x000000000ee12000 	/usr/lib/system/libquarantine.dylib
0x000000000ee12000 	/usr/lib/system/libremovefile.dylib
0x000000000ee12000 	/usr/lib/system/libsystem_asl.dylib
0x000000000ee12000 	/usr/lib/system/libsystem_blocks.dylib
0x000000000ee12000 	/usr/lib/system/libsystem_c.dylib
0x000000000ee12000 	/usr/lib/system/libsystem_configuration.dylib
0x000000000ee12000 	/usr/lib/system/libsystem_coreservices.dylib
0x000000000ee12000 	/usr/lib/system/libsystem_darwin.dylib
0x000000000ee12000 	/usr/lib/system/libsystem_dnssd.dylib
0x000000000ee12000 	/usr/lib/system/libsystem_info.dylib
0x000000000ee12000 	/usr/lib/system/libsystem_m.dylib
0x000000000ee12000 	/usr/lib/system/libsystem_malloc.dylib
0x000000000ee12000 	/usr/lib/system/libsystem_networkextension.dylib
0x000000000ee12000 	/usr/lib/system/libsystem_notify.dylib
0x000000000ee12000 	/usr/lib/system/libsystem_sandbox.dylib
0x000000000ee12000 	/usr/lib/system/libsystem_secinit.dylib
0x000000000ee12000 	/usr/lib/system/libsystem_kernel.dylib
0x000000000ee12000 	/usr/lib/system/libsystem_platform.dylib
0x000000000ee12000 	/usr/lib/system/libsystem_pthread.dylib
0x000000000ee12000 	/usr/lib/system/libsystem_symptoms.dylib
0x000000000ee12000 	/usr/lib/system/libsystem_trace.dylib
0x000000000ee12000 	/usr/lib/system/libunwind.dylib
0x000000000ee12000 	/usr/lib/system/libxpc.dylib
0x000000000ee12000 	/usr/lib/libbsm.0.dylib
0x000000000ee12000 	/usr/lib/system/libkxld.dylib
0x000000000ee12000 	/System/Library/PrivateFrameworks/AppleFSCompression.framework/Versions/A/AppleFSCompression
0x000000000ee12000 	/usr/lib/libOpenScriptingUtil.dylib
0x000000000ee12000 	/usr/lib/libcoretls.dylib
0x000000000ee12000 	/usr/lib/libcoretls_cfhelpers.dylib
0x000000000ee12000 	/usr/lib/libpam.2.dylib
0x000000000ee12000 	/usr/lib/libsqlite3.dylib
0x000000000ee12000 	/usr/lib/libxar.1.dylib
0x000000000ee12000 	/usr/lib/libbz2.1.0.dylib
0x000000000ee12000 	/usr/lib/liblzma.5.dylib
0x000000000ee12000 	/usr/lib/libnetwork.dylib
0x000000000ee12000 	/usr/lib/libapple_nghttp2.dylib
0x000000000ee12000 	/usr/lib/libpcap.A.dylib
0x000000000ee12000 	/System/Library/Frameworks/CoreServices.framework/Versions/A/Frameworks/FSEvents.framework/Versions/A/FSEvents
0x000000000ee12000 	/System/Library/Frameworks/CoreServices.framework/Versions/A/Frameworks/CarbonCore.framework/Versions/A/CarbonCore
0x000000000ee12000 	/System/Library/Frameworks/CoreServices.framework/Versions/A/Frameworks/Metadata.framework/Versions/A/Metadata
0x000000000ee12000 	/System/Library/Frameworks/CoreServices.framework/Versions/A/Frameworks/OSServices.framework/Versions/A/OSServices
0x000000000ee12000 	/System/Library/Frameworks/CoreServices.framework/Versions/A/Frameworks/SearchKit.framework/Versions/A/SearchKit
0x000000000ee12000 	/System/Library/Frameworks/CoreServices.framework/Versions/A/Frameworks/AE.framework/Versions/A/AE
0x000000000ee12000 	/System/Library/Frameworks/CoreServices.framework/Versions/A/Frameworks/LaunchServices.framework/Versions/A/LaunchServices
0x000000000ee12000 	/System/Library/Frameworks/CoreServices.framework/Versions/A/Frameworks/DictionaryServices.framework/Versions/A/DictionaryServices
0x000000000ee12000 	/System/Library/Frameworks/CoreServices.framework/Versions/A/Frameworks/SharedFileList.framework/Versions/A/SharedFileList
0x000000000ee12000 	/System/Library/Frameworks/NetFS.framework/Versions/A/NetFS
0x000000000ee12000 	/System/Library/PrivateFrameworks/NetAuth.framework/Versions/A/NetAuth
0x000000000ee12000 	/System/Library/PrivateFrameworks/login.framework/Versions/A/Frameworks/loginsupport.framework/Versions/A/loginsupport
0x000000000ee12000 	/System/Library/PrivateFrameworks/TCC.framework/Versions/A/TCC
0x000000000ee12000 	/System/Library/PrivateFrameworks/CoreNLP.framework/Versions/A/CoreNLP
0x000000000ee12000 	/System/Library/PrivateFrameworks/MetadataUtilities.framework/Versions/A/MetadataUtilities
0x000000000ee12000 	/usr/lib/libmecabra.dylib
0x000000000ee12000 	/System/Library/Frameworks/ApplicationServices.framework/Versions/A/Frameworks/ATS.framework/Versions/A/ATS
0x000000000ee12000 	/System/Library/Frameworks/ApplicationServices.framework/Versions/A/Frameworks/ColorSyncLegacy.framework/Versions/A/ColorSyncLegacy
0x000000000ee12000 	/System/Library/Frameworks/ApplicationServices.framework/Versions/A/Frameworks/HIServices.framework/Versions/A/HIServices
0x000000000ee12000 	/System/Library/Frameworks/ApplicationServices.framework/Versions/A/Frameworks/LangAnalysis.framework/Versions/A/LangAnalysis
0x000000000ee12000 	/System/Library/Frameworks/ApplicationServices.framework/Versions/A/Frameworks/PrintCore.framework/Versions/A/PrintCore
0x000000000ee12000 	/System/Library/Frameworks/ApplicationServices.framework/Versions/A/Frameworks/QD.framework/Versions/A/QD
0x000000000ee12000 	/System/Library/Frameworks/ApplicationServices.framework/Versions/A/Frameworks/SpeechSynthesis.framework/Versions/A/SpeechSynthesis
0x000000000ee12000 	/usr/lib/libcompression.dylib
0x000000000ee12000 	/System/Library/Frameworks/CoreDisplay.framework/Versions/A/CoreDisplay
0x000000000ee12000 	/System/Library/Frameworks/MetalPerformanceShaders.framework/Versions/A/MetalPerformanceShaders
0x000000000ee12000 	/System/Library/Frameworks/Accelerate.framework/Versions/A/Frameworks/vImage.framework/Versions/A/vImage
0x000000000ee12000 	/System/Library/Frameworks/Accelerate.framework/Versions/A/Frameworks/vecLib.framework/Versions/A/vecLib
0x000000000ee12000 	/System/Library/Frameworks/Accelerate.framework/Versions/A/Frameworks/vecLib.framework/Versions/A/libvMisc.dylib
0x000000000ee12000 	/System/Library/Frameworks/Accelerate.framework/Versions/A/Frameworks/vecLib.framework/Versions/A/libvDSP.dylib
0x000000000ee12000 	/System/Library/Frameworks/Accelerate.framework/Versions/A/Frameworks/vecLib.framework/Versions/A/libBLAS.dylib
0x000000000ee12000 	/System/Library/Frameworks/Accelerate.framework/Versions/A/Frameworks/vecLib.framework/Versions/A/libLAPACK.dylib
0x000000000ee12000 	/System/Library/Frameworks/Accelerate.framework/Versions/A/Frameworks/vecLib.framework/Versions/A/libLinearAlgebra.dylib
0x000000000ee12000 	/System/Library/Frameworks/Accelerate.framework/Versions/A/Frameworks/vecLib.framework/Versions/A/libSparseBLAS.dylib
0x000000000ee12000 	/System/Library/Frameworks/Accelerate.framework/Versions/A/Frameworks/vecLib.framework/Versions/A/libQuadrature.dylib
0x000000000ee12000 	/System/Library/Frameworks/Accelerate.framework/Versions/A/Frameworks/vecLib.framework/Versions/A/libBNNS.dylib
0x000000000ee12000 	/System/Library/Frameworks/Accelerate.framework/Versions/A/Frameworks/vecLib.framework/Versions/A/libSparse.dylib
0x000000000ee12000 	/System/Library/PrivateFrameworks/GPUWrangler.framework/Versions/A/GPUWrangler
0x000000000ee12000 	/System/Library/PrivateFrameworks/IOAccelerator.framework/Versions/A/IOAccelerator
0x000000000ee12000 	/System/Library/PrivateFrameworks/IOPresentment.framework/Versions/A/IOPresentment
0x000000000ee12000 	/System/Library/PrivateFrameworks/DSExternalDisplay.framework/Versions/A/DSExternalDisplay
0x000000000ee12000 	/System/Library/Frameworks/OpenGL.framework/Versions/A/Libraries/libCoreFSCache.dylib
0x000000000ee12000 	/System/Library/Frameworks/MetalPerformanceShaders.framework/Frameworks/MPSCore.framework/Versions/A/MPSCore
0x000000000ee12000 	/System/Library/Frameworks/MetalPerformanceShaders.framework/Frameworks/MPSImage.framework/Versions/A/MPSImage
0x000000000ee12000 	/System/Library/Frameworks/MetalPerformanceShaders.framework/Frameworks/MPSNeuralNetwork.framework/Versions/A/MPSNeuralNetwork
0x000000000ee12000 	/System/Library/Frameworks/MetalPerformanceShaders.framework/Frameworks/MPSMatrix.framework/Versions/A/MPSMatrix
0x000000000ee12000 	/System/Library/Frameworks/MetalPerformanceShaders.framework/Frameworks/MPSRayIntersector.framework/Versions/A/MPSRayIntersector
0x000000000ee12000 	/System/Library/PrivateFrameworks/MetalTools.framework/Versions/A/MetalTools
0x000000000ee12000 	/System/Library/PrivateFrameworks/AggregateDictionary.framework/Versions/A/AggregateDictionary
0x000000000ee12000 	/usr/lib/libMobileGestalt.dylib
0x000000000ee12000 	/System/Library/Frameworks/CoreVideo.framework/Versions/A/CoreVideo
0x000000000ee12000 	/System/Library/PrivateFrameworks/GraphVisualizer.framework/Versions/A/GraphVisualizer
0x000000000ee12000 	/System/Library/PrivateFrameworks/FaceCore.framework/Versions/A/FaceCore
0x000000000ee12000 	/System/Library/Frameworks/OpenCL.framework/Versions/A/OpenCL
0x000000000ee12000 	/usr/lib/libFosl_dynamic.dylib
0x000000000ee12000 	/System/Library/PrivateFrameworks/OTSVG.framework/Versions/A/OTSVG
0x000000000ee12000 	/System/Library/Frameworks/ApplicationServices.framework/Versions/A/Frameworks/ATS.framework/Versions/A/Resources/libFontParser.dylib
0x000000000ee12000 	/System/Library/Frameworks/ApplicationServices.framework/Versions/A/Frameworks/ATS.framework/Versions/A/Resources/libFontRegistry.dylib
0x000000000ee12000 	/System/Library/Frameworks/ImageIO.framework/Versions/A/Resources/libJPEG.dylib
0x000000000ee12000 	/System/Library/Frameworks/ImageIO.framework/Versions/A/Resources/libTIFF.dylib
0x000000000ee12000 	/System/Library/Frameworks/ImageIO.framework/Versions/A/Resources/libPng.dylib
0x000000000ee12000 	/System/Library/Frameworks/ImageIO.framework/Versions/A/Resources/libGIF.dylib
0x000000000ee12000 	/System/Library/Frameworks/ImageIO.framework/Versions/A/Resources/libJP2.dylib
0x000000000ee12000 	/System/Library/Frameworks/ImageIO.framework/Versions/A/Resources/libRadiance.dylib
0x000000000ee12000 	/System/Library/PrivateFrameworks/AppleJPEG.framework/Versions/A/AppleJPEG
0x000000000ee12000 	/System/Library/Frameworks/OpenGL.framework/Versions/A/Libraries/libGFXShared.dylib
0x000000000ee12000 	/System/Library/Frameworks/OpenGL.framework/Versions/A/Libraries/libGLU.dylib
0x000000000ee12000 	/System/Library/Frameworks/OpenGL.framework/Versions/A/Libraries/libGL.dylib
0x000000000ee12000 	/System/Library/Frameworks/OpenGL.framework/Versions/A/Libraries/libGLImage.dylib
0x000000000ee12000 	/System/Library/Frameworks/OpenGL.framework/Versions/A/Libraries/libCVMSPluginSupport.dylib
0x000000000ee12000 	/System/Library/Frameworks/OpenGL.framework/Versions/A/Libraries/libCoreVMClient.dylib
0x000000000ee12000 	/usr/lib/libcups.2.dylib
0x000000000ee12000 	/System/Library/Frameworks/Kerberos.framework/Versions/A/Kerberos
0x000000000ee12000 	/System/Library/Frameworks/GSS.framework/Versions/A/GSS
0x000000000ee12000 	/usr/lib/libresolv.9.dylib
0x000000000ee12000 	/usr/lib/libiconv.2.dylib
0x000000000ee12000 	/System/Library/PrivateFrameworks/Heimdal.framework/Versions/A/Heimdal
0x000000000ee12000 	/usr/lib/libheimdal-asn1.dylib
0x000000000ee12000 	/System/Library/Frameworks/OpenDirectory.framework/Versions/A/OpenDirectory
0x000000000ee12000 	/System/Library/PrivateFrameworks/CommonAuth.framework/Versions/A/CommonAuth
0x000000000ee12000 	/System/Library/Frameworks/OpenDirectory.framework/Versions/A/Frameworks/CFOpenDirectory.framework/Versions/A/CFOpenDirectory
0x000000000ee12000 	/System/Library/Frameworks/SecurityFoundation.framework/Versions/A/SecurityFoundation
0x000000000ee12000 	/System/Library/PrivateFrameworks/APFS.framework/Versions/A/APFS
0x000000000ee12000 	/usr/lib/libutil.dylib
0x000000000ee12000 	/usr/lib/libcharset.1.dylib
0x000000000ee12000 	/System/Library/PrivateFrameworks/AppleSauce.framework/Versions/A/AppleSauce
0x000000000ee12000 	/System/Library/PrivateFrameworks/AssertionServices.framework/Versions/A/AssertionServices
0x000000000ee12000 	/System/Library/PrivateFrameworks/BaseBoard.framework/Versions/A/BaseBoard
0x000000000ee12000 	/usr/lib/libmecab.1.0.0.dylib
0x000000000ee12000 	/usr/lib/libgermantok.dylib
0x000000000ee12000 	/usr/lib/libThaiTokenizer.dylib
0x000000000ee12000 	/usr/lib/libChineseTokenizer.dylib
0x000000000ee12000 	/System/Library/PrivateFrameworks/LanguageModeling.framework/Versions/A/LanguageModeling
0x000000000ee12000 	/System/Library/PrivateFrameworks/CoreEmoji.framework/Versions/A/CoreEmoji
0x000000000ee12000 	/System/Library/PrivateFrameworks/Lexicon.framework/Versions/A/Lexicon
0x000000000ee12000 	/System/Library/PrivateFrameworks/LinguisticData.framework/Versions/A/LinguisticData
0x000000000ee12000 	/usr/lib/libcmph.dylib
0x000000000ee12000 	/System/Library/Frameworks/ServiceManagement.framework/Versions/A/ServiceManagement
0x000000000ee12000 	/System/Library/PrivateFrameworks/BackgroundTaskManagement.framework/Versions/A/BackgroundTaskManagement
0x000000000ee12000 	/usr/lib/libxslt.1.dylib
0x000000000ee12000 	/System/Library/Frameworks/Carbon.framework/Versions/A/Frameworks/Ink.framework/Versions/A/Ink
0x000000000ee12000 	/System/Library/PrivateFrameworks/TextureIO.framework/Versions/A/TextureIO
0x000000000ee12000 	/usr/lib/libate.dylib
0x000000000ee12000 	/System/Library/PrivateFrameworks/CrashReporterSupport.framework/Versions/A/CrashReporterSupport
0x000000000ee12000 	/System/Library/PrivateFrameworks/Sharing.framework/Versions/A/Sharing
0x000000000ee12000 	/System/Library/PrivateFrameworks/AuthKit.framework/Versions/A/AuthKit
0x000000000ee12000 	/System/Library/PrivateFrameworks/Apple80211.framework/Versions/A/Apple80211
0x000000000ee12000 	/System/Library/PrivateFrameworks/CoreUtils.framework/Versions/A/CoreUtils
0x000000000ee12000 	/System/Library/Frameworks/CoreWLAN.framework/Versions/A/CoreWLAN
0x000000000ee12000 	/System/Library/Frameworks/IOBluetooth.framework/Versions/A/IOBluetooth
0x000000000ee12000 	/System/Library/PrivateFrameworks/ProtocolBuffer.framework/Versions/A/ProtocolBuffer
0x000000000ee12000 	/System/Library/PrivateFrameworks/MobileKeyBag.framework/Versions/A/MobileKeyBag
0x000000000ee12000 	/System/Library/PrivateFrameworks/CorePhoneNumbers.framework/Versions/A/CorePhoneNumbers
0x000000000ee12000 	/System/Library/PrivateFrameworks/AppleIDAuthSupport.framework/Versions/A/AppleIDAuthSupport
0x000000000ee12000 	/System/Library/PrivateFrameworks/KeychainCircle.framework/Versions/A/KeychainCircle
0x000000000ee12000 	/System/Library/PrivateFrameworks/ROCKit.framework/Versions/A/ROCKit
0x000000000ee12000 	/System/Library/PrivateFrameworks/CoreWiFi.framework/Versions/A/CoreWiFi
0x000000000ee12000 	/System/Library/Frameworks/CoreBluetooth.framework/Versions/A/CoreBluetooth
0x000000000ee12000 	/System/Library/PrivateFrameworks/DebugSymbols.framework/Versions/A/DebugSymbols
0x000000000ee12000 	/System/Library/PrivateFrameworks/CoreSymbolication.framework/Versions/A/CoreSymbolication
0x000000000ee12000 	/System/Library/PrivateFrameworks/Symbolication.framework/Versions/A/Symbolication
0x000000000ee12000 	/System/Library/PrivateFrameworks/SpeechRecognitionCore.framework/Versions/A/SpeechRecognitionCore
0x000000010bd55000 	/Library/Java/JavaVirtualMachines/jdk1.8.0_151.jdk/Contents/Home/jre/lib/server/libjvm.dylib
0x000000000ee12000 	/usr/lib/libstdc++.6.dylib
0x000000010ccfc000 	/Library/Java/JavaVirtualMachines/jdk1.8.0_151.jdk/Contents/Home/jre/lib/libverify.dylib
0x000000010cd0a000 	/Library/Java/JavaVirtualMachines/jdk1.8.0_151.jdk/Contents/Home/jre/lib/libjava.dylib
0x000000010cd89000 	/Library/Java/JavaVirtualMachines/jdk1.8.0_151.jdk/Contents/Home/jre/lib/libzip.dylib
0x000000000ee12000 	/System/Library/Frameworks/JavaVM.framework/Versions/A/Frameworks/JavaRuntimeSupport.framework/Versions/A/JavaRuntimeSupport
0x000000000ee12000 	/System/Library/Frameworks/JavaVM.framework/Versions/A/Frameworks/JavaNativeFoundation.framework/Versions/A/JavaNativeFoundation
0x000000000ee12000 	/System/Library/Frameworks/JavaVM.framework/Versions/A/JavaVM
0x000000000ee12000 	/System/Library/Frameworks/Carbon.framework/Versions/A/Carbon
0x000000000ee12000 	/System/Library/PrivateFrameworks/JavaLaunching.framework/Versions/A/JavaLaunching
0x000000000ee12000 	/System/Library/Frameworks/Carbon.framework/Versions/A/Frameworks/CommonPanels.framework/Versions/A/CommonPanels
0x000000000ee12000 	/System/Library/Frameworks/Carbon.framework/Versions/A/Frameworks/Help.framework/Versions/A/Help
0x000000000ee12000 	/System/Library/Frameworks/Carbon.framework/Versions/A/Frameworks/ImageCapture.framework/Versions/A/ImageCapture
0x000000000ee12000 	/System/Library/Frameworks/Carbon.framework/Versions/A/Frameworks/OpenScripting.framework/Versions/A/OpenScripting
0x000000000ee12000 	/System/Library/Frameworks/Carbon.framework/Versions/A/Frameworks/Print.framework/Versions/A/Print
0x000000000ee12000 	/System/Library/Frameworks/Carbon.framework/Versions/A/Frameworks/SecurityHI.framework/Versions/A/SecurityHI
0x0000000124a32000 	/private/var/folders/g8/h7wvfc4s0yb2w59cy1vg9gcm0000gn/T/libgdxJohn_Rafael/25a8e9fb/libgdx64.dylib
0x0000000124a82000 	/Library/Java/JavaVirtualMachines/jdk1.8.0_151.jdk/Contents/Home/jre/lib/libawt.dylib
0x0000000124b2a000 	/Library/Java/JavaVirtualMachines/jdk1.8.0_151.jdk/Contents/Home/jre/lib/./libmlib_image.dylib
0x0000000124bf6000 	/Library/Java/JavaVirtualMachines/jdk1.8.0_151.jdk/Contents/Home/jre/lib/libawt_lwawt.dylib
0x0000000124cad000 	/Library/Java/JavaVirtualMachines/jdk1.8.0_151.jdk/Contents/Home/jre/lib/./libosxapp.dylib
0x000000000ee12000 	/System/Library/Frameworks/ExceptionHandling.framework/Versions/A/ExceptionHandling
0x000000000ee12000 	/System/Library/PrivateFrameworks/CoreServicesInternal.framework/Versions/A/CoreServicesInternal
0x000000000ee12000 	/System/Library/CoreServices/RawCamera.bundle/Contents/MacOS/RawCamera
0x000000000ee12000 	/System/Library/PrivateFrameworks/MobileAsset.framework/Versions/A/MobileAsset
0x000000000ee12000 	/System/Library/PrivateFrameworks/StreamingZip.framework/Versions/A/StreamingZip
0x000000000ee12000 	/System/Library/Frameworks/MediaToolbox.framework/Versions/A/MediaToolbox
0x000000000ee12000 	/System/Library/PrivateFrameworks/CoreAVCHD.framework/Versions/A/CoreAVCHD
0x000000000ee12000 	/System/Library/Frameworks/MediaAccessibility.framework/Versions/A/MediaAccessibility
0x000000000ee12000 	/System/Library/PrivateFrameworks/Mangrove.framework/Versions/A/Mangrove
0x000000000ee12000 	/System/Library/Frameworks/CoreMedia.framework/Versions/A/CoreMedia
0x000000000ee12000 	/System/Library/Frameworks/VideoToolbox.framework/Versions/A/VideoToolbox
0x000000000ee12000 	/System/Library/PrivateFrameworks/CoreAUC.framework/Versions/A/CoreAUC
0x000000000ee12000 	/usr/lib/libspindump.dylib
0x000000000ee12000 	/System/Library/PrivateFrameworks/AppleVA.framework/Versions/A/AppleVA
0x000000000ee12000 	/System/Library/Frameworks/Accelerate.framework/Versions/A/Frameworks/vImage.framework/Versions/A/Libraries/libCGInterfaces.dylib
0x000000000ee12000 	/System/Library/Frameworks/ApplicationServices.framework/Versions/A/Frameworks/ATS.framework/Versions/A/Resources/libTrueTypeScaler.dylib
0x000000000ee12000 	/System/Library/Extensions/AppleIntelHD4000GraphicsMTLDriver.bundle/Contents/MacOS/AppleIntelHD4000GraphicsMTLDriver
0x000000000ee12000 	/System/Library/PrivateFrameworks/GPUCompiler.framework/Versions/3902/Libraries/libmetal_timestamp.dylib
0x000000000ee12000 	/System/Library/PrivateFrameworks/FamilyControls.framework/Versions/A/FamilyControls
0x000000000ee12000 	/System/Library/PrivateFrameworks/CommerceKit.framework/Versions/A/Frameworks/CommerceCore.framework/Versions/A/CommerceCore
0x000000000ee12000 	/System/Library/PrivateFrameworks/SystemAdministration.framework/Versions/A/SystemAdministration
0x000000000ee12000 	/System/Library/PrivateFrameworks/AppContainer.framework/Versions/A/AppContainer
0x000000000ee12000 	/System/Library/PrivateFrameworks/AppSandbox.framework/Versions/A/AppSandbox
0x000000000ee12000 	/System/Library/PrivateFrameworks/SecCodeWrapper.framework/Versions/A/SecCodeWrapper
0x000000000ee12000 	/usr/lib/libsandbox.1.dylib
0x000000000ee12000 	/usr/lib/libMatch.1.dylib
0x000000000ee12000 	/System/Library/PrivateFrameworks/DiskManagement.framework/Versions/A/DiskManagement
0x000000000ee12000 	/System/Library/Frameworks/DirectoryService.framework/Versions/A/DirectoryService
0x000000000ee12000 	/System/Library/PrivateFrameworks/DiskImages.framework/Versions/A/DiskImages
0x000000000ee12000 	/System/Library/PrivateFrameworks/LoginUIKit.framework/Versions/A/Frameworks/LoginUICore.framework/Versions/A/LoginUICore
0x000000000ee12000 	/usr/lib/libCoreStorage.dylib
0x000000000ee12000 	/usr/lib/libcsfde.dylib
0x000000000ee12000 	/usr/lib/libodfde.dylib
0x000000000ee12000 	/System/Library/PrivateFrameworks/MediaKit.framework/Versions/A/MediaKit
0x000000000ee12000 	/System/Library/Frameworks/DiscRecording.framework/Versions/A/DiscRecording
0x000000000ee12000 	/System/Library/PrivateFrameworks/EFILogin.framework/Versions/A/EFILogin
0x000000000ee12000 	/System/Library/PrivateFrameworks/ProtectedCloudStorage.framework/Versions/A/ProtectedCloudStorage
0x000000000ee12000 	/usr/lib/libcurl.4.dylib
0x000000000ee12000 	/usr/lib/libcrypto.42.dylib
0x000000000ee12000 	/usr/lib/libssl.44.dylib
0x000000000ee12000 	/System/Library/Frameworks/LDAP.framework/Versions/A/LDAP
0x000000000ee12000 	/System/Library/PrivateFrameworks/TrustEvaluationAgent.framework/Versions/A/TrustEvaluationAgent
0x000000000ee12000 	/usr/lib/libsasl2.2.dylib
0x000000000ee12000 	/System/Library/PrivateFrameworks/CoreDaemon.framework/Versions/B/CoreDaemon
0x000000000ee12000 	/System/Library/PrivateFrameworks/AppleSRP.framework/Versions/A/AppleSRP
0x000000000ee12000 	/System/Library/PrivateFrameworks/ViewBridge.framework/Versions/A/ViewBridge
0x0000000124fa0000 	/Library/Java/JavaVirtualMachines/jdk1.8.0_151.jdk/Contents/Home/jre/lib/libfontmanager.dylib
0x000000012729a000 	/private/var/folders/g8/h7wvfc4s0yb2w59cy1vg9gcm0000gn/T/libgdxJohn_Rafael/f7649394/liblwjgl.dylib
0x0000000125007000 	/Library/Java/JavaVirtualMachines/jdk1.8.0_151.jdk/Contents/Home/jre/lib/libjawt.dylib
0x000000012731c000 	/var/folders/g8/h7wvfc4s0yb2w59cy1vg9gcm0000gn/T/libgdxJohn_Rafael/f7649394/openal.dylib
0x0000000127819000 	/System/Library/Components/CoreAudio.component/Contents/MacOS/CoreAudio
0x0000000126022000 	/System/Library/Extensions/AppleHDA.kext/Contents/PlugIns/AppleHDAHALPlugIn.bundle/Contents/MacOS/AppleHDAHALPlugIn
0x000000000ee12000 	/System/Library/Frameworks/OpenGL.framework/Versions/A/Resources/GLEngine.bundle/GLEngine
0x000000000ee12000 	/System/Library/Frameworks/OpenGL.framework/Versions/A/Libraries/libGLProgrammability.dylib
0x000000000ee12000 	/System/Library/Extensions/AppleIntelHD4000GraphicsGLDriver.bundle/Contents/MacOS/AppleIntelHD4000GraphicsGLDriver
0x000000000ee12000 	/System/Library/PrivateFrameworks/GPUSupport.framework/Versions/A/Libraries/libGPUSupportMercury.dylib
0x000000000ee12000 	/System/Library/Frameworks/OpenGL.framework/Versions/A/Resources/GLRendererFloat.bundle/GLRendererFloat
0x000000000ee12000 	/System/Library/Frameworks/OpenCL.framework/Versions/A/Libraries/libcldcpuengine.dylib
0x000000000ee12000 	/usr/lib/libcrypto.35.dylib

VM Arguments:
jvm_args: -Dfile.encoding=UTF-8 
java_command: com.geeselightning.zepr.desktop.DesktopLauncher
java_class_path (initial): /Library/Java/JavaVirtualMachines/jdk1.8.0_151.jdk/Contents/Home/jre/lib/resources.jar:/Library/Java/JavaVirtualMachines/jdk1.8.0_151.jdk/Contents/Home/jre/lib/rt.jar:/Library/Java/JavaVirtualMachines/jdk1.8.0_151.jdk/Contents/Home/jre/lib/jsse.jar:/Library/Java/JavaVirtualMachines/jdk1.8.0_151.jdk/Contents/Home/jre/lib/jce.jar:/Library/Java/JavaVirtualMachines/jdk1.8.0_151.jdk/Contents/Home/jre/lib/charsets.jar:/Library/Java/JavaVirtualMachines/jdk1.8.0_151.jdk/Contents/Home/jre/lib/jfr.jar:/Library/Java/JavaVirtualMachines/jdk1.8.0_151.jdk/Contents/Home/jre/lib/ext/sunec.jar:/Library/Java/JavaVirtualMachines/jdk1.8.0_151.jdk/Contents/Home/jre/lib/ext/nashorn.jar:/Library/Java/JavaVirtualMachines/jdk1.8.0_151.jdk/Contents/Home/jre/lib/ext/cldrdata.jar:/Library/Java/JavaVirtualMachines/jdk1.8.0_151.jdk/Contents/Home/jre/lib/ext/jfxrt.jar:/Library/Java/JavaVirtualMachines/jdk1.8.0_151.jdk/Contents/Home/jre/lib/ext/dnsns.jar:/Library/Java/JavaVirtualMachines/jdk1.8.0_151.jdk/Contents/Home/jre/lib/ext/localedata.jar:/Library/Java/JavaVirtualMachines/jdk1.8.0_151.jdk/Contents/Home/jre/lib/ext/sunjce_provider.jar:/Library/Java/JavaVirtualMachines/jdk1.8.0_151.jdk/Contents/Home/jre/lib/ext/sunpkcs11.jar:/Library/Java/JavaVirtualMachines/jdk1.8.0_151.jdk/Contents/Home/jre/lib/ext/jaccess.jar:/Library/Java/JavaVirtualMachines/jdk1.8.0_151.jdk/Contents/Home/jre/lib/ext/zipfs.jar:/System/Library/Java/Extensions/MRJToolkit.jar:/Users/John_Rafael/Downloads/GIT/Assessment3/zepr/desktop/bin/main:/zepr-desktop/bin/default:/Users/John_Rafael/Downloads/GIT/Assessment3/zepr/core/bin/main:/Users/John_Rafael/Downloads/GIT/Assessment3/zepr/core/bin/default:/Users/John_Rafael/.gradle/caches/modules-2/files-2.1/com.badlogicgames.gdx/gdx-backend-lwjgl/1.9.8/b7c138f14ed67ad830ae7597da3d86ae02b20eee/gdx-backend-lwjgl-1.9.8.jar:/Users/John_Rafael/.gradle/caches/modules-2/files-2.1/com.badlogicgames.gdx/gdx-platform/1.9.8/604a2ef2c7c92a5900114757cbd3fb4dcbb8270c/gd
Launcher Type: SUN_STANDARD

Environment Variables:
PATH=/usr/bin:/bin:/usr/sbin:/sbin
SHELL=/bin/bash

Signal Handlers:
SIGSEGV: [libjvm.dylib+0x5b27a5], sa_mask[0]=11111111011111110111111111111111, sa_flags=SA_ONSTACK|SA_RESTART|SA_SIGINFO
SIGBUS: [libjvm.dylib+0x5b27a5], sa_mask[0]=11111111011111110111111111111111, sa_flags=SA_RESTART|SA_SIGINFO
SIGFPE: [libjvm.dylib+0x4891c4], sa_mask[0]=11111111011111110111111111111111, sa_flags=SA_RESTART|SA_SIGINFO
SIGPIPE: [libjvm.dylib+0x4891c4], sa_mask[0]=11111111011111110111111111111111, sa_flags=SA_RESTART|SA_SIGINFO
SIGXFSZ: [libjvm.dylib+0x4891c4], sa_mask[0]=11111111011111110111111111111111, sa_flags=SA_RESTART|SA_SIGINFO
SIGILL: [libjvm.dylib+0x4891c4], sa_mask[0]=11111111011111110111111111111111, sa_flags=SA_RESTART|SA_SIGINFO
SIGUSR1: SIG_DFL, sa_mask[0]=00000000000000000000000000000000, sa_flags=none
SIGUSR2: [libjvm.dylib+0x488ce2], sa_mask[0]=00100000000000000000000000000000, sa_flags=SA_RESTART|SA_SIGINFO
SIGHUP: [libjvm.dylib+0x4872b9], sa_mask[0]=11111111011111110111111111111111, sa_flags=SA_RESTART|SA_SIGINFO
SIGINT: [libjvm.dylib+0x4872b9], sa_mask[0]=11111111011111110111111111111111, sa_flags=SA_RESTART|SA_SIGINFO
SIGTERM: [libjvm.dylib+0x4872b9], sa_mask[0]=11111111011111110111111111111111, sa_flags=SA_RESTART|SA_SIGINFO
SIGQUIT: [libjvm.dylib+0x4872b9], sa_mask[0]=11111111011111110111111111111111, sa_flags=SA_RESTART|SA_SIGINFO


---------------  S Y S T E M  ---------------

OS:Bsduname:Darwin 18.2.0 Darwin Kernel Version 18.2.0: Fri Dec 14 18:43:36 PST 2018; root:xnu-4903.240.10~4/RELEASE_X86_64 x86_64
rlimit: STACK 8192k, CORE 0k, NPROC 709, NOFILE 10240, AS infinity
load average:0.83 1.15 1.38

CPU:total 4 (initial active 4) (2 cores per cpu, 2 threads per core) family 6 model 58 stepping 9, cmov, cx8, fxsr, mmx, sse, sse2, sse3, ssse3, sse4.1, sse4.2, popcnt, avx, aes, clmul, erms, ht, tsc, tscinvbit, tscinv

Memory: 4k page, physical 8388608k(15784k free)

/proc/meminfo:


vm_info: Java HotSpot(TM) 64-Bit Server VM (25.151-b12) for bsd-amd64 JRE (1.8.0_151-b12), built on Sep  5 2017 19:37:08 by "java_re" with gcc 4.2.1 (Based on Apple Inc. build 5658) (LLVM build 2336.11.00)

time: Thu Feb 14 10:45:58 2019
elapsed time: 5 seconds (0d 0h 0m 5s)

