#
# A fatal error has been detected by the Java Runtime Environment:
#
#  EXCEPTION_ACCESS_VIOLATION (0xc0000005) at pc=0x00007fff9b73c1a7, pid=1628, tid=0x0000000000002478
#
# JRE version: Java(TM) SE Runtime Environment (8.0_201-b09) (build 1.8.0_201-b09)
# Java VM: Java HotSpot(TM) 64-Bit Server VM (25.201-b09 mixed mode windows-amd64 compressed oops)
# Problematic frame:
# C  [ntdll.dll+0x1c1a7]
#
# Failed to write core dump. Minidumps are not enabled by default on client versions of Windows
#
# If you would like to submit a bug report, please visit:
#   http://bugreport.java.com/bugreport/crash.jsp
# The crash happened outside the Java Virtual Machine in native code.
# See problematic frame for where to report the bug.
#

---------------  T H R E A D  ---------------

Current thread (0x000000001ecd8000):  JavaThread "LWJGL Application" [_thread_in_native, id=9336, stack(0x000000001fd90000,0x000000001fe90000)]

siginfo: ExceptionCode=0xc0000005, reading address 0x00000000feffffff

Registers:
RAX=0x00000000006e0016, RBX=0x0000000001900000, RCX=0x0000000000001678, RDX=0x0000000000000016
RSP=0x000000001fe8e820, RBP=0x0000000000000000, RSI=0x00000000202f1950, RDI=0x000000006e001678
R8 =0x00000000feffffff, R9 =0x0000000000013890, R10=0x00000000033c8c3b, R11=0x00007fff9b839400
R12=0x0000000001900150, R13=0x4396000043960000, R14=0x00000000202f1940, R15=0x0000000001902d40
RIP=0x00007fff9b73c1a7, EFLAGS=0x0000000000010212

Top of Stack: (sp=0x000000001fe8e820)
0x000000001fe8e820:   000000001fe8ee60 0000000000000202
0x000000001fe8e830:   0000000000000000 000000076b7ec5a0
0x000000001fe8e840:   000000000151c1d2 000000000165024a
0x000000001fe8e850:   0000000100020601 0000000000000000
0x000000001fe8e860:   000000001fe8f120 0000000000000000
0x000000001fe8e870:   0000000000000000 0000000000001389
0x000000001fe8e880:   0000000000000001 00000000feffffff
0x000000001fe8e890:   000000001fe8e9f0 00007fff9b75f2ac
0x000000001fe8e8a0:   000000001fe8ea50 000000000374e60c
0x000000001fe8e8b0:   00000000202f1940 000000001fe8ea01
0x000000001fe8e8c0:   000000001fe8eaa8 00000000000003ff
0x000000001fe8e8d0:   0000000000f70bec 000000005c39b1e5
0x000000001fe8e8e0:   0000000000000000 000000005c34e306
0x000000001fe8e8f0:   000000001e3c64c0 000000001e3c64c0
0x000000001fe8e900:   000000001e3c64c8 000000001ecd8000
0x000000001fe8e910:   000000001ecd8000 000000005c34e230 

Instructions: (pc=0x00007fff9b73c1a7)
0x00007fff9b73c187:   0f b7 4e 08 0f b7 d1 66 c1 ea 08 49 3b cd 0f 82
0x00007fff9b73c197:   ef 17 00 00 4c 8b 2e 4d 8b 46 18 4c 89 44 24 68
0x00007fff9b73c1a7:   49 8b 00 4d 8b 4d 08 49 3b c1 0f 85 b0 17 00 00
0x00007fff9b73c1b7:   48 3b c6 0f 85 a7 17 00 00 48 29 8b c0 00 00 00 


Register to memory mapping:

RAX=0x00000000006e0016 is an unknown value
RBX=0x0000000001900000 is an unknown value
RCX=0x0000000000001678 is an unknown value
RDX=0x0000000000000016 is an unknown value
RSP=0x000000001fe8e820 is pointing into the stack for thread: 0x000000001ecd8000
RBP=0x0000000000000000 is an unknown value
RSI=0x00000000202f1950 is an unknown value
RDI=0x000000006e001678 is an unknown value
R8 =0x00000000feffffff is an unknown value
R9 =0x0000000000013890 is an unknown value
R10=0x00000000033c8c3b is at code_begin+891 in an Interpreter codelet
method entry point (kind = native)  [0x00000000033c88c0, 0x00000000033c9280]  2496 bytes
R11=0x00007fff9b839400 is an unknown value
R12=0x0000000001900150 is an unknown value
R13=0x4396000043960000 is an unknown value
R14=0x00000000202f1940 is an unknown value
R15=0x0000000001902d40 is an unknown value


Stack: [0x000000001fd90000,0x000000001fe90000],  sp=0x000000001fe8e820,  free space=1018k
Native frames: (J=compiled Java code, j=interpreted, Vv=VM code, C=native code)

Java frames: (J=compiled Java code, j=interpreted, Vv=VM code)
j  com.badlogic.gdx.utils.BufferUtils.newDisposableByteBuffer(I)Ljava/nio/ByteBuffer;+0
j  com.badlogic.gdx.utils.BufferUtils.newUnsafeByteBuffer(I)Ljava/nio/ByteBuffer;+1
j  com.badlogic.gdx.graphics.glutils.VertexArray.<init>(ILcom/badlogic/gdx/graphics/VertexAttributes;)V+24
j  com.badlogic.gdx.graphics.Mesh.<init>(Lcom/badlogic/gdx/graphics/Mesh$VertexDataType;ZIILcom/badlogic/gdx/graphics/VertexAttributes;)V+179
j  com.badlogic.gdx.graphics.Mesh.<init>(Lcom/badlogic/gdx/graphics/Mesh$VertexDataType;ZII[Lcom/badlogic/gdx/graphics/VertexAttribute;)V+15
j  com.badlogic.gdx.graphics.g2d.SpriteBatch.<init>(ILcom/badlogic/gdx/graphics/glutils/ShaderProgram;)V+251
j  com.badlogic.gdx.graphics.g2d.SpriteBatch.<init>()V+5
j  com.badlogic.gdx.scenes.scene2d.Stage.<init>(Lcom/badlogic/gdx/utils/viewport/Viewport;)V+6
j  com.geeselightning.zepr.SelectCharacterScreen.<init>(Lcom/geeselightning/zepr/Zepr;)V+44
j  com.geeselightning.zepr.Zepr.changeScreen(I)V+88
j  com.geeselightning.zepr.TextScreen$1.changed(Lcom/badlogic/gdx/scenes/scene2d/utils/ChangeListener$ChangeEvent;Lcom/badlogic/gdx/scenes/scene2d/Actor;)V+8
j  com.badlogic.gdx.scenes.scene2d.utils.ChangeListener.handle(Lcom/badlogic/gdx/scenes/scene2d/Event;)Z+18
J 723 C1 com.badlogic.gdx.scenes.scene2d.Actor.notify(Lcom/badlogic/gdx/scenes/scene2d/Event;Z)Z (180 bytes) @ 0x000000000369567c [0x0000000003694e40+0x83c]
j  com.badlogic.gdx.scenes.scene2d.Actor.fire(Lcom/badlogic/gdx/scenes/scene2d/Event;)Z+152
j  com.badlogic.gdx.scenes.scene2d.ui.Button.setChecked(ZZ)V+49
j  com.badlogic.gdx.scenes.scene2d.ui.Button$1.clicked(Lcom/badlogic/gdx/scenes/scene2d/InputEvent;FF)V+31
j  com.badlogic.gdx.scenes.scene2d.utils.ClickListener.touchUp(Lcom/badlogic/gdx/scenes/scene2d/InputEvent;FFII)V+108
j  com.badlogic.gdx.scenes.scene2d.InputListener.handle(Lcom/badlogic/gdx/scenes/scene2d/Event;)Z+196
j  com.badlogic.gdx.scenes.scene2d.Stage.touchUp(IIII)Z+213
J 1241 C1 com.badlogic.gdx.backends.lwjgl.LwjglInput.processEvents()V (478 bytes) @ 0x0000000003867c84 [0x0000000003866ee0+0xda4]
j  com.badlogic.gdx.backends.lwjgl.LwjglApplication.mainLoop()V+600
j  com.badlogic.gdx.backends.lwjgl.LwjglApplication$1.run()V+27
v  ~StubRoutines::call_stub

---------------  P R O C E S S  ---------------

Java Threads: ( => current thread )
  0x000000001f171000 JavaThread "LWJGL Timer" daemon [_thread_blocked, id=5364, stack(0x000000002cd40000,0x000000002ce40000)]
  0x00000000032b3800 JavaThread "DestroyJavaVM" [_thread_blocked, id=2556, stack(0x00000000031b0000,0x00000000032b0000)]
=>0x000000001ecd8000 JavaThread "LWJGL Application" [_thread_in_native, id=9336, stack(0x000000001fd90000,0x000000001fe90000)]
  0x000000001e3b1000 JavaThread "Service Thread" daemon [_thread_blocked, id=3728, stack(0x000000001e790000,0x000000001e890000)]
  0x000000001ca7c800 JavaThread "C1 CompilerThread2" daemon [_thread_blocked, id=6604, stack(0x000000001e290000,0x000000001e390000)]
  0x000000001ca57000 JavaThread "C2 CompilerThread1" daemon [_thread_blocked, id=8448, stack(0x000000001e190000,0x000000001e290000)]
  0x000000001ca50800 JavaThread "C2 CompilerThread0" daemon [_thread_blocked, id=4692, stack(0x000000001e090000,0x000000001e190000)]
  0x000000001ca4e800 JavaThread "Attach Listener" daemon [_thread_blocked, id=1188, stack(0x000000001df90000,0x000000001e090000)]
  0x000000001ca4d000 JavaThread "Signal Dispatcher" daemon [_thread_blocked, id=7660, stack(0x000000001de90000,0x000000001df90000)]
  0x000000001ca3a800 JavaThread "Finalizer" daemon [_thread_blocked, id=4176, stack(0x000000001dca0000,0x000000001dda0000)]
  0x00000000033a2000 JavaThread "Reference Handler" daemon [_thread_blocked, id=4232, stack(0x000000001dba0000,0x000000001dca0000)]

Other Threads:
  0x000000001ca17800 VMThread [stack: 0x000000001daa0000,0x000000001dba0000] [id=6276]
  0x000000001e3c3000 WatcherThread [stack: 0x000000001e890000,0x000000001e990000] [id=8304]

VM state:not at safepoint (normal execution)

VM Mutex/Monitor currently owned by a thread: None

heap address: 0x00000006c0e00000, size: 4082 MB, Compressed Oops mode: Zero based, Oop shift amount: 3
Narrow klass base: 0x0000000000000000, Narrow klass shift: 3
Compressed class space size: 1073741824 Address: 0x00000007c0000000

Heap:
 PSYoungGen      total 76288K, used 30696K [0x000000076af80000, 0x0000000770480000, 0x00000007c0000000)
  eden space 65536K, 46% used [0x000000076af80000,0x000000076cd7a2b8,0x000000076ef80000)
  from space 10752K, 0% used [0x000000076fa00000,0x000000076fa00000,0x0000000770480000)
  to   space 10752K, 0% used [0x000000076ef80000,0x000000076ef80000,0x000000076fa00000)
 ParOldGen       total 175104K, used 0K [0x00000006c0e00000, 0x00000006cb900000, 0x000000076af80000)
  object space 175104K, 0% used [0x00000006c0e00000,0x00000006c0e00000,0x00000006cb900000)
 Metaspace       used 8419K, capacity 8591K, committed 8832K, reserved 1056768K
  class space    used 793K, capacity 850K, committed 896K, reserved 1048576K

Card table byte_map: [0x0000000012770000,0x0000000012f70000] byte_map_base: 0x000000000f169000

Marking Bits: (ParMarkBitMap*) 0x000000005cab4ce0
 Begin Bits: [0x00000000138d0000, 0x0000000017898000)
 End Bits:   [0x0000000017898000, 0x000000001b860000)

Polling page: 0x00000000018b0000

CodeCache: size=245760Kb used=5005Kb max_used=5009Kb free=240754Kb
 bounds [0x00000000033b0000, 0x00000000038a0000, 0x00000000123b0000]
 total_blobs=1765 nmethods=1299 adapters=378
 compilation: enabled

Compilation events (10 events):
Event: 14.362 Thread 0x000000001ca7c800 1295       3       java.nio.Bits::long4 (7 bytes)
Event: 14.362 Thread 0x000000001ca7c800 nmethod 1295 0x000000000388f990 code [0x000000000388fae0, 0x000000000388fc30]
Event: 14.362 Thread 0x000000001ca7c800 1296       3       java.nio.HeapByteBuffer::getLong (19 bytes)
Event: 14.362 Thread 0x000000001ca7c800 nmethod 1296 0x00000000038962d0 code [0x0000000003896460, 0x0000000003896808]
Event: 14.362 Thread 0x000000001ca7c800 1297       1       com.badlogic.gdx.scenes.scene2d.InputEvent::getType (5 bytes)
Event: 14.362 Thread 0x000000001ca7c800 nmethod 1297 0x000000000388f6d0 code [0x000000000388f820, 0x000000000388f930]
Event: 14.527 Thread 0x000000001ca50800 1298       4       com.badlogic.gdx.scenes.scene2d.Actor::hit (52 bytes)
Event: 14.527 Thread 0x000000001ca7c800 1299       3       com.badlogic.gdx.scenes.scene2d.utils.BaseDrawable::getMinWidth (5 bytes)
Event: 14.527 Thread 0x000000001ca7c800 nmethod 1299 0x0000000003896950 code [0x0000000003896aa0, 0x0000000003896bf0]
Event: 14.527 Thread 0x000000001ca50800 nmethod 1298 0x0000000003897950 code [0x0000000003897ac0, 0x0000000003897b78]

GC Heap History (0 events):
No events

Deoptimization events (10 events):
Event: 3.859 Thread 0x000000001ecd8000 Uncommon trap: reason=array_check action=maybe_recompile pc=0x0000000003777a10 method=com.badlogic.gdx.utils.Array.add(Ljava/lang/Object;)V @ 46
Event: 3.859 Thread 0x000000001ecd8000 Uncommon trap: reason=array_check action=maybe_recompile pc=0x0000000003777a10 method=com.badlogic.gdx.utils.Array.add(Ljava/lang/Object;)V @ 46
Event: 3.859 Thread 0x000000001ecd8000 Uncommon trap: reason=array_check action=maybe_recompile pc=0x0000000003777a10 method=com.badlogic.gdx.utils.Array.add(Ljava/lang/Object;)V @ 46
Event: 4.725 Thread 0x000000001ecd8000 Uncommon trap: reason=unstable_if action=reinterpret pc=0x0000000003760c8c method=com.badlogic.gdx.graphics.g2d.SpriteBatch.draw(Lcom/badlogic/gdx/graphics/Texture;[FII)V @ 55
Event: 4.742 Thread 0x000000001ecd8000 Uncommon trap: reason=unstable_if action=reinterpret pc=0x000000000373920c method=com.badlogic.gdx.graphics.g2d.SpriteBatch.draw(Lcom/badlogic/gdx/graphics/Texture;[FII)V @ 55
Event: 4.776 Thread 0x000000001ecd8000 Uncommon trap: reason=unstable_if action=reinterpret pc=0x000000000375d284 method=com.badlogic.gdx.graphics.g2d.SpriteBatch.draw(Lcom/badlogic/gdx/graphics/Texture;[FII)V @ 55
Event: 13.775 Thread 0x000000001ecd8000 Uncommon trap: reason=unstable_if action=reinterpret pc=0x0000000003859040 method=com.badlogic.gdx.scenes.scene2d.ui.Label.textEquals(Ljava/lang/CharSequence;)Z @ 23
Event: 13.808 Thread 0x000000001ecd8000 Uncommon trap: reason=null_check action=make_not_entrant pc=0x000000000381616c method=com.badlogic.gdx.utils.ObjectMap.get(Ljava/lang/Object;)Ljava/lang/Object; @ 38
Event: 13.822 Thread 0x000000001ecd8000 Uncommon trap: reason=speculate_class_check action=maybe_recompile pc=0x000000000386ce4c method=com.badlogic.gdx.scenes.scene2d.ui.WidgetGroup.invalidateHierarchy()V @ 1
Event: 13.828 Thread 0x000000001ecd8000 Uncommon trap: reason=null_check action=make_not_entrant pc=0x000000000386ce7c method=com.badlogic.gdx.scenes.scene2d.ui.WidgetGroup.invalidateHierarchy()V @ 10

Classes redefined (0 events):
No events

Internal exceptions (10 events):
Event: 0.206 Thread 0x00000000032b3800 Exception <a 'java/security/PrivilegedActionException'> (0x000000076b32b438) thrown at [C:\re\workspace\8-2-build-windows-amd64-cygwin\jdk8u201\12322\hotspot\src\share\vm\prims\jvm.cpp, line 1502]
Event: 0.353 Thread 0x00000000032b3800 Exception <a 'java/security/PrivilegedActionException'> (0x000000076b466f88) thrown at [C:\re\workspace\8-2-build-windows-amd64-cygwin\jdk8u201\12322\hotspot\src\share\vm\prims\jvm.cpp, line 1502]
Event: 0.353 Thread 0x00000000032b3800 Exception <a 'java/security/PrivilegedActionException'> (0x000000076b468c60) thrown at [C:\re\workspace\8-2-build-windows-amd64-cygwin\jdk8u201\12322\hotspot\src\share\vm\prims\jvm.cpp, line 1502]
Event: 0.353 Thread 0x00000000032b3800 Exception <a 'java/security/PrivilegedActionException'> (0x000000076b469dd0) thrown at [C:\re\workspace\8-2-build-windows-amd64-cygwin\jdk8u201\12322\hotspot\src\share\vm\prims\jvm.cpp, line 1502]
Event: 0.353 Thread 0x00000000032b3800 Exception <a 'java/security/PrivilegedActionException'> (0x000000076b46ef38) thrown at [C:\re\workspace\8-2-build-windows-amd64-cygwin\jdk8u201\12322\hotspot\src\share\vm\prims\jvm.cpp, line 1502]
Event: 0.353 Thread 0x00000000032b3800 Exception <a 'java/security/PrivilegedActionException'> (0x000000076b46fb90) thrown at [C:\re\workspace\8-2-build-windows-amd64-cygwin\jdk8u201\12322\hotspot\src\share\vm\prims\jvm.cpp, line 1502]
Event: 0.353 Thread 0x00000000032b3800 Exception <a 'java/security/PrivilegedActionException'> (0x000000076b4707b8) thrown at [C:\re\workspace\8-2-build-windows-amd64-cygwin\jdk8u201\12322\hotspot\src\share\vm\prims\jvm.cpp, line 1502]
Event: 1.884 Thread 0x000000001ecd8000 Implicit null exception at 0x0000000003573116 to 0x00000000035734b1
Event: 13.808 Thread 0x000000001ecd8000 Implicit null exception at 0x0000000003815ccb to 0x0000000003816159
Event: 13.828 Thread 0x000000001ecd8000 Implicit null exception at 0x000000000386cd6b to 0x000000000386ce72

Events (10 events):
Event: 13.808 Thread 0x000000001ecd8000 DEOPT PACKING pc=0x000000000381616c sp=0x000000001fe8e6b0
Event: 13.808 Thread 0x000000001ecd8000 DEOPT UNPACKING pc=0x00000000033f583b sp=0x000000001fe8e640 mode 2
Event: 13.822 Thread 0x000000001ecd8000 Uncommon trap: trap_request=0xffffff76 fr.pc=0x000000000386ce4c
Event: 13.822 Thread 0x000000001ecd8000 DEOPT PACKING pc=0x000000000386ce4c sp=0x000000001fe8ee00
Event: 13.822 Thread 0x000000001ecd8000 DEOPT UNPACKING pc=0x00000000033f583b sp=0x000000001fe8ed40 mode 2
Event: 13.822 loading class com/geeselightning/zepr/TextScreen$1
Event: 13.822 loading class com/geeselightning/zepr/TextScreen$1 done
Event: 13.828 Thread 0x000000001ecd8000 Uncommon trap: trap_request=0xfffffff4 fr.pc=0x000000000386ce7c
Event: 13.828 Thread 0x000000001ecd8000 DEOPT PACKING pc=0x000000000386ce7c sp=0x000000001fe8efc0
Event: 13.828 Thread 0x000000001ecd8000 DEOPT UNPACKING pc=0x00000000033f583b sp=0x000000001fe8ef00 mode 2


Dynamic libraries:
0x00007ff68dc40000 - 0x00007ff68dc77000 	C:\Program Files\Java\jre1.8.0_201\bin\javaw.exe
0x00007fff9b720000 - 0x00007fff9b901000 	C:\Windows\SYSTEM32\ntdll.dll
0x00007fff9b4d0000 - 0x00007fff9b582000 	C:\Windows\System32\KERNEL32.DLL
0x00007fff98560000 - 0x00007fff987d3000 	C:\Windows\System32\KERNELBASE.dll
0x000000005fdf0000 - 0x0000000060115000 	C:\Program Files\Norton Security\NortonData\22.15.0.88\Definitions\IPSDefs\20190213.061\IPSEng64.dll
0x00007fff99220000 - 0x00007fff992c1000 	C:\Windows\System32\ADVAPI32.dll
0x00007fff99c90000 - 0x00007fff99d2e000 	C:\Windows\System32\msvcrt.dll
0x00007fff995d0000 - 0x00007fff9962b000 	C:\Windows\System32\sechost.dll
0x00007fff9b170000 - 0x00007fff9b294000 	C:\Windows\System32\RPCRT4.dll
0x00007fff99210000 - 0x00007fff99218000 	C:\Windows\System32\PSAPI.DLL
0x00007fff99630000 - 0x00007fff997c0000 	C:\Windows\System32\USER32.dll
0x00007fff98540000 - 0x00007fff98560000 	C:\Windows\System32\win32u.dll
0x00007fff9b4a0000 - 0x00007fff9b4c8000 	C:\Windows\System32\GDI32.dll
0x00007fff98970000 - 0x00007fff98b02000 	C:\Windows\System32\gdi32full.dll
0x00007fff98b10000 - 0x00007fff98baf000 	C:\Windows\System32\msvcp_win.dll
0x00007fff97af0000 - 0x00007fff97bea000 	C:\Windows\System32\ucrtbase.dll
0x00007fff84900000 - 0x00007fff84b69000 	C:\Windows\WinSxS\amd64_microsoft.windows.common-controls_6595b64144ccf1df_6.0.17134.590_none_fb3d9bff3069e088\COMCTL32.dll
0x00007fff997c0000 - 0x00007fff99ae2000 	C:\Windows\System32\combase.dll
0x00007fff98840000 - 0x00007fff988ba000 	C:\Windows\System32\bcryptPrimitives.dll
0x00007fff99c40000 - 0x00007fff99c6d000 	C:\Windows\System32\IMM32.DLL
0x000000005df90000 - 0x000000005e061000 	C:\Program Files\Java\jre1.8.0_201\bin\msvcr100.dll
0x000000005c290000 - 0x000000005cb34000 	C:\Program Files\Java\jre1.8.0_201\bin\server\jvm.dll
0x00007fff8a1a0000 - 0x00007fff8a1a9000 	C:\Windows\SYSTEM32\WSOCK32.dll
0x00007fff99560000 - 0x00007fff995cc000 	C:\Windows\System32\WS2_32.dll
0x00007fff8f6e0000 - 0x00007fff8f703000 	C:\Windows\SYSTEM32\WINMM.dll
0x00007fff93fe0000 - 0x00007fff93fea000 	C:\Windows\SYSTEM32\VERSION.dll
0x00007fff8f6b0000 - 0x00007fff8f6da000 	C:\Windows\SYSTEM32\WINMMBASE.dll
0x00007fff984f0000 - 0x00007fff98539000 	C:\Windows\System32\cfgmgr32.dll
0x00007fff80bc0000 - 0x00007fff80bcf000 	C:\Program Files\Java\jre1.8.0_201\bin\verify.dll
0x00007fff74200000 - 0x00007fff74229000 	C:\Program Files\Java\jre1.8.0_201\bin\java.dll
0x00007fff78290000 - 0x00007fff782a6000 	C:\Program Files\Java\jre1.8.0_201\bin\zip.dll
0x00007fff99d30000 - 0x00007fff9b170000 	C:\Windows\System32\SHELL32.dll
0x00007fff994b0000 - 0x00007fff99559000 	C:\Windows\System32\shcore.dll
0x00007fff97de0000 - 0x00007fff984ed000 	C:\Windows\System32\windows.storage.dll
0x00007fff9b440000 - 0x00007fff9b491000 	C:\Windows\System32\shlwapi.dll
0x00007fff97ad0000 - 0x00007fff97ae1000 	C:\Windows\System32\kernel.appcore.dll
0x00007fff97ab0000 - 0x00007fff97acf000 	C:\Windows\System32\profapi.dll
0x00007fff97a40000 - 0x00007fff97a8c000 	C:\Windows\System32\powrprof.dll
0x00007fff97a30000 - 0x00007fff97a3a000 	C:\Windows\System32\FLTLIB.DLL
0x0000000065580000 - 0x0000000065616000 	C:\Users\TGWTu\AppData\Local\Temp\libgdxTGWTu\12dfaa03\gdx64.dll
0x00007fff97470000 - 0x00007fff97487000 	C:\Windows\SYSTEM32\CRYPTSP.dll
0x00007fff96e90000 - 0x00007fff96ec3000 	C:\Windows\system32\rsaenh.dll
0x00007fff97590000 - 0x00007fff975b5000 	C:\Windows\SYSTEM32\bcrypt.dll
0x00007fff97930000 - 0x00007fff97958000 	C:\Windows\SYSTEM32\USERENV.dll
0x00007fff97460000 - 0x00007fff9746b000 	C:\Windows\SYSTEM32\CRYPTBASE.dll
0x00007fff76530000 - 0x00007fff7654a000 	C:\Program Files\Java\jre1.8.0_201\bin\net.dll
0x00007fff8f850000 - 0x00007fff8fa19000 	C:\Windows\SYSTEM32\urlmon.dll
0x00007fff8cd10000 - 0x00007fff8cfb5000 	C:\Windows\SYSTEM32\iertutil.dll
0x00007fff972b0000 - 0x00007fff97316000 	C:\Windows\system32\mswsock.dll
0x00007fff97030000 - 0x00007fff97068000 	C:\Windows\SYSTEM32\IPHLPAPI.DLL
0x00007fff98bb0000 - 0x00007fff98bb8000 	C:\Windows\System32\NSI.dll
0x00007fff92a60000 - 0x00007fff92a76000 	C:\Windows\SYSTEM32\dhcpcsvc6.DLL
0x00007fff92cd0000 - 0x00007fff92cea000 	C:\Windows\SYSTEM32\dhcpcsvc.DLL
0x00007fff73980000 - 0x00007fff73991000 	C:\Program Files\Java\jre1.8.0_201\bin\nio.dll
0x0000000180000000 - 0x0000000180053000 	C:\Users\TGWTu\AppData\Local\Temp\libgdxTGWTu\dc0f0009\lwjgl64.dll
0x00007fff62db0000 - 0x00007fff62ed0000 	C:\Windows\SYSTEM32\OPENGL32.dll
0x00007fff78260000 - 0x00007fff7828c000 	C:\Windows\SYSTEM32\GLU32.dll
0x000000001f520000 - 0x000000001f584000 	C:\Users\TGWTu\AppData\Local\Temp\libgdxTGWTu\dc0f0009\OpenAL64.dll
0x00007fff9b590000 - 0x00007fff9b6e1000 	C:\Windows\System32\ole32.dll
0x00007fff96030000 - 0x00007fff960c8000 	C:\Windows\system32\uxtheme.dll
0x00007fff992d0000 - 0x00007fff99370000 	C:\Windows\System32\clbcatq.dll
0x00007fff91e70000 - 0x00007fff92024000 	C:\Windows\System32\PROPSYS.dll
0x00007fff99380000 - 0x00007fff99443000 	C:\Windows\System32\OLEAUT32.dll
0x00007fff64470000 - 0x00007fff644ff000 	C:\Windows\SYSTEM32\dsound.dll
0x00007fff923b0000 - 0x00007fff92426000 	C:\Windows\System32\MMDevApi.dll
0x00007fff97840000 - 0x00007fff97867000 	C:\Windows\System32\DEVOBJ.dll
0x00007fff8f530000 - 0x00007fff8f65c000 	C:\Windows\SYSTEM32\AUDIOSES.DLL
0x00007fff944e0000 - 0x00007fff9462d000 	C:\Windows\SYSTEM32\wintypes.dll
0x00007fff94060000 - 0x00007fff9406a000 	C:\Windows\SYSTEM32\AVRT.dll
0x00007fff99090000 - 0x00007fff99203000 	C:\Windows\System32\MSCTF.dll
0x00007fff96100000 - 0x00007fff96129000 	C:\Windows\system32\dwmapi.dll
0x0000000059c00000 - 0x000000005c289000 	C:\Windows\System32\DriverStore\FileRepository\nv_dispi.inf_amd64_5db32447b43ce666\nvoglv64.dll
0x00007fff98c40000 - 0x00007fff9908b000 	C:\Windows\System32\SETUPAPI.dll
0x00007fff94450000 - 0x00007fff94463000 	C:\Windows\SYSTEM32\WTSAPI32.dll
0x00007fff987e0000 - 0x00007fff98837000 	C:\Windows\System32\WINTRUST.dll
0x00007fff97a90000 - 0x00007fff97aa2000 	C:\Windows\System32\MSASN1.dll
0x00007fff97bf0000 - 0x00007fff97dd2000 	C:\Windows\System32\CRYPT32.dll
0x00007fff96b20000 - 0x00007fff96b51000 	C:\Windows\SYSTEM32\ntmarta.dll
0x00007fff4fa60000 - 0x00007fff4fd26000 	C:\Windows\system32\nvspcap64.dll
0x00007fff8ec40000 - 0x00007fff8ecd6000 	C:\Windows\System32\TextInputFramework.dll
0x00007fff8e880000 - 0x00007fff8eb9e000 	C:\Windows\System32\CoreUIComponents.dll
0x00007fff95bc0000 - 0x00007fff95c9a000 	C:\Windows\System32\CoreMessaging.dll
0x00007fff78430000 - 0x00007fff784d8000 	C:\Windows\SYSTEM32\mscms.dll
0x00007fff8f7d0000 - 0x00007fff8f7e0000 	C:\Windows\SYSTEM32\ColorAdapterClient.dll
0x00007fff64610000 - 0x00007fff64653000 	C:\Windows\SYSTEM32\icm32.dll
0x00007fff96bc0000 - 0x00007fff96c16000 	C:\Windows\SYSTEM32\WINSTA.dll
0x00007fff92fe0000 - 0x00007fff931a9000 	C:\Windows\SYSTEM32\dbghelp.dll

VM Arguments:
jvm_args: -Dfile.encoding=Cp1252 
java_command: com.geeselightning.zepr.desktop.DesktopLauncher
java_class_path (initial): C:\Program Files\Java\jre1.8.0_201\lib\resources.jar;C:\Program Files\Java\jre1.8.0_201\lib\rt.jar;C:\Program Files\Java\jre1.8.0_201\lib\jsse.jar;C:\Program Files\Java\jre1.8.0_201\lib\jce.jar;C:\Program Files\Java\jre1.8.0_201\lib\charsets.jar;C:\Program Files\Java\jre1.8.0_201\lib\jfr.jar;C:\Program Files\Java\jre1.8.0_201\lib\ext\access-bridge-64.jar;C:\Program Files\Java\jre1.8.0_201\lib\ext\cldrdata.jar;C:\Program Files\Java\jre1.8.0_201\lib\ext\dnsns.jar;C:\Program Files\Java\jre1.8.0_201\lib\ext\jaccess.jar;C:\Program Files\Java\jre1.8.0_201\lib\ext\jfxrt.jar;C:\Program Files\Java\jre1.8.0_201\lib\ext\localedata.jar;C:\Program Files\Java\jre1.8.0_201\lib\ext\nashorn.jar;C:\Program Files\Java\jre1.8.0_201\lib\ext\sunec.jar;C:\Program Files\Java\jre1.8.0_201\lib\ext\sunjce_provider.jar;C:\Program Files\Java\jre1.8.0_201\lib\ext\sunmscapi.jar;C:\Program Files\Java\jre1.8.0_201\lib\ext\sunpkcs11.jar;C:\Program Files\Java\jre1.8.0_201\lib\ext\zipfs.jar;E:\Downloads\Git\Assessment3\zepr\desktop\bin\main;E:\Downloads\Git\Assessment3\zepr\core\bin\default;E:\Downloads\Git\Assessment3\zepr\core\bin\main;C:\Users\TGWTu\.gradle\caches\modules-2\files-2.1\com.badlogicgames.gdx\gdx-backend-lwjgl\1.9.8\b7c138f14ed67ad830ae7597da3d86ae02b20eee\gdx-backend-lwjgl-1.9.8.jar;C:\Users\TGWTu\.gradle\caches\modules-2\files-2.1\com.badlogicgames.gdx\gdx-platform\1.9.8\604a2ef2c7c92a5900114757cbd3fb4dcbb8270c\gdx-platform-1.9.8-natives-desktop.jar;C:\Users\TGWTu\.gradle\caches\modules-2\files-2.1\com.badlogicgames.gdx\gdx-box2d-platform\1.9.8\3195b56f82751d7cd7de85edb6824d17bf479781\gdx-box2d-platform-1.9.8-natives-desktop.jar;C:\Users\TGWTu\.gradle\caches\modules-2\files-2.1\com.badlogicgames.gdx\gdx-box2d\1.9.8\6f0497b7958216464101adfb7bdc3a0f7b88d6d3\gdx-box2d-1.9.8.jar;C:\Users\TGWTu\.gradle\caches\modules-2\files-2.1\com.badlogicgames.gdx\gdx\1.9.8\a35a0076fbce873f9c2d5a1a1c8066244231bb3c\gdx-1.9.8.jar;C:\Users\TGWTu\.gradle\caches\modules-2\files-
Launcher Type: SUN_STANDARD

Environment Variables:
PATH=C:/Program Files/Java/jre1.8.0_201/bin/server;C:/Program Files/Java/jre1.8.0_201/bin;C:/Program Files/Java/jre1.8.0_201/lib/amd64;C:\Program Files (x86)\Common Files\Oracle\Java\javapath;C:\Windows\system32;C:\Windows;C:\Windows\System32\Wbem;C:\Windows\System32\WindowsPowerShell\v1.0\;C:\Windows\System32\OpenSSH\;C:\Program Files (x86)\NVIDIA Corporation\PhysX\Common;E:\Documents\Programs\Git\Git\cmd;C:\Program Files\NVIDIA Corporation\NVIDIA NvDLISR;C:\Users\TGWTu\AppData\Local\Microsoft\WindowsApps;C:\Program Files\Java\jdk1.8.0_191\bin;;C:\Windows\system32;
USERNAME=TGWTu
OS=Windows_NT
PROCESSOR_IDENTIFIER=Intel64 Family 6 Model 60 Stepping 3, GenuineIntel



---------------  S Y S T E M  ---------------

OS: Windows 10.0 , 64 bit Build 17134 (10.0.17134.556)

CPU:total 4 (initial active 4) (4 cores per cpu, 1 threads per core) family 6 model 60 stepping 3, cmov, cx8, fxsr, mmx, sse, sse2, sse3, ssse3, sse4.1, sse4.2, popcnt, avx, avx2, aes, clmul, erms, lzcnt, tsc, tscinvbit, bmi1, bmi2

Memory: 4k page, physical 16718816k(8985380k free), swap 19209184k(7859692k free)

vm_info: Java HotSpot(TM) 64-Bit Server VM (25.201-b09) for windows-amd64 JRE (1.8.0_201-b09), built on Dec 15 2018 18:36:39 by "java_re" with MS VC++ 10.0 (VS2010)

time: Thu Feb 14 18:49:35 2019
timezone: GMT Standard Time
elapsed time: 14 seconds (0d 0h 0m 14s)

