#
# A fatal error has been detected by the Java Runtime Environment:
#
#  SIGSEGV (0xb) at pc=0x000000010683990b, pid=3142, tid=0x0000000000003703
#
# JRE version: Java(TM) SE Runtime Environment (8.0_151-b12) (build 1.8.0_151-b12)
# Java VM: Java HotSpot(TM) 64-Bit Server VM (25.151-b12 mixed mode bsd-amd64 compressed oops)
# Problematic frame:
# V  [libjvm.dylib+0x16290b]
#
# Failed to write core dump. Core dumps have been disabled. To enable core dumping, try "ulimit -c unlimited" before starting Java again
#
# If you would like to submit a bug report, please visit:
#   http://bugreport.java.com/bugreport/crash.jsp
#

---------------  T H R E A D  ---------------

Current thread (0x00007f90f4029800):  JavaThread "C2 CompilerThread0" daemon [_thread_in_native, id=14083, stack(0x000070000d1c4000,0x000070000d2c4000)]

siginfo: si_signo: 11 (SIGSEGV), si_code: 0 (unknown), si_addr: 0x0000000000000000

Registers:
RAX=0x3ed000003f600000, RBX=0x0000000000000001, RCX=0x0000000000000000, RDX=0x0000000000040000
RSP=0x000070000d2c0650, RBP=0x000070000d2c0660, RSI=0x0000000000000001, RDI=0x00007f90f3865d30
R8 =0x0000000000000020, R9 =0xffffffff00000001, R10=0x0000000106f0f238, R11=0x0000000000000150
R12=0x0000000000000025, R13=0x000070000d2c08f8, R14=0x00007f90f3865d30, R15=0x00007f90f3872350
RIP=0x000000010683990b, EFLAGS=0x0000000000010246, ERR=0x0000000000000000
  TRAPNO=0x000000000000000d

Top of Stack: (sp=0x000070000d2c0650)
0x000070000d2c0650:   0000000000000025 000070000d2c1500
0x000070000d2c0660:   000070000d2c06d0 0000000106986833
0x000070000d2c0670:   0000000228028fbf 0000000100000001
0x000070000d2c0680:   00007f90f3b21aa0 0000000000000001
0x000070000d2c0690:   00007f90f411f780 0000000000000002
0x000070000d2c06a0:   00007f90f411f770 000070000d2c1500
0x000070000d2c06b0:   0000000000000003 0000000000000002
0x000070000d2c06c0:   00007f90f41478d8 0000000000000025
0x000070000d2c06d0:   000070000d2c0730 0000000106987b4f
0x000070000d2c06e0:   00007f90f3409f80 0000000000000011
0x000070000d2c06f0:   0000000100000000 00007f90f484a8c0
0x000070000d2c0700:   00007f90f411f770 000070000d2c1500
0x000070000d2c0710:   000070000d2c08f8 000070000d2c2fa0
0x000070000d2c0720:   000070000d2c09b8 000070000d2c0938
0x000070000d2c0730:   000070000d2c0a40 0000000106838b45
0x000070000d2c0740:   000070000d2c0770 000000010673ffdb
0x000070000d2c0750:   00007f90f3929fe0 00007f90f3929fe0
0x000070000d2c0760:   0000000000000005 0000000000000029
0x000070000d2c0770:   000070000d2c0870 0000000106a8be7c
0x000070000d2c0780:   0000000000000000 00007f90f4142ec0
0x000070000d2c0790:   000000060d2c1630 0000000000000002
0x000070000d2c07a0:   00007f90f41621f0 0000000000000003
0x000070000d2c07b0:   00007f90f4143078 0000000000000000
0x000070000d2c07c0:   0000000000000000 0000000000000000
0x000070000d2c07d0:   0000000000000000 0000000000000000
0x000070000d2c07e0:   000070000d2c08f8 000070000d2c1630
0x000070000d2c07f0:   00007f90f41621e0 0000000040000000
0x000070000d2c0800:   0000000000000000 0000000000000000
0x000070000d2c0810:   0000000000000000 0000000000000000
0x000070000d2c0820:   00007f90f4142ec0 00007f90f41621e0
0x000070000d2c0830:   000070000d2c0870 0000000106a8b0c3
0x000070000d2c0840:   000070000d2c0870 00000001067b17fd 

Instructions: (pc=0x000000010683990b)
0x00000001068398eb:   c3 5d e9 66 12 15 00 55 48 89 e5 41 56 53 85 f6
0x00000001068398fb:   74 4f 89 f3 49 89 fe 49 8b 46 08 89 d9 c1 e9 08
0x000000010683990b:   48 8b 04 c8 48 3b 05 02 c9 6a 00 75 0a 4c 89 f7
0x000000010683991b:   89 de e8 1c 15 15 00 88 d9 ba 01 00 00 00 d3 e2 

Register to memory mapping:

RAX=0x3ed000003f600000 is an unknown value
RBX=0x0000000000000001 is an unknown value
RCX=0x0000000000000000 is an unknown value
RDX=0x0000000000040000 is an unknown value
RSP=0x000070000d2c0650 is pointing into the stack for thread: 0x00007f90f4029800
RBP=0x000070000d2c0660 is pointing into the stack for thread: 0x00007f90f4029800
RSI=0x0000000000000001 is an unknown value
RDI=0x00007f90f3865d30 is an unknown value
R8 =0x0000000000000020 is an unknown value
R9 =0xffffffff00000001 is an unknown value
R10=0x0000000106f0f238: _ZL8tc_mutex+0x18 in /Library/Java/JavaVirtualMachines/jdk1.8.0_151.jdk/Contents/Home/jre/lib/server/libjvm.dylib at 0x00000001066d7000
R11=0x0000000000000150 is an unknown value
R12=0x0000000000000025 is an unknown value
R13=0x000070000d2c08f8 is pointing into the stack for thread: 0x00007f90f4029800
R14=0x00007f90f3865d30 is an unknown value
R15=0x00007f90f3872350 is an unknown value


Stack: [0x000070000d1c4000,0x000070000d2c4000],  sp=0x000070000d2c0650,  free space=1009k
Native frames: (J=compiled Java code, j=interpreted, Vv=VM code, C=native code)
V  [libjvm.dylib+0x16290b]
V  [libjvm.dylib+0x2af833]
V  [libjvm.dylib+0x2b0b4f]
V  [libjvm.dylib+0x161b45]
V  [libjvm.dylib+0x1afc26]
V  [libjvm.dylib+0x1b3dc1]
V  [libjvm.dylib+0x15124e]
V  [libjvm.dylib+0x1b7454]
V  [libjvm.dylib+0x1b999b]
V  [libjvm.dylib+0x56c173]
V  [libjvm.dylib+0x56d860]
V  [libjvm.dylib+0x48bbb2]
C  [libsystem_pthread.dylib+0x3305]  _pthread_body+0x7e
C  [libsystem_pthread.dylib+0x626f]  _pthread_start+0x46
C  [libsystem_pthread.dylib+0x2415]  thread_start+0xd
C  0x0000000000000000


Current CompileTask:
C2:   5691 1101       4       java.util.StringTokenizer::nextToken (92 bytes)


---------------  P R O C E S S  ---------------

Java Threads: ( => current thread )
  0x00007f90f4008000 JavaThread "DestroyJavaVM" [_thread_blocked, id=2819, stack(0x000070000c7a3000,0x000070000c8a3000)]
  0x00007f90f49bd000 JavaThread "LWJGL Application" [_thread_in_native, id=69639, stack(0x000070000dae8000,0x000070000dbe8000)]
  0x00007f90f5156000 JavaThread "AWT-Shutdown" [_thread_blocked, id=39975, stack(0x000070000d6d3000,0x000070000d7d3000)]
  0x00007f90f4182000 JavaThread "AppKit Thread" daemon [_thread_in_native, id=775, stack(0x00007ffee8d58000,0x00007ffee9558000)]
  0x00007f90f405d000 JavaThread "Service Thread" daemon [_thread_blocked, id=18947, stack(0x000070000d4cd000,0x000070000d5cd000)]
  0x00007f90f402c000 JavaThread "C1 CompilerThread2" daemon [_thread_blocked, id=15107, stack(0x000070000d3ca000,0x000070000d4ca000)]
  0x00007f90f402b800 JavaThread "C2 CompilerThread1" daemon [_thread_blocked, id=14595, stack(0x000070000d2c7000,0x000070000d3c7000)]
=>0x00007f90f4029800 JavaThread "C2 CompilerThread0" daemon [_thread_in_native, id=14083, stack(0x000070000d1c4000,0x000070000d2c4000)]
  0x00007f90f4004800 JavaThread "Signal Dispatcher" daemon [_thread_blocked, id=13827, stack(0x000070000d0c1000,0x000070000d1c1000)]
  0x00007f90f3818000 JavaThread "Finalizer" daemon [_thread_blocked, id=12035, stack(0x000070000cfbe000,0x000070000d0be000)]
  0x00007f90f3815000 JavaThread "Reference Handler" daemon [_thread_blocked, id=11523, stack(0x000070000cebb000,0x000070000cfbb000)]

Other Threads:
  0x00007f90f500d800 VMThread [stack: 0x000070000cdb8000,0x000070000ceb8000] [id=21251]
  0x00007f90f5031800 WatcherThread [stack: 0x000070000d5d0000,0x000070000d6d0000] [id=18691]

VM state:not at safepoint (normal execution)

VM Mutex/Monitor currently owned by a thread: None

Heap:
 PSYoungGen      total 38400K, used 31734K [0x0000000795580000, 0x0000000798000000, 0x00000007c0000000)
  eden space 33280K, 95% used [0x0000000795580000,0x000000079747d868,0x0000000797600000)
  from space 5120K, 0% used [0x0000000797b00000,0x0000000797b00000,0x0000000798000000)
  to   space 5120K, 0% used [0x0000000797600000,0x0000000797600000,0x0000000797b00000)
 ParOldGen       total 87552K, used 0K [0x0000000740000000, 0x0000000745580000, 0x0000000795580000)
  object space 87552K, 0% used [0x0000000740000000,0x0000000740000000,0x0000000745580000)
 Metaspace       used 9596K, capacity 9743K, committed 9984K, reserved 1058816K
  class space    used 954K, capacity 1018K, committed 1024K, reserved 1048576K

Card table byte_map: [0x00000001083c0000,0x00000001087c1000] byte_map_base: 0x00000001049c0000

Marking Bits: (ParMarkBitMap*) 0x0000000106fca5d0
 Begin Bits: [0x0000000108a6c000, 0x000000010aa6c000)
 End Bits:   [0x000000010aa6c000, 0x000000010ca6c000)

Polling page: 0x00000001076c1000

CodeCache: size=245760Kb used=3987Kb max_used=3999Kb free=241772Kb
 bounds [0x0000000112742000, 0x0000000112b32000, 0x0000000121742000]
 total_blobs=1565 nmethods=1111 adapters=368
 compilation: enabled

Compilation events (10 events):
Event: 5.670 Thread 0x00007f90f402c000 nmethod 1105 0x0000000112b22310 code [0x0000000112b22480, 0x0000000112b22710]
Event: 5.670 Thread 0x00007f90f402c000 1107       3       java.util.regex.Pattern$Start::<init> (35 bytes)
Event: 5.671 Thread 0x00007f90f402c000 nmethod 1107 0x0000000112b277d0 code [0x0000000112b27960, 0x0000000112b27e88]
Event: 5.671 Thread 0x00007f90f402c000 1108   !   3       java.util.regex.Pattern::matcher (44 bytes)
Event: 5.671 Thread 0x00007f90f402c000 nmethod 1108 0x0000000112b21b50 code [0x0000000112b21ce0, 0x0000000112b22158]
Event: 5.671 Thread 0x00007f90f402c000 1109       3       java.util.regex.Matcher::<init> (84 bytes)
Event: 5.671 Thread 0x00007f90f402c000 nmethod 1109 0x0000000112b27010 code [0x0000000112b271a0, 0x0000000112b27668]
Event: 5.672 Thread 0x00007f90f402c000 1110       3       java.util.regex.Matcher::find (69 bytes)
Event: 5.672 Thread 0x00007f90f402c000 nmethod 1110 0x0000000112b269d0 code [0x0000000112b26b60, 0x0000000112b26f08]
Event: 5.678 Thread 0x00007f90f402b800 1112       4       com.badlogic.gdx.utils.ObjectIntMap::get (84 bytes)

GC Heap History (0 events):
No events

Deoptimization events (10 events):
Event: 2.534 Thread 0x00007f90f49bd000 Uncommon trap: reason=unstable_if action=reinterpret pc=0x0000000112914870 method=java.lang.String.replace(CC)Ljava/lang/String; @ 26
Event: 3.616 Thread 0x00007f90f49bd000 Uncommon trap: reason=unstable_if action=reinterpret pc=0x00000001129482c4 method=java.lang.AbstractStringBuilder.append(Ljava/lang/String;)Ljava/lang/AbstractStringBuilder; @ 1
Event: 5.477 Thread 0x00007f90f49bd000 Uncommon trap: reason=unstable_if action=reinterpret pc=0x0000000112a0b370 method=java.util.StringTokenizer.scanToken(I)I @ 7
Event: 5.477 Thread 0x00007f90f49bd000 Uncommon trap: reason=unstable_if action=reinterpret pc=0x00000001129f9284 method=java.util.StringTokenizer.skipDelimiters(I)I @ 29
Event: 5.477 Thread 0x00007f90f49bd000 Uncommon trap: reason=unstable_if action=reinterpret pc=0x000000011298f4c0 method=sun.net.www.ParseUtil.encodePath(Ljava/lang/String;Z)Ljava/lang/String; @ 145
Event: 5.479 Thread 0x00007f90f49bd000 Uncommon trap: reason=unstable_if action=reinterpret pc=0x00000001129da970 method=java.util.StringTokenizer.scanToken(I)I @ 7
Event: 5.671 Thread 0x00007f90f49bd000 Uncommon trap: reason=array_check action=maybe_recompile pc=0x0000000112b21974 method=com.badlogic.gdx.utils.Array.add(Ljava/lang/Object;)V @ 46
Event: 5.671 Thread 0x00007f90f49bd000 Uncommon trap: reason=array_check action=maybe_recompile pc=0x0000000112b21974 method=com.badlogic.gdx.utils.Array.add(Ljava/lang/Object;)V @ 46
Event: 5.671 Thread 0x00007f90f49bd000 Uncommon trap: reason=array_check action=maybe_recompile pc=0x0000000112b21974 method=com.badlogic.gdx.utils.Array.add(Ljava/lang/Object;)V @ 46
Event: 5.672 Thread 0x00007f90f49bd000 Uncommon trap: reason=array_check action=maybe_recompile pc=0x0000000112b21974 method=com.badlogic.gdx.utils.Array.add(Ljava/lang/Object;)V @ 46

Internal exceptions (10 events):
Event: 0.377 Thread 0x00007f90f4008000 Exception <a 'java/lang/NoSuchFieldError': method resolution failed> (0x0000000795aee500) thrown at [/Users/java_re/workspace/8-2-build-macosx-x86_64/jdk8u151/9699/hotspot/src/share/vm/prims/methodHandles.cpp, line 1146]
Event: 2.171 Thread 0x00007f90f4008000 Exception <a 'java/io/FileNotFoundException'> (0x0000000795b692e0) thrown at [/Users/java_re/workspace/8-2-build-macosx-x86_64/jdk8u151/9699/hotspot/src/share/vm/prims/jni.cpp, line 709]
Event: 2.171 Thread 0x00007f90f4008000 Exception <a 'java/io/FileNotFoundException'> (0x0000000795b69e70) thrown at [/Users/java_re/workspace/8-2-build-macosx-x86_64/jdk8u151/9699/hotspot/src/share/vm/prims/jni.cpp, line 709]
Event: 2.186 Thread 0x00007f90f4008000 Exception <a 'java/security/PrivilegedActionException'> (0x0000000795b8eee0) thrown at [/Users/java_re/workspace/8-2-build-macosx-x86_64/jdk8u151/9699/hotspot/src/share/vm/prims/jvm.cpp, line 1390]
Event: 2.186 Thread 0x00007f90f4008000 Exception <a 'java/security/PrivilegedActionException'> (0x0000000795b90ac8) thrown at [/Users/java_re/workspace/8-2-build-macosx-x86_64/jdk8u151/9699/hotspot/src/share/vm/prims/jvm.cpp, line 1390]
Event: 2.186 Thread 0x00007f90f4008000 Exception <a 'java/security/PrivilegedActionException'> (0x0000000795b91be8) thrown at [/Users/java_re/workspace/8-2-build-macosx-x86_64/jdk8u151/9699/hotspot/src/share/vm/prims/jvm.cpp, line 1390]
Event: 2.187 Thread 0x00007f90f4008000 Exception <a 'java/security/PrivilegedActionException'> (0x0000000795b96d08) thrown at [/Users/java_re/workspace/8-2-build-macosx-x86_64/jdk8u151/9699/hotspot/src/share/vm/prims/jvm.cpp, line 1390]
Event: 2.187 Thread 0x00007f90f4008000 Exception <a 'java/security/PrivilegedActionException'> (0x0000000795b97960) thrown at [/Users/java_re/workspace/8-2-build-macosx-x86_64/jdk8u151/9699/hotspot/src/share/vm/prims/jvm.cpp, line 1390]
Event: 2.187 Thread 0x00007f90f4008000 Exception <a 'java/security/PrivilegedActionException'> (0x0000000795b98588) thrown at [/Users/java_re/workspace/8-2-build-macosx-x86_64/jdk8u151/9699/hotspot/src/share/vm/prims/jvm.cpp, line 1390]
Event: 3.616 Thread 0x00007f90f49bd000 Implicit null exception at 0x0000000112947ef5 to 0x00000001129482b1

Events (10 events):
Event: 5.671 Thread 0x00007f90f49bd000 DEOPT PACKING pc=0x0000000112b21974 sp=0x000070000dbe74b0
Event: 5.671 Thread 0x00007f90f49bd000 DEOPT UNPACKING pc=0x0000000112747229 sp=0x000070000dbe7460 mode 2
Event: 5.671 Thread 0x00007f90f49bd000 Uncommon trap: trap_request=0xffffffd6 fr.pc=0x0000000112b21974
Event: 5.671 Thread 0x00007f90f49bd000 DEOPT PACKING pc=0x0000000112b21974 sp=0x000070000dbe7580
Event: 5.672 Thread 0x00007f90f49bd000 DEOPT UNPACKING pc=0x0000000112747229 sp=0x000070000dbe7530 mode 2
Event: 5.672 Thread 0x00007f90f49bd000 Uncommon trap: trap_request=0xffffffd6 fr.pc=0x0000000112b21974
Event: 5.672 Thread 0x00007f90f49bd000 DEOPT PACKING pc=0x0000000112b21974 sp=0x000070000dbe7580
Event: 5.672 Thread 0x00007f90f49bd000 DEOPT UNPACKING pc=0x0000000112747229 sp=0x000070000dbe7530 mode 2
Event: 5.672 loading class com/geeselightning/zepr/TextScreen$1
Event: 5.672 loading class com/geeselightning/zepr/TextScreen$1 done


Dynamic libraries:
0x000000000ee12000 	/System/Library/Frameworks/Cocoa.framework/Versions/A/Cocoa
0x000000000ee12000 	/System/Library/Frameworks/Security.framework/Versions/A/Security
0x000000000ee12000 	/System/Library/Frameworks/ApplicationServices.framework/Versions/A/ApplicationServices
0x000000000ee12000 	/usr/lib/libz.1.dylib
0x000000000ee12000 	/usr/lib/libSystem.B.dylib
0x000000000ee12000 	/usr/lib/libobjc.A.dylib
0x000000000ee12000 	/System/Library/Frameworks/CoreFoundation.framework/Versions/A/CoreFoundation
0x000000000ee12000 	/System/Library/Frameworks/Foundation.framework/Versions/C/Foundation
0x000000000ee12000 	/System/Library/Frameworks/AppKit.framework/Versions/C/AppKit
0x000000000ee12000 	/System/Library/Frameworks/CoreData.framework/Versions/A/CoreData
0x000000000ee12000 	/System/Library/PrivateFrameworks/RemoteViewServices.framework/Versions/A/RemoteViewServices
0x000000000ee12000 	/System/Library/PrivateFrameworks/UIFoundation.framework/Versions/A/UIFoundation
0x000000000ee12000 	/System/Library/PrivateFrameworks/XCTTargetBootstrap.framework/Versions/A/XCTTargetBootstrap
0x000000000ee12000 	/System/Library/PrivateFrameworks/IconServices.framework/Versions/A/IconServices
0x000000000ee12000 	/System/Library/Frameworks/Metal.framework/Versions/A/Metal
0x000000000ee12000 	/System/Library/PrivateFrameworks/DesktopServicesPriv.framework/Versions/A/DesktopServicesPriv
0x000000000ee12000 	/usr/lib/libenergytrace.dylib
0x000000000ee12000 	/System/Library/PrivateFrameworks/SkyLight.framework/Versions/A/SkyLight
0x000000000ee12000 	/System/Library/Frameworks/CoreGraphics.framework/Versions/A/CoreGraphics
0x000000000ee12000 	/System/Library/Frameworks/Accelerate.framework/Versions/A/Accelerate
0x000000000ee12000 	/System/Library/Frameworks/IOSurface.framework/Versions/A/IOSurface
0x000000000ee12000 	/System/Library/PrivateFrameworks/DFRFoundation.framework/Versions/A/DFRFoundation
0x000000000ee12000 	/System/Library/Frameworks/AudioToolbox.framework/Versions/A/AudioToolbox
0x000000000ee12000 	/System/Library/Frameworks/AudioUnit.framework/Versions/A/AudioUnit
0x000000000ee12000 	/System/Library/PrivateFrameworks/DataDetectorsCore.framework/Versions/A/DataDetectorsCore
0x000000000ee12000 	/System/Library/Frameworks/Carbon.framework/Versions/A/Frameworks/HIToolbox.framework/Versions/A/HIToolbox
0x000000000ee12000 	/usr/lib/libicucore.A.dylib
0x000000000ee12000 	/System/Library/Frameworks/QuartzCore.framework/Versions/A/QuartzCore
0x000000000ee12000 	/System/Library/Frameworks/Carbon.framework/Versions/A/Frameworks/SpeechRecognition.framework/Versions/A/SpeechRecognition
0x000000000ee12000 	/usr/lib/libauto.dylib
0x000000000ee12000 	/usr/lib/libxml2.2.dylib
0x000000000ee12000 	/System/Library/PrivateFrameworks/CoreUI.framework/Versions/A/CoreUI
0x000000000ee12000 	/System/Library/Frameworks/CoreAudio.framework/Versions/A/CoreAudio
0x000000000ee12000 	/System/Library/Frameworks/DiskArbitration.framework/Versions/A/DiskArbitration
0x000000000ee12000 	/usr/lib/liblangid.dylib
0x000000000ee12000 	/System/Library/PrivateFrameworks/MultitouchSupport.framework/Versions/A/MultitouchSupport
0x000000000ee12000 	/System/Library/Frameworks/IOKit.framework/Versions/A/IOKit
0x000000000ee12000 	/usr/lib/libDiagnosticMessagesClient.dylib
0x000000000ee12000 	/System/Library/Frameworks/CoreServices.framework/Versions/A/CoreServices
0x000000000ee12000 	/System/Library/PrivateFrameworks/PerformanceAnalysis.framework/Versions/A/PerformanceAnalysis
0x000000000ee12000 	/System/Library/Frameworks/OpenGL.framework/Versions/A/OpenGL
0x000000000ee12000 	/System/Library/Frameworks/ColorSync.framework/Versions/A/ColorSync
0x000000000ee12000 	/System/Library/Frameworks/CoreImage.framework/Versions/A/CoreImage
0x000000000ee12000 	/System/Library/Frameworks/CoreText.framework/Versions/A/CoreText
0x000000000ee12000 	/System/Library/Frameworks/ImageIO.framework/Versions/A/ImageIO
0x000000000ee12000 	/System/Library/PrivateFrameworks/Backup.framework/Versions/A/Backup
0x000000000ee12000 	/usr/lib/libarchive.2.dylib
0x000000000ee12000 	/System/Library/Frameworks/CFNetwork.framework/Versions/A/CFNetwork
0x000000000ee12000 	/System/Library/Frameworks/SystemConfiguration.framework/Versions/A/SystemConfiguration
0x000000000ee12000 	/usr/lib/libCRFSuite.dylib
0x000000000ee12000 	/usr/lib/libc++.1.dylib
0x000000000ee12000 	/usr/lib/libc++abi.dylib
0x000000000ee12000 	/usr/lib/system/libcache.dylib
0x000000000ee12000 	/usr/lib/system/libcommonCrypto.dylib
0x000000000ee12000 	/usr/lib/system/libcompiler_rt.dylib
0x000000000ee12000 	/usr/lib/system/libcopyfile.dylib
0x000000000ee12000 	/usr/lib/system/libcorecrypto.dylib
0x000000000ee12000 	/usr/lib/system/libdispatch.dylib
0x000000000ee12000 	/usr/lib/system/libdyld.dylib
0x000000000ee12000 	/usr/lib/system/libkeymgr.dylib
0x000000000ee12000 	/usr/lib/system/liblaunch.dylib
0x000000000ee12000 	/usr/lib/system/libmacho.dylib
0x000000000ee12000 	/usr/lib/system/libquarantine.dylib
0x000000000ee12000 	/usr/lib/system/libremovefile.dylib
0x000000000ee12000 	/usr/lib/system/libsystem_asl.dylib
0x000000000ee12000 	/usr/lib/system/libsystem_blocks.dylib
0x000000000ee12000 	/usr/lib/system/libsystem_c.dylib
0x000000000ee12000 	/usr/lib/system/libsystem_configuration.dylib
0x000000000ee12000 	/usr/lib/system/libsystem_coreservices.dylib
0x000000000ee12000 	/usr/lib/system/libsystem_darwin.dylib
0x000000000ee12000 	/usr/lib/system/libsystem_dnssd.dylib
0x000000000ee12000 	/usr/lib/system/libsystem_info.dylib
0x000000000ee12000 	/usr/lib/system/libsystem_m.dylib
0x000000000ee12000 	/usr/lib/system/libsystem_malloc.dylib
0x000000000ee12000 	/usr/lib/system/libsystem_networkextension.dylib
0x000000000ee12000 	/usr/lib/system/libsystem_notify.dylib
0x000000000ee12000 	/usr/lib/system/libsystem_sandbox.dylib
0x000000000ee12000 	/usr/lib/system/libsystem_secinit.dylib
0x000000000ee12000 	/usr/lib/system/libsystem_kernel.dylib
0x000000000ee12000 	/usr/lib/system/libsystem_platform.dylib
0x000000000ee12000 	/usr/lib/system/libsystem_pthread.dylib
0x000000000ee12000 	/usr/lib/system/libsystem_symptoms.dylib
0x000000000ee12000 	/usr/lib/system/libsystem_trace.dylib
0x000000000ee12000 	/usr/lib/system/libunwind.dylib
0x000000000ee12000 	/usr/lib/system/libxpc.dylib
0x000000000ee12000 	/usr/lib/libbsm.0.dylib
0x000000000ee12000 	/usr/lib/system/libkxld.dylib
0x000000000ee12000 	/System/Library/PrivateFrameworks/AppleFSCompression.framework/Versions/A/AppleFSCompression
0x000000000ee12000 	/usr/lib/libOpenScriptingUtil.dylib
0x000000000ee12000 	/usr/lib/libcoretls.dylib
0x000000000ee12000 	/usr/lib/libcoretls_cfhelpers.dylib
0x000000000ee12000 	/usr/lib/libpam.2.dylib
0x000000000ee12000 	/usr/lib/libsqlite3.dylib
0x000000000ee12000 	/usr/lib/libxar.1.dylib
0x000000000ee12000 	/usr/lib/libbz2.1.0.dylib
0x000000000ee12000 	/usr/lib/liblzma.5.dylib
0x000000000ee12000 	/usr/lib/libnetwork.dylib
0x000000000ee12000 	/usr/lib/libapple_nghttp2.dylib
0x000000000ee12000 	/usr/lib/libpcap.A.dylib
0x000000000ee12000 	/System/Library/Frameworks/CoreServices.framework/Versions/A/Frameworks/FSEvents.framework/Versions/A/FSEvents
0x000000000ee12000 	/System/Library/Frameworks/CoreServices.framework/Versions/A/Frameworks/CarbonCore.framework/Versions/A/CarbonCore
0x000000000ee12000 	/System/Library/Frameworks/CoreServices.framework/Versions/A/Frameworks/Metadata.framework/Versions/A/Metadata
0x000000000ee12000 	/System/Library/Frameworks/CoreServices.framework/Versions/A/Frameworks/OSServices.framework/Versions/A/OSServices
0x000000000ee12000 	/System/Library/Frameworks/CoreServices.framework/Versions/A/Frameworks/SearchKit.framework/Versions/A/SearchKit
0x000000000ee12000 	/System/Library/Frameworks/CoreServices.framework/Versions/A/Frameworks/AE.framework/Versions/A/AE
0x000000000ee12000 	/System/Library/Frameworks/CoreServices.framework/Versions/A/Frameworks/LaunchServices.framework/Versions/A/LaunchServices
0x000000000ee12000 	/System/Library/Frameworks/CoreServices.framework/Versions/A/Frameworks/DictionaryServices.framework/Versions/A/DictionaryServices
0x000000000ee12000 	/System/Library/Frameworks/CoreServices.framework/Versions/A/Frameworks/SharedFileList.framework/Versions/A/SharedFileList
0x000000000ee12000 	/System/Library/Frameworks/NetFS.framework/Versions/A/NetFS
0x000000000ee12000 	/System/Library/PrivateFrameworks/NetAuth.framework/Versions/A/NetAuth
0x000000000ee12000 	/System/Library/PrivateFrameworks/login.framework/Versions/A/Frameworks/loginsupport.framework/Versions/A/loginsupport
0x000000000ee12000 	/System/Library/PrivateFrameworks/TCC.framework/Versions/A/TCC
0x000000000ee12000 	/System/Library/PrivateFrameworks/CoreNLP.framework/Versions/A/CoreNLP
0x000000000ee12000 	/System/Library/PrivateFrameworks/MetadataUtilities.framework/Versions/A/MetadataUtilities
0x000000000ee12000 	/usr/lib/libmecabra.dylib
0x000000000ee12000 	/System/Library/Frameworks/ApplicationServices.framework/Versions/A/Frameworks/ATS.framework/Versions/A/ATS
0x000000000ee12000 	/System/Library/Frameworks/ApplicationServices.framework/Versions/A/Frameworks/ColorSyncLegacy.framework/Versions/A/ColorSyncLegacy
0x000000000ee12000 	/System/Library/Frameworks/ApplicationServices.framework/Versions/A/Frameworks/HIServices.framework/Versions/A/HIServices
0x000000000ee12000 	/System/Library/Frameworks/ApplicationServices.framework/Versions/A/Frameworks/LangAnalysis.framework/Versions/A/LangAnalysis
0x000000000ee12000 	/System/Library/Frameworks/ApplicationServices.framework/Versions/A/Frameworks/PrintCore.framework/Versions/A/PrintCore
0x000000000ee12000 	/System/Library/Frameworks/ApplicationServices.framework/Versions/A/Frameworks/QD.framework/Versions/A/QD
0x000000000ee12000 	/System/Library/Frameworks/ApplicationServices.framework/Versions/A/Frameworks/SpeechSynthesis.framework/Versions/A/SpeechSynthesis
0x000000000ee12000 	/usr/lib/libcompression.dylib
0x000000000ee12000 	/System/Library/Frameworks/CoreDisplay.framework/Versions/A/CoreDisplay
0x000000000ee12000 	/System/Library/Frameworks/MetalPerformanceShaders.framework/Versions/A/MetalPerformanceShaders
0x000000000ee12000 	/System/Library/Frameworks/Accelerate.framework/Versions/A/Frameworks/vImage.framework/Versions/A/vImage
0x000000000ee12000 	/System/Library/Frameworks/Accelerate.framework/Versions/A/Frameworks/vecLib.framework/Versions/A/vecLib
0x000000000ee12000 	/System/Library/Frameworks/Accelerate.framework/Versions/A/Frameworks/vecLib.framework/Versions/A/libvMisc.dylib
0x000000000ee12000 	/System/Library/Frameworks/Accelerate.framework/Versions/A/Frameworks/vecLib.framework/Versions/A/libvDSP.dylib
0x000000000ee12000 	/System/Library/Frameworks/Accelerate.framework/Versions/A/Frameworks/vecLib.framework/Versions/A/libBLAS.dylib
0x000000000ee12000 	/System/Library/Frameworks/Accelerate.framework/Versions/A/Frameworks/vecLib.framework/Versions/A/libLAPACK.dylib
0x000000000ee12000 	/System/Library/Frameworks/Accelerate.framework/Versions/A/Frameworks/vecLib.framework/Versions/A/libLinearAlgebra.dylib
0x000000000ee12000 	/System/Library/Frameworks/Accelerate.framework/Versions/A/Frameworks/vecLib.framework/Versions/A/libSparseBLAS.dylib
0x000000000ee12000 	/System/Library/Frameworks/Accelerate.framework/Versions/A/Frameworks/vecLib.framework/Versions/A/libQuadrature.dylib
0x000000000ee12000 	/System/Library/Frameworks/Accelerate.framework/Versions/A/Frameworks/vecLib.framework/Versions/A/libBNNS.dylib
0x000000000ee12000 	/System/Library/Frameworks/Accelerate.framework/Versions/A/Frameworks/vecLib.framework/Versions/A/libSparse.dylib
0x000000000ee12000 	/System/Library/PrivateFrameworks/GPUWrangler.framework/Versions/A/GPUWrangler
0x000000000ee12000 	/System/Library/PrivateFrameworks/IOAccelerator.framework/Versions/A/IOAccelerator
0x000000000ee12000 	/System/Library/PrivateFrameworks/IOPresentment.framework/Versions/A/IOPresentment
0x000000000ee12000 	/System/Library/PrivateFrameworks/DSExternalDisplay.framework/Versions/A/DSExternalDisplay
0x000000000ee12000 	/System/Library/Frameworks/OpenGL.framework/Versions/A/Libraries/libCoreFSCache.dylib
0x000000000ee12000 	/System/Library/Frameworks/MetalPerformanceShaders.framework/Frameworks/MPSCore.framework/Versions/A/MPSCore
0x000000000ee12000 	/System/Library/Frameworks/MetalPerformanceShaders.framework/Frameworks/MPSImage.framework/Versions/A/MPSImage
0x000000000ee12000 	/System/Library/Frameworks/MetalPerformanceShaders.framework/Frameworks/MPSNeuralNetwork.framework/Versions/A/MPSNeuralNetwork
0x000000000ee12000 	/System/Library/Frameworks/MetalPerformanceShaders.framework/Frameworks/MPSMatrix.framework/Versions/A/MPSMatrix
0x000000000ee12000 	/System/Library/Frameworks/MetalPerformanceShaders.framework/Frameworks/MPSRayIntersector.framework/Versions/A/MPSRayIntersector
0x000000000ee12000 	/System/Library/PrivateFrameworks/MetalTools.framework/Versions/A/MetalTools
0x000000000ee12000 	/System/Library/PrivateFrameworks/AggregateDictionary.framework/Versions/A/AggregateDictionary
0x000000000ee12000 	/usr/lib/libMobileGestalt.dylib
0x000000000ee12000 	/System/Library/Frameworks/CoreVideo.framework/Versions/A/CoreVideo
0x000000000ee12000 	/System/Library/PrivateFrameworks/GraphVisualizer.framework/Versions/A/GraphVisualizer
0x000000000ee12000 	/System/Library/PrivateFrameworks/FaceCore.framework/Versions/A/FaceCore
0x000000000ee12000 	/System/Library/Frameworks/OpenCL.framework/Versions/A/OpenCL
0x000000000ee12000 	/usr/lib/libFosl_dynamic.dylib
0x000000000ee12000 	/System/Library/PrivateFrameworks/OTSVG.framework/Versions/A/OTSVG
0x000000000ee12000 	/System/Library/Frameworks/ApplicationServices.framework/Versions/A/Frameworks/ATS.framework/Versions/A/Resources/libFontParser.dylib
0x000000000ee12000 	/System/Library/Frameworks/ApplicationServices.framework/Versions/A/Frameworks/ATS.framework/Versions/A/Resources/libFontRegistry.dylib
0x000000000ee12000 	/System/Library/Frameworks/ImageIO.framework/Versions/A/Resources/libJPEG.dylib
0x000000000ee12000 	/System/Library/Frameworks/ImageIO.framework/Versions/A/Resources/libTIFF.dylib
0x000000000ee12000 	/System/Library/Frameworks/ImageIO.framework/Versions/A/Resources/libPng.dylib
0x000000000ee12000 	/System/Library/Frameworks/ImageIO.framework/Versions/A/Resources/libGIF.dylib
0x000000000ee12000 	/System/Library/Frameworks/ImageIO.framework/Versions/A/Resources/libJP2.dylib
0x000000000ee12000 	/System/Library/Frameworks/ImageIO.framework/Versions/A/Resources/libRadiance.dylib
0x000000000ee12000 	/System/Library/PrivateFrameworks/AppleJPEG.framework/Versions/A/AppleJPEG
0x000000000ee12000 	/System/Library/Frameworks/OpenGL.framework/Versions/A/Libraries/libGFXShared.dylib
0x000000000ee12000 	/System/Library/Frameworks/OpenGL.framework/Versions/A/Libraries/libGLU.dylib
0x000000000ee12000 	/System/Library/Frameworks/OpenGL.framework/Versions/A/Libraries/libGL.dylib
0x000000000ee12000 	/System/Library/Frameworks/OpenGL.framework/Versions/A/Libraries/libGLImage.dylib
0x000000000ee12000 	/System/Library/Frameworks/OpenGL.framework/Versions/A/Libraries/libCVMSPluginSupport.dylib
0x000000000ee12000 	/System/Library/Frameworks/OpenGL.framework/Versions/A/Libraries/libCoreVMClient.dylib
0x000000000ee12000 	/usr/lib/libcups.2.dylib
0x000000000ee12000 	/System/Library/Frameworks/Kerberos.framework/Versions/A/Kerberos
0x000000000ee12000 	/System/Library/Frameworks/GSS.framework/Versions/A/GSS
0x000000000ee12000 	/usr/lib/libresolv.9.dylib
0x000000000ee12000 	/usr/lib/libiconv.2.dylib
0x000000000ee12000 	/System/Library/PrivateFrameworks/Heimdal.framework/Versions/A/Heimdal
0x000000000ee12000 	/usr/lib/libheimdal-asn1.dylib
0x000000000ee12000 	/System/Library/Frameworks/OpenDirectory.framework/Versions/A/OpenDirectory
0x000000000ee12000 	/System/Library/PrivateFrameworks/CommonAuth.framework/Versions/A/CommonAuth
0x000000000ee12000 	/System/Library/Frameworks/OpenDirectory.framework/Versions/A/Frameworks/CFOpenDirectory.framework/Versions/A/CFOpenDirectory
0x000000000ee12000 	/System/Library/Frameworks/SecurityFoundation.framework/Versions/A/SecurityFoundation
0x000000000ee12000 	/System/Library/PrivateFrameworks/APFS.framework/Versions/A/APFS
0x000000000ee12000 	/usr/lib/libutil.dylib
0x000000000ee12000 	/usr/lib/libcharset.1.dylib
0x000000000ee12000 	/System/Library/PrivateFrameworks/AppleSauce.framework/Versions/A/AppleSauce
0x000000000ee12000 	/System/Library/PrivateFrameworks/AssertionServices.framework/Versions/A/AssertionServices
0x000000000ee12000 	/System/Library/PrivateFrameworks/BaseBoard.framework/Versions/A/BaseBoard
0x000000000ee12000 	/usr/lib/libmecab.1.0.0.dylib
0x000000000ee12000 	/usr/lib/libgermantok.dylib
0x000000000ee12000 	/usr/lib/libThaiTokenizer.dylib
0x000000000ee12000 	/usr/lib/libChineseTokenizer.dylib
0x000000000ee12000 	/System/Library/PrivateFrameworks/LanguageModeling.framework/Versions/A/LanguageModeling
0x000000000ee12000 	/System/Library/PrivateFrameworks/CoreEmoji.framework/Versions/A/CoreEmoji
0x000000000ee12000 	/System/Library/PrivateFrameworks/Lexicon.framework/Versions/A/Lexicon
0x000000000ee12000 	/System/Library/PrivateFrameworks/LinguisticData.framework/Versions/A/LinguisticData
0x000000000ee12000 	/usr/lib/libcmph.dylib
0x000000000ee12000 	/System/Library/Frameworks/ServiceManagement.framework/Versions/A/ServiceManagement
0x000000000ee12000 	/System/Library/PrivateFrameworks/BackgroundTaskManagement.framework/Versions/A/BackgroundTaskManagement
0x000000000ee12000 	/usr/lib/libxslt.1.dylib
0x000000000ee12000 	/System/Library/Frameworks/Carbon.framework/Versions/A/Frameworks/Ink.framework/Versions/A/Ink
0x000000000ee12000 	/System/Library/PrivateFrameworks/TextureIO.framework/Versions/A/TextureIO
0x000000000ee12000 	/usr/lib/libate.dylib
0x000000000ee12000 	/System/Library/PrivateFrameworks/CrashReporterSupport.framework/Versions/A/CrashReporterSupport
0x000000000ee12000 	/System/Library/PrivateFrameworks/Sharing.framework/Versions/A/Sharing
0x000000000ee12000 	/System/Library/PrivateFrameworks/AuthKit.framework/Versions/A/AuthKit
0x000000000ee12000 	/System/Library/PrivateFrameworks/Apple80211.framework/Versions/A/Apple80211
0x000000000ee12000 	/System/Library/PrivateFrameworks/CoreUtils.framework/Versions/A/CoreUtils
0x000000000ee12000 	/System/Library/Frameworks/CoreWLAN.framework/Versions/A/CoreWLAN
0x000000000ee12000 	/System/Library/Frameworks/IOBluetooth.framework/Versions/A/IOBluetooth
0x000000000ee12000 	/System/Library/PrivateFrameworks/ProtocolBuffer.framework/Versions/A/ProtocolBuffer
0x000000000ee12000 	/System/Library/PrivateFrameworks/MobileKeyBag.framework/Versions/A/MobileKeyBag
0x000000000ee12000 	/System/Library/PrivateFrameworks/CorePhoneNumbers.framework/Versions/A/CorePhoneNumbers
0x000000000ee12000 	/System/Library/PrivateFrameworks/AppleIDAuthSupport.framework/Versions/A/AppleIDAuthSupport
0x000000000ee12000 	/System/Library/PrivateFrameworks/KeychainCircle.framework/Versions/A/KeychainCircle
0x000000000ee12000 	/System/Library/PrivateFrameworks/ROCKit.framework/Versions/A/ROCKit
0x000000000ee12000 	/System/Library/PrivateFrameworks/CoreWiFi.framework/Versions/A/CoreWiFi
0x000000000ee12000 	/System/Library/Frameworks/CoreBluetooth.framework/Versions/A/CoreBluetooth
0x000000000ee12000 	/System/Library/PrivateFrameworks/DebugSymbols.framework/Versions/A/DebugSymbols
0x000000000ee12000 	/System/Library/PrivateFrameworks/CoreSymbolication.framework/Versions/A/CoreSymbolication
0x000000000ee12000 	/System/Library/PrivateFrameworks/Symbolication.framework/Versions/A/Symbolication
0x000000000ee12000 	/System/Library/PrivateFrameworks/SpeechRecognitionCore.framework/Versions/A/SpeechRecognitionCore
0x00000001066d7000 	/Library/Java/JavaVirtualMachines/jdk1.8.0_151.jdk/Contents/Home/jre/lib/server/libjvm.dylib
0x000000000ee12000 	/usr/lib/libstdc++.6.dylib
0x000000010767e000 	/Library/Java/JavaVirtualMachines/jdk1.8.0_151.jdk/Contents/Home/jre/lib/libverify.dylib
0x000000010768c000 	/Library/Java/JavaVirtualMachines/jdk1.8.0_151.jdk/Contents/Home/jre/lib/libjava.dylib
0x000000010770b000 	/Library/Java/JavaVirtualMachines/jdk1.8.0_151.jdk/Contents/Home/jre/lib/libzip.dylib
0x000000000ee12000 	/System/Library/Frameworks/JavaVM.framework/Versions/A/Frameworks/JavaRuntimeSupport.framework/Versions/A/JavaRuntimeSupport
0x000000000ee12000 	/System/Library/Frameworks/JavaVM.framework/Versions/A/Frameworks/JavaNativeFoundation.framework/Versions/A/JavaNativeFoundation
0x000000000ee12000 	/System/Library/Frameworks/JavaVM.framework/Versions/A/JavaVM
0x000000000ee12000 	/System/Library/Frameworks/Carbon.framework/Versions/A/Carbon
0x000000000ee12000 	/System/Library/PrivateFrameworks/JavaLaunching.framework/Versions/A/JavaLaunching
0x000000000ee12000 	/System/Library/Frameworks/Carbon.framework/Versions/A/Frameworks/CommonPanels.framework/Versions/A/CommonPanels
0x000000000ee12000 	/System/Library/Frameworks/Carbon.framework/Versions/A/Frameworks/Help.framework/Versions/A/Help
0x000000000ee12000 	/System/Library/Frameworks/Carbon.framework/Versions/A/Frameworks/ImageCapture.framework/Versions/A/ImageCapture
0x000000000ee12000 	/System/Library/Frameworks/Carbon.framework/Versions/A/Frameworks/OpenScripting.framework/Versions/A/OpenScripting
0x000000000ee12000 	/System/Library/Frameworks/Carbon.framework/Versions/A/Frameworks/Print.framework/Versions/A/Print
0x000000000ee12000 	/System/Library/Frameworks/Carbon.framework/Versions/A/Frameworks/SecurityHI.framework/Versions/A/SecurityHI
0x00000001102d3000 	/private/var/folders/g8/h7wvfc4s0yb2w59cy1vg9gcm0000gn/T/libgdxJohn_Rafael/25a8e9fb/libgdx64.dylib
0x0000000110323000 	/Library/Java/JavaVirtualMachines/jdk1.8.0_151.jdk/Contents/Home/jre/lib/libawt.dylib
0x00000001103cb000 	/Library/Java/JavaVirtualMachines/jdk1.8.0_151.jdk/Contents/Home/jre/lib/./libmlib_image.dylib
0x0000000110497000 	/Library/Java/JavaVirtualMachines/jdk1.8.0_151.jdk/Contents/Home/jre/lib/libawt_lwawt.dylib
0x000000011054e000 	/Library/Java/JavaVirtualMachines/jdk1.8.0_151.jdk/Contents/Home/jre/lib/./libosxapp.dylib
0x000000000ee12000 	/System/Library/Frameworks/ExceptionHandling.framework/Versions/A/ExceptionHandling
0x000000000ee12000 	/System/Library/PrivateFrameworks/CoreServicesInternal.framework/Versions/A/CoreServicesInternal
0x000000000ee12000 	/System/Library/CoreServices/RawCamera.bundle/Contents/MacOS/RawCamera
0x000000000ee12000 	/System/Library/PrivateFrameworks/MobileAsset.framework/Versions/A/MobileAsset
0x000000000ee12000 	/System/Library/PrivateFrameworks/StreamingZip.framework/Versions/A/StreamingZip
0x000000000ee12000 	/System/Library/Frameworks/MediaToolbox.framework/Versions/A/MediaToolbox
0x000000000ee12000 	/System/Library/PrivateFrameworks/CoreAVCHD.framework/Versions/A/CoreAVCHD
0x000000000ee12000 	/System/Library/Frameworks/MediaAccessibility.framework/Versions/A/MediaAccessibility
0x000000000ee12000 	/System/Library/PrivateFrameworks/Mangrove.framework/Versions/A/Mangrove
0x000000000ee12000 	/System/Library/Frameworks/CoreMedia.framework/Versions/A/CoreMedia
0x000000000ee12000 	/System/Library/Frameworks/VideoToolbox.framework/Versions/A/VideoToolbox
0x000000000ee12000 	/System/Library/PrivateFrameworks/CoreAUC.framework/Versions/A/CoreAUC
0x000000000ee12000 	/usr/lib/libspindump.dylib
0x000000000ee12000 	/System/Library/PrivateFrameworks/AppleVA.framework/Versions/A/AppleVA
0x000000000ee12000 	/System/Library/Frameworks/Accelerate.framework/Versions/A/Frameworks/vImage.framework/Versions/A/Libraries/libCGInterfaces.dylib
0x000000000ee12000 	/System/Library/Frameworks/ApplicationServices.framework/Versions/A/Frameworks/ATS.framework/Versions/A/Resources/libTrueTypeScaler.dylib
0x000000000ee12000 	/System/Library/Extensions/AppleIntelHD4000GraphicsMTLDriver.bundle/Contents/MacOS/AppleIntelHD4000GraphicsMTLDriver
0x000000000ee12000 	/System/Library/PrivateFrameworks/GPUCompiler.framework/Versions/3902/Libraries/libmetal_timestamp.dylib
0x000000000ee12000 	/System/Library/PrivateFrameworks/FamilyControls.framework/Versions/A/FamilyControls
0x000000000ee12000 	/System/Library/PrivateFrameworks/CommerceKit.framework/Versions/A/Frameworks/CommerceCore.framework/Versions/A/CommerceCore
0x000000000ee12000 	/System/Library/PrivateFrameworks/SystemAdministration.framework/Versions/A/SystemAdministration
0x000000000ee12000 	/System/Library/PrivateFrameworks/AppContainer.framework/Versions/A/AppContainer
0x000000000ee12000 	/System/Library/PrivateFrameworks/AppSandbox.framework/Versions/A/AppSandbox
0x000000000ee12000 	/System/Library/PrivateFrameworks/SecCodeWrapper.framework/Versions/A/SecCodeWrapper
0x000000000ee12000 	/usr/lib/libsandbox.1.dylib
0x000000000ee12000 	/usr/lib/libMatch.1.dylib
0x000000000ee12000 	/System/Library/PrivateFrameworks/DiskManagement.framework/Versions/A/DiskManagement
0x000000000ee12000 	/System/Library/Frameworks/DirectoryService.framework/Versions/A/DirectoryService
0x000000000ee12000 	/System/Library/PrivateFrameworks/DiskImages.framework/Versions/A/DiskImages
0x000000000ee12000 	/System/Library/PrivateFrameworks/LoginUIKit.framework/Versions/A/Frameworks/LoginUICore.framework/Versions/A/LoginUICore
0x000000000ee12000 	/usr/lib/libCoreStorage.dylib
0x000000000ee12000 	/usr/lib/libcsfde.dylib
0x000000000ee12000 	/usr/lib/libodfde.dylib
0x000000000ee12000 	/System/Library/PrivateFrameworks/MediaKit.framework/Versions/A/MediaKit
0x000000000ee12000 	/System/Library/Frameworks/DiscRecording.framework/Versions/A/DiscRecording
0x000000000ee12000 	/System/Library/PrivateFrameworks/EFILogin.framework/Versions/A/EFILogin
0x000000000ee12000 	/System/Library/PrivateFrameworks/ProtectedCloudStorage.framework/Versions/A/ProtectedCloudStorage
0x000000000ee12000 	/usr/lib/libcurl.4.dylib
0x000000000ee12000 	/usr/lib/libcrypto.42.dylib
0x000000000ee12000 	/usr/lib/libssl.44.dylib
0x000000000ee12000 	/System/Library/Frameworks/LDAP.framework/Versions/A/LDAP
0x000000000ee12000 	/System/Library/PrivateFrameworks/TrustEvaluationAgent.framework/Versions/A/TrustEvaluationAgent
0x000000000ee12000 	/usr/lib/libsasl2.2.dylib
0x000000000ee12000 	/System/Library/PrivateFrameworks/CoreDaemon.framework/Versions/B/CoreDaemon
0x000000000ee12000 	/System/Library/PrivateFrameworks/AppleSRP.framework/Versions/A/AppleSRP
0x000000000ee12000 	/System/Library/PrivateFrameworks/ViewBridge.framework/Versions/A/ViewBridge
0x0000000110844000 	/Library/Java/JavaVirtualMachines/jdk1.8.0_151.jdk/Contents/Home/jre/lib/libfontmanager.dylib
0x0000000121c62000 	/private/var/folders/g8/h7wvfc4s0yb2w59cy1vg9gcm0000gn/T/libgdxJohn_Rafael/f7649394/liblwjgl.dylib
0x00000001108ab000 	/Library/Java/JavaVirtualMachines/jdk1.8.0_151.jdk/Contents/Home/jre/lib/libjawt.dylib
0x0000000121ce4000 	/var/folders/g8/h7wvfc4s0yb2w59cy1vg9gcm0000gn/T/libgdxJohn_Rafael/f7649394/openal.dylib
0x000000012219c000 	/System/Library/Components/CoreAudio.component/Contents/MacOS/CoreAudio
0x00000001118c3000 	/System/Library/Extensions/AppleHDA.kext/Contents/PlugIns/AppleHDAHALPlugIn.bundle/Contents/MacOS/AppleHDAHALPlugIn
0x000000000ee12000 	/System/Library/Frameworks/OpenGL.framework/Versions/A/Resources/GLEngine.bundle/GLEngine
0x000000000ee12000 	/System/Library/Frameworks/OpenGL.framework/Versions/A/Libraries/libGLProgrammability.dylib
0x000000000ee12000 	/System/Library/Extensions/AppleIntelHD4000GraphicsGLDriver.bundle/Contents/MacOS/AppleIntelHD4000GraphicsGLDriver
0x000000000ee12000 	/System/Library/PrivateFrameworks/GPUSupport.framework/Versions/A/Libraries/libGPUSupportMercury.dylib
0x000000000ee12000 	/System/Library/Frameworks/OpenGL.framework/Versions/A/Resources/GLRendererFloat.bundle/GLRendererFloat
0x000000000ee12000 	/System/Library/Frameworks/OpenCL.framework/Versions/A/Libraries/libcldcpuengine.dylib
0x000000000ee12000 	/usr/lib/libcrypto.35.dylib

VM Arguments:
jvm_args: -Dfile.encoding=UTF-8 
java_command: com.geeselightning.zepr.desktop.DesktopLauncher
java_class_path (initial): /Library/Java/JavaVirtualMachines/jdk1.8.0_151.jdk/Contents/Home/jre/lib/resources.jar:/Library/Java/JavaVirtualMachines/jdk1.8.0_151.jdk/Contents/Home/jre/lib/rt.jar:/Library/Java/JavaVirtualMachines/jdk1.8.0_151.jdk/Contents/Home/jre/lib/jsse.jar:/Library/Java/JavaVirtualMachines/jdk1.8.0_151.jdk/Contents/Home/jre/lib/jce.jar:/Library/Java/JavaVirtualMachines/jdk1.8.0_151.jdk/Contents/Home/jre/lib/charsets.jar:/Library/Java/JavaVirtualMachines/jdk1.8.0_151.jdk/Contents/Home/jre/lib/jfr.jar:/Library/Java/JavaVirtualMachines/jdk1.8.0_151.jdk/Contents/Home/jre/lib/ext/sunec.jar:/Library/Java/JavaVirtualMachines/jdk1.8.0_151.jdk/Contents/Home/jre/lib/ext/nashorn.jar:/Library/Java/JavaVirtualMachines/jdk1.8.0_151.jdk/Contents/Home/jre/lib/ext/cldrdata.jar:/Library/Java/JavaVirtualMachines/jdk1.8.0_151.jdk/Contents/Home/jre/lib/ext/jfxrt.jar:/Library/Java/JavaVirtualMachines/jdk1.8.0_151.jdk/Contents/Home/jre/lib/ext/dnsns.jar:/Library/Java/JavaVirtualMachines/jdk1.8.0_151.jdk/Contents/Home/jre/lib/ext/localedata.jar:/Library/Java/JavaVirtualMachines/jdk1.8.0_151.jdk/Contents/Home/jre/lib/ext/sunjce_provider.jar:/Library/Java/JavaVirtualMachines/jdk1.8.0_151.jdk/Contents/Home/jre/lib/ext/sunpkcs11.jar:/Library/Java/JavaVirtualMachines/jdk1.8.0_151.jdk/Contents/Home/jre/lib/ext/jaccess.jar:/Library/Java/JavaVirtualMachines/jdk1.8.0_151.jdk/Contents/Home/jre/lib/ext/zipfs.jar:/System/Library/Java/Extensions/MRJToolkit.jar:/Users/John_Rafael/Downloads/GIT/Assessment3/zepr/desktop/bin/main:/zepr-desktop/bin/default:/Users/John_Rafael/Downloads/GIT/Assessment3/zepr/core/bin/main:/Users/John_Rafael/Downloads/GIT/Assessment3/zepr/core/bin/default:/Users/John_Rafael/.gradle/caches/modules-2/files-2.1/com.badlogicgames.gdx/gdx-backend-lwjgl/1.9.8/b7c138f14ed67ad830ae7597da3d86ae02b20eee/gdx-backend-lwjgl-1.9.8.jar:/Users/John_Rafael/.gradle/caches/modules-2/files-2.1/com.badlogicgames.gdx/gdx-platform/1.9.8/604a2ef2c7c92a5900114757cbd3fb4dcbb8270c/gd
Launcher Type: SUN_STANDARD

Environment Variables:
PATH=/usr/bin:/bin:/usr/sbin:/sbin
SHELL=/bin/bash

Signal Handlers:
SIGSEGV: [libjvm.dylib+0x5b27a5], sa_mask[0]=11111111011111110111111111111111, sa_flags=SA_ONSTACK|SA_RESTART|SA_SIGINFO
SIGBUS: [libjvm.dylib+0x5b27a5], sa_mask[0]=11111111011111110111111111111111, sa_flags=SA_RESTART|SA_SIGINFO
SIGFPE: [libjvm.dylib+0x4891c4], sa_mask[0]=11111111011111110111111111111111, sa_flags=SA_RESTART|SA_SIGINFO
SIGPIPE: [libjvm.dylib+0x4891c4], sa_mask[0]=11111111011111110111111111111111, sa_flags=SA_RESTART|SA_SIGINFO
SIGXFSZ: [libjvm.dylib+0x4891c4], sa_mask[0]=11111111011111110111111111111111, sa_flags=SA_RESTART|SA_SIGINFO
SIGILL: [libjvm.dylib+0x4891c4], sa_mask[0]=11111111011111110111111111111111, sa_flags=SA_RESTART|SA_SIGINFO
SIGUSR1: SIG_DFL, sa_mask[0]=00000000000000000000000000000000, sa_flags=none
SIGUSR2: [libjvm.dylib+0x488ce2], sa_mask[0]=00100000000000000000000000000000, sa_flags=SA_RESTART|SA_SIGINFO
SIGHUP: [libjvm.dylib+0x4872b9], sa_mask[0]=11111111011111110111111111111111, sa_flags=SA_RESTART|SA_SIGINFO
SIGINT: [libjvm.dylib+0x4872b9], sa_mask[0]=11111111011111110111111111111111, sa_flags=SA_RESTART|SA_SIGINFO
SIGTERM: [libjvm.dylib+0x4872b9], sa_mask[0]=11111111011111110111111111111111, sa_flags=SA_RESTART|SA_SIGINFO
SIGQUIT: [libjvm.dylib+0x4872b9], sa_mask[0]=11111111011111110111111111111111, sa_flags=SA_RESTART|SA_SIGINFO


---------------  S Y S T E M  ---------------

OS:Bsduname:Darwin 18.2.0 Darwin Kernel Version 18.2.0: Fri Dec 14 18:43:36 PST 2018; root:xnu-4903.240.10~4/RELEASE_X86_64 x86_64
rlimit: STACK 8192k, CORE 0k, NPROC 709, NOFILE 10240, AS infinity
load average:1.18 1.59 1.53

CPU:total 4 (initial active 4) (2 cores per cpu, 2 threads per core) family 6 model 58 stepping 9, cmov, cx8, fxsr, mmx, sse, sse2, sse3, ssse3, sse4.1, sse4.2, popcnt, avx, aes, clmul, erms, ht, tsc, tscinvbit, tscinv

Memory: 4k page, physical 8388608k(153336k free)

/proc/meminfo:


vm_info: Java HotSpot(TM) 64-Bit Server VM (25.151-b12) for bsd-amd64 JRE (1.8.0_151-b12), built on Sep  5 2017 19:37:08 by "java_re" with gcc 4.2.1 (Based on Apple Inc. build 5658) (LLVM build 2336.11.00)

time: Thu Feb 14 10:58:38 2019
elapsed time: 5 seconds (0d 0h 0m 5s)

