#
# A fatal error has been detected by the Java Runtime Environment:
#
#  SIGSEGV (0xb) at pc=0x00007f16004e0cd4, pid=8052, tid=8090
#
# JRE version: OpenJDK Runtime Environment (10.0.2+13) (build 10.0.2+13-Ubuntu-1ubuntu0.18.04.4)
# Java VM: OpenJDK 64-Bit Server VM (10.0.2+13-Ubuntu-1ubuntu0.18.04.4, mixed mode, tiered, compressed oops, g1 gc, linux-amd64)
# Problematic frame:
# C  [libc.so.6+0x97cd4]  cfree+0x384
#
# Core dump will be written. Default location: Core dumps may be processed with "/usr/share/apport/apport %p %s %c %d %P" (or dumping to /home/matthew/Documents/CS/SEPR/Game/Assessment3/zepr/desktop/core.8052)
#
# If you would like to submit a bug report, please visit:
#   http://bugreport.java.com/bugreport/crash.jsp
# The crash happened outside the Java Virtual Machine in native code.
# See problematic frame for where to report the bug.
#

---------------  S U M M A R Y ------------

Command Line: -Dfile.encoding=UTF-8 com.geeselightning.zepr.desktop.DesktopLauncher

Host: Intel(R) Core(TM) i7-5500U CPU @ 2.40GHz, 
[timeout occurred during error reporting in step "printing summary machine and OS info"] after 30 s.
Time: Thu Jan 31 11:01:36 2019 GMT elapsed time: 60 seconds (0d 0h 1m 0s)

---------------  T H R E A D  ---------------

Current thread (0x00007f15f85e6800):  JavaThread "LWJGL Application" [_thread_in_native, id=8090, stack(0x00007f155d8de000,0x00007f155d9df000)]

Stack: [0x00007f155d8de000,0x00007f155d9df000],  sp=0x00007f155d9dd290,  free space=1020k
Native frames: (J=compiled Java code, A=aot compiled Java code, j=interpreted, Vv=VM code, C=native code)
C  [libc.so.6+0x97cd4]  cfree+0x384

Java frames: (J=compiled Java code, j=interpreted, Vv=VM code)
J 1468  org.lwjgl.opengl.GL11.nglDrawElements(IIIJJ)V (0 bytes) @ 0x00007f15e766f68e [0x00007f15e766f640+0x000000000000004e]
J 1557 c2 com.badlogic.gdx.graphics.Mesh.render(Lcom/badlogic/gdx/graphics/glutils/ShaderProgram;IIIZ)V (257 bytes) @ 0x00007f15e767fbc4 [0x00007f15e767f9c0+0x0000000000000204]
J 1564 c2 com.badlogic.gdx.graphics.g2d.SpriteBatch.flush()V (193 bytes) @ 0x00007f15e768211c [0x00007f15e7681d60+0x00000000000003bc]
J 1697 c2 com.badlogic.gdx.graphics.g2d.SpriteBatch.draw(Lcom/badlogic/gdx/graphics/Texture;[FII)V (165 bytes) @ 0x00007f15e768ae5c [0x00007f15e768ad00+0x000000000000015c]
J 1707 c1 com.geeselightning.zepr.Level.render(F)V (1069 bytes) @ 0x00007f15e03e2a2c [0x00007f15e03de400+0x000000000000462c]
J 1685 c1 com.badlogic.gdx.Game.render()V (25 bytes) @ 0x00007f15e03d35fc [0x00007f15e03d3460+0x000000000000019c]
j  com.badlogic.gdx.backends.lwjgl.LwjglApplication.mainLoop()V+698
j  com.badlogic.gdx.backends.lwjgl.LwjglApplication$1.run()V+27
v  ~StubRoutines::call_stub

siginfo: si_signo: 11 (SIGSEGV), si_code: 128 (SI_KERNEL), si_addr: 0x0000000000000000

Register to memory mapping:

RAX=0x43d225ef43628cad is an unknown value
RBX=0x00007f1548000020 is an unknown value
RCX=0x0000000000000370 is an unknown value
RDX=
[error occurred during error reporting (printing register info), id 0xb]

Registers:
RAX=0x43d225ef43628cad, RBX=0x00007f1548000020, RCX=0x0000000000000370, RDX=0x00000000feffffff
RSP=0x00007f155d9dd290, RBP=0x0000000000000000, RSI=0x0000000000013b31, RDI=0x0000000000000007
R8 =0x0000000000070001, R9 =0x0000000000000001, R10=0x0000000000000000, R11=0x0000000000000000
R12=0x00007f1548a400d0, R13=0x00007f1548a2c590, R14=0x0000000000013c00, R15=0x00007f1548a40190
RIP=0x00007f16004e0cd4, EFLAGS=0x0000000000010246, CSGSFS=0x002b000000000033, ERR=0x0000000000000000
  TRAPNO=0x000000000000000d

Top of Stack: (sp=0x00007f155d9dd290)
0x00007f155d9dd290:   0000000000000000 b8adb65b8e848c00
0x00007f155d9dd2a0:   0000000000000002 b8adb65b8e848c00
0x00007f155d9dd2b0:   00007f1548a445a0 b8adb65b8e848c00
0x00007f155d9dd2c0:   00007f1548a445a0 00007f1548a2b810 

Instructions: (pc=0x00007f16004e0cd4)
0x00007f16004e0cb4:   01 c6 49 8b 75 08 48 89 f0 48 83 e0 f8 49 3b 44
0x00007f16004e0cc4:   05 00 0f 85 87 04 00 00 49 8b 45 10 49 8b 55 18
0x00007f16004e0cd4:   4c 3b 68 18 0f 85 50 04 00 00 4c 3b 6a 10 0f 85
0x00007f16004e0ce4:   46 04 00 00 48 81 fe ff 03 00 00 48 89 50 18 48 


---------------  P R O C E S S  ---------------

Threads class SMR info:
_java_thread_list=0x00007f15480185a0, length=14, elements={
0x00007f15f8132800, 0x00007f15f8134800, 0x00007f15f813e000, 0x00007f15f8148800,
0x00007f15f814a800, 0x00007f15f814c800, 0x00007f15f814e000, 0x00007f15f81e2800,
0x00007f15f81f1000, 0x00007f15f84ea000, 0x00007f15f84eb800, 0x00007f15f85e6800,
0x00007f15f8012800, 0x00007f154801f000
}

Java Threads: ( => current thread )
  0x00007f15f8132800 JavaThread "Reference Handler" daemon [_thread_blocked, id=8071, stack(0x00007f15dc018000,0x00007f15dc119000)]
  0x00007f15f8134800 JavaThread "Finalizer" daemon [_thread_blocked, id=8072, stack(0x00007f15cc02f000,0x00007f15cc130000)]
  0x00007f15f813e000 JavaThread "Signal Dispatcher" daemon [_thread_blocked, id=8073, stack(0x00007f15a3c21000,0x00007f15a3d22000)]
  0x00007f15f8148800 JavaThread "C2 CompilerThread0" daemon [_thread_blocked, id=8074, stack(0x00007f15a3b20000,0x00007f15a3c21000)]
  0x00007f15f814a800 JavaThread "C2 CompilerThread1" daemon [_thread_blocked, id=8075, stack(0x00007f15a3a1f000,0x00007f15a3b20000)]
  0x00007f15f814c800 JavaThread "C1 CompilerThread2" daemon [_thread_blocked, id=8076, stack(0x00007f15a391e000,0x00007f15a3a1f000)]
  0x00007f15f814e000 JavaThread "Sweeper thread" daemon [_thread_blocked, id=8077, stack(0x00007f15a381d000,0x00007f15a391e000)]
  0x00007f15f81e2800 JavaThread "Service Thread" daemon [_thread_blocked, id=8078, stack(0x00007f15a371c000,0x00007f15a381d000)]
  0x00007f15f81f1000 JavaThread "Common-Cleaner" daemon [_thread_blocked, id=8080, stack(0x00007f15a3519000,0x00007f15a361a000)]
  0x00007f15f84ea000 JavaThread "Java2D Disposer" daemon [_thread_blocked, id=8084, stack(0x00007f157d07f000,0x00007f157d180000)]
  0x00007f15f84eb800 JavaThread "AWT-XAWT" daemon [_thread_in_native, id=8085, stack(0x00007f157cf7e000,0x00007f157d07f000)]
=>0x00007f15f85e6800 JavaThread "LWJGL Application" [_thread_in_native, id=8090, stack(0x00007f155d8de000,0x00007f155d9df000)]
  0x00007f15f8012800 JavaThread "DestroyJavaVM" [_thread_blocked, id=8058, stack(0x00007f1600b51000,0x00007f1600c52000)]
  0x00007f154801f000 JavaThread "process reaper" daemon [_thread_blocked, id=8092, stack(0x00007f157c0b9000,0x00007f157c0db000)]

Other Threads:
  0x00007f15f8129000 VMThread "VM Thread" [stack: 0x00007f15dc11b000,0x00007f15dc21b000] [id=8070]
  0x00007f15f81e5000 WatcherThread [stack: 0x00007f15a361c000,0x00007f15a371c000] [id=8079]
  0x00007f15f8029000 GCTaskThread "GC Thread#0" [stack: 0x00007f15fcc7d000,0x00007f15fcd7d000] [id=8059]
  0x00007f15f802a800 GCTaskThread "GC Thread#1" [stack: 0x00007f15fcb7b000,0x00007f15fcc7b000] [id=8060]
  0x00007f15f802c000 GCTaskThread "GC Thread#2" [stack: 0x00007f15fca79000,0x00007f15fcb79000] [id=8061]
  0x00007f15f802e000 GCTaskThread "GC Thread#3" [stack: 0x00007f15fc977000,0x00007f15fca77000] [id=8062]
  0x00007f15f8057800 ConcurrentGCThread "G1 Main Marker" [stack: 0x00007f15fc097000,0x00007f15fc197000] [id=8063]
  0x00007f15f8059000 ConcurrentGCThread "G1 Conc#0" [stack: 0x00007f15dd3a1000,0x00007f15dd4a1000] [id=8064]
  0x00007f15f80c1000 ConcurrentGCThread "G1 Refine#0" [stack: 0x00007f15dce9b000,0x00007f15dcf9b000] [id=8065]
  0x00007f15f80c2800 ConcurrentGCThread "G1 Refine#1" [stack: 0x00007f15dcd99000,0x00007f15dce99000] [id=8066]
  0x00007f15f80c4800 ConcurrentGCThread "G1 Refine#2" [stack: 0x00007f15dcc97000,0x00007f15dcd97000] [id=8067]
  0x00007f15f80c6000 ConcurrentGCThread "G1 Refine#3" [stack: 0x00007f15dcb95000,0x00007f15dcc95000] [id=8068]
  0x00007f15f80c8000 ConcurrentGCThread "G1 Young RemSet Sampling" [stack: 0x00007f15dca93000,0x00007f15dcb93000] [id=8069]

Threads with active compile tasks:

VM state:not at safepoint (normal execution)

VM Mutex/Monitor currently owned by a thread: None

Heap address: 0x0000000084c00000, size: 1972 MB, Compressed Oops mode: 32-bit
Narrow klass base: 0x0000000000000000, Narrow klass shift: 3
Compressed class space size: 1073741824 Address: 0x0000000100000000

Heap:
 garbage-first heap   total 126976K, used 19789K [0x0000000084c00000, 0x0000000100000000)
  region size 1024K, 20 young (20480K), 2 survivors (2048K)
 Metaspace       used 15256K, capacity 15531K, committed 15744K, reserved 1062912K
  class space    used 1255K, capacity 1363K, committed 1408K, reserved 1048576K
Heap Regions: E=young(eden), S=young(survivor), O=old, HS=humongous(starts), HC=humongous(continues), CS=collection set, F=free, A=archive, TS=gc time stamp, AC=allocation context, TAMS=top-at-mark-start (previous, next)
|   0|0x0000000084c00000, 0x0000000084c53400, 0x0000000084d00000| 32%| O|  |TS  1|AC  0|TAMS 0x0000000084c00000, 0x0000000084c00000|
|   1|0x0000000084d00000, 0x0000000084d00000, 0x0000000084e00000|  0%| F|  |TS  0|AC  0|TAMS 0x0000000084d00000, 0x0000000084d00000|
|   2|0x0000000084e00000, 0x0000000084e00000, 0x0000000084f00000|  0%| F|  |TS  0|AC  0|TAMS 0x0000000084e00000, 0x0000000084e00000|
|   3|0x0000000084f00000, 0x0000000084f00000, 0x0000000085000000|  0%| F|  |TS  0|AC  0|TAMS 0x0000000084f00000, 0x0000000084f00000|
|   4|0x0000000085000000, 0x0000000085000000, 0x0000000085100000|  0%| F|  |TS  0|AC  0|TAMS 0x0000000085000000, 0x0000000085000000|
|   5|0x0000000085100000, 0x0000000085100000, 0x0000000085200000|  0%| F|  |TS  0|AC  0|TAMS 0x0000000085100000, 0x0000000085100000|
|   6|0x0000000085200000, 0x0000000085200000, 0x0000000085300000|  0%| F|  |TS  0|AC  0|TAMS 0x0000000085200000, 0x0000000085200000|
|   7|0x0000000085300000, 0x0000000085300000, 0x0000000085400000|  0%| F|  |TS  0|AC  0|TAMS 0x0000000085300000, 0x0000000085300000|
|   8|0x0000000085400000, 0x0000000085400000, 0x0000000085500000|  0%| F|  |TS  0|AC  0|TAMS 0x0000000085400000, 0x0000000085400000|
|   9|0x0000000085500000, 0x0000000085500000, 0x0000000085600000|  0%| F|  |TS  0|AC  0|TAMS 0x0000000085500000, 0x0000000085500000|
|  10|0x0000000085600000, 0x0000000085600000, 0x0000000085700000|  0%| F|  |TS  0|AC  0|TAMS 0x0000000085600000, 0x0000000085600000|
|  11|0x0000000085700000, 0x0000000085700000, 0x0000000085800000|  0%| F|  |TS  0|AC  0|TAMS 0x0000000085700000, 0x0000000085700000|
|  12|0x0000000085800000, 0x0000000085800000, 0x0000000085900000|  0%| F|  |TS  0|AC  0|TAMS 0x0000000085800000, 0x0000000085800000|
|  13|0x0000000085900000, 0x0000000085900000, 0x0000000085a00000|  0%| F|  |TS  0|AC  0|TAMS 0x0000000085900000, 0x0000000085900000|
|  14|0x0000000085a00000, 0x0000000085a00000, 0x0000000085b00000|  0%| F|  |TS  0|AC  0|TAMS 0x0000000085a00000, 0x0000000085a00000|
|  15|0x0000000085b00000, 0x0000000085b00000, 0x0000000085c00000|  0%| F|  |TS  0|AC  0|TAMS 0x0000000085b00000, 0x0000000085b00000|
|  16|0x0000000085c00000, 0x0000000085c00000, 0x0000000085d00000|  0%| F|  |TS  0|AC  0|TAMS 0x0000000085c00000, 0x0000000085c00000|
|  17|0x0000000085d00000, 0x0000000085d00000, 0x0000000085e00000|  0%| F|  |TS  0|AC  0|TAMS 0x0000000085d00000, 0x0000000085d00000|
|  18|0x0000000085e00000, 0x0000000085e00000, 0x0000000085f00000|  0%| F|  |TS  0|AC  0|TAMS 0x0000000085e00000, 0x0000000085e00000|
|  19|0x0000000085f00000, 0x0000000085f00000, 0x0000000086000000|  0%| F|  |TS  0|AC  0|TAMS 0x0000000085f00000, 0x0000000085f00000|
|  20|0x0000000086000000, 0x0000000086000000, 0x0000000086100000|  0%| F|  |TS  0|AC  0|TAMS 0x0000000086000000, 0x0000000086000000|
|  21|0x0000000086100000, 0x0000000086100000, 0x0000000086200000|  0%| F|  |TS  0|AC  0|TAMS 0x0000000086100000, 0x0000000086100000|
|  22|0x0000000086200000, 0x0000000086200000, 0x0000000086300000|  0%| F|  |TS  0|AC  0|TAMS 0x0000000086200000, 0x0000000086200000|
|  23|0x0000000086300000, 0x0000000086300000, 0x0000000086400000|  0%| F|  |TS  0|AC  0|TAMS 0x0000000086300000, 0x0000000086300000|
|  24|0x0000000086400000, 0x0000000086400000, 0x0000000086500000|  0%| F|  |TS  0|AC  0|TAMS 0x0000000086400000, 0x0000000086400000|
|  25|0x0000000086500000, 0x0000000086500000, 0x0000000086600000|  0%| F|  |TS  0|AC  0|TAMS 0x0000000086500000, 0x0000000086500000|
|  26|0x0000000086600000, 0x0000000086600000, 0x0000000086700000|  0%| F|  |TS  0|AC  0|TAMS 0x0000000086600000, 0x0000000086600000|
|  27|0x0000000086700000, 0x0000000086700000, 0x0000000086800000|  0%| F|  |TS  0|AC  0|TAMS 0x0000000086700000, 0x0000000086700000|
|  28|0x0000000086800000, 0x0000000086800000, 0x0000000086900000|  0%| F|  |TS  0|AC  0|TAMS 0x0000000086800000, 0x0000000086800000|
|  29|0x0000000086900000, 0x0000000086900000, 0x0000000086a00000|  0%| F|  |TS  0|AC  0|TAMS 0x0000000086900000, 0x0000000086900000|
|  30|0x0000000086a00000, 0x0000000086a00000, 0x0000000086b00000|  0%| F|  |TS  0|AC  0|TAMS 0x0000000086a00000, 0x0000000086a00000|
|  31|0x0000000086b00000, 0x0000000086b00000, 0x0000000086c00000|  0%| F|  |TS  0|AC  0|TAMS 0x0000000086b00000, 0x0000000086b00000|
|  32|0x0000000086c00000, 0x0000000086c00000, 0x0000000086d00000|  0%| F|  |TS  0|AC  0|TAMS 0x0000000086c00000, 0x0000000086c00000|
|  33|0x0000000086d00000, 0x0000000086d00000, 0x0000000086e00000|  0%| F|  |TS  0|AC  0|TAMS 0x0000000086d00000, 0x0000000086d00000|
|  34|0x0000000086e00000, 0x0000000086e00000, 0x0000000086f00000|  0%| F|  |TS  0|AC  0|TAMS 0x0000000086e00000, 0x0000000086e00000|
|  35|0x0000000086f00000, 0x0000000086f00000, 0x0000000087000000|  0%| F|  |TS  0|AC  0|TAMS 0x0000000086f00000, 0x0000000086f00000|
|  36|0x0000000087000000, 0x0000000087000000, 0x0000000087100000|  0%| F|  |TS  0|AC  0|TAMS 0x0000000087000000, 0x0000000087000000|
|  37|0x0000000087100000, 0x0000000087100000, 0x0000000087200000|  0%| F|  |TS  0|AC  0|TAMS 0x0000000087100000, 0x0000000087100000|
|  38|0x0000000087200000, 0x0000000087200000, 0x0000000087300000|  0%| F|  |TS  0|AC  0|TAMS 0x0000000087200000, 0x0000000087200000|
|  39|0x0000000087300000, 0x0000000087300000, 0x0000000087400000|  0%| F|  |TS  0|AC  0|TAMS 0x0000000087300000, 0x0000000087300000|
|  40|0x0000000087400000, 0x0000000087400000, 0x0000000087500000|  0%| F|  |TS  0|AC  0|TAMS 0x0000000087400000, 0x0000000087400000|
|  41|0x0000000087500000, 0x0000000087500000, 0x0000000087600000|  0%| F|  |TS  0|AC  0|TAMS 0x0000000087500000, 0x0000000087500000|
|  42|0x0000000087600000, 0x0000000087600000, 0x0000000087700000|  0%| F|  |TS  0|AC  0|TAMS 0x0000000087600000, 0x0000000087600000|
|  43|0x0000000087700000, 0x0000000087700000, 0x0000000087800000|  0%| F|  |TS  0|AC  0|TAMS 0x0000000087700000, 0x0000000087700000|
|  44|0x0000000087800000, 0x0000000087800000, 0x0000000087900000|  0%| F|  |TS  0|AC  0|TAMS 0x0000000087800000, 0x0000000087800000|
|  45|0x0000000087900000, 0x0000000087900000, 0x0000000087a00000|  0%| F|  |TS  0|AC  0|TAMS 0x0000000087900000, 0x0000000087900000|
|  46|0x0000000087a00000, 0x0000000087a00000, 0x0000000087b00000|  0%| F|  |TS  0|AC  0|TAMS 0x0000000087a00000, 0x0000000087a00000|
|  47|0x0000000087b00000, 0x0000000087b00000, 0x0000000087c00000|  0%| F|  |TS  0|AC  0|TAMS 0x0000000087b00000, 0x0000000087b00000|
|  48|0x0000000087c00000, 0x0000000087c00000, 0x0000000087d00000|  0%| F|  |TS  0|AC  0|TAMS 0x0000000087c00000, 0x0000000087c00000|
|  49|0x0000000087d00000, 0x0000000087d00000, 0x0000000087e00000|  0%| F|  |TS  0|AC  0|TAMS 0x0000000087d00000, 0x0000000087d00000|
|  50|0x0000000087e00000, 0x0000000087e00000, 0x0000000087f00000|  0%| F|  |TS  0|AC  0|TAMS 0x0000000087e00000, 0x0000000087e00000|
|  51|0x0000000087f00000, 0x0000000087f00000, 0x0000000088000000|  0%| F|  |TS  0|AC  0|TAMS 0x0000000087f00000, 0x0000000087f00000|
|  52|0x0000000088000000, 0x0000000088000000, 0x0000000088100000|  0%| F|  |TS  0|AC  0|TAMS 0x0000000088000000, 0x0000000088000000|
|  53|0x0000000088100000, 0x0000000088100000, 0x0000000088200000|  0%| F|  |TS  0|AC  0|TAMS 0x0000000088100000, 0x0000000088100000|
|  54|0x0000000088200000, 0x0000000088200000, 0x0000000088300000|  0%| F|  |TS  0|AC  0|TAMS 0x0000000088200000, 0x0000000088200000|
|  55|0x0000000088300000, 0x0000000088300000, 0x0000000088400000|  0%| F|  |TS  0|AC  0|TAMS 0x0000000088300000, 0x0000000088300000|
|  56|0x0000000088400000, 0x0000000088400000, 0x0000000088500000|  0%| F|  |TS  0|AC  0|TAMS 0x0000000088400000, 0x0000000088400000|
|  57|0x0000000088500000, 0x0000000088500000, 0x0000000088600000|  0%| F|  |TS  0|AC  0|TAMS 0x0000000088500000, 0x0000000088500000|
|  58|0x0000000088600000, 0x0000000088600000, 0x0000000088700000|  0%| F|  |TS  0|AC  0|TAMS 0x0000000088600000, 0x0000000088600000|
|  59|0x0000000088700000, 0x0000000088700000, 0x0000000088800000|  0%| F|  |TS  0|AC  0|TAMS 0x0000000088700000, 0x0000000088700000|
|  60|0x0000000088800000, 0x0000000088800000, 0x0000000088900000|  0%| F|  |TS  0|AC  0|TAMS 0x0000000088800000, 0x0000000088800000|
|  61|0x0000000088900000, 0x0000000088900000, 0x0000000088a00000|  0%| F|  |TS  0|AC  0|TAMS 0x0000000088900000, 0x0000000088900000|
|  62|0x0000000088a00000, 0x0000000088a00000, 0x0000000088b00000|  0%| F|  |TS  0|AC  0|TAMS 0x0000000088a00000, 0x0000000088a00000|
|  63|0x0000000088b00000, 0x0000000088b00000, 0x0000000088c00000|  0%| F|  |TS  0|AC  0|TAMS 0x0000000088b00000, 0x0000000088b00000|
|  64|0x0000000088c00000, 0x0000000088c00000, 0x0000000088d00000|  0%| F|  |TS  0|AC  0|TAMS 0x0000000088c00000, 0x0000000088c00000|
|  65|0x0000000088d00000, 0x0000000088d00000, 0x0000000088e00000|  0%| F|  |TS  0|AC  0|TAMS 0x0000000088d00000, 0x0000000088d00000|
|  66|0x0000000088e00000, 0x0000000088e00000, 0x0000000088f00000|  0%| F|  |TS  0|AC  0|TAMS 0x0000000088e00000, 0x0000000088e00000|
|  67|0x0000000088f00000, 0x0000000088f00000, 0x0000000089000000|  0%| F|  |TS  0|AC  0|TAMS 0x0000000088f00000, 0x0000000088f00000|
|  68|0x0000000089000000, 0x0000000089000000, 0x0000000089100000|  0%| F|  |TS  0|AC  0|TAMS 0x0000000089000000, 0x0000000089000000|
|  69|0x0000000089100000, 0x0000000089100000, 0x0000000089200000|  0%| F|  |TS  0|AC  0|TAMS 0x0000000089100000, 0x0000000089100000|
|  70|0x0000000089200000, 0x0000000089200000, 0x0000000089300000|  0%| F|  |TS  0|AC  0|TAMS 0x0000000089200000, 0x0000000089200000|
|  71|0x0000000089300000, 0x0000000089300000, 0x0000000089400000|  0%| F|  |TS  0|AC  0|TAMS 0x0000000089300000, 0x0000000089300000|
|  72|0x0000000089400000, 0x0000000089400000, 0x0000000089500000|  0%| F|  |TS  0|AC  0|TAMS 0x0000000089400000, 0x0000000089400000|
|  73|0x0000000089500000, 0x0000000089500000, 0x0000000089600000|  0%| F|  |TS  0|AC  0|TAMS 0x0000000089500000, 0x0000000089500000|
|  74|0x0000000089600000, 0x0000000089600000, 0x0000000089700000|  0%| F|  |TS  0|AC  0|TAMS 0x0000000089600000, 0x0000000089600000|
|  75|0x0000000089700000, 0x0000000089700000, 0x0000000089800000|  0%| F|  |TS  0|AC  0|TAMS 0x0000000089700000, 0x0000000089700000|
|  76|0x0000000089800000, 0x0000000089800000, 0x0000000089900000|  0%| F|  |TS  0|AC  0|TAMS 0x0000000089800000, 0x0000000089800000|
|  77|0x0000000089900000, 0x0000000089900000, 0x0000000089a00000|  0%| F|  |TS  0|AC  0|TAMS 0x0000000089900000, 0x0000000089900000|
|  78|0x0000000089a00000, 0x0000000089a00000, 0x0000000089b00000|  0%| F|  |TS  0|AC  0|TAMS 0x0000000089a00000, 0x0000000089a00000|
|  79|0x0000000089b00000, 0x0000000089b00000, 0x0000000089c00000|  0%| F|  |TS  0|AC  0|TAMS 0x0000000089b00000, 0x0000000089b00000|
|  80|0x0000000089c00000, 0x0000000089c00000, 0x0000000089d00000|  0%| F|  |TS  0|AC  0|TAMS 0x0000000089c00000, 0x0000000089c00000|
|  81|0x0000000089d00000, 0x0000000089d00000, 0x0000000089e00000|  0%| F|  |TS  0|AC  0|TAMS 0x0000000089d00000, 0x0000000089d00000|
|  82|0x0000000089e00000, 0x0000000089e00000, 0x0000000089f00000|  0%| F|  |TS  0|AC  0|TAMS 0x0000000089e00000, 0x0000000089e00000|
|  83|0x0000000089f00000, 0x0000000089f00000, 0x000000008a000000|  0%| F|  |TS  0|AC  0|TAMS 0x0000000089f00000, 0x0000000089f00000|
|  84|0x000000008a000000, 0x000000008a000000, 0x000000008a100000|  0%| F|  |TS  0|AC  0|TAMS 0x000000008a000000, 0x000000008a000000|
|  85|0x000000008a100000, 0x000000008a100000, 0x000000008a200000|  0%| F|  |TS  0|AC  0|TAMS 0x000000008a100000, 0x000000008a100000|
|  86|0x000000008a200000, 0x000000008a200000, 0x000000008a300000|  0%| F|  |TS  0|AC  0|TAMS 0x000000008a200000, 0x000000008a200000|
|  87|0x000000008a300000, 0x000000008a300000, 0x000000008a400000|  0%| F|  |TS  0|AC  0|TAMS 0x000000008a300000, 0x000000008a300000|
|  88|0x000000008a400000, 0x000000008a400000, 0x000000008a500000|  0%| F|  |TS  0|AC  0|TAMS 0x000000008a400000, 0x000000008a400000|
|  89|0x000000008a500000, 0x000000008a500000, 0x000000008a600000|  0%| F|  |TS  0|AC  0|TAMS 0x000000008a500000, 0x000000008a500000|
|  90|0x000000008a600000, 0x000000008a600000, 0x000000008a700000|  0%| F|  |TS  0|AC  0|TAMS 0x000000008a600000, 0x000000008a600000|
|  91|0x000000008a700000, 0x000000008a700000, 0x000000008a800000|  0%| F|  |TS  0|AC  0|TAMS 0x000000008a700000, 0x000000008a700000|
|  92|0x000000008a800000, 0x000000008a800000, 0x000000008a900000|  0%| F|  |TS  0|AC  0|TAMS 0x000000008a800000, 0x000000008a800000|
|  93|0x000000008a900000, 0x000000008a900000, 0x000000008aa00000|  0%| F|  |TS  0|AC  0|TAMS 0x000000008a900000, 0x000000008a900000|
|  94|0x000000008aa00000, 0x000000008aa00000, 0x000000008ab00000|  0%| F|  |TS  0|AC  0|TAMS 0x000000008aa00000, 0x000000008aa00000|
|  95|0x000000008ab00000, 0x000000008ab00000, 0x000000008ac00000|  0%| F|  |TS  0|AC  0|TAMS 0x000000008ab00000, 0x000000008ab00000|
|  96|0x000000008ac00000, 0x000000008ac00000, 0x000000008ad00000|  0%| F|  |TS  0|AC  0|TAMS 0x000000008ac00000, 0x000000008ac00000|
|  97|0x000000008ad00000, 0x000000008ad00000, 0x000000008ae00000|  0%| F|  |TS  0|AC  0|TAMS 0x000000008ad00000, 0x000000008ad00000|
|  98|0x000000008ae00000, 0x000000008ae00000, 0x000000008af00000|  0%| F|  |TS  0|AC  0|TAMS 0x000000008ae00000, 0x000000008ae00000|
|  99|0x000000008af00000, 0x000000008af00000, 0x000000008b000000|  0%| F|  |TS  0|AC  0|TAMS 0x000000008af00000, 0x000000008af00000|
| 100|0x000000008b000000, 0x000000008b000000, 0x000000008b100000|  0%| F|  |TS  0|AC  0|TAMS 0x000000008b000000, 0x000000008b000000|
| 101|0x000000008b100000, 0x000000008b100000, 0x000000008b200000|  0%| F|  |TS  0|AC  0|TAMS 0x000000008b100000, 0x000000008b100000|
| 102|0x000000008b200000, 0x000000008b200000, 0x000000008b300000|  0%| F|  |TS  0|AC  0|TAMS 0x000000008b200000, 0x000000008b200000|
| 103|0x000000008b300000, 0x000000008b300000, 0x000000008b400000|  0%| F|  |TS  0|AC  0|TAMS 0x000000008b300000, 0x000000008b300000|
| 104|0x000000008b400000, 0x000000008b500000, 0x000000008b500000|100%| E|  |TS  0|AC  0|TAMS 0x000000008b400000, 0x000000008b400000|
| 105|0x000000008b500000, 0x000000008b600000, 0x000000008b600000|100%| E|CS|TS  0|AC  0|TAMS 0x000000008b500000, 0x000000008b500000|
| 106|0x000000008b600000, 0x000000008b700000, 0x000000008b700000|100%| E|CS|TS  0|AC  0|TAMS 0x000000008b600000, 0x000000008b600000|
| 107|0x000000008b700000, 0x000000008b800000, 0x000000008b800000|100%| E|CS|TS  0|AC  0|TAMS 0x000000008b700000, 0x000000008b700000|
| 108|0x000000008b800000, 0x000000008b900000, 0x000000008b900000|100%| S|CS|TS  1|AC  0|TAMS 0x000000008b800000, 0x000000008b800000|
| 109|0x000000008b900000, 0x000000008ba00000, 0x000000008ba00000|100%| S|CS|TS  1|AC  0|TAMS 0x000000008b900000, 0x000000008b900000|
| 110|0x000000008ba00000, 0x000000008bb00000, 0x000000008bb00000|100%| E|CS|TS  1|AC  0|TAMS 0x000000008ba00000, 0x000000008ba00000|
| 111|0x000000008bb00000, 0x000000008bc00000, 0x000000008bc00000|100%| E|CS|TS  1|AC  0|TAMS 0x000000008bb00000, 0x000000008bb00000|
| 112|0x000000008bc00000, 0x000000008bd00000, 0x000000008bd00000|100%| E|CS|TS  1|AC  0|TAMS 0x000000008bc00000, 0x000000008bc00000|
| 113|0x000000008bd00000, 0x000000008be00000, 0x000000008be00000|100%| E|CS|TS  1|AC  0|TAMS 0x000000008bd00000, 0x000000008bd00000|
| 114|0x000000008be00000, 0x000000008bf00000, 0x000000008bf00000|100%| E|CS|TS  1|AC  0|TAMS 0x000000008be00000, 0x000000008be00000|
| 115|0x000000008bf00000, 0x000000008c000000, 0x000000008c000000|100%| E|CS|TS  1|AC  0|TAMS 0x000000008bf00000, 0x000000008bf00000|
| 116|0x000000008c000000, 0x000000008c100000, 0x000000008c100000|100%| E|CS|TS  1|AC  0|TAMS 0x000000008c000000, 0x000000008c000000|
| 117|0x000000008c100000, 0x000000008c200000, 0x000000008c200000|100%| E|CS|TS  1|AC  0|TAMS 0x000000008c100000, 0x000000008c100000|
| 118|0x000000008c200000, 0x000000008c300000, 0x000000008c300000|100%| E|CS|TS  1|AC  0|TAMS 0x000000008c200000, 0x000000008c200000|
| 119|0x000000008c300000, 0x000000008c400000, 0x000000008c400000|100%| E|CS|TS  1|AC  0|TAMS 0x000000008c300000, 0x000000008c300000|
| 120|0x000000008c400000, 0x000000008c500000, 0x000000008c500000|100%| E|CS|TS  1|AC  0|TAMS 0x000000008c400000, 0x000000008c400000|
| 121|0x000000008c500000, 0x000000008c600000, 0x000000008c600000|100%| E|CS|TS  1|AC  0|TAMS 0x000000008c500000, 0x000000008c500000|
| 122|0x000000008c600000, 0x000000008c700000, 0x000000008c700000|100%| E|CS|TS  1|AC  0|TAMS 0x000000008c600000, 0x000000008c600000|
| 123|0x000000008c700000, 0x000000008c800000, 0x000000008c800000|100%| E|CS|TS  1|AC  0|TAMS 0x000000008c700000, 0x000000008c700000|

Card table byte_map: [0x00007f15df74b000,0x00007f15dfb25000] byte_map_base: 0x00007f15df325000

Marking Bits (Prev, Next): (CMBitMap*) 0x00007f15f8056800, (CMBitMap*) 0x00007f15f8056838
 Prev Bits: [0x00007f15dd4a1000, 0x00007f15df371000)
 Next Bits: [0x00007f15ce130000, 0x00007f15d0000000)

Polling page: 0x00007f1600c6d000

CodeHeap 'non-profiled nmethods': size=120032Kb used=972Kb max_used=972Kb free=119059Kb
 bounds [0x00007f15e75ed000, 0x00007f15e785d000, 0x00007f15eeb25000]
CodeHeap 'profiled nmethods': size=120032Kb used=3705Kb max_used=3705Kb free=116326Kb
 bounds [0x00007f15e00b5000, 0x00007f15e0455000, 0x00007f15e75ed000]
CodeHeap 'non-nmethods': size=5696Kb used=1237Kb max_used=1259Kb free=4458Kb
 bounds [0x00007f15dfb25000, 0x00007f15dfd95000, 0x00007f15e00b5000]
 total_blobs=3136 nmethods=1932 adapters=574
 compilation: enabled

Compilation events (10 events):
Event: 29.483 Thread 0x00007f15f814c800 nmethod 1915 0x00007f15e044ae10 code [0x00007f15e044afc0, 0x00007f15e044b1d0]
Event: 29.483 Thread 0x00007f15f814c800 1916       3       com.badlogic.gdx.utils.JsonReader::pop (61 bytes)
Event: 29.484 Thread 0x00007f15f814c800 nmethod 1916 0x00007f15e044b290 code [0x00007f15e044b4c0, 0x00007f15e044bce8]
Event: 29.484 Thread 0x00007f15f814c800 1918       3       java.util.StringTokenizer::skipDelimiters (116 bytes)
Event: 29.485 Thread 0x00007f15f814c800 nmethod 1918 0x00007f15e044bf10 code [0x00007f15e044c1e0, 0x00007f15e044cf88]
Event: 29.485 Thread 0x00007f15f814c800 1917       3       java.util.StringTokenizer::scanToken (179 bytes)
Event: 29.490 Thread 0x00007f15f814c800 nmethod 1917 0x00007f15e044d490 code [0x00007f15e044d820, 0x00007f15e044eed8]
Event: 29.490 Thread 0x00007f15f814c800 1919       3       java.util.StringTokenizer::nextToken (92 bytes)
Event: 29.490 Thread 0x00007f15f814c800 nmethod 1919 0x00007f15e044f710 code [0x00007f15e044f900, 0x00007f15e044fcd8]
Event: 29.492 Thread 0x00007f15f814a800 1921       4       java.util.StringTokenizer::scanToken (179 bytes)

GC Heap History (2 events):
Event: 1.098 GC heap before
{Heap before GC invocations=0 (full 0):
 garbage-first heap   total 126976K, used 14336K [0x0000000084c00000, 0x0000000100000000)
  region size 1024K, 14 young (14336K), 0 survivors (0K)
 Metaspace       used 13177K, capacity 13425K, committed 13824K, reserved 1062912K
  class space    used 1102K, capacity 1196K, committed 1280K, reserved 1048576K
}
Event: 1.108 GC heap after
{Heap after GC invocations=1 (full 0):
 garbage-first heap   total 126976K, used 2381K [0x0000000084c00000, 0x0000000100000000)
  region size 1024K, 2 young (2048K), 2 survivors (2048K)
 Metaspace       used 13177K, capacity 13425K, committed 13824K, reserved 1062912K
  class space    used 1102K, capacity 1196K, committed 1280K, reserved 1048576K
}

Deoptimization events (10 events):
Event: 8.737 Thread 0x00007f15f85e6800 Uncommon trap: reason=unstable_if action=reinterpret pc=0x00007f15e768c36c method=com.badlogic.gdx.maps.tiled.TiledMapTileLayer.getCell(II)Lcom/badlogic/gdx/maps/tiled/TiledMapTileLayer$Cell; @ 23 c2
Event: 8.738 Thread 0x00007f15f85e6800 Uncommon trap: reason=unstable_if action=reinterpret pc=0x00007f15e766b33c method=com.badlogic.gdx.maps.tiled.TiledMapTileLayer.getCell(II)Lcom/badlogic/gdx/maps/tiled/TiledMapTileLayer$Cell; @ 23 c2
Event: 8.738 Thread 0x00007f15f85e6800 Uncommon trap: reason=unstable_if action=reinterpret pc=0x00007f15e7677614 method=com.badlogic.gdx.maps.tiled.TiledMapTileLayer.getCell(II)Lcom/badlogic/gdx/maps/tiled/TiledMapTileLayer$Cell; @ 23 c2
Event: 8.841 Thread 0x00007f15f85e6800 Uncommon trap: reason=unstable_if action=reinterpret pc=0x00007f15e7694970 method=com.geeselightning.zepr.Character.collidesWith(Lcom/geeselightning/zepr/Character;)Z @ 68 c2
Event: 8.856 Thread 0x00007f15f85e6800 Uncommon trap: reason=unstable_if action=reinterpret pc=0x00007f15e768dc70 method=com.geeselightning.zepr.Character.collidesWith(Lcom/geeselightning/zepr/Character;)Z @ 68 c2
Event: 11.124 Thread 0x00007f15f85e6800 Uncommon trap: reason=unstable_if action=reinterpret pc=0x00007f15e769d910 method=com.badlogic.gdx.scenes.scene2d.ui.Label.textEquals(Ljava/lang/CharSequence;)Z @ 49 c2
Event: 29.504 Thread 0x00007f15f85e6800 Uncommon trap: reason=speculate_class_check action=maybe_recompile pc=0x00007f15e76d0f90 method=com.badlogic.gdx.scenes.scene2d.Group.addActor(Lcom/badlogic/gdx/scenes/scene2d/Actor;)V @ 44 c2
Event: 29.504 Thread 0x00007f15f85e6800 Uncommon trap: reason=null_check action=make_not_entrant pc=0x00007f15e76d24cc method=com.badlogic.gdx.scenes.scene2d.ui.WidgetGroup.invalidateHierarchy()V @ 10 c2
Event: 29.504 Thread 0x00007f15f85e6800 Uncommon trap: reason=unstable_if action=reinterpret pc=0x00007f15e76beb2c method=com.badlogic.gdx.scenes.scene2d.ui.Table.computeSize()V @ 246 c2
Event: 29.504 Thread 0x00007f15f85e6800 Uncommon trap: reason=speculate_class_check action=maybe_recompile pc=0x00007f15e76d0f90 method=com.badlogic.gdx.scenes.scene2d.Group.addActor(Lcom/badlogic/gdx/scenes/scene2d/Actor;)V @ 44 c2

Classes redefined (0 events):
No events

Internal exceptions (10 events):
Event: 0.716 Thread 0x00007f15f85e6800 Exception <a 'java/lang/NoSuchMethodError'{0x000000008be6dd28}: method resolution failed> (0x000000008be6dd28) thrown at [/build/openjdk-lts-Ae5PRQ/openjdk-lts-10.0.2+13/src/hotspot/share/prims/methodHandles.cpp, line 1226]
Event: 0.717 Thread 0x00007f15f85e6800 Exception <a 'java/lang/NoSuchMethodError'{0x000000008be71400}: java.lang.invoke.DirectMethodHandle$Holder.invokeStaticInit(Ljava/lang/Object;Ljava/lang/Object;JLjava/lang/Object;)Ljava/lang/Object;> (0x000000008be71400) thrown at [/build/openjdk-lts-Ae5P
Event: 0.717 Thread 0x00007f15f85e6800 Exception <a 'java/lang/NoSuchMethodError'{0x000000008be774a8}: java.lang.invoke.DirectMethodHandle$Holder.invokeStatic(Ljava/lang/Object;Ljava/lang/Object;J)Ljava/lang/Object;> (0x000000008be774a8) thrown at [/build/openjdk-lts-Ae5PRQ/openjdk-lts-10.0.2+
Event: 0.720 Thread 0x00007f15f85e6800 Exception <a 'java/lang/NoSuchMethodError'{0x000000008be7aa88}: method resolution failed> (0x000000008be7aa88) thrown at [/build/openjdk-lts-Ae5PRQ/openjdk-lts-10.0.2+13/src/hotspot/share/prims/methodHandles.cpp, line 1226]
Event: 0.723 Thread 0x00007f15f85e6800 Exception <a 'java/lang/NoSuchMethodError'{0x000000008be848b8}: java.lang.invoke.DirectMethodHandle$Holder.invokeStatic(Ljava/lang/Object;Ljava/lang/Object;Ljava/lang/Object;I)Ljava/lang/Object;> (0x000000008be848b8) thrown at [/build/openjdk-lts-Ae5PRQ/o
Event: 0.724 Thread 0x00007f15f85e6800 Exception <a 'java/lang/NoSuchMethodError'{0x000000008be883b8}: java.lang.invoke.DirectMethodHandle$Holder.invokeSpecial(Ljava/lang/Object;Ljava/lang/Object;Ljava/lang/Object;Ljava/lang/Object;I)Ljava/lang/Object;> (0x000000008be883b8) thrown at [/build/o
Event: 0.751 Thread 0x00007f15f85e6800 Exception <a 'java/lang/NoClassDefFoundError'{0x000000008beb0060}: org/lwjgl/opengles/GLContext> (0x000000008beb0060) thrown at [/build/openjdk-lts-Ae5PRQ/openjdk-lts-10.0.2+13/src/hotspot/share/classfile/systemDictionary.cpp, line 222]
Event: 1.230 Thread 0x00007f15f85e6800 Exception <a 'java/lang/NoSuchMethodError'{0x000000008c53d120}: java.lang.Object.lambda$union$2(Ljava/util/regex/Pattern$CharPredicate;I)Z> (0x000000008c53d120) thrown at [/build/openjdk-lts-Ae5PRQ/openjdk-lts-10.0.2+13/src/hotspot/share/interpreter/linkR
Event: 1.231 Thread 0x00007f15f85e6800 Exception <a 'java/lang/NoSuchMethodError'{0x000000008c541650}: java.lang.Object.lambda$negate$3(I)Z> (0x000000008c541650) thrown at [/build/openjdk-lts-Ae5PRQ/openjdk-lts-10.0.2+13/src/hotspot/share/interpreter/linkResolver.cpp, line 741]
Event: 29.504 Thread 0x00007f15f85e6800 Implicit null exception at 0x00007f15e76d1ce5 to 0x00007f15e76d24ba

Events (10 events):
Event: 29.504 Thread 0x00007f15f85e6800 DEOPT PACKING pc=0x00007f15e76d24cc sp=0x00007f155d9dd380
Event: 29.504 Thread 0x00007f15f85e6800 DEOPT UNPACKING pc=0x00007f15dfb4cfa5 sp=0x00007f155d9dd1f0 mode 2
Event: 29.504 Thread 0x00007f15f85e6800 Uncommon trap: trap_request=0xffffff55 fr.pc=0x00007f15e76beb2c relative=0x00000000000032ec
Event: 29.504 Thread 0x00007f15f85e6800 DEOPT PACKING pc=0x00007f15e76beb2c sp=0x00007f155d9dd230
Event: 29.504 Thread 0x00007f15f85e6800 DEOPT UNPACKING pc=0x00007f15dfb4cfa5 sp=0x00007f155d9dd188 mode 2
Event: 29.504 Thread 0x00007f15f85e6800 Uncommon trap: trap_request=0xffffff76 fr.pc=0x00007f15e76d0f90 relative=0x0000000000000510
Event: 29.504 Thread 0x00007f15f85e6800 DEOPT PACKING pc=0x00007f15e76d0f90 sp=0x00007f155d9dd3c0
Event: 29.504 Thread 0x00007f15f85e6800 DEOPT UNPACKING pc=0x00007f15dfb4cfa5 sp=0x00007f155d9dd398 mode 2
Event: 29.504 loading class com/geeselightning/zepr/TextScreen$1
Event: 29.504 loading class com/geeselightning/zepr/TextScreen$1 done


Dynamic libraries:
84c00000-8c800000 rw-p 00000000 00:00 0 
8c800000-100000000 ---p 00000000 00:00 0 
100000000-100160000 rw-p 00000000 00:00 0 
100160000-140000000 ---p 00000000 00:00 0 
55ddd703e000-55ddd703f000 r-xp 00000000 08:01 51776435                   /usr/lib/jvm/java-11-openjdk-amd64/bin/java
55ddd723f000-55ddd7240000 r--p 00001000 08:01 51776435                   /usr/lib/jvm/java-11-openjdk-amd64/bin/java
55ddd7240000-55ddd7241000 rw-p 00002000 08:01 51776435                   /usr/lib/jvm/java-11-openjdk-amd64/bin/java
55ddd8957000-55ddd8999000 rw-p 00000000 00:00 0                          [heap]
7f153e4d8000-7f153ebd8000 rw-s 00000000 00:19 451                        /i915 (deleted)
7f153ebd8000-7f153f2d8000 rw-s 00000000 00:19 959                        /i915 (deleted)
7f153f2d8000-7f153f498000 rw-s 00000000 00:19 958                        /i915 (deleted)
7f153f498000-7f153f658000 rw-s 00000000 00:19 601                        /i915 (deleted)
7f153f658000-7f153fd58000 rw-s 00000000 00:19 324                        /i915 (deleted)
7f153fd58000-7f1540458000 rw-s 00000000 00:19 1261                       /i915 (deleted)
7f154055a000-7f1540c5a000 rw-s 00000000 00:19 1038                       /i915 (deleted)
7f1540c5a000-7f1540e5a000 rw-p 00000000 00:00 0 
7f1540e5a000-7f154220b000 rw-p 00000000 00:00 0 
7f154220b000-7f1542213000 r-xp 00000000 08:01 51388500                   /usr/lib/x86_64-linux-gnu/libpciaccess.so.0.11.1
7f1542213000-7f1542412000 ---p 00008000 08:01 51388500                   /usr/lib/x86_64-linux-gnu/libpciaccess.so.0.11.1
7f1542412000-7f1542413000 r--p 00007000 08:01 51388500                   /usr/lib/x86_64-linux-gnu/libpciaccess.so.0.11.1
7f1542413000-7f1542414000 rw-p 00008000 08:01 51388500                   /usr/lib/x86_64-linux-gnu/libpciaccess.so.0.11.1
7f1542414000-7f154241f000 r-xp 00000000 08:01 51388954                   /usr/lib/x86_64-linux-gnu/libdrm_radeon.so.1.0.1
7f154241f000-7f154261e000 ---p 0000b000 08:01 51388954                   /usr/lib/x86_64-linux-gnu/libdrm_radeon.so.1.0.1
7f154261e000-7f154261f000 r--p 0000a000 08:01 51388954                   /usr/lib/x86_64-linux-gnu/libdrm_radeon.so.1.0.1
7f154261f000-7f1542620000 rw-p 0000b000 08:01 51388954                   /usr/lib/x86_64-linux-gnu/libdrm_radeon.so.1.0.1
7f1542620000-7f1542627000 r-xp 00000000 08:01 51388951                   /usr/lib/x86_64-linux-gnu/libdrm_nouveau.so.2.0.0
7f1542627000-7f1542826000 ---p 00007000 08:01 51388951                   /usr/lib/x86_64-linux-gnu/libdrm_nouveau.so.2.0.0
7f1542826000-7f1542827000 r--p 00006000 08:01 51388951                   /usr/lib/x86_64-linux-gnu/libdrm_nouveau.so.2.0.0
7f1542827000-7f1542828000 rw-p 00007000 08:01 51388951                   /usr/lib/x86_64-linux-gnu/libdrm_nouveau.so.2.0.0
7f1542828000-7f154284a000 r-xp 00000000 08:01 51388949                   /usr/lib/x86_64-linux-gnu/libdrm_intel.so.1.0.0
7f154284a000-7f1542a49000 ---p 00022000 08:01 51388949                   /usr/lib/x86_64-linux-gnu/libdrm_intel.so.1.0.0
7f1542a49000-7f1542a4a000 r--p 00021000 08:01 51388949                   /usr/lib/x86_64-linux-gnu/libdrm_intel.so.1.0.0
7f1542a4a000-7f1542a4b000 rw-p 00022000 08:01 51388949                   /usr/lib/x86_64-linux-gnu/libdrm_intel.so.1.0.0
7f1542a4b000-7f15432ca000 r-xp 00000000 08:01 53742706                   /usr/lib/x86_64-linux-gnu/dri/i965_dri.so
7f15432ca000-7f15434ca000 ---p 0087f000 08:01 53742706                   /usr/lib/x86_64-linux-gnu/dri/i965_dri.so
7f15434ca000-7f154351a000 r--p 0087f000 08:01 53742706                   /usr/lib/x86_64-linux-gnu/dri/i965_dri.so
7f154351a000-7f1543525000 rw-p 008cf000 08:01 53742706                   /usr/lib/x86_64-linux-gnu/dri/i965_dri.so
7f1543525000-7f15435ca000 rw-p 00000000 00:00 0 
7f15435ca000-7f15435da000 r-xp 00000000 08:01 51387544                   /usr/lib/x86_64-linux-gnu/libdrm.so.2.4.0
7f15435da000-7f15437d9000 ---p 00010000 08:01 51387544                   /usr/lib/x86_64-linux-gnu/libdrm.so.2.4.0
7f15437d9000-7f15437da000 r--p 0000f000 08:01 51387544                   /usr/lib/x86_64-linux-gnu/libdrm.so.2.4.0
7f15437da000-7f15437db000 rw-p 00010000 08:01 51387544                   /usr/lib/x86_64-linux-gnu/libdrm.so.2.4.0
7f15437db000-7f15437df000 r-xp 00000000 08:01 51388195                   /usr/lib/x86_64-linux-gnu/libxcb-dri2.so.0.0.0
7f15437df000-7f15439de000 ---p 00004000 08:01 51388195                   /usr/lib/x86_64-linux-gnu/libxcb-dri2.so.0.0.0
7f15439de000-7f15439df000 r--p 00003000 08:01 51388195                   /usr/lib/x86_64-linux-gnu/libxcb-dri2.so.0.0.0
7f15439df000-7f15439e0000 rw-p 00004000 08:01 51388195                   /usr/lib/x86_64-linux-gnu/libxcb-dri2.so.0.0.0
7f15439e0000-7f15439f8000 r-xp 00000000 08:01 51388945                   /usr/lib/x86_64-linux-gnu/libxcb-glx.so.0.0.0
7f15439f8000-7f1543bf8000 ---p 00018000 08:01 51388945                   /usr/lib/x86_64-linux-gnu/libxcb-glx.so.0.0.0
7f1543bf8000-7f1543bfa000 r--p 00018000 08:01 51388945                   /usr/lib/x86_64-linux-gnu/libxcb-glx.so.0.0.0
7f1543bfa000-7f1543bfb000 rw-p 0001a000 08:01 51388945                   /usr/lib/x86_64-linux-gnu/libxcb-glx.so.0.0.0
7f1543bfb000-7f1543bfc000 r-xp 00000000 08:01 51388193                   /usr/lib/x86_64-linux-gnu/libX11-xcb.so.1.0.0
7f1543bfc000-7f1543dfb000 ---p 00001000 08:01 51388193                   /usr/lib/x86_64-linux-gnu/libX11-xcb.so.1.0.0
7f1543dfb000-7f1543dfc000 r--p 00000000 08:01 51388193                   /usr/lib/x86_64-linux-gnu/libX11-xcb.so.1.0.0
7f1543dfc000-7f1543dfd000 rw-p 00001000 08:01 51388193                   /usr/lib/x86_64-linux-gnu/libX11-xcb.so.1.0.0
7f1543dfd000-7f1543dff000 r-xp 00000000 08:01 51388220                   /usr/lib/x86_64-linux-gnu/libXdamage.so.1.1.0
7f1543dff000-7f1543ffe000 ---p 00002000 08:01 51388220                   /usr/lib/x86_64-linux-gnu/libXdamage.so.1.1.0
7f1543ffe000-7f1543fff000 r--p 00001000 08:01 51388220                   /usr/lib/x86_64-linux-gnu/libXdamage.so.1.1.0
7f1543fff000-7f1544000000 rw-p 00002000 08:01 51388220                   /usr/lib/x86_64-linux-gnu/libXdamage.so.1.1.0
7f1544000000-7f1544021000 rw-p 00000000 00:00 0 
7f1544021000-7f1548000000 ---p 00000000 00:00 0 
7f1548000000-7f1549271000 rw-p 00000000 00:00 0 
7f1549271000-7f154c000000 ---p 00000000 00:00 0 
7f154c000000-7f1550000000 rw-s 00000000 00:05 1049654                    /memfd:pulseaudio (deleted)
7f1550000000-7f1554000000 rw-s 00000000 00:05 32212                      /memfd:pulseaudio (deleted)
7f1554000000-7f1558000000 rw-s 00000000 00:05 1050687                    /memfd:pulseaudio (deleted)
7f1558000000-7f1558021000 rw-p 00000000 00:00 0 
7f1558021000-7f155c000000 ---p 00000000 00:00 0 
7f155c034000-7f155c048000 rw-s 00000000 00:19 266                        /i915 (deleted)
7f155c048000-7f155c04c000 rw-s 00000000 00:19 151                        /i915 (deleted)
7f155c04c000-7f155c05c000 rw-s 00000000 00:19 149                        /i915 (deleted)
7f155c06b000-7f155c070000 rw-s 00000000 00:19 169                        /i915 (deleted)
7f155c070000-7f155c072000 rw-s 00000000 00:19 1240                       /i915 (deleted)
7f155c072000-7f155c074000 rw-s 00000000 00:19 1239                       /i915 (deleted)
7f155c074000-7f155c084000 rw-s 00000000 00:19 1140                       /i915 (deleted)
7f155c084000-7f155c0b0000 r-xp 00000000 08:01 51388190                   /usr/lib/x86_64-linux-gnu/libglapi.so.0.0.0
7f155c0b0000-7f155c2af000 ---p 0002c000 08:01 51388190                   /usr/lib/x86_64-linux-gnu/libglapi.so.0.0.0
7f155c2af000-7f155c2b3000 r--p 0002b000 08:01 51388190                   /usr/lib/x86_64-linux-gnu/libglapi.so.0.0.0
7f155c2b3000-7f155c2b4000 rw-p 0002f000 08:01 51388190                   /usr/lib/x86_64-linux-gnu/libglapi.so.0.0.0
7f155c2b4000-7f155c2b5000 rw-p 00000000 00:00 0 
7f155c2b5000-7f155c2b6000 r-xp 00000000 08:01 51388205                   /usr/lib/x86_64-linux-gnu/libxshmfence.so.1.0.0
7f155c2b6000-7f155c4b5000 ---p 00001000 08:01 51388205                   /usr/lib/x86_64-linux-gnu/libxshmfence.so.1.0.0
7f155c4b5000-7f155c4b6000 r--p 00000000 08:01 51388205                   /usr/lib/x86_64-linux-gnu/libxshmfence.so.1.0.0
7f155c4b6000-7f155c4b7000 rw-p 00001000 08:01 51388205                   /usr/lib/x86_64-linux-gnu/libxshmfence.so.1.0.0
7f155c4b7000-7f155c4bc000 r-xp 00000000 08:01 51388201                   /usr/lib/x86_64-linux-gnu/libxcb-sync.so.1.0.0
7f155c4bc000-7f155c6bc000 ---p 00005000 08:01 51388201                   /usr/lib/x86_64-linux-gnu/libxcb-sync.so.1.0.0
7f155c6bc000-7f155c6bd000 r--p 00005000 08:01 51388201                   /usr/lib/x86_64-linux-gnu/libxcb-sync.so.1.0.0
7f155c6bd000-7f155c6be000 rw-p 00006000 08:01 51388201                   /usr/lib/x86_64-linux-gnu/libxcb-sync.so.1.0.0
7f155c6be000-7f155c6c0000 r-xp 00000000 08:01 51388199                   /usr/lib/x86_64-linux-gnu/libxcb-present.so.0.0.0
7f155c6c0000-7f155c8bf000 ---p 00002000 08:01 51388199                   /usr/lib/x86_64-linux-gnu/libxcb-present.so.0.0.0
7f155c8bf000-7f155c8c0000 r--p 00001000 08:01 51388199                   /usr/lib/x86_64-linux-gnu/libxcb-present.so.0.0.0
7f155c8c0000-7f155c8c1000 rw-p 00002000 08:01 51388199                   /usr/lib/x86_64-linux-gnu/libxcb-present.so.0.0.0
7f155c8c1000-7f155c8c4000 r-xp 00000000 08:01 51388197                   /usr/lib/x86_64-linux-gnu/libxcb-dri3.so.0.0.0
7f155c8c4000-7f155cac3000 ---p 00003000 08:01 51388197                   /usr/lib/x86_64-linux-gnu/libxcb-dri3.so.0.0.0
7f155cac3000-7f155cac4000 r--p 00002000 08:01 51388197                   /usr/lib/x86_64-linux-gnu/libxcb-dri3.so.0.0.0
7f155cac4000-7f155cac5000 rw-p 00003000 08:01 51388197                   /usr/lib/x86_64-linux-gnu/libxcb-dri3.so.0.0.0
7f155cac5000-7f155caf4000 r-xp 00000000 08:01 60817412                   /lib/x86_64-linux-gnu/libexpat.so.1.6.7
7f155caf4000-7f155ccf4000 ---p 0002f000 08:01 60817412                   /lib/x86_64-linux-gnu/libexpat.so.1.6.7
7f155ccf4000-7f155ccf6000 r--p 0002f000 08:01 60817412                   /lib/x86_64-linux-gnu/libexpat.so.1.6.7
7f155ccf6000-7f155ccf7000 rw-p 00031000 08:01 60817412                   /lib/x86_64-linux-gnu/libexpat.so.1.6.7
7f155ccf7000-7f155cd67000 r-xp 00000000 08:01 51388961                   /usr/lib/x86_64-linux-gnu/libGLX_mesa.so.0.0.0
7f155cd67000-7f155cf66000 ---p 00070000 08:01 51388961                   /usr/lib/x86_64-linux-gnu/libGLX_mesa.so.0.0.0
7f155cf66000-7f155cf69000 r--p 0006f000 08:01 51388961                   /usr/lib/x86_64-linux-gnu/libGLX_mesa.so.0.0.0
7f155cf69000-7f155cf6a000 rw-p 00072000 08:01 51388961                   /usr/lib/x86_64-linux-gnu/libGLX_mesa.so.0.0.0
7f155cf6a000-7f155cf6b000 rw-p 00000000 00:00 0 
7f155cf6b000-7f155cfd9000 r-xp 00000000 08:01 51388182                   /usr/lib/x86_64-linux-gnu/libGLdispatch.so.0.0.0
7f155cfd9000-7f155d1d8000 ---p 0006e000 08:01 51388182                   /usr/lib/x86_64-linux-gnu/libGLdispatch.so.0.0.0
7f155d1d8000-7f155d200000 r--p 0006d000 08:01 51388182                   /usr/lib/x86_64-linux-gnu/libGLdispatch.so.0.0.0
7f155d200000-7f155d201000 rw-p 00095000 08:01 51388182                   /usr/lib/x86_64-linux-gnu/libGLdispatch.so.0.0.0
7f155d201000-7f155d221000 rw-p 00000000 00:00 0 
7f155d221000-7f155d231000 r-xp 00000000 08:01 51388964                   /usr/lib/x86_64-linux-gnu/libGLX.so.0.0.0
7f155d231000-7f155d430000 ---p 00010000 08:01 51388964                   /usr/lib/x86_64-linux-gnu/libGLX.so.0.0.0
7f155d430000-7f155d431000 r--p 0000f000 08:01 51388964                   /usr/lib/x86_64-linux-gnu/libGLX.so.0.0.0
7f155d431000-7f155d432000 rw-p 00010000 08:01 51388964                   /usr/lib/x86_64-linux-gnu/libGLX.so.0.0.0
7f155d432000-7f155d452000 rw-p 00000000 00:00 0 
7f155d452000-7f155d4c3000 r-xp 00000000 08:01 51388966                   /usr/lib/x86_64-linux-gnu/libGL.so.1.0.0
7f155d4c3000-7f155d6c2000 ---p 00071000 08:01 51388966                   /usr/lib/x86_64-linux-gnu/libGL.so.1.0.0
7f155d6c2000-7f155d6dc000 r--p 00070000 08:01 51388966                   /usr/lib/x86_64-linux-gnu/libGL.so.1.0.0
7f155d6dc000-7f155d6dd000 rw-p 0008a000 08:01 51388966                   /usr/lib/x86_64-linux-gnu/libGL.so.1.0.0
7f155d6dd000-7f155d8de000 rw-p 00000000 00:00 0 
7f155d8de000-7f155d8e2000 ---p 00000000 00:00 0 
7f155d8e2000-7f155d9df000 rw-p 00000000 00:00 0 
7f155d9df000-7f15619df000 rw-s 00000000 00:05 1050687                    /memfd:pulseaudio (deleted)
7f15619df000-7f15619e0000 ---p 00000000 00:00 0 
7f15619e0000-7f15621e0000 rw-p 00000000 00:00 0 
7f15621e0000-7f15621f4000 r-xp 00000000 08:01 60817474                   /lib/x86_64-linux-gnu/libgpg-error.so.0.22.0
7f15621f4000-7f15623f3000 ---p 00014000 08:01 60817474                   /lib/x86_64-linux-gnu/libgpg-error.so.0.22.0
7f15623f3000-7f15623f4000 r--p 00013000 08:01 60817474                   /lib/x86_64-linux-gnu/libgpg-error.so.0.22.0
7f15623f4000-7f15623f5000 rw-p 00014000 08:01 60817474                   /lib/x86_64-linux-gnu/libgpg-error.so.0.22.0
7f15623f5000-7f1562482000 r-xp 00000000 08:01 51389488                   /usr/lib/x86_64-linux-gnu/libvorbisenc.so.2.0.11
7f1562482000-7f1562681000 ---p 0008d000 08:01 51389488                   /usr/lib/x86_64-linux-gnu/libvorbisenc.so.2.0.11
7f1562681000-7f156269d000 r--p 0008c000 08:01 51389488                   /usr/lib/x86_64-linux-gnu/libvorbisenc.so.2.0.11
7f156269d000-7f156269e000 rw-p 000a8000 08:01 51389488                   /usr/lib/x86_64-linux-gnu/libvorbisenc.so.2.0.11
7f156269e000-7f15626c8000 r-xp 00000000 08:01 51388737                   /usr/lib/x86_64-linux-gnu/libvorbis.so.0.4.8
7f15626c8000-7f15628c7000 ---p 0002a000 08:01 51388737                   /usr/lib/x86_64-linux-gnu/libvorbis.so.0.4.8
7f15628c7000-7f15628c8000 r--p 00029000 08:01 51388737                   /usr/lib/x86_64-linux-gnu/libvorbis.so.0.4.8
7f15628c8000-7f15628c9000 rw-p 0002a000 08:01 51388737                   /usr/lib/x86_64-linux-gnu/libvorbis.so.0.4.8
7f15628c9000-7f15628d0000 r-xp 00000000 08:01 51388275                   /usr/lib/x86_64-linux-gnu/libogg.so.0.8.2
7f15628d0000-7f1562ad0000 ---p 00007000 08:01 51388275                   /usr/lib/x86_64-linux-gnu/libogg.so.0.8.2
7f1562ad0000-7f1562ad1000 r--p 00007000 08:01 51388275                   /usr/lib/x86_64-linux-gnu/libogg.so.0.8.2
7f1562ad1000-7f1562ad2000 rw-p 00008000 08:01 51388275                   /usr/lib/x86_64-linux-gnu/libogg.so.0.8.2
7f1562ad2000-7f1562b47000 r-xp 00000000 08:01 51389512                   /usr/lib/x86_64-linux-gnu/libFLAC.so.8.3.0
7f1562b47000-7f1562d47000 ---p 00075000 08:01 51389512                   /usr/lib/x86_64-linux-gnu/libFLAC.so.8.3.0
7f1562d47000-7f1562d48000 r--p 00075000 08:01 51389512                   /usr/lib/x86_64-linux-gnu/libFLAC.so.8.3.0
7f1562d48000-7f1562d49000 rw-p 00076000 08:01 51389512                   /usr/lib/x86_64-linux-gnu/libFLAC.so.8.3.0
7f1562d49000-7f1562e5d000 r-xp 00000000 08:01 60817527                   /lib/x86_64-linux-gnu/libgcrypt.so.20.2.1
7f1562e5d000-7f156305c000 ---p 00114000 08:01 60817527                   /lib/x86_64-linux-gnu/libgcrypt.so.20.2.1
7f156305c000-7f156305e000 r--p 00113000 08:01 60817527                   /lib/x86_64-linux-gnu/libgcrypt.so.20.2.1
7f156305e000-7f1563063000 rw-p 00115000 08:01 60817527                   /lib/x86_64-linux-gnu/libgcrypt.so.20.2.1
7f1563063000-7f1563064000 rw-p 00000000 00:00 0 
7f1563064000-7f156307f000 r-xp 00000000 08:01 51380864                   /usr/lib/x86_64-linux-gnu/liblz4.so.1.7.1
7f156307f000-7f156327e000 ---p 0001b000 08:01 51380864                   /usr/lib/x86_64-linux-gnu/liblz4.so.1.7.1
7f156327e000-7f156327f000 r--p 0001a000 08:01 51380864                   /usr/lib/x86_64-linux-gnu/liblz4.so.1.7.1
7f156327f000-7f1563280000 rw-p 0001b000 08:01 51380864                   /usr/lib/x86_64-linux-gnu/liblz4.so.1.7.1
7f1563280000-7f15632a4000 r-xp 00000000 08:01 60817476                   /lib/x86_64-linux-gnu/liblzma.so.5.2.2
7f15632a4000-7f15634a4000 ---p 00024000 08:01 60817476                   /lib/x86_64-linux-gnu/liblzma.so.5.2.2
7f15634a4000-7f15634a5000 r--p 00024000 08:01 60817476                   /lib/x86_64-linux-gnu/liblzma.so.5.2.2
7f15634a5000-7f15634a6000 rw-p 00025000 08:01 60817476                   /lib/x86_64-linux-gnu/liblzma.so.5.2.2
7f15634a6000-7f15634ab000 r-xp 00000000 08:01 51390052                   /usr/lib/x86_64-linux-gnu/libasyncns.so.0.3.1
7f15634ab000-7f15636aa000 ---p 00005000 08:01 51390052                   /usr/lib/x86_64-linux-gnu/libasyncns.so.0.3.1
7f15636aa000-7f15636ab000 r--p 00004000 08:01 51390052                   /usr/lib/x86_64-linux-gnu/libasyncns.so.0.3.1
7f15636ab000-7f15636ac000 rw-p 00005000 08:01 51390052                   /usr/lib/x86_64-linux-gnu/libasyncns.so.0.3.1
7f15636ac000-7f1563720000 r-xp 00000000 08:01 51390054                   /usr/lib/x86_64-linux-gnu/libsndfile.so.1.0.28
7f1563720000-7f156391f000 ---p 00074000 08:01 51390054                   /usr/lib/x86_64-linux-gnu/libsndfile.so.1.0.28
7f156391f000-7f1563922000 r--p 00073000 08:01 51390054                   /usr/lib/x86_64-linux-gnu/libsndfile.so.1.0.28
7f1563922000-7f1563923000 rw-p 00076000 08:01 51390054                   /usr/lib/x86_64-linux-gnu/libsndfile.so.1.0.28
7f1563923000-7f1563925000 rw-p 00000000 00:00 0 
7f1563925000-7f156392d000 r-xp 00000000 08:01 60817824                   /lib/x86_64-linux-gnu/libwrap.so.0.7.6
7f156392d000-7f1563b2d000 ---p 00008000 08:01 60817824                   /lib/x86_64-linux-gnu/libwrap.so.0.7.6
7f1563b2d000-7f1563b2e000 r--p 00008000 08:01 60817824                   /lib/x86_64-linux-gnu/libwrap.so.0.7.6
7f1563b2e000-7f1563b2f000 rw-p 00009000 08:01 60817824                   /lib/x86_64-linux-gnu/libwrap.so.0.7.6
7f1563b2f000-7f1563baf000 r-xp 00000000 08:01 60817540                   /lib/x86_64-linux-gnu/libsystemd.so.0.21.0
7f1563baf000-7f1563dae000 ---p 00080000 08:01 60817540                   /lib/x86_64-linux-gnu/libsystemd.so.0.21.0
7f1563dae000-7f1563db1000 r--p 0007f000 08:01 60817540                   /lib/x86_64-linux-gnu/libsystemd.so.0.21.0
7f1563db1000-7f1563db2000 rw-p 00082000 08:01 60817540                   /lib/x86_64-linux-gnu/libsystemd.so.0.21.0
7f1563db2000-7f1563db3000 rw-p 00000000 00:00 0 
7f1563db3000-7f1563dfe000 r-xp 00000000 08:01 60817974                   /lib/x86_64-linux-gnu/libdbus-1.so.3.19.4
7f1563dfe000-7f1563ffe000 ---p 0004b000 08:01 60817974                   /lib/x86_64-linux-gnu/libdbus-1.so.3.19.4
7f1563ffe000-7f1563fff000 r--p 0004b000 08:01 60817974                   /lib/x86_64-linux-gnu/libdbus-1.so.3.19.4
7f1563fff000-7f1564000000 rw-p 0004c000 08:01 60817974                   /lib/x86_64-linux-gnu/libdbus-1.so.3.19.4
7f1564000000-7f1564021000 rw-p 00000000 00:00 0 
7f1564021000-7f1568000000 ---p 00000000 00:00 0 
7f1568000000-7f1568021000 rw-p 00000000 00:00 0 
7f1568021000-7f156c000000 ---p 00000000 00:00 0 
7f156c000000-7f156c021000 rw-p 00000000 00:00 0 
7f156c021000-7f1570000000 ---p 00000000 00:00 0 
7f1570000000-7f1570021000 rw-p 00000000 00:00 0 
7f1570021000-7f1574000000 ---p 00000000 00:00 0 
7f1574000000-7f1574021000 rw-p 00000000 00:00 0 
7f1574021000-7f1578000000 ---p 00000000 00:00 0 
7f1578000000-7f1578021000 rw-p 00000000 00:00 0 
7f1578021000-7f157c000000 ---p 00000000 00:00 0 
7f157c000000-7f157c002000 rw-s 00000000 00:19 1238                       /i915 (deleted)
7f157c002000-7f157c004000 rw-s 00000000 00:19 1234                       /i915 (deleted)
7f157c004000-7f157c006000 rw-s 00000000 00:19 1232                       /i915 (deleted)
7f157c006000-7f157c008000 rw-s 00000000 00:19 1231                       /i915 (deleted)
7f157c008000-7f157c00d000 rw-s 00000000 00:19 1123                       /i915 (deleted)
7f157c00d000-7f157c01d000 rw-s 00000000 00:19 1063                       /i915 (deleted)
7f157c01d000-7f157c02d000 rw-s 00000000 00:19 1050                       /i915 (deleted)
7f157c02d000-7f157c03d000 rw-s 00000000 00:19 1047                       /i915 (deleted)
7f157c03d000-7f157c04d000 rw-s 00000000 00:19 1045                       /i915 (deleted)
7f157c04d000-7f157c069000 rw-s 10675e000 00:06 386                       /dev/dri/card0
7f157c069000-7f157c079000 rw-s 00000000 00:19 1264                       /i915 (deleted)
7f157c079000-7f157c099000 rw-s 00000000 08:01 50861730                   /home/matthew/#50861730 (deleted)
7f157c099000-7f157c0b9000 r-xs 00000000 08:01 50861730                   /home/matthew/#50861730 (deleted)
7f157c0b9000-7f157c0bd000 ---p 00000000 00:00 0 
7f157c0bd000-7f157c0db000 rw-p 00000000 00:00 0 
7f157c0db000-7f157c0dc000 ---p 00000000 00:00 0 
7f157c0dc000-7f157c1dc000 rw-p 00000000 00:00 0 
7f157c1dc000-7f157c258000 r-xp 00000000 08:01 54003498                   /usr/lib/x86_64-linux-gnu/pulseaudio/libpulsecommon-11.1.so
7f157c258000-7f157c457000 ---p 0007c000 08:01 54003498                   /usr/lib/x86_64-linux-gnu/pulseaudio/libpulsecommon-11.1.so
7f157c457000-7f157c459000 r--p 0007b000 08:01 54003498                   /usr/lib/x86_64-linux-gnu/pulseaudio/libpulsecommon-11.1.so
7f157c459000-7f157c45a000 rw-p 0007d000 08:01 54003498                   /usr/lib/x86_64-linux-gnu/pulseaudio/libpulsecommon-11.1.so
7f157c45a000-7f157c4a8000 r-xp 00000000 08:01 51390057                   /usr/lib/x86_64-linux-gnu/libpulse.so.0.20.2
7f157c4a8000-7f157c6a7000 ---p 0004e000 08:01 51390057                   /usr/lib/x86_64-linux-gnu/libpulse.so.0.20.2
7f157c6a7000-7f157c6a9000 r--p 0004d000 08:01 51390057                   /usr/lib/x86_64-linux-gnu/libpulse.so.0.20.2
7f157c6a9000-7f157c6aa000 rw-p 0004f000 08:01 51390057                   /usr/lib/x86_64-linux-gnu/libpulse.so.0.20.2
7f157c6aa000-7f157c6ff000 r-xp 00000000 08:01 23330915                   /tmp/libgdxmatthew/31ce78a2/libopenal64.so
7f157c6ff000-7f157c8fe000 ---p 00055000 08:01 23330915                   /tmp/libgdxmatthew/31ce78a2/libopenal64.so
7f157c8fe000-7f157c901000 r--p 00054000 08:01 23330915                   /tmp/libgdxmatthew/31ce78a2/libopenal64.so
7f157c901000-7f157c902000 rw-p 00057000 08:01 23330915                   /tmp/libgdxmatthew/31ce78a2/libopenal64.so
7f157c902000-7f157c903000 rw-p 00000000 00:00 0 
7f157c903000-7f157c908000 r-xp 00000000 08:01 51388384                   /usr/lib/x86_64-linux-gnu/libXxf86vm.so.1.0.0
7f157c908000-7f157cb07000 ---p 00005000 08:01 51388384                   /usr/lib/x86_64-linux-gnu/libXxf86vm.so.1.0.0
7f157cb07000-7f157cb08000 r--p 00004000 08:01 51388384                   /usr/lib/x86_64-linux-gnu/libXxf86vm.so.1.0.0
7f157cb08000-7f157cb09000 rw-p 00005000 08:01 51388384                   /usr/lib/x86_64-linux-gnu/libXxf86vm.so.1.0.0
7f157cb09000-7f157cb79000 r-xp 00000000 08:01 23330914                   /tmp/libgdxmatthew/31ce78a2/liblwjgl64.so
7f157cb79000-7f157cd79000 ---p 00070000 08:01 23330914                   /tmp/libgdxmatthew/31ce78a2/liblwjgl64.so
7f157cd79000-7f157cd7b000 r--p 00070000 08:01 23330914                   /tmp/libgdxmatthew/31ce78a2/liblwjgl64.so
7f157cd7b000-7f157cd7c000 rw-p 00072000 08:01 23330914                   /tmp/libgdxmatthew/31ce78a2/liblwjgl64.so
7f157cd7c000-7f157cd7d000 r-xp 00000000 08:01 54788646                   /usr/lib/jvm/java-11-openjdk-amd64/lib/libjawt.so
7f157cd7d000-7f157cf7c000 ---p 00001000 08:01 54788646                   /usr/lib/jvm/java-11-openjdk-amd64/lib/libjawt.so
7f157cf7c000-7f157cf7d000 r--p 00000000 08:01 54788646                   /usr/lib/jvm/java-11-openjdk-amd64/lib/libjawt.so
7f157cf7d000-7f157cf7e000 rw-p 00001000 08:01 54788646                   /usr/lib/jvm/java-11-openjdk-amd64/lib/libjawt.so
7f157cf7e000-7f157cf82000 ---p 00000000 00:00 0 
7f157cf82000-7f157d07f000 rw-p 00000000 00:00 0 
7f157d07f000-7f157d083000 ---p 00000000 00:00 0 
7f157d083000-7f157d180000 rw-p 00000000 00:00 0 
7f157d180000-7f157d185000 r-xp 00000000 08:01 51388216                   /usr/lib/x86_64-linux-gnu/libXfixes.so.3.1.0
7f157d185000-7f157d384000 ---p 00005000 08:01 51388216                   /usr/lib/x86_64-linux-gnu/libXfixes.so.3.1.0
7f157d384000-7f157d385000 r--p 00004000 08:01 51388216                   /usr/lib/x86_64-linux-gnu/libXfixes.so.3.1.0
7f157d385000-7f157d386000 rw-p 00005000 08:01 51388216                   /usr/lib/x86_64-linux-gnu/libXfixes.so.3.1.0
7f157d386000-7f157d38f000 r-xp 00000000 08:01 51388218                   /usr/lib/x86_64-linux-gnu/libXcursor.so.1.0.2
7f157d38f000-7f157d58e000 ---p 00009000 08:01 51388218                   /usr/lib/x86_64-linux-gnu/libXcursor.so.1.0.2
7f157d58e000-7f157d58f000 r--p 00008000 08:01 51388218                   /usr/lib/x86_64-linux-gnu/libXcursor.so.1.0.2
7f157d58f000-7f157d590000 rw-p 00009000 08:01 51388218                   /usr/lib/x86_64-linux-gnu/libXcursor.so.1.0.2
7f157d590000-7f157d591000 ---p 00000000 00:00 0 
7f157d591000-7f157dd91000 rw-p 00000000 00:00 0 
7f157dd91000-7f157dd92000 ---p 00000000 00:00 0 
7f157dd92000-7f157e592000 rw-p 00000000 00:00 0 
7f157e592000-7f157e593000 ---p 00000000 00:00 0 
7f157e593000-7f157ed93000 rw-p 00000000 00:00 0 
7f157ed93000-7f157ed9f000 r-xp 00000000 08:01 51513937                   /usr/lib/x86_64-linux-gnu/gio/modules/libdconfsettings.so
7f157ed9f000-7f157ef9e000 ---p 0000c000 08:01 51513937                   /usr/lib/x86_64-linux-gnu/gio/modules/libdconfsettings.so
7f157ef9e000-7f157ef9f000 r--p 0000b000 08:01 51513937                   /usr/lib/x86_64-linux-gnu/gio/modules/libdconfsettings.so
7f157ef9f000-7f157efa0000 rw-p 0000c000 08:01 51513937                   /usr/lib/x86_64-linux-gnu/gio/modules/libdconfsettings.so
7f157efa0000-7f157efa6000 r-xp 00000000 08:01 60822405                   /lib/x86_64-linux-gnu/libuuid.so.1.3.0
7f157efa6000-7f157f1a5000 ---p 00006000 08:01 60822405                   /lib/x86_64-linux-gnu/libuuid.so.1.3.0
7f157f1a5000-7f157f1a6000 r--p 00005000 08:01 60822405                   /lib/x86_64-linux-gnu/libuuid.so.1.3.0
7f157f1a6000-7f157f1a7000 rw-p 00006000 08:01 60822405                   /lib/x86_64-linux-gnu/libuuid.so.1.3.0
7f157f1a7000-7f157f1ee000 r-xp 00000000 08:01 60817427                   /lib/x86_64-linux-gnu/libblkid.so.1.1.0
7f157f1ee000-7f157f3ee000 ---p 00047000 08:01 60817427                   /lib/x86_64-linux-gnu/libblkid.so.1.1.0
7f157f3ee000-7f157f3f2000 r--p 00047000 08:01 60817427                   /lib/x86_64-linux-gnu/libblkid.so.1.1.0
7f157f3f2000-7f157f3f3000 rw-p 0004b000 08:01 60817427                   /lib/x86_64-linux-gnu/libblkid.so.1.1.0
7f157f3f3000-7f157f3f4000 rw-p 00000000 00:00 0 
7f157f3f4000-7f157f464000 r-xp 00000000 08:01 60817499                   /lib/x86_64-linux-gnu/libpcre.so.3.13.3
7f157f464000-7f157f664000 ---p 00070000 08:01 60817499                   /lib/x86_64-linux-gnu/libpcre.so.3.13.3
7f157f664000-7f157f665000 r--p 00070000 08:01 60817499                   /lib/x86_64-linux-gnu/libpcre.so.3.13.3
7f157f665000-7f157f666000 rw-p 00071000 08:01 60817499                   /lib/x86_64-linux-gnu/libpcre.so.3.13.3
7f157f666000-7f157f66d000 r-xp 00000000 08:01 51385009                   /usr/lib/x86_64-linux-gnu/libffi.so.6.0.4
7f157f66d000-7f157f86c000 ---p 00007000 08:01 51385009                   /usr/lib/x86_64-linux-gnu/libffi.so.6.0.4
7f157f86c000-7f157f86d000 r--p 00006000 08:01 51385009                   /usr/lib/x86_64-linux-gnu/libffi.so.6.0.4
7f157f86d000-7f157f86e000 rw-p 00007000 08:01 51385009                   /usr/lib/x86_64-linux-gnu/libffi.so.6.0.4
7f157f86e000-7f157f8bf000 r-xp 00000000 08:01 60817419                   /lib/x86_64-linux-gnu/libmount.so.1.1.0
7f157f8bf000-7f157fabe000 ---p 00051000 08:01 60817419                   /lib/x86_64-linux-gnu/libmount.so.1.1.0
7f157fabe000-7f157fac0000 r--p 00050000 08:01 60817419                   /lib/x86_64-linux-gnu/libmount.so.1.1.0
7f157fac0000-7f157fac1000 rw-p 00052000 08:01 60817419                   /lib/x86_64-linux-gnu/libmount.so.1.1.0
7f157fac1000-7f157fac2000 rw-p 00000000 00:00 0 
7f157fac2000-7f157fae7000 r-xp 00000000 08:01 60817505                   /lib/x86_64-linux-gnu/libselinux.so.1
7f157fae7000-7f157fce6000 ---p 00025000 08:01 60817505                   /lib/x86_64-linux-gnu/libselinux.so.1
7f157fce6000-7f157fce7000 r--p 00024000 08:01 60817505                   /lib/x86_64-linux-gnu/libselinux.so.1
7f157fce7000-7f157fce8000 rw-p 00025000 08:01 60817505                   /lib/x86_64-linux-gnu/libselinux.so.1
7f157fce8000-7f157fcea000 rw-p 00000000 00:00 0 
7f157fcea000-7f157fdfd000 r-xp 00000000 08:01 51386555                   /usr/lib/x86_64-linux-gnu/libglib-2.0.so.0.5600.3
7f157fdfd000-7f157fffd000 ---p 00113000 08:01 51386555                   /usr/lib/x86_64-linux-gnu/libglib-2.0.so.0.5600.3
7f157fffd000-7f157fffe000 r--p 00113000 08:01 51386555                   /usr/lib/x86_64-linux-gnu/libglib-2.0.so.0.5600.3
7f157fffe000-7f157ffff000 rw-p 00114000 08:01 51386555                   /usr/lib/x86_64-linux-gnu/libglib-2.0.so.0.5600.3
7f157ffff000-7f1580000000 rw-p 00000000 00:00 0 
7f1580000000-7f1580021000 rw-p 00000000 00:00 0 
7f1580021000-7f1584000000 ---p 00000000 00:00 0 
7f1584000000-7f1584021000 rw-p 00000000 00:00 0 
7f1584021000-7f1588000000 ---p 00000000 00:00 0 
7f1588000000-7f15884f2000 rw-p 00000000 00:00 0 
7f15884f2000-7f158c000000 ---p 00000000 00:00 0 
7f158c000000-7f158c021000 rw-p 00000000 00:00 0 
7f158c021000-7f1590000000 ---p 00000000 00:00 0 
7f1590000000-7f1590843000 rw-p 00000000 00:00 0 
7f1590843000-7f1594000000 ---p 00000000 00:00 0 
7f1594000000-7f1594d2f000 rw-p 00000000 00:00 0 
7f1594d2f000-7f1598000000 ---p 00000000 00:00 0 
7f1598000000-7f1598021000 rw-p 00000000 00:00 0 
7f1598021000-7f159c000000 ---p 00000000 00:00 0 
7f159c000000-7f159c021000 rw-p 00000000 00:00 0 
7f159c021000-7f15a0000000 ---p 00000000 00:00 0 
7f15a0000000-7f15a0002000 rw-s 00000000 00:19 1230                       /i915 (deleted)
7f15a0002000-7f15a0004000 rw-s 00000000 00:19 1229                       /i915 (deleted)
7f15a0004000-7f15a001b000 r-xp 00000000 08:01 60817448                   /lib/x86_64-linux-gnu/libresolv-2.27.so
7f15a001b000-7f15a021b000 ---p 00017000 08:01 60817448                   /lib/x86_64-linux-gnu/libresolv-2.27.so
7f15a021b000-7f15a021c000 r--p 00017000 08:01 60817448                   /lib/x86_64-linux-gnu/libresolv-2.27.so
7f15a021c000-7f15a021d000 rw-p 00018000 08:01 60817448                   /lib/x86_64-linux-gnu/libresolv-2.27.so
7f15a021d000-7f15a021f000 rw-p 00000000 00:00 0 
7f15a021f000-7f15a0222000 r-xp 00000000 08:01 51386556                   /usr/lib/x86_64-linux-gnu/libgmodule-2.0.so.0.5600.3
7f15a0222000-7f15a0421000 ---p 00003000 08:01 51386556                   /usr/lib/x86_64-linux-gnu/libgmodule-2.0.so.0.5600.3
7f15a0421000-7f15a0422000 r--p 00002000 08:01 51386556                   /usr/lib/x86_64-linux-gnu/libgmodule-2.0.so.0.5600.3
7f15a0422000-7f15a0423000 rw-p 00003000 08:01 51386556                   /usr/lib/x86_64-linux-gnu/libgmodule-2.0.so.0.5600.3
7f15a0423000-7f15a0475000 r-xp 00000000 08:01 51386557                   /usr/lib/x86_64-linux-gnu/libgobject-2.0.so.0.5600.3
7f15a0475000-7f15a0675000 ---p 00052000 08:01 51386557                   /usr/lib/x86_64-linux-gnu/libgobject-2.0.so.0.5600.3
7f15a0675000-7f15a0676000 r--p 00052000 08:01 51386557                   /usr/lib/x86_64-linux-gnu/libgobject-2.0.so.0.5600.3
7f15a0676000-7f15a0677000 rw-p 00053000 08:01 51386557                   /usr/lib/x86_64-linux-gnu/libgobject-2.0.so.0.5600.3
7f15a0677000-7f15a080c000 r-xp 00000000 08:01 51386553                   /usr/lib/x86_64-linux-gnu/libgio-2.0.so.0.5600.3
7f15a080c000-7f15a0a0c000 ---p 00195000 08:01 51386553                   /usr/lib/x86_64-linux-gnu/libgio-2.0.so.0.5600.3
7f15a0a0c000-7f15a0a13000 r--p 00195000 08:01 51386553                   /usr/lib/x86_64-linux-gnu/libgio-2.0.so.0.5600.3
7f15a0a13000-7f15a0a14000 rw-p 0019c000 08:01 51386553                   /usr/lib/x86_64-linux-gnu/libgio-2.0.so.0.5600.3
7f15a0a14000-7f15a0a16000 rw-p 00000000 00:00 0 
7f15a0a16000-7f15a0a20000 r-xp 00000000 08:01 51388228                   /usr/lib/x86_64-linux-gnu/libXrandr.so.2.2.0
7f15a0a20000-7f15a0c1f000 ---p 0000a000 08:01 51388228                   /usr/lib/x86_64-linux-gnu/libXrandr.so.2.2.0
7f15a0c1f000-7f15a0c20000 r--p 00009000 08:01 51388228                   /usr/lib/x86_64-linux-gnu/libXrandr.so.2.2.0
7f15a0c20000-7f15a0c21000 rw-p 0000a000 08:01 51388228                   /usr/lib/x86_64-linux-gnu/libXrandr.so.2.2.0
7f15a0c21000-7f15a0c52000 r-xp 00000000 08:01 51387552                   /usr/lib/x86_64-linux-gnu/libpng16.so.16.34.0
7f15a0c52000-7f15a0e51000 ---p 00031000 08:01 51387552                   /usr/lib/x86_64-linux-gnu/libpng16.so.16.34.0
7f15a0e51000-7f15a0e52000 r--p 00030000 08:01 51387552                   /usr/lib/x86_64-linux-gnu/libpng16.so.16.34.0
7f15a0e52000-7f15a0e53000 rw-p 00031000 08:01 51387552                   /usr/lib/x86_64-linux-gnu/libpng16.so.16.34.0
7f15a0e53000-7f15a0f00000 r-xp 00000000 08:01 51381944                   /usr/lib/x86_64-linux-gnu/libfreetype.so.6.15.0
7f15a0f00000-7f15a10ff000 ---p 000ad000 08:01 51381944                   /usr/lib/x86_64-linux-gnu/libfreetype.so.6.15.0
7f15a10ff000-7f15a1106000 r--p 000ac000 08:01 51381944                   /usr/lib/x86_64-linux-gnu/libfreetype.so.6.15.0
7f15a1106000-7f15a1107000 rw-p 000b3000 08:01 51381944                   /usr/lib/x86_64-linux-gnu/libfreetype.so.6.15.0
7f15a1107000-7f15a119c000 r-xp 00000000 08:01 54788638                   /usr/lib/jvm/java-11-openjdk-amd64/lib/libfontmanager.so
7f15a119c000-7f15a139c000 ---p 00095000 08:01 54788638                   /usr/lib/jvm/java-11-openjdk-amd64/lib/libfontmanager.so
7f15a139c000-7f15a139d000 r--p 00095000 08:01 54788638                   /usr/lib/jvm/java-11-openjdk-amd64/lib/libfontmanager.so
7f15a139d000-7f15a139e000 rw-p 00096000 08:01 54788638                   /usr/lib/jvm/java-11-openjdk-amd64/lib/libfontmanager.so
7f15a139e000-7f15a159f000 rw-p 00000000 00:00 0 
7f15a159f000-7f15a15b2000 r-xp 00000000 08:01 60817972                   /lib/x86_64-linux-gnu/libbsd.so.0.8.7
7f15a15b2000-7f15a17b1000 ---p 00013000 08:01 60817972                   /lib/x86_64-linux-gnu/libbsd.so.0.8.7
7f15a17b1000-7f15a17b2000 r--p 00012000 08:01 60817972                   /lib/x86_64-linux-gnu/libbsd.so.0.8.7
7f15a17b2000-7f15a17b3000 rw-p 00013000 08:01 60817972                   /lib/x86_64-linux-gnu/libbsd.so.0.8.7
7f15a17b3000-7f15a17b4000 rw-p 00000000 00:00 0 
7f15a17b4000-7f15a17b9000 r-xp 00000000 08:01 51385736                   /usr/lib/x86_64-linux-gnu/libXdmcp.so.6.0.0
7f15a17b9000-7f15a19b8000 ---p 00005000 08:01 51385736                   /usr/lib/x86_64-linux-gnu/libXdmcp.so.6.0.0
7f15a19b8000-7f15a19b9000 r--p 00004000 08:01 51385736                   /usr/lib/x86_64-linux-gnu/libXdmcp.so.6.0.0
7f15a19b9000-7f15a19ba000 rw-p 00005000 08:01 51385736                   /usr/lib/x86_64-linux-gnu/libXdmcp.so.6.0.0
7f15a19ba000-7f15a19bc000 r-xp 00000000 08:01 51385734                   /usr/lib/x86_64-linux-gnu/libXau.so.6.0.0
7f15a19bc000-7f15a1bbc000 ---p 00002000 08:01 51385734                   /usr/lib/x86_64-linux-gnu/libXau.so.6.0.0
7f15a1bbc000-7f15a1bbd000 r--p 00002000 08:01 51385734                   /usr/lib/x86_64-linux-gnu/libXau.so.6.0.0
7f15a1bbd000-7f15a1bbe000 rw-p 00003000 08:01 51385734                   /usr/lib/x86_64-linux-gnu/libXau.so.6.0.0
7f15a1bbe000-7f15a1be4000 r-xp 00000000 08:01 51385738                   /usr/lib/x86_64-linux-gnu/libxcb.so.1.1.0
7f15a1be4000-7f15a1de4000 ---p 00026000 08:01 51385738                   /usr/lib/x86_64-linux-gnu/libxcb.so.1.1.0
7f15a1de4000-7f15a1de5000 r--p 00026000 08:01 51385738                   /usr/lib/x86_64-linux-gnu/libxcb.so.1.1.0
7f15a1de5000-7f15a1de6000 rw-p 00027000 08:01 51385738                   /usr/lib/x86_64-linux-gnu/libxcb.so.1.1.0
7f15a1de6000-7f15a1df5000 r-xp 00000000 08:01 51388222                   /usr/lib/x86_64-linux-gnu/libXi.so.6.1.0
7f15a1df5000-7f15a1ff4000 ---p 0000f000 08:01 51388222                   /usr/lib/x86_64-linux-gnu/libXi.so.6.1.0
7f15a1ff4000-7f15a1ff5000 r--p 0000e000 08:01 51388222                   /usr/lib/x86_64-linux-gnu/libXi.so.6.1.0
7f15a1ff5000-7f15a1ff6000 rw-p 0000f000 08:01 51388222                   /usr/lib/x86_64-linux-gnu/libXi.so.6.1.0
7f15a1ff6000-7f15a1ffb000 r-xp 00000000 08:01 51389028                   /usr/lib/x86_64-linux-gnu/libXtst.so.6.1.0
7f15a1ffb000-7f15a21fa000 ---p 00005000 08:01 51389028                   /usr/lib/x86_64-linux-gnu/libXtst.so.6.1.0
7f15a21fa000-7f15a21fb000 r--p 00004000 08:01 51389028                   /usr/lib/x86_64-linux-gnu/libXtst.so.6.1.0
7f15a21fb000-7f15a21fc000 rw-p 00005000 08:01 51389028                   /usr/lib/x86_64-linux-gnu/libXtst.so.6.1.0
7f15a21fc000-7f15a2205000 r-xp 00000000 08:01 51388142                   /usr/lib/x86_64-linux-gnu/libXrender.so.1.3.0
7f15a2205000-7f15a2404000 ---p 00009000 08:01 51388142                   /usr/lib/x86_64-linux-gnu/libXrender.so.1.3.0
7f15a2404000-7f15a2405000 r--p 00008000 08:01 51388142                   /usr/lib/x86_64-linux-gnu/libXrender.so.1.3.0
7f15a2405000-7f15a2406000 rw-p 00009000 08:01 51388142                   /usr/lib/x86_64-linux-gnu/libXrender.so.1.3.0
7f15a2406000-7f15a2539000 r-xp 00000000 08:01 51386460                   /usr/lib/x86_64-linux-gnu/libX11.so.6.3.0
7f15a2539000-7f15a2739000 ---p 00133000 08:01 51386460                   /usr/lib/x86_64-linux-gnu/libX11.so.6.3.0
7f15a2739000-7f15a273a000 r--p 00133000 08:01 51386460                   /usr/lib/x86_64-linux-gnu/libX11.so.6.3.0
7f15a273a000-7f15a273e000 rw-p 00134000 08:01 51386460                   /usr/lib/x86_64-linux-gnu/libX11.so.6.3.0
7f15a273e000-7f15a274f000 r-xp 00000000 08:01 51386463                   /usr/lib/x86_64-linux-gnu/libXext.so.6.4.0
7f15a274f000-7f15a294e000 ---p 00011000 08:01 51386463                   /usr/lib/x86_64-linux-gnu/libXext.so.6.4.0
7f15a294e000-7f15a294f000 r--p 00010000 08:01 51386463                   /usr/lib/x86_64-linux-gnu/libXext.so.6.4.0
7f15a294f000-7f15a2950000 rw-p 00011000 08:01 51386463                   /usr/lib/x86_64-linux-gnu/libXext.so.6.4.0
7f15a2950000-7f15a29af000 r-xp 00000000 08:01 54788635                   /usr/lib/jvm/java-11-openjdk-amd64/lib/libawt_xawt.so
7f15a29af000-7f15a2bae000 ---p 0005f000 08:01 54788635                   /usr/lib/jvm/java-11-openjdk-amd64/lib/libawt_xawt.so
7f15a2bae000-7f15a2baf000 r--p 0005e000 08:01 54788635                   /usr/lib/jvm/java-11-openjdk-amd64/lib/libawt_xawt.so
7f15a2baf000-7f15a2bb2000 rw-p 0005f000 08:01 54788635                   /usr/lib/jvm/java-11-openjdk-amd64/lib/libawt_xawt.so
7f15a2bb2000-7f15a2bb4000 rw-p 00000000 00:00 0 
7f15a2bb4000-7f15a2c54000 r-xp 00000000 08:01 54788633                   /usr/lib/jvm/java-11-openjdk-amd64/lib/libawt.so
7f15a2c54000-7f15a2e54000 ---p 000a0000 08:01 54788633                   /usr/lib/jvm/java-11-openjdk-amd64/lib/libawt.so
7f15a2e54000-7f15a2e55000 r--p 000a0000 08:01 54788633                   /usr/lib/jvm/java-11-openjdk-amd64/lib/libawt.so
7f15a2e55000-7f15a2e60000 rw-p 000a1000 08:01 54788633                   /usr/lib/jvm/java-11-openjdk-amd64/lib/libawt.so
7f15a2e60000-7f15a2e85000 rw-p 00000000 00:00 0 
7f15a2e85000-7f15a2ebd000 r-xp 00000000 08:01 23330874                   /tmp/libgdxmatthew/b793cc16/libgdx64.so
7f15a2ebd000-7f15a30bc000 ---p 00038000 08:01 23330874                   /tmp/libgdxmatthew/b793cc16/libgdx64.so
7f15a30bc000-7f15a30bd000 r--p 00037000 08:01 23330874                   /tmp/libgdxmatthew/b793cc16/libgdx64.so
7f15a30bd000-7f15a30be000 rw-p 00038000 08:01 23330874                   /tmp/libgdxmatthew/b793cc16/libgdx64.so
7f15a30be000-7f15a30ef000 rw-p 00000000 00:00 0 
7f15a30ef000-7f15a3106000 r-xp 00000000 08:01 54788656                   /usr/lib/jvm/java-11-openjdk-amd64/lib/libnet.so
7f15a3106000-7f15a3305000 ---p 00017000 08:01 54788656                   /usr/lib/jvm/java-11-openjdk-amd64/lib/libnet.so
7f15a3305000-7f15a3306000 r--p 00016000 08:01 54788656                   /usr/lib/jvm/java-11-openjdk-amd64/lib/libnet.so
7f15a3306000-7f15a3307000 rw-p 00017000 08:01 54788656                   /usr/lib/jvm/java-11-openjdk-amd64/lib/libnet.so
7f15a3307000-7f15a3318000 r-xp 00000000 08:01 54788657                   /usr/lib/jvm/java-11-openjdk-amd64/lib/libnio.so
7f15a3318000-7f15a3517000 ---p 00011000 08:01 54788657                   /usr/lib/jvm/java-11-openjdk-amd64/lib/libnio.so
7f15a3517000-7f15a3518000 r--p 00010000 08:01 54788657                   /usr/lib/jvm/java-11-openjdk-amd64/lib/libnio.so
7f15a3518000-7f15a3519000 rw-p 00011000 08:01 54788657                   /usr/lib/jvm/java-11-openjdk-amd64/lib/libnio.so
7f15a3519000-7f15a351d000 ---p 00000000 00:00 0 
7f15a351d000-7f15a361a000 rw-p 00000000 00:00 0 
7f15a361a000-7f15a361b000 ---p 00000000 00:00 0 
7f15a361b000-7f15a371c000 rw-p 00000000 00:00 0 
7f15a371c000-7f15a3720000 ---p 00000000 00:00 0 
7f15a3720000-7f15a381d000 rw-p 00000000 00:00 0 
7f15a381d000-7f15a3821000 ---p 00000000 00:00 0 
7f15a3821000-7f15a391e000 rw-p 00000000 00:00 0 
7f15a391e000-7f15a3922000 ---p 00000000 00:00 0 
7f15a3922000-7f15a3a1f000 rw-p 00000000 00:00 0 
7f15a3a1f000-7f15a3a23000 ---p 00000000 00:00 0 
7f15a3a23000-7f15a3b20000 rw-p 00000000 00:00 0 
7f15a3b20000-7f15a3b24000 ---p 00000000 00:00 0 
7f15a3b24000-7f15a3c21000 rw-p 00000000 00:00 0 
7f15a3c21000-7f15a3c25000 ---p 00000000 00:00 0 
7f15a3c25000-7f15a3d22000 rw-p 00000000 00:00 0 
7f15a3d22000-7f15a4000000 r--p 00000000 08:01 51380246                   /usr/lib/locale/locale-archive
7f15a4000000-7f15a406a000 rw-p 00000000 00:00 0 
7f15a406a000-7f15a8000000 ---p 00000000 00:00 0 
7f15a8000000-7f15a8021000 rw-p 00000000 00:00 0 
7f15a8021000-7f15ac000000 ---p 00000000 00:00 0 
7f15ac000000-7f15ac021000 rw-p 00000000 00:00 0 
7f15ac021000-7f15b0000000 ---p 00000000 00:00 0 
7f15b0000000-7f15b0021000 rw-p 00000000 00:00 0 
7f15b0021000-7f15b4000000 ---p 00000000 00:00 0 
7f15b4000000-7f15b4021000 rw-p 00000000 00:00 0 
7f15b4021000-7f15b8000000 ---p 00000000 00:00 0 
7f15b8000000-7f15b8021000 rw-p 00000000 00:00 0 
7f15b8021000-7f15bc000000 ---p 00000000 00:00 0 
7f15bc000000-7f15bc021000 rw-p 00000000 00:00 0 
7f15bc021000-7f15c0000000 ---p 00000000 00:00 0 
7f15c0000000-7f15c0021000 rw-p 00000000 00:00 0 
7f15c0021000-7f15c4000000 ---p 00000000 00:00 0 
7f15c4000000-7f15c4021000 rw-p 00000000 00:00 0 
7f15c4021000-7f15c8000000 ---p 00000000 00:00 0 
7f15c8000000-7f15c8021000 rw-p 00000000 00:00 0 
7f15c8021000-7f15cc000000 ---p 00000000 00:00 0 
7f15cc000000-7f15cc002000 rw-s 00000000 00:19 1149                       /i915 (deleted)
7f15cc002000-7f15cc02f000 r--p 00000000 08:01 51514325                   /usr/share/glib-2.0/schemas/gschemas.compiled
7f15cc02f000-7f15cc033000 ---p 00000000 00:00 0 
7f15cc033000-7f15ce320000 rw-p 00000000 00:00 0 
7f15ce320000-7f15d0000000 ---p 00000000 00:00 0 
7f15d0000000-7f15d0021000 rw-p 00000000 00:00 0 
7f15d0021000-7f15d4000000 ---p 00000000 00:00 0 
7f15d4000000-7f15d4021000 rw-p 00000000 00:00 0 
7f15d4021000-7f15d8000000 ---p 00000000 00:00 0 
7f15d8000000-7f15d8021000 rw-p 00000000 00:00 0 
7f15d8021000-7f15dc000000 ---p 00000000 00:00 0 
7f15dc000000-7f15dc002000 rw-s 00000000 00:19 1148                       /i915 (deleted)
7f15dc002000-7f15dc004000 rw-s 00000000 00:19 1044                       /i915 (deleted)
7f15dc004000-7f15dc006000 rw-s 00000000 00:19 1035                       /i915 (deleted)
7f15dc006000-7f15dc008000 rw-s 00000000 00:19 1028                       /i915 (deleted)
7f15dc008000-7f15dc018000 rw-s 00000000 00:19 1263                       /i915 (deleted)
7f15dc018000-7f15dc01c000 ---p 00000000 00:00 0 
7f15dc01c000-7f15dc119000 rw-p 00000000 00:00 0 
7f15dc119000-7f15dc11a000 ---p 00000000 00:00 0 
7f15dc11a000-7f15dca91000 rw-p 00000000 00:00 0 
7f15dca91000-7f15dca92000 ---p 00000000 00:00 0 
7f15dca92000-7f15dcb93000 rw-p 00000000 00:00 0 
7f15dcb93000-7f15dcb94000 ---p 00000000 00:00 0 
7f15dcb94000-7f15dcc95000 rw-p 00000000 00:00 0 
7f15dcc95000-7f15dcc96000 ---p 00000000 00:00 0 
7f15dcc96000-7f15dcd97000 rw-p 00000000 00:00 0 
7f15dcd97000-7f15dcd98000 ---p 00000000 00:00 0 
7f15dcd98000-7f15dce99000 rw-p 00000000 00:00 0 
7f15dce99000-7f15dce9a000 ---p 00000000 00:00 0 
7f15dce9a000-7f15dd39f000 rw-p 00000000 00:00 0 
7f15dd39f000-7f15dd3a0000 ---p 00000000 00:00 0 
7f15dd3a0000-7f15dd691000 rw-p 00000000 00:00 0 
7f15dd691000-7f15df371000 ---p 00000000 00:00 0 
7f15df371000-7f15df3af000 rw-p 00000000 00:00 0 
7f15df3af000-7f15df74b000 ---p 00000000 00:00 0 
7f15df74b000-7f15df789000 rw-p 00000000 00:00 0 
7f15df789000-7f15dfb25000 ---p 00000000 00:00 0 
7f15dfb25000-7f15dfd95000 rwxp 00000000 00:00 0 
7f15dfd95000-7f15e00b5000 ---p 00000000 00:00 0 
7f15e00b5000-7f15e0455000 rwxp 00000000 00:00 0 
7f15e0455000-7f15e75ed000 ---p 00000000 00:00 0 
7f15e75ed000-7f15e785d000 rwxp 00000000 00:00 0 
7f15e785d000-7f15eeb25000 ---p 00000000 00:00 0 
7f15eeb25000-7f15f8000000 r--s 00000000 08:01 54788880                   /usr/lib/jvm/java-11-openjdk-amd64/lib/modules
7f15f8000000-7f15f85f0000 rw-p 00000000 00:00 0 
7f15f85f0000-7f15fc000000 ---p 00000000 00:00 0 
7f15fc000000-7f15fc001000 rw-s 00000000 00:19 158                        /i915 (deleted)
7f15fc001000-7f15fc003000 rw-s 00000000 00:19 1026                       /i915 (deleted)
7f15fc003000-7f15fc005000 rw-s 00000000 00:19 1010                       /i915 (deleted)
7f15fc005000-7f15fc007000 rw-s 00000000 00:19 1008                       /i915 (deleted)
7f15fc007000-7f15fc009000 rw-s 00000000 00:19 1041                       /i915 (deleted)
7f15fc009000-7f15fc00a000 rw-s 1006a5000 00:06 386                       /dev/dri/card0
7f15fc00a000-7f15fc00c000 rw-s 00000000 00:19 1015                       /i915 (deleted)
7f15fc00c000-7f15fc00e000 rw-s 00000000 00:19 1159                       /i915 (deleted)
7f15fc00e000-7f15fc012000 rw-s 00000000 00:19 1189                       /i915 (deleted)
7f15fc012000-7f15fc095000 rw-p 00000000 00:00 0 
7f15fc095000-7f15fc096000 ---p 00000000 00:00 0 
7f15fc096000-7f15fc1d5000 rw-p 00000000 00:00 0 
7f15fc1d5000-7f15fc571000 ---p 00000000 00:00 0 
7f15fc571000-7f15fc975000 rw-p 00000000 00:00 0 
7f15fc975000-7f15fc976000 ---p 00000000 00:00 0 
7f15fc976000-7f15fca77000 rw-p 00000000 00:00 0 
7f15fca77000-7f15fca78000 ---p 00000000 00:00 0 
7f15fca78000-7f15fcb79000 rw-p 00000000 00:00 0 
7f15fcb79000-7f15fcb7a000 ---p 00000000 00:00 0 
7f15fcb7a000-7f15fcc7b000 rw-p 00000000 00:00 0 
7f15fcc7b000-7f15fcc7c000 ---p 00000000 00:00 0 
7f15fcc7c000-7f15fcd82000 rw-p 00000000 00:00 0 
7f15fcd82000-7f15fce68000 ---p 00000000 00:00 0 
7f15fce68000-7f15fce70000 rw-p 00000000 00:00 0 
7f15fce70000-7f15fcf53000 ---p 00000000 00:00 0 
7f15fcf53000-7f15fcf58000 r-xp 00000000 08:01 54788648                   /usr/lib/jvm/java-11-openjdk-amd64/lib/libjimage.so
7f15fcf58000-7f15fd157000 ---p 00005000 08:01 54788648                   /usr/lib/jvm/java-11-openjdk-amd64/lib/libjimage.so
7f15fd157000-7f15fd158000 r--p 00004000 08:01 54788648                   /usr/lib/jvm/java-11-openjdk-amd64/lib/libjimage.so
7f15fd158000-7f15fd159000 rw-p 00005000 08:01 54788648                   /usr/lib/jvm/java-11-openjdk-amd64/lib/libjimage.so
7f15fd159000-7f15fd160000 r-xp 00000000 08:01 54788879                   /usr/lib/jvm/java-11-openjdk-amd64/lib/libzip.so
7f15fd160000-7f15fd35f000 ---p 00007000 08:01 54788879                   /usr/lib/jvm/java-11-openjdk-amd64/lib/libzip.so
7f15fd35f000-7f15fd360000 r--p 00006000 08:01 54788879                   /usr/lib/jvm/java-11-openjdk-amd64/lib/libzip.so
7f15fd360000-7f15fd361000 rw-p 00007000 08:01 54788879                   /usr/lib/jvm/java-11-openjdk-amd64/lib/libzip.so
7f15fd361000-7f15fd36c000 r-xp 00000000 08:01 60817442                   /lib/x86_64-linux-gnu/libnss_files-2.27.so
7f15fd36c000-7f15fd56b000 ---p 0000b000 08:01 60817442                   /lib/x86_64-linux-gnu/libnss_files-2.27.so
7f15fd56b000-7f15fd56c000 r--p 0000a000 08:01 60817442                   /lib/x86_64-linux-gnu/libnss_files-2.27.so
7f15fd56c000-7f15fd56d000 rw-p 0000b000 08:01 60817442                   /lib/x86_64-linux-gnu/libnss_files-2.27.so
7f15fd56d000-7f15fd573000 rw-p 00000000 00:00 0 
7f15fd573000-7f15fd58a000 r-xp 00000000 08:01 60817439                   /lib/x86_64-linux-gnu/libnsl-2.27.so
7f15fd58a000-7f15fd789000 ---p 00017000 08:01 60817439                   /lib/x86_64-linux-gnu/libnsl-2.27.so
7f15fd789000-7f15fd78a000 r--p 00016000 08:01 60817439                   /lib/x86_64-linux-gnu/libnsl-2.27.so
7f15fd78a000-7f15fd78b000 rw-p 00017000 08:01 60817439                   /lib/x86_64-linux-gnu/libnsl-2.27.so
7f15fd78b000-7f15fd78d000 rw-p 00000000 00:00 0 
7f15fd78d000-7f15fd798000 r-xp 00000000 08:01 60817444                   /lib/x86_64-linux-gnu/libnss_nis-2.27.so
7f15fd798000-7f15fd997000 ---p 0000b000 08:01 60817444                   /lib/x86_64-linux-gnu/libnss_nis-2.27.so
7f15fd997000-7f15fd998000 r--p 0000a000 08:01 60817444                   /lib/x86_64-linux-gnu/libnss_nis-2.27.so
7f15fd998000-7f15fd999000 rw-p 0000b000 08:01 60817444                   /lib/x86_64-linux-gnu/libnss_nis-2.27.so
7f15fd999000-7f15fd9a1000 r-xp 00000000 08:01 60817440                   /lib/x86_64-linux-gnu/libnss_compat-2.27.so
7f15fd9a1000-7f15fdba1000 ---p 00008000 08:01 60817440                   /lib/x86_64-linux-gnu/libnss_compat-2.27.so
7f15fdba1000-7f15fdba2000 r--p 00008000 08:01 60817440                   /lib/x86_64-linux-gnu/libnss_compat-2.27.so
7f15fdba2000-7f15fdba3000 rw-p 00009000 08:01 60817440                   /lib/x86_64-linux-gnu/libnss_compat-2.27.so
7f15fdba3000-7f15fdbcf000 r-xp 00000000 08:01 54788644                   /usr/lib/jvm/java-11-openjdk-amd64/lib/libjava.so
7f15fdbcf000-7f15fddce000 ---p 0002c000 08:01 54788644                   /usr/lib/jvm/java-11-openjdk-amd64/lib/libjava.so
7f15fddce000-7f15fddcf000 r--p 0002b000 08:01 54788644                   /usr/lib/jvm/java-11-openjdk-amd64/lib/libjava.so
7f15fddcf000-7f15fddd1000 rw-p 0002c000 08:01 54788644                   /usr/lib/jvm/java-11-openjdk-amd64/lib/libjava.so
7f15fddd1000-7f15fddde000 r-xp 00000000 08:01 54788878                   /usr/lib/jvm/java-11-openjdk-amd64/lib/libverify.so
7f15fddde000-7f15fdfdd000 ---p 0000d000 08:01 54788878                   /usr/lib/jvm/java-11-openjdk-amd64/lib/libverify.so
7f15fdfdd000-7f15fdfdf000 r--p 0000c000 08:01 54788878                   /usr/lib/jvm/java-11-openjdk-amd64/lib/libverify.so
7f15fdfdf000-7f15fdfe0000 rw-p 0000e000 08:01 54788878                   /usr/lib/jvm/java-11-openjdk-amd64/lib/libverify.so
7f15fdfe0000-7f15fdfe7000 r-xp 00000000 08:01 60817449                   /lib/x86_64-linux-gnu/librt-2.27.so
7f15fdfe7000-7f15fe1e6000 ---p 00007000 08:01 60817449                   /lib/x86_64-linux-gnu/librt-2.27.so
7f15fe1e6000-7f15fe1e7000 r--p 00006000 08:01 60817449                   /lib/x86_64-linux-gnu/librt-2.27.so
7f15fe1e7000-7f15fe1e8000 rw-p 00007000 08:01 60817449                   /lib/x86_64-linux-gnu/librt-2.27.so
7f15fe1e8000-7f15fe1ff000 r-xp 00000000 08:01 60817522                   /lib/x86_64-linux-gnu/libgcc_s.so.1
7f15fe1ff000-7f15fe3fe000 ---p 00017000 08:01 60817522                   /lib/x86_64-linux-gnu/libgcc_s.so.1
7f15fe3fe000-7f15fe3ff000 r--p 00016000 08:01 60817522                   /lib/x86_64-linux-gnu/libgcc_s.so.1
7f15fe3ff000-7f15fe400000 rw-p 00017000 08:01 60817522                   /lib/x86_64-linux-gnu/libgcc_s.so.1
7f15fe400000-7f15fe59d000 r-xp 00000000 08:01 60817436                   /lib/x86_64-linux-gnu/libm-2.27.so
7f15fe59d000-7f15fe79c000 ---p 0019d000 08:01 60817436                   /lib/x86_64-linux-gnu/libm-2.27.so
7f15fe79c000-7f15fe79d000 r--p 0019c000 08:01 60817436                   /lib/x86_64-linux-gnu/libm-2.27.so
7f15fe79d000-7f15fe79e000 rw-p 0019d000 08:01 60817436                   /lib/x86_64-linux-gnu/libm-2.27.so
7f15fe79e000-7f15fe917000 r-xp 00000000 08:01 51380837                   /usr/lib/x86_64-linux-gnu/libstdc++.so.6.0.25
7f15fe917000-7f15feb17000 ---p 00179000 08:01 51380837                   /usr/lib/x86_64-linux-gnu/libstdc++.so.6.0.25
7f15feb17000-7f15feb21000 r--p 00179000 08:01 51380837                   /usr/lib/x86_64-linux-gnu/libstdc++.so.6.0.25
7f15feb21000-7f15feb23000 rw-p 00183000 08:01 51380837                   /usr/lib/x86_64-linux-gnu/libstdc++.so.6.0.25
7f15feb23000-7f15feb27000 rw-p 00000000 00:00 0 
7f15feb27000-7f15ffac4000 r-xp 00000000 08:01 54788883                   /usr/lib/jvm/java-11-openjdk-amd64/lib/server/libjvm.so
7f15ffac4000-7f15ffcc4000 ---p 00f9d000 08:01 54788883                   /usr/lib/jvm/java-11-openjdk-amd64/lib/server/libjvm.so
7f15ffcc4000-7f15ffd88000 r--p 00f9d000 08:01 54788883                   /usr/lib/jvm/java-11-openjdk-amd64/lib/server/libjvm.so
7f15ffd88000-7f15ffdc0000 rw-p 01061000 08:01 54788883                   /usr/lib/jvm/java-11-openjdk-amd64/lib/server/libjvm.so
7f15ffdc0000-7f15ffe09000 rw-p 00000000 00:00 0 
7f15ffe09000-7f15ffe23000 r-xp 00000000 08:01 60817447                   /lib/x86_64-linux-gnu/libpthread-2.27.so
7f15ffe23000-7f1600022000 ---p 0001a000 08:01 60817447                   /lib/x86_64-linux-gnu/libpthread-2.27.so
7f1600022000-7f1600023000 r--p 00019000 08:01 60817447                   /lib/x86_64-linux-gnu/libpthread-2.27.so
7f1600023000-7f1600024000 rw-p 0001a000 08:01 60817447                   /lib/x86_64-linux-gnu/libpthread-2.27.so
7f1600024000-7f1600028000 rw-p 00000000 00:00 0 
7f1600028000-7f160002b000 r-xp 00000000 08:01 60817435                   /lib/x86_64-linux-gnu/libdl-2.27.so
7f160002b000-7f160022a000 ---p 00003000 08:01 60817435                   /lib/x86_64-linux-gnu/libdl-2.27.so
7f160022a000-7f160022b000 r--p 00002000 08:01 60817435                   /lib/x86_64-linux-gnu/libdl-2.27.so
7f160022b000-7f160022c000 rw-p 00003000 08:01 60817435                   /lib/x86_64-linux-gnu/libdl-2.27.so
7f160022c000-7f1600248000 r-xp 00000000 08:01 60817575                   /lib/x86_64-linux-gnu/libz.so.1.2.11
7f1600248000-7f1600447000 ---p 0001c000 08:01 60817575                   /lib/x86_64-linux-gnu/libz.so.1.2.11
7f1600447000-7f1600448000 r--p 0001b000 08:01 60817575                   /lib/x86_64-linux-gnu/libz.so.1.2.11
7f1600448000-7f1600449000 rw-p 0001c000 08:01 60817575                   /lib/x86_64-linux-gnu/libz.so.1.2.11
7f1600449000-7f1600630000 r-xp 00000000 08:01 60817432                   /lib/x86_64-linux-gnu/libc-2.27.so
7f1600630000-7f1600830000 ---p 001e7000 08:01 60817432                   /lib/x86_64-linux-gnu/libc-2.27.so
7f1600830000-7f1600834000 r--p 001e7000 08:01 60817432                   /lib/x86_64-linux-gnu/libc-2.27.so
7f1600834000-7f1600836000 rw-p 001eb000 08:01 60817432                   /lib/x86_64-linux-gnu/libc-2.27.so
7f1600836000-7f160083a000 rw-p 00000000 00:00 0 
7f160083a000-7f1600849000 r-xp 00000000 08:01 54788629                   /usr/lib/jvm/java-11-openjdk-amd64/lib/jli/libjli.so
7f1600849000-7f1600a48000 ---p 0000f000 08:01 54788629                   /usr/lib/jvm/java-11-openjdk-amd64/lib/jli/libjli.so
7f1600a48000-7f1600a49000 r--p 0000e000 08:01 54788629                   /usr/lib/jvm/java-11-openjdk-amd64/lib/jli/libjli.so
7f1600a49000-7f1600a4a000 rw-p 0000f000 08:01 54788629                   /usr/lib/jvm/java-11-openjdk-amd64/lib/jli/libjli.so
7f1600a4a000-7f1600a71000 r-xp 00000000 08:01 60817423                   /lib/x86_64-linux-gnu/ld-2.27.so
7f1600a71000-7f1600a72000 rw-s 00000000 00:05 1049589                    /memfd:xshmfence (deleted)
7f1600a72000-7f1600a77000 rw-s 00000000 00:19 1167                       /i915 (deleted)
7f1600a77000-7f1600a78000 rw-s 00000000 00:05 1049658                    /memfd:xshmfence (deleted)
7f1600a78000-7f1600a79000 rwxp 00000000 00:00 0 
7f1600a79000-7f1600a7d000 rw-s 00000000 00:19 1090                       /i915 (deleted)
7f1600a7d000-7f1600a81000 rw-s 00000000 00:19 1075                       /i915 (deleted)
7f1600a81000-7f1600a86000 rw-s 00000000 00:19 1074                       /i915 (deleted)
7f1600a86000-7f1600a87000 r--p 00000000 08:01 53216899                   /usr/share/locale-langpack/en_GB/LC_MESSAGES/pulseaudio.mo
7f1600a87000-7f1600a8e000 r--s 00000000 08:01 51382746                   /usr/lib/x86_64-linux-gnu/gconv/gconv-modules.cache
7f1600a8e000-7f1600a93000 r--p 00000000 08:01 50861575                   /home/matthew/.config/dconf/user
7f1600a93000-7f1600b51000 rw-p 00000000 00:00 0 
7f1600b51000-7f1600b55000 ---p 00000000 00:00 0 
7f1600b55000-7f1600c54000 rw-p 00000000 00:00 0 
7f1600c54000-7f1600c55000 r--s 00000000 00:35 50                         /run/user/1000/dconf/user
7f1600c55000-7f1600c57000 r--p 00000000 08:01 53218476                   /usr/share/locale-langpack/en_GB/LC_MESSAGES/glib20.mo
7f1600c57000-7f1600c58000 r--p 00000000 08:01 53216847                   /usr/share/locale-langpack/en_GB/LC_MESSAGES/libc.mo
7f1600c58000-7f1600c5e000 rw-p 00000000 00:00 0 
7f1600c5e000-7f1600c65000 ---p 00000000 00:00 0 
7f1600c65000-7f1600c6d000 rw-s 00000000 08:01 23330863                   /tmp/hsperfdata_matthew/8052
7f1600c6d000-7f1600c6e000 ---p 00000000 00:00 0 
7f1600c6e000-7f1600c6f000 r--p 00000000 00:00 0 
7f1600c6f000-7f1600c71000 rw-p 00000000 00:00 0 
7f1600c71000-7f1600c72000 r--p 00027000 08:01 60817423                   /lib/x86_64-linux-gnu/ld-2.27.so
7f1600c72000-7f1600c73000 rw-p 00028000 08:01 60817423                   /lib/x86_64-linux-gnu/ld-2.27.so
7f1600c73000-7f1600c74000 rw-p 00000000 00:00 0 
7ffc71107000-7ffc71129000 rw-p 00000000 00:00 0                          [stack]
7ffc7118c000-7ffc7118f000 r--p 00000000 00:00 0                          [vvar]
7ffc7118f000-7ffc71191000 r-xp 00000000 00:00 0                          [vdso]
ffffffffff600000-ffffffffff601000 r-xp 00000000 00:00 0                  [vsyscall]


VM Arguments:
jvm_args: -Dfile.encoding=UTF-8 
java_command: com.geeselightning.zepr.desktop.DesktopLauncher
java_class_path (initial): /home/matthew/Documents/CS/SEPR/Game/Assessment3/zepr/desktop/bin/main:/home/matthew/Documents/CS/SEPR/Game/Assessment3/zepr/core/bin/default:/home/matthew/Documents/CS/SEPR/Game/Assessment3/zepr/core/bin/main:/home/matthew/.gradle/caches/modules-2/files-2.1/com.badlogicgames.gdx/gdx-backend-lwjgl/1.9.8/b7c138f14ed67ad830ae7597da3d86ae02b20eee/gdx-backend-lwjgl-1.9.8.jar:/home/matthew/.gradle/caches/modules-2/files-2.1/com.badlogicgames.gdx/gdx-platform/1.9.8/604a2ef2c7c92a5900114757cbd3fb4dcbb8270c/gdx-platform-1.9.8-natives-desktop.jar:/home/matthew/.gradle/caches/modules-2/files-2.1/com.badlogicgames.gdx/gdx-box2d-platform/1.9.8/3195b56f82751d7cd7de85edb6824d17bf479781/gdx-box2d-platform-1.9.8-natives-desktop.jar:/home/matthew/.gradle/caches/modules-2/files-2.1/com.badlogicgames.gdx/gdx-box2d/1.9.8/6f0497b7958216464101adfb7bdc3a0f7b88d6d3/gdx-box2d-1.9.8.jar:/home/matthew/.gradle/caches/modules-2/files-2.1/com.badlogicgames.gdx/gdx/1.9.8/a35a0076fbce873f9c2d5a1a1c8066244231bb3c/gdx-1.9.8.jar:/home/matthew/.gradle/caches/modules-2/files-2.1/org.lwjgl.lwjgl/lwjgl_util/2.9.2/4b9e37300a87799856e0bd15ed81663cdb6b0947/lwjgl_util-2.9.2.jar:/home/matthew/.gradle/caches/modules-2/files-2.1/org.lwjgl.lwjgl/lwjgl/2.9.2/a9d80fe5935c7a9149f6584d9777cfd471f65489/lwjgl-2.9.2.jar:/home/matthew/.gradle/caches/modules-2/files-2.1/com.badlogicgames.jlayer/jlayer/1.0.1-gdx/7cca83cec5c1b2f011362f4d85aabd71a73b049d/jlayer-1.0.1-gdx.jar:/home/matthew/.gradle/caches/modules-2/files-2.1/org.jcraft/jorbis/0.0.17/8872d22b293e8f5d7d56ff92be966e6dc28ebdc6/jorbis-0.0.17.jar:/home/matthew/.gradle/caches/modules-2/files-2.1/org.lwjgl.lwjgl/lwjgl-platform/2.9.2/510c7d317f5e9e700b9cfaac5fd38bdebf0702e0/lwjgl-platform-2.9.2-natives-windows.jar:/home/matthew/.gradle/caches/modules-2/files-2.1/org.lwjgl.lwjgl/lwjgl-platform/2.9.2/d276cdf61fe2b516c7b7f4aa1b8dea91dbdc8d56/lwjgl-platform-2.9.2-natives-linux.jar:/home/matthew/.gradle/caches/modules-2/files-2.1/org.lwjgl.lwjg
Launcher Type: SUN_STANDARD

Logging:
Log output configuration:
#0: stdout all=warning uptime,level,tags
#1: stderr all=off uptime,level,tags

Environment Variables:
PATH=/usr/local/sbin:/usr/local/bin:/usr/sbin:/usr/bin:/sbin:/bin:/usr/games:/usr/local/games:/snap/bin
USERNAME=matthew
SHELL=/bin/bash
DISPLAY=:0

Signal Handlers:
SIGSEGV: [libjvm.so+0xd28b70], sa_mask[0]=11111111011111111101111111111110, sa_flags=SA_RESTART|SA_SIGINFO
SIGBUS: [libjvm.so+0xd28b70], sa_mask[0]=11111111011111111101111111111110, sa_flags=SA_RESTART|SA_SIGINFO
SIGFPE: [libjvm.so+0xd28b70], sa_mask[0]=11111111011111111101111111111110, sa_flags=SA_RESTART|SA_SIGINFO
SIGPIPE: SIG_IGN, sa_mask[0]=00000000000010000000000000000000, sa_flags=SA_RESTART
SIGXFSZ: [libjvm.so+0xb2a1f0], sa_mask[0]=11111111011111111101111111111110, sa_flags=SA_RESTART|SA_SIGINFO
SIGILL: [libjvm.so+0xd28b70], sa_mask[0]=11111111011111111101111111111110, sa_flags=SA_RESTART|SA_SIGINFO
SIGUSR2: [libjvm.so+0xb2a030], sa_mask[0]=00100000000000000000000000000000, sa_flags=SA_RESTART|SA_SIGINFO
SIGHUP: [libjvm.so+0xb2a180], sa_mask[0]=11111111011111111101111111111110, sa_flags=SA_RESTART|SA_SIGINFO
SIGINT: [libjvm.so+0xb2a180], sa_mask[0]=11111111011111111101111111111110, sa_flags=SA_RESTART|SA_SIGINFO
SIGTERM: [libjvm.so+0xb2a180], sa_mask[0]=11111111011111111101111111111110, sa_flags=SA_RESTART|SA_SIGINFO
SIGQUIT: [libjvm.so+0xb2a180], sa_mask[0]=11111111011111111101111111111110, sa_flags=SA_RESTART|SA_SIGINFO


---------------  S Y S T E M  ---------------

OS:DISTRIB_ID=Ubuntu
DISTRIB_RELEASE=18.04
DISTRIB_CODENAME=bionic
DISTRIB_DESCRIPTION="Ubuntu 18.04.1 LTS"
uname:Linux 4.15.0-43-generic #46-Ubuntu SMP Thu Dec 6 14:45:28 UTC 2018 x86_64
libc:glibc 2.27 NPTL 2.27 
rlimit: STACK 8192k, CORE 0k, NPROC 31314, NOFILE 4096, AS infinity, DATA infinity, FSIZE infinity
load average:1.44 1.38 1.41

/proc/meminfo:
MemTotal:        8076980 kB
MemFree:          306760 kB
MemAvailable:    2851144 kB
Buffers:          493828 kB
Cached:          2704412 kB
SwapCached:            0 kB
Active:          5683964 kB
Inactive:        1484972 kB
Active(anon):    3949820 kB
Inactive(anon):   725368 kB
Active(file):    1734144 kB
Inactive(file):   759604 kB
Unevictable:          80 kB
Mlocked:              80 kB
SwapTotal:       2097148 kB
SwapFree:        2097148 kB
Dirty:              6780 kB
Writeback:             0 kB
AnonPages:       3970908 kB
Mapped:           957020 kB
Shmem:            704492 kB
Slab:             420788 kB
SReclaimable:     355416 kB
SUnreclaim:        65372 kB
KernelStack:       16880 kB
PageTables:        67876 kB
NFS_Unstable:          0 kB
Bounce:                0 kB
WritebackTmp:          0 kB
CommitLimit:     6135636 kB
Committed_AS:   11664656 kB
VmallocTotal:   34359738367 kB
VmallocUsed:           0 kB
VmallocChunk:          0 kB
HardwareCorrupted:     0 kB
AnonHugePages:         0 kB
ShmemHugePages:        0 kB
ShmemPmdMapped:        0 kB
CmaTotal:              0 kB
CmaFree:               0 kB
HugePages_Total:       0
HugePages_Free:        0
HugePages_Rsvd:        0
HugePages_Surp:        0
Hugepagesize:       2048 kB
DirectMap4k:      295524 kB
DirectMap2M:     6952960 kB
DirectMap1G:     1048576 kB

container (cgroup) information:
container_type: cgroupv1

[timeout occurred during error reporting in step "printing OS information"] after 30 s.
CPU:total 4 (initial active 4) (2 cores per cpu, 2 threads per core) family 6 model 61 stepping 4, cmov, cx8, fxsr, mmx, sse, sse2, sse3, ssse3, sse4.1, sse4.2, popcnt, avx, avx2, aes, clmul, erms, 3dnowpref, lzcnt, ht, tsc, tscinvbit, bmi1, bmi2, adx, fma

[timeout occurred during error reporting in step "printing CPU info"] after 30 s.
Memory: 4k page
------ Timeout during error reporting after 120 s. ------
