#
# A fatal error has been detected by the Java Runtime Environment:
#
#  SIGSEGV (0xb) at pc=0x00000001106a4f54, pid=3939, tid=0x0000000000004803
#
# JRE version: Java(TM) SE Runtime Environment (8.0_151-b12) (build 1.8.0_151-b12)
# Java VM: Java HotSpot(TM) 64-Bit Server VM (25.151-b12 mixed mode bsd-amd64 compressed oops)
# Problematic frame:
# V  [libjvm.dylib+0xa4f54]
#
# Failed to write core dump. Core dumps have been disabled. To enable core dumping, try "ulimit -c unlimited" before starting Java again
#
# If you would like to submit a bug report, please visit:
#   http://bugreport.java.com/bugreport/crash.jsp
#

---------------  T H R E A D  ---------------

Current thread (0x00007fa6f206c000):  JavaThread "C2 CompilerThread1" daemon [_thread_in_native, id=18435, stack(0x000070000e29e000,0x000070000e39e000)]

siginfo: si_signo: 11 (SIGSEGV), si_code: 0 (unknown), si_addr: 0x0000000000000000

Registers:
RAX=0x0000000000004803, RBX=0x00007fa6f0c67b00, RCX=0x0000000000000000, RDX=0x00000000003a9c00
RSP=0x000070000e39a700, RBP=0x000070000e39a710, RSI=0x000000000000ce00, RDI=0x43e523584403bfa3
R8 =0x0000000000000000, R9 =0x0000000000008070, R10=0x0000000000000000, R11=0x00000000000014c6
R12=0x000070000e39a8f8, R13=0x000070000e39cfa0, R14=0x43e523584403bfa3, R15=0x000070000e39a938
RIP=0x00000001106a4f54, EFLAGS=0x0000000000010206, ERR=0x0000000000000000
  TRAPNO=0x000000000000000d

Top of Stack: (sp=0x000070000e39a700)
0x000070000e39a700:   000070000e39a990 000070000e39a8d0
0x000070000e39a710:   000070000e39a730 000000011073c617
0x000070000e39a720:   000070000e39a8d0 000070000e39b500
0x000070000e39a730:   000070000e39aa40 0000000110761bcb
0x000070000e39a740:   000070000e39a770 0000000110668fdb
0x000070000e39a750:   00007fa6f21705e0 00007fa6f21705e0
0x000070000e39a760:   0000000000000005 0000000000000029
0x000070000e39a770:   000070000e39a870 00000001109b4e7c
0x000070000e39a780:   0000000000000000 00007fa6f23b0ac0
0x000070000e39a790:   000000060e39b630 0000000000000002
0x000070000e39a7a0:   00007fa6f252bdf0 0000000000000003
0x000070000e39a7b0:   00007fa6f23b0c78 0000000000000000
0x000070000e39a7c0:   0000000000000000 0000000000000000
0x000070000e39a7d0:   0000000000000000 0000000000000000
0x000070000e39a7e0:   000070000e39a8f8 000070000e39b630
0x000070000e39a7f0:   00007fa6f252bde0 0000000040000000
0x000070000e39a800:   0000000000000000 0000000000000000
0x000070000e39a810:   0000000000000000 0000000000000000
0x000070000e39a820:   00007fa6f23b0ac0 00007fa6f252bde0
0x000070000e39a830:   000070000e39a870 00000001109b40c3
0x000070000e39a840:   000070000e39a870 00000001106da7fd
0x000070000e39a850:   00007fa6f23b0ac0 00007fa6f252bde0
0x000070000e39a860:   00007fa6f23b0ac0 0000000000000001
0x000070000e39a870:   000070000e39a960 00000001109b5a47
0x000070000e39a880:   000070000e39a9b0 000070000e39b688
0x000070000e39a890:   000070000e39a8c0 00000001106da7fd
0x000070000e39a8a0:   0000000000000006 00007fa6f252bde0
0x000070000e39a8b0:   00000000000000c0 0000000110b6f9a4
0x000070000e39a8c0:   000070000e39a960 0000000110b6f9a4
0x000070000e39a8d0:   0000000110ecc290 000000010000000d
0x000070000e39a8e0:   000070000e39cfa0 000070000e39b500
0x000070000e39a8f0:   0000000000000463 00007fa60000000c 

Instructions: (pc=0x00000001106a4f54)
0x00000001106a4f34:   48 89 d8 48 83 c4 08 5b 41 5e 41 5f 5d c3 55 48
0x00000001106a4f44:   89 e5 41 56 53 48 89 fb 48 8b 3b 48 85 ff 74 10
0x00000001106a4f54:   4c 8b 37 e8 b2 fd ff ff 4d 85 f6 4c 89 f7 75 f0
0x00000001106a4f64:   48 c7 03 00 00 00 00 5b 41 5e 5d c3 55 48 89 e5 

Register to memory mapping:

RAX=0x0000000000004803 is an unknown value
RBX=0x00007fa6f0c67b00 is an unknown value
RCX=0x0000000000000000 is an unknown value
RDX=0x00000000003a9c00 is an unknown value
RSP=0x000070000e39a700 is pointing into the stack for thread: 0x00007fa6f206c000
RBP=0x000070000e39a710 is pointing into the stack for thread: 0x00007fa6f206c000
RSI=0x000000000000ce00 is an unknown value
RDI=0x43e523584403bfa3 is an unknown value
R8 =0x0000000000000000 is an unknown value
R9 =0x0000000000008070 is an unknown value
R10=0x0000000000000000 is an unknown value
R11=0x00000000000014c6 is an unknown value
R12=0x000070000e39a8f8 is pointing into the stack for thread: 0x00007fa6f206c000
R13=0x000070000e39cfa0 is pointing into the stack for thread: 0x00007fa6f206c000
R14=0x43e523584403bfa3 is an unknown value
R15=0x000070000e39a938 is pointing into the stack for thread: 0x00007fa6f206c000


Stack: [0x000070000e29e000,0x000070000e39e000],  sp=0x000070000e39a700,  free space=1009k
Native frames: (J=compiled Java code, j=interpreted, Vv=VM code, C=native code)
V  [libjvm.dylib+0xa4f54]
V  [libjvm.dylib+0x13c617]
V  [libjvm.dylib+0x161bcb]
V  [libjvm.dylib+0x1afc26]
V  [libjvm.dylib+0x1b3dc1]
V  [libjvm.dylib+0x15124e]
V  [libjvm.dylib+0x1b7454]
V  [libjvm.dylib+0x1b999b]
V  [libjvm.dylib+0x56c173]
V  [libjvm.dylib+0x56d860]
V  [libjvm.dylib+0x48bbb2]
C  [libsystem_pthread.dylib+0x3305]  _pthread_body+0x7e
C  [libsystem_pthread.dylib+0x626f]  _pthread_start+0x46
C  [libsystem_pthread.dylib+0x2415]  thread_start+0xd
C  0x0000000000000000


Current CompileTask:
C2:  28200 1439       4       java.util.StringTokenizer::nextToken (92 bytes)


---------------  P R O C E S S  ---------------

Java Threads: ( => current thread )
  0x00007fa6f288b800 JavaThread "DestroyJavaVM" [_thread_blocked, id=9731, stack(0x000070000d880000,0x000070000d980000)]
  0x00007fa6f2a0b000 JavaThread "LWJGL Application" [_thread_in_native, id=57863, stack(0x000070000ea3c000,0x000070000eb3c000)]
  0x00007fa6f29ad000 JavaThread "AppKit Thread" daemon [_thread_in_native, id=775, stack(0x00007ffedf6ed000,0x00007ffedfeed000)]
  0x00007fa6f2072000 JavaThread "Service Thread" daemon [_thread_blocked, id=17667, stack(0x000070000e4a4000,0x000070000e5a4000)]
  0x00007fa6f2077000 JavaThread "C1 CompilerThread2" daemon [_thread_blocked, id=17923, stack(0x000070000e3a1000,0x000070000e4a1000)]
=>0x00007fa6f206c000 JavaThread "C2 CompilerThread1" daemon [_thread_in_native, id=18435, stack(0x000070000e29e000,0x000070000e39e000)]
  0x00007fa6f280b000 JavaThread "C2 CompilerThread0" daemon [_thread_blocked, id=13571, stack(0x000070000e19b000,0x000070000e29b000)]
  0x00007fa6f206a800 JavaThread "Signal Dispatcher" daemon [_thread_blocked, id=18691, stack(0x000070000e098000,0x000070000e198000)]
  0x00007fa6f204c800 JavaThread "Finalizer" daemon [_thread_blocked, id=20227, stack(0x000070000df95000,0x000070000e095000)]
  0x00007fa6f2005000 JavaThread "Reference Handler" daemon [_thread_blocked, id=11779, stack(0x000070000de92000,0x000070000df92000)]

Other Threads:
  0x00007fa6f1805800 VMThread [stack: 0x000070000dd8f000,0x000070000de8f000] [id=20739]
  0x00007fa6f2082000 WatcherThread [stack: 0x000070000e5a7000,0x000070000e6a7000] [id=17411]

VM state:not at safepoint (normal execution)

VM Mutex/Monitor currently owned by a thread: None

Heap:
 PSYoungGen      total 38400K, used 8702K [0x0000000795580000, 0x0000000798000000, 0x00000007c0000000)
  eden space 33280K, 10% used [0x0000000795580000,0x00000007959062b0,0x0000000797600000)
  from space 5120K, 99% used [0x0000000797600000,0x0000000797af9558,0x0000000797b00000)
  to   space 5120K, 0% used [0x0000000797b00000,0x0000000797b00000,0x0000000798000000)
 ParOldGen       total 87552K, used 175K [0x0000000740000000, 0x0000000745580000, 0x0000000795580000)
  object space 87552K, 0% used [0x0000000740000000,0x000000074002bd98,0x0000000745580000)
 Metaspace       used 9770K, capacity 9935K, committed 10240K, reserved 1058816K
  class space    used 949K, capacity 1018K, committed 1024K, reserved 1048576K

Card table byte_map: [0x0000000120c26000,0x0000000121027000] byte_map_base: 0x000000011d226000

Marking Bits: (ParMarkBitMap*) 0x0000000110ef35d0
 Begin Bits: [0x00000001212d2000, 0x00000001232d2000)
 End Bits:   [0x00000001232d2000, 0x00000001252d2000)

Polling page: 0x000000010fd85000

CodeCache: size=245760Kb used=5172Kb max_used=5172Kb free=240587Kb
 bounds [0x0000000111866000, 0x0000000111d86000, 0x0000000120866000]
 total_blobs=1913 nmethods=1459 adapters=368
 compilation: enabled

Compilation events (10 events):
Event: 28.174 Thread 0x00007fa6f2077000 1454       3       com.badlogic.gdx.utils.Json$FieldMetadata::<init> (49 bytes)
Event: 28.175 Thread 0x00007fa6f2077000 nmethod 1454 0x0000000111d5f150 code [0x0000000111d5f320, 0x0000000111d5fba8]
Event: 28.175 Thread 0x00007fa6f2077000 1455       3       com.badlogic.gdx.utils.reflect.Field::getElementType (117 bytes)
Event: 28.176 Thread 0x00007fa6f2077000 nmethod 1455 0x0000000111d5fe50 code [0x0000000111d60100, 0x0000000111d61838]
Event: 28.176 Thread 0x00007fa6f2077000 1456       3       java.lang.reflect.Field::getGenericType (20 bytes)
Event: 28.176 Thread 0x00007fa6f2077000 nmethod 1456 0x0000000111d61e50 code [0x0000000111d62000, 0x0000000111d62598]
Event: 28.176 Thread 0x00007fa6f2077000 1457       3       java.lang.StrictMath::floorOrCeil (128 bytes)
Event: 28.177 Thread 0x00007fa6f2077000 nmethod 1457 0x0000000111d62750 code [0x0000000111d628e0, 0x0000000111d62d70]
Event: 28.177 Thread 0x00007fa6f2077000 1440   !   3       com.badlogic.gdx.utils.Json::readValue (1451 bytes)
Event: 28.180 Thread 0x00007fa6f280b000 nmethod 1442 0x0000000111d66150 code [0x0000000111d66300, 0x0000000111d669b8]

GC Heap History (2 events):
Event: 22.067 GC heap before
{Heap before GC invocations=1 (full 0):
 PSYoungGen      total 38400K, used 33280K [0x0000000795580000, 0x0000000798000000, 0x00000007c0000000)
  eden space 33280K, 100% used [0x0000000795580000,0x0000000797600000,0x0000000797600000)
  from space 5120K, 0% used [0x0000000797b00000,0x0000000797b00000,0x0000000798000000)
  to   space 5120K, 0% used [0x0000000797600000,0x0000000797600000,0x0000000797b00000)
 ParOldGen       total 87552K, used 0K [0x0000000740000000, 0x0000000745580000, 0x0000000795580000)
  object space 87552K, 0% used [0x0000000740000000,0x0000000740000000,0x0000000745580000)
 Metaspace       used 9624K, capacity 9763K, committed 9984K, reserved 1058816K
  class space    used 937K, capacity 984K, committed 1024K, reserved 1048576K
Event: 22.080 GC heap after
Heap after GC invocations=1 (full 0):
 PSYoungGen      total 38400K, used 5093K [0x0000000795580000, 0x0000000798000000, 0x00000007c0000000)
  eden space 33280K, 0% used [0x0000000795580000,0x0000000795580000,0x0000000797600000)
  from space 5120K, 99% used [0x0000000797600000,0x0000000797af9558,0x0000000797b00000)
  to   space 5120K, 0% used [0x0000000797b00000,0x0000000797b00000,0x0000000798000000)
 ParOldGen       total 87552K, used 175K [0x0000000740000000, 0x0000000745580000, 0x0000000795580000)
  object space 87552K, 0% used [0x0000000740000000,0x000000074002bd98,0x0000000745580000)
 Metaspace       used 9624K, capacity 9763K, committed 9984K, reserved 1058816K
  class space    used 937K, capacity 984K, committed 1024K, reserved 1048576K
}

Deoptimization events (10 events):
Event: 10.335 Thread 0x00007fa6f2a0b000 Uncommon trap: reason=array_check action=maybe_recompile pc=0x0000000111cc28f4 method=com.badlogic.gdx.utils.Array.add(Ljava/lang/Object;)V @ 46
Event: 10.335 Thread 0x00007fa6f2a0b000 Uncommon trap: reason=array_check action=maybe_recompile pc=0x0000000111cc28f4 method=com.badlogic.gdx.utils.Array.add(Ljava/lang/Object;)V @ 46
Event: 10.335 Thread 0x00007fa6f2a0b000 Uncommon trap: reason=array_check action=maybe_recompile pc=0x0000000111cc28f4 method=com.badlogic.gdx.utils.Array.add(Ljava/lang/Object;)V @ 46
Event: 10.335 Thread 0x00007fa6f2a0b000 Uncommon trap: reason=array_check action=maybe_recompile pc=0x0000000111cc28f4 method=com.badlogic.gdx.utils.Array.add(Ljava/lang/Object;)V @ 46
Event: 13.963 Thread 0x00007fa6f2a0b000 Uncommon trap: reason=unstable_if action=reinterpret pc=0x0000000111ceec98 method=com.geeselightning.zepr.Character.collidesWith(Lcom/geeselightning/zepr/Character;)Z @ 68
Event: 18.946 Thread 0x00007fa6f2a0b000 Uncommon trap: reason=unstable_if action=reinterpret pc=0x0000000111d0e770 method=com.badlogic.gdx.scenes.scene2d.ui.Label.textEquals(Ljava/lang/CharSequence;)Z @ 23
Event: 28.160 Thread 0x00007fa6f2a0b000 Uncommon trap: reason=null_check action=make_not_entrant pc=0x0000000111d0dc28 method=com.badlogic.gdx.utils.ObjectMap.get(Ljava/lang/Object;)Ljava/lang/Object; @ 38
Event: 28.181 Thread 0x00007fa6f2a0b000 Uncommon trap: reason=speculate_class_check action=maybe_recompile pc=0x0000000111d28738 method=com.badlogic.gdx.scenes.scene2d.ui.WidgetGroup.invalidateHierarchy()V @ 1
Event: 28.181 Thread 0x00007fa6f2a0b000 Uncommon trap: reason=unstable_if action=reinterpret pc=0x0000000111d538a4 method=com.badlogic.gdx.scenes.scene2d.ui.Table.ensureSize([FI)[F @ 1
Event: 28.181 Thread 0x00007fa6f2a0b000 Uncommon trap: reason=unstable_if action=reinterpret pc=0x0000000111d2f09c method=com.badlogic.gdx.scenes.scene2d.ui.Table.ensureSize([FI)[F @ 1

Internal exceptions (10 events):
Event: 0.519 Thread 0x00007fa6f2007000 Exception <a 'java/io/FileNotFoundException'> (0x0000000795b5b0e8) thrown at [/Users/java_re/workspace/8-2-build-macosx-x86_64/jdk8u151/9699/hotspot/src/share/vm/prims/jni.cpp, line 709]
Event: 0.537 Thread 0x00007fa6f2007000 Exception <a 'java/security/PrivilegedActionException'> (0x0000000795b80498) thrown at [/Users/java_re/workspace/8-2-build-macosx-x86_64/jdk8u151/9699/hotspot/src/share/vm/prims/jvm.cpp, line 1390]
Event: 0.537 Thread 0x00007fa6f2007000 Exception <a 'java/security/PrivilegedActionException'> (0x0000000795b82080) thrown at [/Users/java_re/workspace/8-2-build-macosx-x86_64/jdk8u151/9699/hotspot/src/share/vm/prims/jvm.cpp, line 1390]
Event: 0.537 Thread 0x00007fa6f2007000 Exception <a 'java/security/PrivilegedActionException'> (0x0000000795b831a0) thrown at [/Users/java_re/workspace/8-2-build-macosx-x86_64/jdk8u151/9699/hotspot/src/share/vm/prims/jvm.cpp, line 1390]
Event: 0.538 Thread 0x00007fa6f2007000 Exception <a 'java/security/PrivilegedActionException'> (0x0000000795b882c0) thrown at [/Users/java_re/workspace/8-2-build-macosx-x86_64/jdk8u151/9699/hotspot/src/share/vm/prims/jvm.cpp, line 1390]
Event: 0.538 Thread 0x00007fa6f2007000 Exception <a 'java/security/PrivilegedActionException'> (0x0000000795b88f18) thrown at [/Users/java_re/workspace/8-2-build-macosx-x86_64/jdk8u151/9699/hotspot/src/share/vm/prims/jvm.cpp, line 1390]
Event: 0.538 Thread 0x00007fa6f2007000 Exception <a 'java/security/PrivilegedActionException'> (0x0000000795b89b40) thrown at [/Users/java_re/workspace/8-2-build-macosx-x86_64/jdk8u151/9699/hotspot/src/share/vm/prims/jvm.cpp, line 1390]
Event: 28.160 Thread 0x00007fa6f2a0b000 Implicit null exception at 0x0000000111d0d785 to 0x0000000111d0dc15
Event: 28.181 Thread 0x00007fa6f2a0b000 Implicit null exception at 0x0000000111d5149f to 0x0000000111d53871
Event: 28.181 Thread 0x00007fa6f2a0b000 Implicit null exception at 0x0000000111d2f00f to 0x0000000111d2f089

Events (10 events):
Event: 28.181 Thread 0x00007fa6f2a0b000 DEOPT PACKING pc=0x0000000111d28738 sp=0x000070000eb3b160
Event: 28.181 Thread 0x00007fa6f2a0b000 DEOPT UNPACKING pc=0x000000011186b229 sp=0x000070000eb3b0c0 mode 2
Event: 28.181 Thread 0x00007fa6f2a0b000 Uncommon trap: trap_request=0xffffff65 fr.pc=0x0000000111d538a4
Event: 28.181 Thread 0x00007fa6f2a0b000 DEOPT PACKING pc=0x0000000111d538a4 sp=0x000070000eb3b110
Event: 28.181 Thread 0x00007fa6f2a0b000 DEOPT UNPACKING pc=0x000000011186b229 sp=0x000070000eb3b020 mode 2
Event: 28.181 Thread 0x00007fa6f2a0b000 Uncommon trap: trap_request=0xffffff65 fr.pc=0x0000000111d2f09c
Event: 28.181 Thread 0x00007fa6f2a0b000 DEOPT PACKING pc=0x0000000111d2f09c sp=0x000070000eb3b060
Event: 28.181 Thread 0x00007fa6f2a0b000 DEOPT UNPACKING pc=0x000000011186b229 sp=0x000070000eb3b018 mode 2
Event: 28.181 loading class com/geeselightning/zepr/TextScreen$1
Event: 28.181 loading class com/geeselightning/zepr/TextScreen$1 done


Dynamic libraries:
0x0000000006fdf000 	/System/Library/Frameworks/Cocoa.framework/Versions/A/Cocoa
0x0000000006fdf000 	/System/Library/Frameworks/Security.framework/Versions/A/Security
0x0000000006fdf000 	/System/Library/Frameworks/ApplicationServices.framework/Versions/A/ApplicationServices
0x0000000006fdf000 	/usr/lib/libz.1.dylib
0x0000000006fdf000 	/usr/lib/libSystem.B.dylib
0x0000000006fdf000 	/usr/lib/libobjc.A.dylib
0x0000000006fdf000 	/System/Library/Frameworks/CoreFoundation.framework/Versions/A/CoreFoundation
0x0000000006fdf000 	/System/Library/Frameworks/Foundation.framework/Versions/C/Foundation
0x0000000006fdf000 	/System/Library/Frameworks/AppKit.framework/Versions/C/AppKit
0x0000000006fdf000 	/System/Library/Frameworks/CoreData.framework/Versions/A/CoreData
0x0000000006fdf000 	/System/Library/PrivateFrameworks/RemoteViewServices.framework/Versions/A/RemoteViewServices
0x0000000006fdf000 	/System/Library/PrivateFrameworks/UIFoundation.framework/Versions/A/UIFoundation
0x0000000006fdf000 	/System/Library/PrivateFrameworks/XCTTargetBootstrap.framework/Versions/A/XCTTargetBootstrap
0x0000000006fdf000 	/System/Library/PrivateFrameworks/IconServices.framework/Versions/A/IconServices
0x0000000006fdf000 	/System/Library/Frameworks/Metal.framework/Versions/A/Metal
0x0000000006fdf000 	/System/Library/PrivateFrameworks/DesktopServicesPriv.framework/Versions/A/DesktopServicesPriv
0x0000000006fdf000 	/usr/lib/libenergytrace.dylib
0x0000000006fdf000 	/System/Library/PrivateFrameworks/SkyLight.framework/Versions/A/SkyLight
0x0000000006fdf000 	/System/Library/Frameworks/CoreGraphics.framework/Versions/A/CoreGraphics
0x0000000006fdf000 	/System/Library/Frameworks/Accelerate.framework/Versions/A/Accelerate
0x0000000006fdf000 	/System/Library/Frameworks/IOSurface.framework/Versions/A/IOSurface
0x0000000006fdf000 	/System/Library/PrivateFrameworks/DFRFoundation.framework/Versions/A/DFRFoundation
0x0000000006fdf000 	/System/Library/Frameworks/AudioToolbox.framework/Versions/A/AudioToolbox
0x0000000006fdf000 	/System/Library/Frameworks/AudioUnit.framework/Versions/A/AudioUnit
0x0000000006fdf000 	/System/Library/PrivateFrameworks/DataDetectorsCore.framework/Versions/A/DataDetectorsCore
0x0000000006fdf000 	/System/Library/Frameworks/Carbon.framework/Versions/A/Frameworks/HIToolbox.framework/Versions/A/HIToolbox
0x0000000006fdf000 	/usr/lib/libicucore.A.dylib
0x0000000006fdf000 	/System/Library/Frameworks/QuartzCore.framework/Versions/A/QuartzCore
0x0000000006fdf000 	/System/Library/Frameworks/Carbon.framework/Versions/A/Frameworks/SpeechRecognition.framework/Versions/A/SpeechRecognition
0x0000000006fdf000 	/usr/lib/libauto.dylib
0x0000000006fdf000 	/usr/lib/libxml2.2.dylib
0x0000000006fdf000 	/System/Library/PrivateFrameworks/CoreUI.framework/Versions/A/CoreUI
0x0000000006fdf000 	/System/Library/Frameworks/CoreAudio.framework/Versions/A/CoreAudio
0x0000000006fdf000 	/System/Library/Frameworks/DiskArbitration.framework/Versions/A/DiskArbitration
0x0000000006fdf000 	/usr/lib/liblangid.dylib
0x0000000006fdf000 	/System/Library/PrivateFrameworks/MultitouchSupport.framework/Versions/A/MultitouchSupport
0x0000000006fdf000 	/System/Library/Frameworks/IOKit.framework/Versions/A/IOKit
0x0000000006fdf000 	/usr/lib/libDiagnosticMessagesClient.dylib
0x0000000006fdf000 	/System/Library/Frameworks/CoreServices.framework/Versions/A/CoreServices
0x0000000006fdf000 	/System/Library/PrivateFrameworks/PerformanceAnalysis.framework/Versions/A/PerformanceAnalysis
0x0000000006fdf000 	/System/Library/Frameworks/OpenGL.framework/Versions/A/OpenGL
0x0000000006fdf000 	/System/Library/Frameworks/ColorSync.framework/Versions/A/ColorSync
0x0000000006fdf000 	/System/Library/Frameworks/CoreImage.framework/Versions/A/CoreImage
0x0000000006fdf000 	/System/Library/Frameworks/CoreText.framework/Versions/A/CoreText
0x0000000006fdf000 	/System/Library/Frameworks/ImageIO.framework/Versions/A/ImageIO
0x0000000006fdf000 	/System/Library/PrivateFrameworks/Backup.framework/Versions/A/Backup
0x0000000006fdf000 	/usr/lib/libarchive.2.dylib
0x0000000006fdf000 	/System/Library/Frameworks/CFNetwork.framework/Versions/A/CFNetwork
0x0000000006fdf000 	/System/Library/Frameworks/SystemConfiguration.framework/Versions/A/SystemConfiguration
0x0000000006fdf000 	/usr/lib/libCRFSuite.dylib
0x0000000006fdf000 	/usr/lib/libc++.1.dylib
0x0000000006fdf000 	/usr/lib/libc++abi.dylib
0x0000000006fdf000 	/usr/lib/system/libcache.dylib
0x0000000006fdf000 	/usr/lib/system/libcommonCrypto.dylib
0x0000000006fdf000 	/usr/lib/system/libcompiler_rt.dylib
0x0000000006fdf000 	/usr/lib/system/libcopyfile.dylib
0x0000000006fdf000 	/usr/lib/system/libcorecrypto.dylib
0x0000000006fdf000 	/usr/lib/system/libdispatch.dylib
0x0000000006fdf000 	/usr/lib/system/libdyld.dylib
0x0000000006fdf000 	/usr/lib/system/libkeymgr.dylib
0x0000000006fdf000 	/usr/lib/system/liblaunch.dylib
0x0000000006fdf000 	/usr/lib/system/libmacho.dylib
0x0000000006fdf000 	/usr/lib/system/libquarantine.dylib
0x0000000006fdf000 	/usr/lib/system/libremovefile.dylib
0x0000000006fdf000 	/usr/lib/system/libsystem_asl.dylib
0x0000000006fdf000 	/usr/lib/system/libsystem_blocks.dylib
0x0000000006fdf000 	/usr/lib/system/libsystem_c.dylib
0x0000000006fdf000 	/usr/lib/system/libsystem_configuration.dylib
0x0000000006fdf000 	/usr/lib/system/libsystem_coreservices.dylib
0x0000000006fdf000 	/usr/lib/system/libsystem_darwin.dylib
0x0000000006fdf000 	/usr/lib/system/libsystem_dnssd.dylib
0x0000000006fdf000 	/usr/lib/system/libsystem_info.dylib
0x0000000006fdf000 	/usr/lib/system/libsystem_m.dylib
0x0000000006fdf000 	/usr/lib/system/libsystem_malloc.dylib
0x0000000006fdf000 	/usr/lib/system/libsystem_networkextension.dylib
0x0000000006fdf000 	/usr/lib/system/libsystem_notify.dylib
0x0000000006fdf000 	/usr/lib/system/libsystem_sandbox.dylib
0x0000000006fdf000 	/usr/lib/system/libsystem_secinit.dylib
0x0000000006fdf000 	/usr/lib/system/libsystem_kernel.dylib
0x0000000006fdf000 	/usr/lib/system/libsystem_platform.dylib
0x0000000006fdf000 	/usr/lib/system/libsystem_pthread.dylib
0x0000000006fdf000 	/usr/lib/system/libsystem_symptoms.dylib
0x0000000006fdf000 	/usr/lib/system/libsystem_trace.dylib
0x0000000006fdf000 	/usr/lib/system/libunwind.dylib
0x0000000006fdf000 	/usr/lib/system/libxpc.dylib
0x0000000006fdf000 	/usr/lib/libbsm.0.dylib
0x0000000006fdf000 	/usr/lib/system/libkxld.dylib
0x0000000006fdf000 	/System/Library/PrivateFrameworks/AppleFSCompression.framework/Versions/A/AppleFSCompression
0x0000000006fdf000 	/usr/lib/libOpenScriptingUtil.dylib
0x0000000006fdf000 	/usr/lib/libcoretls.dylib
0x0000000006fdf000 	/usr/lib/libcoretls_cfhelpers.dylib
0x0000000006fdf000 	/usr/lib/libpam.2.dylib
0x0000000006fdf000 	/usr/lib/libsqlite3.dylib
0x0000000006fdf000 	/usr/lib/libxar.1.dylib
0x0000000006fdf000 	/usr/lib/libbz2.1.0.dylib
0x0000000006fdf000 	/usr/lib/liblzma.5.dylib
0x0000000006fdf000 	/usr/lib/libnetwork.dylib
0x0000000006fdf000 	/usr/lib/libapple_nghttp2.dylib
0x0000000006fdf000 	/usr/lib/libpcap.A.dylib
0x0000000006fdf000 	/System/Library/Frameworks/CoreServices.framework/Versions/A/Frameworks/FSEvents.framework/Versions/A/FSEvents
0x0000000006fdf000 	/System/Library/Frameworks/CoreServices.framework/Versions/A/Frameworks/CarbonCore.framework/Versions/A/CarbonCore
0x0000000006fdf000 	/System/Library/Frameworks/CoreServices.framework/Versions/A/Frameworks/Metadata.framework/Versions/A/Metadata
0x0000000006fdf000 	/System/Library/Frameworks/CoreServices.framework/Versions/A/Frameworks/OSServices.framework/Versions/A/OSServices
0x0000000006fdf000 	/System/Library/Frameworks/CoreServices.framework/Versions/A/Frameworks/SearchKit.framework/Versions/A/SearchKit
0x0000000006fdf000 	/System/Library/Frameworks/CoreServices.framework/Versions/A/Frameworks/AE.framework/Versions/A/AE
0x0000000006fdf000 	/System/Library/Frameworks/CoreServices.framework/Versions/A/Frameworks/LaunchServices.framework/Versions/A/LaunchServices
0x0000000006fdf000 	/System/Library/Frameworks/CoreServices.framework/Versions/A/Frameworks/DictionaryServices.framework/Versions/A/DictionaryServices
0x0000000006fdf000 	/System/Library/Frameworks/CoreServices.framework/Versions/A/Frameworks/SharedFileList.framework/Versions/A/SharedFileList
0x0000000006fdf000 	/System/Library/Frameworks/NetFS.framework/Versions/A/NetFS
0x0000000006fdf000 	/System/Library/PrivateFrameworks/NetAuth.framework/Versions/A/NetAuth
0x0000000006fdf000 	/System/Library/PrivateFrameworks/login.framework/Versions/A/Frameworks/loginsupport.framework/Versions/A/loginsupport
0x0000000006fdf000 	/System/Library/PrivateFrameworks/TCC.framework/Versions/A/TCC
0x0000000006fdf000 	/System/Library/PrivateFrameworks/CoreNLP.framework/Versions/A/CoreNLP
0x0000000006fdf000 	/System/Library/PrivateFrameworks/MetadataUtilities.framework/Versions/A/MetadataUtilities
0x0000000006fdf000 	/usr/lib/libmecabra.dylib
0x0000000006fdf000 	/System/Library/Frameworks/ApplicationServices.framework/Versions/A/Frameworks/ATS.framework/Versions/A/ATS
0x0000000006fdf000 	/System/Library/Frameworks/ApplicationServices.framework/Versions/A/Frameworks/ColorSyncLegacy.framework/Versions/A/ColorSyncLegacy
0x0000000006fdf000 	/System/Library/Frameworks/ApplicationServices.framework/Versions/A/Frameworks/HIServices.framework/Versions/A/HIServices
0x0000000006fdf000 	/System/Library/Frameworks/ApplicationServices.framework/Versions/A/Frameworks/LangAnalysis.framework/Versions/A/LangAnalysis
0x0000000006fdf000 	/System/Library/Frameworks/ApplicationServices.framework/Versions/A/Frameworks/PrintCore.framework/Versions/A/PrintCore
0x0000000006fdf000 	/System/Library/Frameworks/ApplicationServices.framework/Versions/A/Frameworks/QD.framework/Versions/A/QD
0x0000000006fdf000 	/System/Library/Frameworks/ApplicationServices.framework/Versions/A/Frameworks/SpeechSynthesis.framework/Versions/A/SpeechSynthesis
0x0000000006fdf000 	/usr/lib/libcompression.dylib
0x0000000006fdf000 	/System/Library/Frameworks/CoreDisplay.framework/Versions/A/CoreDisplay
0x0000000006fdf000 	/System/Library/Frameworks/MetalPerformanceShaders.framework/Versions/A/MetalPerformanceShaders
0x0000000006fdf000 	/System/Library/Frameworks/Accelerate.framework/Versions/A/Frameworks/vImage.framework/Versions/A/vImage
0x0000000006fdf000 	/System/Library/Frameworks/Accelerate.framework/Versions/A/Frameworks/vecLib.framework/Versions/A/vecLib
0x0000000006fdf000 	/System/Library/Frameworks/Accelerate.framework/Versions/A/Frameworks/vecLib.framework/Versions/A/libvMisc.dylib
0x0000000006fdf000 	/System/Library/Frameworks/Accelerate.framework/Versions/A/Frameworks/vecLib.framework/Versions/A/libvDSP.dylib
0x0000000006fdf000 	/System/Library/Frameworks/Accelerate.framework/Versions/A/Frameworks/vecLib.framework/Versions/A/libBLAS.dylib
0x0000000006fdf000 	/System/Library/Frameworks/Accelerate.framework/Versions/A/Frameworks/vecLib.framework/Versions/A/libLAPACK.dylib
0x0000000006fdf000 	/System/Library/Frameworks/Accelerate.framework/Versions/A/Frameworks/vecLib.framework/Versions/A/libLinearAlgebra.dylib
0x0000000006fdf000 	/System/Library/Frameworks/Accelerate.framework/Versions/A/Frameworks/vecLib.framework/Versions/A/libSparseBLAS.dylib
0x0000000006fdf000 	/System/Library/Frameworks/Accelerate.framework/Versions/A/Frameworks/vecLib.framework/Versions/A/libQuadrature.dylib
0x0000000006fdf000 	/System/Library/Frameworks/Accelerate.framework/Versions/A/Frameworks/vecLib.framework/Versions/A/libBNNS.dylib
0x0000000006fdf000 	/System/Library/Frameworks/Accelerate.framework/Versions/A/Frameworks/vecLib.framework/Versions/A/libSparse.dylib
0x0000000006fdf000 	/System/Library/PrivateFrameworks/GPUWrangler.framework/Versions/A/GPUWrangler
0x0000000006fdf000 	/System/Library/PrivateFrameworks/IOAccelerator.framework/Versions/A/IOAccelerator
0x0000000006fdf000 	/System/Library/PrivateFrameworks/IOPresentment.framework/Versions/A/IOPresentment
0x0000000006fdf000 	/System/Library/PrivateFrameworks/DSExternalDisplay.framework/Versions/A/DSExternalDisplay
0x0000000006fdf000 	/System/Library/Frameworks/OpenGL.framework/Versions/A/Libraries/libCoreFSCache.dylib
0x0000000006fdf000 	/System/Library/Frameworks/MetalPerformanceShaders.framework/Frameworks/MPSCore.framework/Versions/A/MPSCore
0x0000000006fdf000 	/System/Library/Frameworks/MetalPerformanceShaders.framework/Frameworks/MPSImage.framework/Versions/A/MPSImage
0x0000000006fdf000 	/System/Library/Frameworks/MetalPerformanceShaders.framework/Frameworks/MPSNeuralNetwork.framework/Versions/A/MPSNeuralNetwork
0x0000000006fdf000 	/System/Library/Frameworks/MetalPerformanceShaders.framework/Frameworks/MPSMatrix.framework/Versions/A/MPSMatrix
0x0000000006fdf000 	/System/Library/Frameworks/MetalPerformanceShaders.framework/Frameworks/MPSRayIntersector.framework/Versions/A/MPSRayIntersector
0x0000000006fdf000 	/System/Library/PrivateFrameworks/MetalTools.framework/Versions/A/MetalTools
0x0000000006fdf000 	/System/Library/PrivateFrameworks/AggregateDictionary.framework/Versions/A/AggregateDictionary
0x0000000006fdf000 	/usr/lib/libMobileGestalt.dylib
0x0000000006fdf000 	/System/Library/Frameworks/CoreVideo.framework/Versions/A/CoreVideo
0x0000000006fdf000 	/System/Library/PrivateFrameworks/GraphVisualizer.framework/Versions/A/GraphVisualizer
0x0000000006fdf000 	/System/Library/PrivateFrameworks/FaceCore.framework/Versions/A/FaceCore
0x0000000006fdf000 	/System/Library/Frameworks/OpenCL.framework/Versions/A/OpenCL
0x0000000006fdf000 	/usr/lib/libFosl_dynamic.dylib
0x0000000006fdf000 	/System/Library/PrivateFrameworks/OTSVG.framework/Versions/A/OTSVG
0x0000000006fdf000 	/System/Library/Frameworks/ApplicationServices.framework/Versions/A/Frameworks/ATS.framework/Versions/A/Resources/libFontParser.dylib
0x0000000006fdf000 	/System/Library/Frameworks/ApplicationServices.framework/Versions/A/Frameworks/ATS.framework/Versions/A/Resources/libFontRegistry.dylib
0x0000000006fdf000 	/System/Library/Frameworks/ImageIO.framework/Versions/A/Resources/libJPEG.dylib
0x0000000006fdf000 	/System/Library/Frameworks/ImageIO.framework/Versions/A/Resources/libTIFF.dylib
0x0000000006fdf000 	/System/Library/Frameworks/ImageIO.framework/Versions/A/Resources/libPng.dylib
0x0000000006fdf000 	/System/Library/Frameworks/ImageIO.framework/Versions/A/Resources/libGIF.dylib
0x0000000006fdf000 	/System/Library/Frameworks/ImageIO.framework/Versions/A/Resources/libJP2.dylib
0x0000000006fdf000 	/System/Library/Frameworks/ImageIO.framework/Versions/A/Resources/libRadiance.dylib
0x0000000006fdf000 	/System/Library/PrivateFrameworks/AppleJPEG.framework/Versions/A/AppleJPEG
0x0000000006fdf000 	/System/Library/Frameworks/OpenGL.framework/Versions/A/Libraries/libGFXShared.dylib
0x0000000006fdf000 	/System/Library/Frameworks/OpenGL.framework/Versions/A/Libraries/libGLU.dylib
0x0000000006fdf000 	/System/Library/Frameworks/OpenGL.framework/Versions/A/Libraries/libGL.dylib
0x0000000006fdf000 	/System/Library/Frameworks/OpenGL.framework/Versions/A/Libraries/libGLImage.dylib
0x0000000006fdf000 	/System/Library/Frameworks/OpenGL.framework/Versions/A/Libraries/libCVMSPluginSupport.dylib
0x0000000006fdf000 	/System/Library/Frameworks/OpenGL.framework/Versions/A/Libraries/libCoreVMClient.dylib
0x0000000006fdf000 	/usr/lib/libcups.2.dylib
0x0000000006fdf000 	/System/Library/Frameworks/Kerberos.framework/Versions/A/Kerberos
0x0000000006fdf000 	/System/Library/Frameworks/GSS.framework/Versions/A/GSS
0x0000000006fdf000 	/usr/lib/libresolv.9.dylib
0x0000000006fdf000 	/usr/lib/libiconv.2.dylib
0x0000000006fdf000 	/System/Library/PrivateFrameworks/Heimdal.framework/Versions/A/Heimdal
0x0000000006fdf000 	/usr/lib/libheimdal-asn1.dylib
0x0000000006fdf000 	/System/Library/Frameworks/OpenDirectory.framework/Versions/A/OpenDirectory
0x0000000006fdf000 	/System/Library/PrivateFrameworks/CommonAuth.framework/Versions/A/CommonAuth
0x0000000006fdf000 	/System/Library/Frameworks/OpenDirectory.framework/Versions/A/Frameworks/CFOpenDirectory.framework/Versions/A/CFOpenDirectory
0x0000000006fdf000 	/System/Library/Frameworks/SecurityFoundation.framework/Versions/A/SecurityFoundation
0x0000000006fdf000 	/System/Library/PrivateFrameworks/APFS.framework/Versions/A/APFS
0x0000000006fdf000 	/usr/lib/libutil.dylib
0x0000000006fdf000 	/usr/lib/libcharset.1.dylib
0x0000000006fdf000 	/System/Library/PrivateFrameworks/AppleSauce.framework/Versions/A/AppleSauce
0x0000000006fdf000 	/System/Library/PrivateFrameworks/AssertionServices.framework/Versions/A/AssertionServices
0x0000000006fdf000 	/System/Library/PrivateFrameworks/BaseBoard.framework/Versions/A/BaseBoard
0x0000000006fdf000 	/usr/lib/libmecab.1.0.0.dylib
0x0000000006fdf000 	/usr/lib/libgermantok.dylib
0x0000000006fdf000 	/usr/lib/libThaiTokenizer.dylib
0x0000000006fdf000 	/usr/lib/libChineseTokenizer.dylib
0x0000000006fdf000 	/System/Library/PrivateFrameworks/LanguageModeling.framework/Versions/A/LanguageModeling
0x0000000006fdf000 	/System/Library/PrivateFrameworks/CoreEmoji.framework/Versions/A/CoreEmoji
0x0000000006fdf000 	/System/Library/PrivateFrameworks/Lexicon.framework/Versions/A/Lexicon
0x0000000006fdf000 	/System/Library/PrivateFrameworks/LinguisticData.framework/Versions/A/LinguisticData
0x0000000006fdf000 	/usr/lib/libcmph.dylib
0x0000000006fdf000 	/System/Library/Frameworks/ServiceManagement.framework/Versions/A/ServiceManagement
0x0000000006fdf000 	/System/Library/PrivateFrameworks/BackgroundTaskManagement.framework/Versions/A/BackgroundTaskManagement
0x0000000006fdf000 	/usr/lib/libxslt.1.dylib
0x0000000006fdf000 	/System/Library/Frameworks/Carbon.framework/Versions/A/Frameworks/Ink.framework/Versions/A/Ink
0x0000000006fdf000 	/System/Library/PrivateFrameworks/TextureIO.framework/Versions/A/TextureIO
0x0000000006fdf000 	/usr/lib/libate.dylib
0x0000000006fdf000 	/System/Library/PrivateFrameworks/CrashReporterSupport.framework/Versions/A/CrashReporterSupport
0x0000000006fdf000 	/System/Library/PrivateFrameworks/Sharing.framework/Versions/A/Sharing
0x0000000006fdf000 	/System/Library/PrivateFrameworks/AuthKit.framework/Versions/A/AuthKit
0x0000000006fdf000 	/System/Library/PrivateFrameworks/Apple80211.framework/Versions/A/Apple80211
0x0000000006fdf000 	/System/Library/PrivateFrameworks/CoreUtils.framework/Versions/A/CoreUtils
0x0000000006fdf000 	/System/Library/Frameworks/CoreWLAN.framework/Versions/A/CoreWLAN
0x0000000006fdf000 	/System/Library/Frameworks/IOBluetooth.framework/Versions/A/IOBluetooth
0x0000000006fdf000 	/System/Library/PrivateFrameworks/ProtocolBuffer.framework/Versions/A/ProtocolBuffer
0x0000000006fdf000 	/System/Library/PrivateFrameworks/MobileKeyBag.framework/Versions/A/MobileKeyBag
0x0000000006fdf000 	/System/Library/PrivateFrameworks/CorePhoneNumbers.framework/Versions/A/CorePhoneNumbers
0x0000000006fdf000 	/System/Library/PrivateFrameworks/AppleIDAuthSupport.framework/Versions/A/AppleIDAuthSupport
0x0000000006fdf000 	/System/Library/PrivateFrameworks/KeychainCircle.framework/Versions/A/KeychainCircle
0x0000000006fdf000 	/System/Library/PrivateFrameworks/ROCKit.framework/Versions/A/ROCKit
0x0000000006fdf000 	/System/Library/PrivateFrameworks/CoreWiFi.framework/Versions/A/CoreWiFi
0x0000000006fdf000 	/System/Library/Frameworks/CoreBluetooth.framework/Versions/A/CoreBluetooth
0x0000000006fdf000 	/System/Library/PrivateFrameworks/DebugSymbols.framework/Versions/A/DebugSymbols
0x0000000006fdf000 	/System/Library/PrivateFrameworks/CoreSymbolication.framework/Versions/A/CoreSymbolication
0x0000000006fdf000 	/System/Library/PrivateFrameworks/Symbolication.framework/Versions/A/Symbolication
0x0000000006fdf000 	/System/Library/PrivateFrameworks/SpeechRecognitionCore.framework/Versions/A/SpeechRecognitionCore
0x0000000110600000 	/Library/Java/JavaVirtualMachines/jdk1.8.0_151.jdk/Contents/Home/jre/lib/server/libjvm.dylib
0x0000000006fdf000 	/usr/lib/libstdc++.6.dylib
0x000000010fd42000 	/Library/Java/JavaVirtualMachines/jdk1.8.0_151.jdk/Contents/Home/jre/lib/libverify.dylib
0x000000010fd50000 	/Library/Java/JavaVirtualMachines/jdk1.8.0_151.jdk/Contents/Home/jre/lib/libjava.dylib
0x000000010fdcf000 	/Library/Java/JavaVirtualMachines/jdk1.8.0_151.jdk/Contents/Home/jre/lib/libzip.dylib
0x0000000006fdf000 	/System/Library/Frameworks/JavaVM.framework/Versions/A/Frameworks/JavaRuntimeSupport.framework/Versions/A/JavaRuntimeSupport
0x0000000006fdf000 	/System/Library/Frameworks/JavaVM.framework/Versions/A/Frameworks/JavaNativeFoundation.framework/Versions/A/JavaNativeFoundation
0x0000000006fdf000 	/System/Library/Frameworks/JavaVM.framework/Versions/A/JavaVM
0x0000000006fdf000 	/System/Library/Frameworks/Carbon.framework/Versions/A/Carbon
0x0000000006fdf000 	/System/Library/PrivateFrameworks/JavaLaunching.framework/Versions/A/JavaLaunching
0x0000000006fdf000 	/System/Library/Frameworks/Carbon.framework/Versions/A/Frameworks/CommonPanels.framework/Versions/A/CommonPanels
0x0000000006fdf000 	/System/Library/Frameworks/Carbon.framework/Versions/A/Frameworks/Help.framework/Versions/A/Help
0x0000000006fdf000 	/System/Library/Frameworks/Carbon.framework/Versions/A/Frameworks/ImageCapture.framework/Versions/A/ImageCapture
0x0000000006fdf000 	/System/Library/Frameworks/Carbon.framework/Versions/A/Frameworks/OpenScripting.framework/Versions/A/OpenScripting
0x0000000006fdf000 	/System/Library/Frameworks/Carbon.framework/Versions/A/Frameworks/Print.framework/Versions/A/Print
0x0000000006fdf000 	/System/Library/Frameworks/Carbon.framework/Versions/A/Frameworks/SecurityHI.framework/Versions/A/SecurityHI
0x0000000128a1f000 	/private/var/folders/g8/h7wvfc4s0yb2w59cy1vg9gcm0000gn/T/libgdxJohn_Rafael/25a8e9fb/libgdx64.dylib
0x0000000128a6f000 	/Library/Java/JavaVirtualMachines/jdk1.8.0_151.jdk/Contents/Home/jre/lib/libawt.dylib
0x0000000128b17000 	/Library/Java/JavaVirtualMachines/jdk1.8.0_151.jdk/Contents/Home/jre/lib/./libmlib_image.dylib
0x0000000128be3000 	/Library/Java/JavaVirtualMachines/jdk1.8.0_151.jdk/Contents/Home/jre/lib/libawt_lwawt.dylib
0x0000000128c9a000 	/Library/Java/JavaVirtualMachines/jdk1.8.0_151.jdk/Contents/Home/jre/lib/./libosxapp.dylib
0x0000000006fdf000 	/System/Library/Frameworks/ExceptionHandling.framework/Versions/A/ExceptionHandling
0x0000000006fdf000 	/System/Library/PrivateFrameworks/CoreServicesInternal.framework/Versions/A/CoreServicesInternal
0x0000000006fdf000 	/System/Library/CoreServices/RawCamera.bundle/Contents/MacOS/RawCamera
0x0000000006fdf000 	/System/Library/PrivateFrameworks/MobileAsset.framework/Versions/A/MobileAsset
0x0000000006fdf000 	/System/Library/PrivateFrameworks/StreamingZip.framework/Versions/A/StreamingZip
0x0000000006fdf000 	/System/Library/Frameworks/MediaToolbox.framework/Versions/A/MediaToolbox
0x0000000006fdf000 	/System/Library/PrivateFrameworks/CoreAVCHD.framework/Versions/A/CoreAVCHD
0x0000000006fdf000 	/System/Library/Frameworks/MediaAccessibility.framework/Versions/A/MediaAccessibility
0x0000000006fdf000 	/System/Library/PrivateFrameworks/Mangrove.framework/Versions/A/Mangrove
0x0000000006fdf000 	/System/Library/Frameworks/CoreMedia.framework/Versions/A/CoreMedia
0x0000000006fdf000 	/System/Library/Frameworks/VideoToolbox.framework/Versions/A/VideoToolbox
0x0000000006fdf000 	/System/Library/PrivateFrameworks/CoreAUC.framework/Versions/A/CoreAUC
0x0000000006fdf000 	/usr/lib/libspindump.dylib
0x0000000006fdf000 	/System/Library/PrivateFrameworks/AppleVA.framework/Versions/A/AppleVA
0x0000000006fdf000 	/System/Library/Frameworks/Accelerate.framework/Versions/A/Frameworks/vImage.framework/Versions/A/Libraries/libCGInterfaces.dylib
0x0000000006fdf000 	/System/Library/Frameworks/ApplicationServices.framework/Versions/A/Frameworks/ATS.framework/Versions/A/Resources/libTrueTypeScaler.dylib
0x0000000006fdf000 	/System/Library/Extensions/AppleIntelHD4000GraphicsMTLDriver.bundle/Contents/MacOS/AppleIntelHD4000GraphicsMTLDriver
0x0000000006fdf000 	/System/Library/PrivateFrameworks/GPUCompiler.framework/Versions/3902/Libraries/libmetal_timestamp.dylib
0x0000000006fdf000 	/System/Library/PrivateFrameworks/FamilyControls.framework/Versions/A/FamilyControls
0x0000000006fdf000 	/System/Library/PrivateFrameworks/CommerceKit.framework/Versions/A/Frameworks/CommerceCore.framework/Versions/A/CommerceCore
0x0000000006fdf000 	/System/Library/PrivateFrameworks/SystemAdministration.framework/Versions/A/SystemAdministration
0x0000000006fdf000 	/System/Library/PrivateFrameworks/AppContainer.framework/Versions/A/AppContainer
0x0000000006fdf000 	/System/Library/PrivateFrameworks/AppSandbox.framework/Versions/A/AppSandbox
0x0000000006fdf000 	/System/Library/PrivateFrameworks/SecCodeWrapper.framework/Versions/A/SecCodeWrapper
0x0000000006fdf000 	/usr/lib/libsandbox.1.dylib
0x0000000006fdf000 	/usr/lib/libMatch.1.dylib
0x0000000006fdf000 	/System/Library/PrivateFrameworks/DiskManagement.framework/Versions/A/DiskManagement
0x0000000006fdf000 	/System/Library/Frameworks/DirectoryService.framework/Versions/A/DirectoryService
0x0000000006fdf000 	/System/Library/PrivateFrameworks/DiskImages.framework/Versions/A/DiskImages
0x0000000006fdf000 	/System/Library/PrivateFrameworks/LoginUIKit.framework/Versions/A/Frameworks/LoginUICore.framework/Versions/A/LoginUICore
0x0000000006fdf000 	/usr/lib/libCoreStorage.dylib
0x0000000006fdf000 	/usr/lib/libcsfde.dylib
0x0000000006fdf000 	/usr/lib/libodfde.dylib
0x0000000006fdf000 	/System/Library/PrivateFrameworks/MediaKit.framework/Versions/A/MediaKit
0x0000000006fdf000 	/System/Library/Frameworks/DiscRecording.framework/Versions/A/DiscRecording
0x0000000006fdf000 	/System/Library/PrivateFrameworks/EFILogin.framework/Versions/A/EFILogin
0x0000000006fdf000 	/System/Library/PrivateFrameworks/ProtectedCloudStorage.framework/Versions/A/ProtectedCloudStorage
0x0000000006fdf000 	/usr/lib/libcurl.4.dylib
0x0000000006fdf000 	/usr/lib/libcrypto.42.dylib
0x0000000006fdf000 	/usr/lib/libssl.44.dylib
0x0000000006fdf000 	/System/Library/Frameworks/LDAP.framework/Versions/A/LDAP
0x0000000006fdf000 	/System/Library/PrivateFrameworks/TrustEvaluationAgent.framework/Versions/A/TrustEvaluationAgent
0x0000000006fdf000 	/usr/lib/libsasl2.2.dylib
0x0000000006fdf000 	/System/Library/PrivateFrameworks/CoreDaemon.framework/Versions/B/CoreDaemon
0x0000000006fdf000 	/System/Library/PrivateFrameworks/AppleSRP.framework/Versions/A/AppleSRP
0x0000000006fdf000 	/System/Library/PrivateFrameworks/ViewBridge.framework/Versions/A/ViewBridge
0x000000012b00a000 	/Library/Java/JavaVirtualMachines/jdk1.8.0_151.jdk/Contents/Home/jre/lib/libfontmanager.dylib
0x000000012b071000 	/private/var/folders/g8/h7wvfc4s0yb2w59cy1vg9gcm0000gn/T/libgdxJohn_Rafael/f7649394/liblwjgl.dylib
0x0000000128f08000 	/Library/Java/JavaVirtualMachines/jdk1.8.0_151.jdk/Contents/Home/jre/lib/libjawt.dylib
0x000000012b0f3000 	/var/folders/g8/h7wvfc4s0yb2w59cy1vg9gcm0000gn/T/libgdxJohn_Rafael/f7649394/openal.dylib
0x000000012b180000 	/System/Library/Components/CoreAudio.component/Contents/MacOS/CoreAudio
0x000000012b3c4000 	/System/Library/Extensions/AppleHDA.kext/Contents/PlugIns/AppleHDAHALPlugIn.bundle/Contents/MacOS/AppleHDAHALPlugIn
0x0000000006fdf000 	/System/Library/Frameworks/OpenGL.framework/Versions/A/Resources/GLEngine.bundle/GLEngine
0x0000000006fdf000 	/System/Library/Frameworks/OpenGL.framework/Versions/A/Libraries/libGLProgrammability.dylib
0x0000000006fdf000 	/System/Library/Extensions/AppleIntelHD4000GraphicsGLDriver.bundle/Contents/MacOS/AppleIntelHD4000GraphicsGLDriver
0x0000000006fdf000 	/System/Library/PrivateFrameworks/GPUSupport.framework/Versions/A/Libraries/libGPUSupportMercury.dylib
0x0000000006fdf000 	/System/Library/Frameworks/OpenGL.framework/Versions/A/Resources/GLRendererFloat.bundle/GLRendererFloat
0x0000000006fdf000 	/System/Library/Frameworks/OpenCL.framework/Versions/A/Libraries/libcldcpuengine.dylib
0x0000000006fdf000 	/usr/lib/libcrypto.35.dylib

VM Arguments:
jvm_args: -Dfile.encoding=UTF-8 
java_command: com.geeselightning.zepr.desktop.DesktopLauncher
java_class_path (initial): /Library/Java/JavaVirtualMachines/jdk1.8.0_151.jdk/Contents/Home/jre/lib/resources.jar:/Library/Java/JavaVirtualMachines/jdk1.8.0_151.jdk/Contents/Home/jre/lib/rt.jar:/Library/Java/JavaVirtualMachines/jdk1.8.0_151.jdk/Contents/Home/jre/lib/jsse.jar:/Library/Java/JavaVirtualMachines/jdk1.8.0_151.jdk/Contents/Home/jre/lib/jce.jar:/Library/Java/JavaVirtualMachines/jdk1.8.0_151.jdk/Contents/Home/jre/lib/charsets.jar:/Library/Java/JavaVirtualMachines/jdk1.8.0_151.jdk/Contents/Home/jre/lib/jfr.jar:/Library/Java/JavaVirtualMachines/jdk1.8.0_151.jdk/Contents/Home/jre/lib/ext/sunec.jar:/Library/Java/JavaVirtualMachines/jdk1.8.0_151.jdk/Contents/Home/jre/lib/ext/nashorn.jar:/Library/Java/JavaVirtualMachines/jdk1.8.0_151.jdk/Contents/Home/jre/lib/ext/cldrdata.jar:/Library/Java/JavaVirtualMachines/jdk1.8.0_151.jdk/Contents/Home/jre/lib/ext/jfxrt.jar:/Library/Java/JavaVirtualMachines/jdk1.8.0_151.jdk/Contents/Home/jre/lib/ext/dnsns.jar:/Library/Java/JavaVirtualMachines/jdk1.8.0_151.jdk/Contents/Home/jre/lib/ext/localedata.jar:/Library/Java/JavaVirtualMachines/jdk1.8.0_151.jdk/Contents/Home/jre/lib/ext/sunjce_provider.jar:/Library/Java/JavaVirtualMachines/jdk1.8.0_151.jdk/Contents/Home/jre/lib/ext/sunpkcs11.jar:/Library/Java/JavaVirtualMachines/jdk1.8.0_151.jdk/Contents/Home/jre/lib/ext/jaccess.jar:/Library/Java/JavaVirtualMachines/jdk1.8.0_151.jdk/Contents/Home/jre/lib/ext/zipfs.jar:/System/Library/Java/Extensions/MRJToolkit.jar:/Users/John_Rafael/Downloads/Assessment3-master/zepr/desktop/bin/main:/zepr-desktop/bin/default:/Users/John_Rafael/Downloads/Assessment3-master/zepr/core/bin/main:/Users/John_Rafael/Downloads/Assessment3-master/zepr/core/bin/default:/Users/John_Rafael/.gradle/caches/modules-2/files-2.1/com.badlogicgames.gdx/gdx-backend-lwjgl/1.9.8/b7c138f14ed67ad830ae7597da3d86ae02b20eee/gdx-backend-lwjgl-1.9.8.jar:/Users/John_Rafael/.gradle/caches/modules-2/files-2.1/com.badlogicgames.gdx/gdx-platform/1.9.8/604a2ef2c7c92a5900114757cbd3fb4dcb
Launcher Type: SUN_STANDARD

Environment Variables:
PATH=/usr/bin:/bin:/usr/sbin:/sbin
SHELL=/bin/bash

Signal Handlers:
SIGSEGV: [libjvm.dylib+0x5b27a5], sa_mask[0]=11111111011111110111111111111111, sa_flags=SA_ONSTACK|SA_RESTART|SA_SIGINFO
SIGBUS: [libjvm.dylib+0x5b27a5], sa_mask[0]=11111111011111110111111111111111, sa_flags=SA_RESTART|SA_SIGINFO
SIGFPE: [libjvm.dylib+0x4891c4], sa_mask[0]=11111111011111110111111111111111, sa_flags=SA_RESTART|SA_SIGINFO
SIGPIPE: [libjvm.dylib+0x4891c4], sa_mask[0]=11111111011111110111111111111111, sa_flags=SA_RESTART|SA_SIGINFO
SIGXFSZ: [libjvm.dylib+0x4891c4], sa_mask[0]=11111111011111110111111111111111, sa_flags=SA_RESTART|SA_SIGINFO
SIGILL: [libjvm.dylib+0x4891c4], sa_mask[0]=11111111011111110111111111111111, sa_flags=SA_RESTART|SA_SIGINFO
SIGUSR1: SIG_DFL, sa_mask[0]=00000000000000000000000000000000, sa_flags=none
SIGUSR2: [libjvm.dylib+0x488ce2], sa_mask[0]=00100000000000000000000000000000, sa_flags=SA_RESTART|SA_SIGINFO
SIGHUP: [libjvm.dylib+0x4872b9], sa_mask[0]=11111111011111110111111111111111, sa_flags=SA_RESTART|SA_SIGINFO
SIGINT: [libjvm.dylib+0x4872b9], sa_mask[0]=11111111011111110111111111111111, sa_flags=SA_RESTART|SA_SIGINFO
SIGTERM: [libjvm.dylib+0x4872b9], sa_mask[0]=11111111011111110111111111111111, sa_flags=SA_RESTART|SA_SIGINFO
SIGQUIT: [libjvm.dylib+0x4872b9], sa_mask[0]=11111111011111110111111111111111, sa_flags=SA_RESTART|SA_SIGINFO


---------------  S Y S T E M  ---------------

OS:Bsduname:Darwin 18.2.0 Darwin Kernel Version 18.2.0: Fri Dec 14 18:43:36 PST 2018; root:xnu-4903.240.10~4/RELEASE_X86_64 x86_64
rlimit: STACK 8192k, CORE 0k, NPROC 709, NOFILE 10240, AS infinity
load average:1.18 1.41 1.72

CPU:total 4 (initial active 4) (2 cores per cpu, 2 threads per core) family 6 model 58 stepping 9, cmov, cx8, fxsr, mmx, sse, sse2, sse3, ssse3, sse4.1, sse4.2, popcnt, avx, aes, clmul, erms, ht, tsc, tscinvbit, tscinv

Memory: 4k page, physical 8388608k(17636k free)

/proc/meminfo:


vm_info: Java HotSpot(TM) 64-Bit Server VM (25.151-b12) for bsd-amd64 JRE (1.8.0_151-b12), built on Sep  5 2017 19:37:08 by "java_re" with gcc 4.2.1 (Based on Apple Inc. build 5658) (LLVM build 2336.11.00)

time: Fri Feb  1 15:03:05 2019
elapsed time: 28 seconds (0d 0h 0m 28s)

