#
# A fatal error has been detected by the Java Runtime Environment:
#
#  EXCEPTION_ACCESS_VIOLATION (0xc0000005) at pc=0x00007ffa3e7bc1a7, pid=8020, tid=0x0000000000000558
#
# JRE version: Java(TM) SE Runtime Environment (8.0_201-b09) (build 1.8.0_201-b09)
# Java VM: Java HotSpot(TM) 64-Bit Server VM (25.201-b09 mixed mode windows-amd64 compressed oops)
# Problematic frame:
# C  [ntdll.dll+0x1c1a7]
#
# Failed to write core dump. Minidumps are not enabled by default on client versions of Windows
#
# If you would like to submit a bug report, please visit:
#   http://bugreport.java.com/bugreport/crash.jsp
# The crash happened outside the Java Virtual Machine in native code.
# See problematic frame for where to report the bug.
#

---------------  T H R E A D  ---------------

Current thread (0x000000001e50f800):  JavaThread "LWJGL Application" [_thread_in_native, id=1368, stack(0x000000001f770000,0x000000001f870000)]

siginfo: ExceptionCode=0xc0000005, reading address 0x00000000feffffff

Registers:
RAX=0x00000000006e0016, RBX=0x00000000013d0000, RCX=0x0000000000001678, RDX=0x0000000000000016
RSP=0x000000001f86e8f0, RBP=0x0000000000000000, RSI=0x000000001fc64aa0, RDI=0x000000006e001678
R8 =0x00000000feffffff, R9 =0x0000000000013890, R10=0x0000000002e78c3b, R11=0x00007ffa3e8b8b40
R12=0x00000000013d0150, R13=0x436bca564380a1be, R14=0x000000001fc64a90, R15=0x00000000013d2d30
RIP=0x00007ffa3e7bc1a7, EFLAGS=0x0000000000010212

Top of Stack: (sp=0x000000001f86e8f0)
0x000000001f86e8f0:   000000001e50f800 0000000000000202
0x000000001f86e900:   0000000000000000 000000076b7ec4d8
0x000000001f86e910:   0000000000259dd2 00000000018d028c
0x000000001f86e920:   0000000100090701 0000000000000000
0x000000001f86e930:   000000001e4ef680 0000000000000000
0x000000001f86e940:   0000000000000000 0000000000001389
0x000000001f86e950:   0000000000000001 00000000feffffff
0x000000001f86e960:   000000001f86eac0 00007ffa3e7df2ac
0x000000001f86e970:   000000001f86eb20 000000000313d28c
0x000000001f86e980:   000000001fc64a90 000000001f86eb01
0x000000001f86e990:   000000001f86eb78 00000000000003ff
0x000000001f86e9a0:   0000000000970bec 000000007048b1e5
0x000000001f86e9b0:   0000000000000000 000000007043e306
0x000000001f86e9c0:   000000001dd446d0 000000001dd446d0
0x000000001f86e9d0:   000000001dd446d8 000000001e50f800
0x000000001f86e9e0:   000000001e50f800 000000007043e230 

Instructions: (pc=0x00007ffa3e7bc1a7)
0x00007ffa3e7bc187:   0f b7 4e 08 0f b7 d1 66 c1 ea 08 49 3b cd 0f 82
0x00007ffa3e7bc197:   ef 17 00 00 4c 8b 2e 4d 8b 46 18 4c 89 44 24 68
0x00007ffa3e7bc1a7:   49 8b 00 4d 8b 4d 08 49 3b c1 0f 85 b0 17 00 00
0x00007ffa3e7bc1b7:   48 3b c6 0f 85 a7 17 00 00 48 29 8b c0 00 00 00 


Register to memory mapping:

RAX=0x00000000006e0016 is an unknown value
RBX=0x00000000013d0000 is an unknown value
RCX=0x0000000000001678 is an unknown value
RDX=0x0000000000000016 is an unknown value
RSP=0x000000001f86e8f0 is pointing into the stack for thread: 0x000000001e50f800
RBP=0x0000000000000000 is an unknown value
RSI=0x000000001fc64aa0 is an unknown value
RDI=0x000000006e001678 is an unknown value
R8 =0x00000000feffffff is an unknown value
R9 =0x0000000000013890 is an unknown value
R10=0x0000000002e78c3b is at code_begin+891 in an Interpreter codelet
method entry point (kind = native)  [0x0000000002e788c0, 0x0000000002e79280]  2496 bytes
R11=0x00007ffa3e8b8b40 is an unknown value
R12=0x00000000013d0150 is an unknown value
R13=0x436bca564380a1be is an unknown value
R14=0x000000001fc64a90 is an unknown value
R15=0x00000000013d2d30 is an unknown value


Stack: [0x000000001f770000,0x000000001f870000],  sp=0x000000001f86e8f0,  free space=1018k
Native frames: (J=compiled Java code, j=interpreted, Vv=VM code, C=native code)

Java frames: (J=compiled Java code, j=interpreted, Vv=VM code)
j  com.badlogic.gdx.utils.BufferUtils.newDisposableByteBuffer(I)Ljava/nio/ByteBuffer;+0
j  com.badlogic.gdx.utils.BufferUtils.newUnsafeByteBuffer(I)Ljava/nio/ByteBuffer;+1
j  com.badlogic.gdx.graphics.glutils.VertexArray.<init>(ILcom/badlogic/gdx/graphics/VertexAttributes;)V+24
j  com.badlogic.gdx.graphics.Mesh.<init>(Lcom/badlogic/gdx/graphics/Mesh$VertexDataType;ZIILcom/badlogic/gdx/graphics/VertexAttributes;)V+179
j  com.badlogic.gdx.graphics.Mesh.<init>(Lcom/badlogic/gdx/graphics/Mesh$VertexDataType;ZII[Lcom/badlogic/gdx/graphics/VertexAttribute;)V+15
j  com.badlogic.gdx.graphics.g2d.SpriteBatch.<init>(ILcom/badlogic/gdx/graphics/glutils/ShaderProgram;)V+251
j  com.badlogic.gdx.graphics.g2d.SpriteBatch.<init>()V+5
j  com.badlogic.gdx.scenes.scene2d.Stage.<init>(Lcom/badlogic/gdx/utils/viewport/Viewport;)V+6
j  com.geeselightning.zepr.SelectCharacterScreen.<init>(Lcom/geeselightning/zepr/Zepr;)V+44
j  com.geeselightning.zepr.Zepr.changeScreen(I)V+124
j  com.geeselightning.zepr.TextScreen$1.changed(Lcom/badlogic/gdx/scenes/scene2d/utils/ChangeListener$ChangeEvent;Lcom/badlogic/gdx/scenes/scene2d/Actor;)V+8
j  com.badlogic.gdx.scenes.scene2d.utils.ChangeListener.handle(Lcom/badlogic/gdx/scenes/scene2d/Event;)Z+18
J 586 C1 com.badlogic.gdx.scenes.scene2d.Actor.notify(Lcom/badlogic/gdx/scenes/scene2d/Event;Z)Z (180 bytes) @ 0x00000000030e5ebc [0x00000000030e5680+0x83c]
j  com.badlogic.gdx.scenes.scene2d.Actor.fire(Lcom/badlogic/gdx/scenes/scene2d/Event;)Z+152
j  com.badlogic.gdx.scenes.scene2d.ui.Button.setChecked(ZZ)V+49
j  com.badlogic.gdx.scenes.scene2d.ui.Button$1.clicked(Lcom/badlogic/gdx/scenes/scene2d/InputEvent;FF)V+31
j  com.badlogic.gdx.scenes.scene2d.utils.ClickListener.touchUp(Lcom/badlogic/gdx/scenes/scene2d/InputEvent;FFII)V+108
j  com.badlogic.gdx.scenes.scene2d.InputListener.handle(Lcom/badlogic/gdx/scenes/scene2d/Event;)Z+196
j  com.badlogic.gdx.scenes.scene2d.Stage.touchUp(IIII)Z+213
J 1219 C1 com.badlogic.gdx.backends.lwjgl.LwjglInput.processEvents()V (478 bytes) @ 0x00000000032e1284 [0x00000000032e04e0+0xda4]
j  com.badlogic.gdx.backends.lwjgl.LwjglApplication.mainLoop()V+600
j  com.badlogic.gdx.backends.lwjgl.LwjglApplication$1.run()V+27
v  ~StubRoutines::call_stub

---------------  P R O C E S S  ---------------

Java Threads: ( => current thread )
  0x000000001e581800 JavaThread "LWJGL Timer" daemon [_thread_blocked, id=9764, stack(0x000000002c6d0000,0x000000002c7d0000)]
  0x0000000002c5e800 JavaThread "DestroyJavaVM" [_thread_blocked, id=2360, stack(0x0000000002c60000,0x0000000002d60000)]
=>0x000000001e50f800 JavaThread "LWJGL Application" [_thread_in_native, id=1368, stack(0x000000001f770000,0x000000001f870000)]
  0x000000001c50d800 JavaThread "Service Thread" daemon [_thread_blocked, id=2264, stack(0x000000001e210000,0x000000001e310000)]
  0x000000001dd18800 JavaThread "C1 CompilerThread2" daemon [_thread_blocked, id=568, stack(0x000000001e110000,0x000000001e210000)]
  0x000000001c4be800 JavaThread "C2 CompilerThread1" daemon [_thread_blocked, id=6036, stack(0x000000001dc10000,0x000000001dd10000)]
  0x000000001c4b0000 JavaThread "C2 CompilerThread0" daemon [_thread_blocked, id=13224, stack(0x000000001db10000,0x000000001dc10000)]
  0x000000001c4ae000 JavaThread "Attach Listener" daemon [_thread_blocked, id=4168, stack(0x000000001da10000,0x000000001db10000)]
  0x000000001c4ad000 JavaThread "Signal Dispatcher" daemon [_thread_blocked, id=12964, stack(0x000000001d910000,0x000000001da10000)]
  0x000000001c49a800 JavaThread "Finalizer" daemon [_thread_blocked, id=11084, stack(0x000000001d720000,0x000000001d820000)]
  0x0000000002e52000 JavaThread "Reference Handler" daemon [_thread_blocked, id=1840, stack(0x000000001d620000,0x000000001d720000)]

Other Threads:
  0x000000001c477800 VMThread [stack: 0x000000001d520000,0x000000001d620000] [id=9248]
  0x000000001dd41800 WatcherThread [stack: 0x000000001e310000,0x000000001e410000] [id=13960]

VM state:not at safepoint (normal execution)

VM Mutex/Monitor currently owned by a thread: None

heap address: 0x00000006c0e00000, size: 4082 MB, Compressed Oops mode: Zero based, Oop shift amount: 3
Narrow klass base: 0x0000000000000000, Narrow klass shift: 3
Compressed class space size: 1073741824 Address: 0x00000007c0000000

Heap:
 PSYoungGen      total 76288K, used 29396K [0x000000076af80000, 0x0000000770480000, 0x00000007c0000000)
  eden space 65536K, 44% used [0x000000076af80000,0x000000076cc351b8,0x000000076ef80000)
  from space 10752K, 0% used [0x000000076fa00000,0x000000076fa00000,0x0000000770480000)
  to   space 10752K, 0% used [0x000000076ef80000,0x000000076ef80000,0x000000076fa00000)
 ParOldGen       total 175104K, used 0K [0x00000006c0e00000, 0x00000006cb900000, 0x000000076af80000)
  object space 175104K, 0% used [0x00000006c0e00000,0x00000006c0e00000,0x00000006cb900000)
 Metaspace       used 8386K, capacity 8591K, committed 8832K, reserved 1056768K
  class space    used 793K, capacity 850K, committed 896K, reserved 1048576K

Card table byte_map: [0x0000000012220000,0x0000000012a20000] byte_map_base: 0x000000000ec19000

Marking Bits: (ParMarkBitMap*) 0x0000000070ba4ce0
 Begin Bits: [0x0000000013380000, 0x0000000017348000)
 End Bits:   [0x0000000017348000, 0x000000001b310000)

Polling page: 0x00000000013b0000

CodeCache: size=245760Kb used=4898Kb max_used=4898Kb free=240861Kb
 bounds [0x0000000002e60000, 0x0000000003330000, 0x0000000011e60000]
 total_blobs=1747 nmethods=1281 adapters=378
 compilation: enabled

Compilation events (10 events):
Event: 13.042 Thread 0x000000001dd18800 1276       1       com.badlogic.gdx.scenes.scene2d.InputEvent::setStageY (6 bytes)
Event: 13.042 Thread 0x000000001dd18800 nmethod 1276 0x0000000003329710 code [0x0000000003329860, 0x0000000003329970]
Event: 13.152 Thread 0x000000001dd18800 1278       3       java.nio.HeapByteBuffer::putLong (21 bytes)
Event: 13.152 Thread 0x000000001dd18800 nmethod 1278 0x0000000003329d90 code [0x0000000003329f20, 0x000000000332a2e8]
Event: 13.152 Thread 0x000000001dd18800 1279       3       java.nio.Bits::putLong (21 bytes)
Event: 13.152 Thread 0x000000001dd18800 nmethod 1279 0x000000000332a450 code [0x000000000332a5c0, 0x000000000332a7b8]
Event: 13.152 Thread 0x000000001dd18800 1280       3       java.nio.HeapByteBuffer::getLong (19 bytes)
Event: 13.153 Thread 0x000000001dd18800 nmethod 1280 0x000000000332a890 code [0x000000000332aa20, 0x000000000332adc8]
Event: 13.175 Thread 0x000000001dd18800 1281   !   3       org.lwjgl.opengl.WindowsDisplay::updateCursor (69 bytes)
Event: 13.175 Thread 0x000000001dd18800 nmethod 1281 0x000000000332af10 code [0x000000000332b160, 0x000000000332c0d8]

GC Heap History (0 events):
No events

Deoptimization events (10 events):
Event: 3.519 Thread 0x000000001e50f800 Uncommon trap: reason=unstable_if action=reinterpret pc=0x00000000030f6714 method=java.util.StringTokenizer.skipDelimiters(I)I @ 29
Event: 3.520 Thread 0x000000001e50f800 Uncommon trap: reason=unstable_if action=reinterpret pc=0x00000000030c2594 method=java.util.StringTokenizer.scanToken(I)I @ 7
Event: 4.526 Thread 0x000000001e50f800 Uncommon trap: reason=array_check action=maybe_recompile pc=0x0000000003229b50 method=com.badlogic.gdx.utils.Array.add(Ljava/lang/Object;)V @ 46
Event: 4.526 Thread 0x000000001e50f800 Uncommon trap: reason=array_check action=maybe_recompile pc=0x0000000003229b50 method=com.badlogic.gdx.utils.Array.add(Ljava/lang/Object;)V @ 46
Event: 4.526 Thread 0x000000001e50f800 Uncommon trap: reason=array_check action=maybe_recompile pc=0x0000000003229b50 method=com.badlogic.gdx.utils.Array.add(Ljava/lang/Object;)V @ 46
Event: 4.526 Thread 0x000000001e50f800 Uncommon trap: reason=array_check action=maybe_recompile pc=0x0000000003229b50 method=com.badlogic.gdx.utils.Array.add(Ljava/lang/Object;)V @ 46
Event: 4.675 Thread 0x000000001e50f800 Uncommon trap: reason=unstable_if action=reinterpret pc=0x0000000003203dc0 method=com.badlogic.gdx.graphics.g2d.SpriteBatch.draw(Lcom/badlogic/gdx/graphics/Texture;[FII)V @ 55
Event: 4.693 Thread 0x000000001e50f800 Uncommon trap: reason=unstable_if action=reinterpret pc=0x00000000031ffa38 method=com.badlogic.gdx.graphics.g2d.SpriteBatch.draw(Lcom/badlogic/gdx/graphics/Texture;[FII)V @ 55
Event: 4.709 Thread 0x000000001e50f800 Uncommon trap: reason=unstable_if action=reinterpret pc=0x00000000031e4e0c method=com.badlogic.gdx.graphics.g2d.SpriteBatch.draw(Lcom/badlogic/gdx/graphics/Texture;[FII)V @ 55
Event: 11.924 Thread 0x000000001e50f800 Uncommon trap: reason=null_check action=make_not_entrant pc=0x00000000032d8a2c method=com.badlogic.gdx.utils.ObjectMap.get(Ljava/lang/Object;)Ljava/lang/Object; @ 38

Classes redefined (0 events):
No events

Internal exceptions (10 events):
Event: 0.181 Thread 0x0000000002c5e800 Exception <a 'java/security/PrivilegedActionException'> (0x000000076b32f3f0) thrown at [C:\re\workspace\8-2-build-windows-amd64-cygwin\jdk8u201\12322\hotspot\src\share\vm\prims\jvm.cpp, line 1502]
Event: 0.181 Thread 0x0000000002c5e800 Exception <a 'java/security/PrivilegedActionException'> (0x000000076b32f600) thrown at [C:\re\workspace\8-2-build-windows-amd64-cygwin\jdk8u201\12322\hotspot\src\share\vm\prims\jvm.cpp, line 1502]
Event: 0.296 Thread 0x0000000002c5e800 Exception <a 'java/security/PrivilegedActionException'> (0x000000076b4671e8) thrown at [C:\re\workspace\8-2-build-windows-amd64-cygwin\jdk8u201\12322\hotspot\src\share\vm\prims\jvm.cpp, line 1502]
Event: 0.296 Thread 0x0000000002c5e800 Exception <a 'java/security/PrivilegedActionException'> (0x000000076b468ec0) thrown at [C:\re\workspace\8-2-build-windows-amd64-cygwin\jdk8u201\12322\hotspot\src\share\vm\prims\jvm.cpp, line 1502]
Event: 0.296 Thread 0x0000000002c5e800 Exception <a 'java/security/PrivilegedActionException'> (0x000000076b46a030) thrown at [C:\re\workspace\8-2-build-windows-amd64-cygwin\jdk8u201\12322\hotspot\src\share\vm\prims\jvm.cpp, line 1502]
Event: 0.296 Thread 0x0000000002c5e800 Exception <a 'java/security/PrivilegedActionException'> (0x000000076b46f198) thrown at [C:\re\workspace\8-2-build-windows-amd64-cygwin\jdk8u201\12322\hotspot\src\share\vm\prims\jvm.cpp, line 1502]
Event: 0.296 Thread 0x0000000002c5e800 Exception <a 'java/security/PrivilegedActionException'> (0x000000076b46fdf0) thrown at [C:\re\workspace\8-2-build-windows-amd64-cygwin\jdk8u201\12322\hotspot\src\share\vm\prims\jvm.cpp, line 1502]
Event: 0.296 Thread 0x0000000002c5e800 Exception <a 'java/security/PrivilegedActionException'> (0x000000076b470a18) thrown at [C:\re\workspace\8-2-build-windows-amd64-cygwin\jdk8u201\12322\hotspot\src\share\vm\prims\jvm.cpp, line 1502]
Event: 1.925 Thread 0x000000001e50f800 Implicit null exception at 0x000000000306fad6 to 0x000000000306fe79
Event: 11.924 Thread 0x000000001e50f800 Implicit null exception at 0x00000000032d858b to 0x00000000032d8a19

Events (10 events):
Event: 7.109 loading class java/lang/Math$RandomNumberGeneratorHolder done
Event: 11.909 loading class com/geeselightning/zepr/TextScreen
Event: 11.909 loading class com/geeselightning/zepr/TextScreen done
Event: 11.924 Thread 0x000000001e50f800 Uncommon trap: trap_request=0xfffffff4 fr.pc=0x00000000032d8a2c
Event: 11.924 Thread 0x000000001e50f800 DEOPT PACKING pc=0x00000000032d8a2c sp=0x000000001f86e970
Event: 11.924 Thread 0x000000001e50f800 DEOPT UNPACKING pc=0x0000000002ea583b sp=0x000000001f86e900 mode 2
Event: 11.932 loading class com/badlogic/gdx/utils/ObjectSet$ObjectSetIterator
Event: 11.932 loading class com/badlogic/gdx/utils/ObjectSet$ObjectSetIterator done
Event: 11.934 loading class com/geeselightning/zepr/TextScreen$1
Event: 11.934 loading class com/geeselightning/zepr/TextScreen$1 done


Dynamic libraries:
0x00007ff6bfdd0000 - 0x00007ff6bfe07000 	C:\Program Files\Java\jre1.8.0_201\bin\javaw.exe
0x00007ffa3e7a0000 - 0x00007ffa3e981000 	C:\Windows\SYSTEM32\ntdll.dll
0x00007ffa3df20000 - 0x00007ffa3dfd2000 	C:\Windows\System32\KERNEL32.DLL
0x00007ffa3ab70000 - 0x00007ffa3ade3000 	C:\Windows\System32\KERNELBASE.dll
0x0000000072cd0000 - 0x0000000072ff5000 	C:\Program Files\Norton Security\NortonData\22.15.0.88\Definitions\IPSDefs\20190208.061\IPSEng64.dll
0x00007ffa3ddd0000 - 0x00007ffa3de71000 	C:\Windows\System32\ADVAPI32.dll
0x00007ffa3de80000 - 0x00007ffa3df1e000 	C:\Windows\System32\msvcrt.dll
0x00007ffa3d1d0000 - 0x00007ffa3d22b000 	C:\Windows\System32\sechost.dll
0x00007ffa3d290000 - 0x00007ffa3d3b4000 	C:\Windows\System32\RPCRT4.dll
0x00007ffa3d870000 - 0x00007ffa3d878000 	C:\Windows\System32\PSAPI.DLL
0x00007ffa3e180000 - 0x00007ffa3e310000 	C:\Windows\System32\USER32.dll
0x00007ffa3af80000 - 0x00007ffa3afa0000 	C:\Windows\System32\win32u.dll
0x00007ffa3d4c0000 - 0x00007ffa3d4e8000 	C:\Windows\System32\GDI32.dll
0x00007ffa3b7a0000 - 0x00007ffa3b932000 	C:\Windows\System32\gdi32full.dll
0x00007ffa3b700000 - 0x00007ffa3b79f000 	C:\Windows\System32\msvcp_win.dll
0x00007ffa3b940000 - 0x00007ffa3ba3a000 	C:\Windows\System32\ucrtbase.dll
0x00007ffa32bc0000 - 0x00007ffa32e29000 	C:\Windows\WinSxS\amd64_microsoft.windows.common-controls_6595b64144ccf1df_6.0.17134.523_none_fb409dd930672a56\COMCTL32.dll
0x00007ffa3daa0000 - 0x00007ffa3ddc2000 	C:\Windows\System32\combase.dll
0x00007ffa3af00000 - 0x00007ffa3af7a000 	C:\Windows\System32\bcryptPrimitives.dll
0x00007ffa3d490000 - 0x00007ffa3d4bd000 	C:\Windows\System32\IMM32.DLL
0x0000000070100000 - 0x00000000701d1000 	C:\Program Files\Java\jre1.8.0_201\bin\msvcr100.dll
0x0000000070380000 - 0x0000000070c24000 	C:\Program Files\Java\jre1.8.0_201\bin\server\jvm.dll
0x00007ffa37890000 - 0x00007ffa378b3000 	C:\Windows\SYSTEM32\WINMM.dll
0x00007ffa35690000 - 0x00007ffa3569a000 	C:\Windows\SYSTEM32\VERSION.dll
0x00007ffa2ac00000 - 0x00007ffa2ac09000 	C:\Windows\SYSTEM32\WSOCK32.dll
0x00007ffa3d420000 - 0x00007ffa3d48c000 	C:\Windows\System32\WS2_32.dll
0x00007ffa37860000 - 0x00007ffa3788a000 	C:\Windows\SYSTEM32\winmmbase.dll
0x00007ffa3b6b0000 - 0x00007ffa3b6f9000 	C:\Windows\System32\cfgmgr32.dll
0x00007ffa29a20000 - 0x00007ffa29a2f000 	C:\Program Files\Java\jre1.8.0_201\bin\verify.dll
0x00007ffa299f0000 - 0x00007ffa29a19000 	C:\Program Files\Java\jre1.8.0_201\bin\java.dll
0x00007ffa299d0000 - 0x00007ffa299e6000 	C:\Program Files\Java\jre1.8.0_201\bin\zip.dll
0x00007ffa3bd90000 - 0x00007ffa3d1d0000 	C:\Windows\System32\SHELL32.dll
0x00007ffa3d700000 - 0x00007ffa3d7a9000 	C:\Windows\System32\shcore.dll
0x00007ffa3afa0000 - 0x00007ffa3b6ad000 	C:\Windows\System32\windows.storage.dll
0x00007ffa3d3c0000 - 0x00007ffa3d411000 	C:\Windows\System32\shlwapi.dll
0x00007ffa3ab30000 - 0x00007ffa3ab41000 	C:\Windows\System32\kernel.appcore.dll
0x00007ffa3aac0000 - 0x00007ffa3aadf000 	C:\Windows\System32\profapi.dll
0x00007ffa3aae0000 - 0x00007ffa3ab2c000 	C:\Windows\System32\powrprof.dll
0x00007ffa3aab0000 - 0x00007ffa3aaba000 	C:\Windows\System32\FLTLIB.DLL
0x0000000065580000 - 0x0000000065616000 	C:\Users\TGWTu\AppData\Local\Temp\libgdxTGWTu\12dfaa03\gdx64.dll
0x00007ffa3a4f0000 - 0x00007ffa3a507000 	C:\Windows\SYSTEM32\CRYPTSP.dll
0x00007ffa39f10000 - 0x00007ffa39f43000 	C:\Windows\system32\rsaenh.dll
0x00007ffa3a610000 - 0x00007ffa3a635000 	C:\Windows\SYSTEM32\bcrypt.dll
0x00007ffa3a9b0000 - 0x00007ffa3a9d8000 	C:\Windows\SYSTEM32\USERENV.dll
0x00007ffa3a4e0000 - 0x00007ffa3a4eb000 	C:\Windows\SYSTEM32\CRYPTBASE.dll
0x00007ffa299b0000 - 0x00007ffa299ca000 	C:\Program Files\Java\jre1.8.0_201\bin\net.dll
0x00007ffa2b920000 - 0x00007ffa2bae9000 	C:\Windows\SYSTEM32\urlmon.dll
0x00007ffa30380000 - 0x00007ffa30625000 	C:\Windows\SYSTEM32\iertutil.dll
0x00007ffa3a330000 - 0x00007ffa3a396000 	C:\Windows\system32\mswsock.dll
0x00007ffa3a0b0000 - 0x00007ffa3a0e8000 	C:\Windows\SYSTEM32\IPHLPAPI.DLL
0x00007ffa3d6f0000 - 0x00007ffa3d6f8000 	C:\Windows\System32\NSI.dll
0x00007ffa34070000 - 0x00007ffa34086000 	C:\Windows\SYSTEM32\dhcpcsvc6.DLL
0x00007ffa34d60000 - 0x00007ffa34d7a000 	C:\Windows\SYSTEM32\dhcpcsvc.DLL
0x00007ffa27990000 - 0x00007ffa279a1000 	C:\Program Files\Java\jre1.8.0_201\bin\nio.dll
0x0000000180000000 - 0x0000000180053000 	C:\Users\TGWTu\AppData\Local\Temp\libgdxTGWTu\dc0f0009\lwjgl64.dll
0x00007ffa31190000 - 0x00007ffa312b0000 	C:\Windows\SYSTEM32\OPENGL32.dll
0x00007ffa37730000 - 0x00007ffa3775c000 	C:\Windows\SYSTEM32\GLU32.dll
0x000000001ef50000 - 0x000000001efb4000 	C:\Users\TGWTu\AppData\Local\Temp\libgdxTGWTu\dc0f0009\OpenAL64.dll
0x00007ffa3bc30000 - 0x00007ffa3bd81000 	C:\Windows\System32\ole32.dll
0x00007ffa390a0000 - 0x00007ffa39138000 	C:\Windows\system32\uxtheme.dll
0x00007ffa3d7d0000 - 0x00007ffa3d870000 	C:\Windows\System32\clbcatq.dll
0x00007ffa36ff0000 - 0x00007ffa371a4000 	C:\Windows\System32\PROPSYS.dll
0x00007ffa3d9d0000 - 0x00007ffa3da92000 	C:\Windows\System32\OLEAUT32.dll
0x00007ffa01800000 - 0x00007ffa0188f000 	C:\Windows\SYSTEM32\dsound.dll
0x00007ffa31770000 - 0x00007ffa317e6000 	C:\Windows\System32\MMDevApi.dll
0x00007ffa3a8c0000 - 0x00007ffa3a8e7000 	C:\Windows\System32\DEVOBJ.dll
0x00007ffa03c80000 - 0x00007ffa03dac000 	C:\Windows\SYSTEM32\AUDIOSES.DLL
0x00007ffa36d70000 - 0x00007ffa36ebd000 	C:\Windows\SYSTEM32\wintypes.dll
0x00007ffa362d0000 - 0x00007ffa362da000 	C:\Windows\SYSTEM32\AVRT.dll
0x00007ffa3d570000 - 0x00007ffa3d6e3000 	C:\Windows\System32\MSCTF.dll
0x00007ffa39180000 - 0x00007ffa391a9000 	C:\Windows\system32\dwmapi.dll
0x000000006da70000 - 0x00000000700f9000 	C:\Windows\System32\DriverStore\FileRepository\nv_dispi.inf_amd64_5db32447b43ce666\nvoglv64.dll
0x00007ffa3e320000 - 0x00007ffa3e76b000 	C:\Windows\System32\SETUPAPI.dll
0x00007ffa373a0000 - 0x00007ffa373b3000 	C:\Windows\SYSTEM32\WTSAPI32.dll
0x00007ffa3adf0000 - 0x00007ffa3ae47000 	C:\Windows\System32\WINTRUST.dll
0x00007ffa3ab50000 - 0x00007ffa3ab62000 	C:\Windows\System32\MSASN1.dll
0x00007ffa3ba40000 - 0x00007ffa3bc22000 	C:\Windows\System32\CRYPT32.dll
0x00007ffa39ba0000 - 0x00007ffa39bd1000 	C:\Windows\SYSTEM32\ntmarta.dll
0x00007ff9edce0000 - 0x00007ff9edfa6000 	C:\Windows\system32\nvspcap64.dll
0x00007ffa31c30000 - 0x00007ffa31cc6000 	C:\Windows\System32\TextInputFramework.dll
0x00007ffa35df0000 - 0x00007ffa3610e000 	C:\Windows\System32\CoreUIComponents.dll
0x00007ffa38b70000 - 0x00007ffa38c4a000 	C:\Windows\System32\CoreMessaging.dll
0x00007ffa32ef0000 - 0x00007ffa32f98000 	C:\Windows\SYSTEM32\mscms.dll
0x00007ffa33cb0000 - 0x00007ffa33cc0000 	C:\Windows\SYSTEM32\ColorAdapterClient.dll
0x00007ffa01a20000 - 0x00007ffa01a63000 	C:\Windows\SYSTEM32\icm32.dll
0x00007ffa39c40000 - 0x00007ffa39c96000 	C:\Windows\SYSTEM32\WINSTA.dll
0x00007ffa29720000 - 0x00007ffa298e9000 	C:\Windows\SYSTEM32\dbghelp.dll

VM Arguments:
jvm_args: -Dfile.encoding=Cp1252 
java_command: com.geeselightning.zepr.desktop.DesktopLauncher
java_class_path (initial): C:\Program Files\Java\jre1.8.0_201\lib\resources.jar;C:\Program Files\Java\jre1.8.0_201\lib\rt.jar;C:\Program Files\Java\jre1.8.0_201\lib\jsse.jar;C:\Program Files\Java\jre1.8.0_201\lib\jce.jar;C:\Program Files\Java\jre1.8.0_201\lib\charsets.jar;C:\Program Files\Java\jre1.8.0_201\lib\jfr.jar;C:\Program Files\Java\jre1.8.0_201\lib\ext\access-bridge-64.jar;C:\Program Files\Java\jre1.8.0_201\lib\ext\cldrdata.jar;C:\Program Files\Java\jre1.8.0_201\lib\ext\dnsns.jar;C:\Program Files\Java\jre1.8.0_201\lib\ext\jaccess.jar;C:\Program Files\Java\jre1.8.0_201\lib\ext\jfxrt.jar;C:\Program Files\Java\jre1.8.0_201\lib\ext\localedata.jar;C:\Program Files\Java\jre1.8.0_201\lib\ext\nashorn.jar;C:\Program Files\Java\jre1.8.0_201\lib\ext\sunec.jar;C:\Program Files\Java\jre1.8.0_201\lib\ext\sunjce_provider.jar;C:\Program Files\Java\jre1.8.0_201\lib\ext\sunmscapi.jar;C:\Program Files\Java\jre1.8.0_201\lib\ext\sunpkcs11.jar;C:\Program Files\Java\jre1.8.0_201\lib\ext\zipfs.jar;E:\Downloads\Git\Assessment3\zepr\desktop\bin\main;E:\Downloads\Git\Assessment3\zepr\core\bin\default;E:\Downloads\Git\Assessment3\zepr\core\bin\main;C:\Users\TGWTu\.gradle\caches\modules-2\files-2.1\com.badlogicgames.gdx\gdx-backend-lwjgl\1.9.8\b7c138f14ed67ad830ae7597da3d86ae02b20eee\gdx-backend-lwjgl-1.9.8.jar;C:\Users\TGWTu\.gradle\caches\modules-2\files-2.1\com.badlogicgames.gdx\gdx-platform\1.9.8\604a2ef2c7c92a5900114757cbd3fb4dcbb8270c\gdx-platform-1.9.8-natives-desktop.jar;C:\Users\TGWTu\.gradle\caches\modules-2\files-2.1\com.badlogicgames.gdx\gdx-box2d-platform\1.9.8\3195b56f82751d7cd7de85edb6824d17bf479781\gdx-box2d-platform-1.9.8-natives-desktop.jar;C:\Users\TGWTu\.gradle\caches\modules-2\files-2.1\com.badlogicgames.gdx\gdx-box2d\1.9.8\6f0497b7958216464101adfb7bdc3a0f7b88d6d3\gdx-box2d-1.9.8.jar;C:\Users\TGWTu\.gradle\caches\modules-2\files-2.1\com.badlogicgames.gdx\gdx\1.9.8\a35a0076fbce873f9c2d5a1a1c8066244231bb3c\gdx-1.9.8.jar;C:\Users\TGWTu\.gradle\caches\modules-2\files-
Launcher Type: SUN_STANDARD

Environment Variables:
PATH=C:/Program Files/Java/jre1.8.0_201/bin/server;C:/Program Files/Java/jre1.8.0_201/bin;C:/Program Files/Java/jre1.8.0_201/lib/amd64;C:\Program Files (x86)\Common Files\Oracle\Java\javapath;C:\Windows\system32;C:\Windows;C:\Windows\System32\Wbem;C:\Windows\System32\WindowsPowerShell\v1.0\;C:\Windows\System32\OpenSSH\;C:\Program Files (x86)\NVIDIA Corporation\PhysX\Common;E:\Documents\Programs\Git\Git\cmd;C:\Program Files\NVIDIA Corporation\NVIDIA NvDLISR;C:\Users\TGWTu\AppData\Local\Microsoft\WindowsApps;C:\Program Files\Java\jdk1.8.0_191\bin;;E:\Desktop;
USERNAME=TGWTu
OS=Windows_NT
PROCESSOR_IDENTIFIER=Intel64 Family 6 Model 60 Stepping 3, GenuineIntel



---------------  S Y S T E M  ---------------

OS: Windows 10.0 , 64 bit Build 17134 (10.0.17134.1)

CPU:total 4 (initial active 4) (4 cores per cpu, 1 threads per core) family 6 model 60 stepping 3, cmov, cx8, fxsr, mmx, sse, sse2, sse3, ssse3, sse4.1, sse4.2, popcnt, avx, avx2, aes, clmul, erms, lzcnt, tsc, tscinvbit, bmi1, bmi2

Memory: 4k page, physical 16718816k(11146700k free), swap 19209184k(10953288k free)

vm_info: Java HotSpot(TM) 64-Bit Server VM (25.201-b09) for windows-amd64 JRE (1.8.0_201-b09), built on Dec 15 2018 18:36:39 by "java_re" with MS VC++ 10.0 (VS2010)

time: Sun Feb 10 14:56:27 2019
timezone: GMT Standard Time
elapsed time: 13 seconds (0d 0h 0m 13s)

