#
# A fatal error has been detected by the Java Runtime Environment:
#
#  EXCEPTION_ACCESS_VIOLATION (0xc0000005) at pc=0x00007ff87358fb14, pid=7560, tid=0x00000000000009b8
#
# JRE version: Java(TM) SE Runtime Environment (8.0_201-b09) (build 1.8.0_201-b09)
# Java VM: Java HotSpot(TM) 64-Bit Server VM (25.201-b09 mixed mode windows-amd64 compressed oops)
# Problematic frame:
# C  [ntdll.dll+0xfb14]
#
# Failed to write core dump. Minidumps are not enabled by default on client versions of Windows
#
# If you would like to submit a bug report, please visit:
#   http://bugreport.java.com/bugreport/crash.jsp
# The crash happened outside the Java Virtual Machine in native code.
# See problematic frame for where to report the bug.
#

---------------  T H R E A D  ---------------

Current thread (0x0000000019d99800):  JavaThread "LWJGL Application" [_thread_in_native, id=2488, stack(0x000000001aaa0000,0x000000001aba0000)]

siginfo: ExceptionCode=0xc0000005, reading address 0x00000000feffffff

Registers:
RAX=0x00000000006e0016, RBX=0x00000000016c0000, RCX=0x0000000000001678, RDX=0x0000000000000016
RSP=0x000000001ab9e4c0, RBP=0x000000001ab9e7b9, RSI=0x00000000016c0150, RDI=0x000000006e001678
R8 =0x000000005b7f4000, R9 =0x0000000000013890, R10=0x437a0000437a0000, R11=0x00000000feffffff
R12=0x0000000000001389, R13=0x000000005b7f4000, R14=0x000000005b7f4010, R15=0x00000000016c2c10
RIP=0x00007ff87358fb14, EFLAGS=0x0000000000010212

Top of Stack: (sp=0x000000001ab9e4c0)
0x000000001ab9e4c0:   0000000000000000 00007ff8735d9860
0x000000001ab9e4d0:   fffffffffffffffe 0000000000000000
0x000000001ab9e4e0:   0000000000000000 000000006fe85050
0x000000001ab9e4f0:   000000015c0dee01 0000000000000000
0x000000001ab9e500:   0000d6479c572fe9 00000000000003ff
0x000000001ab9e510:   000000001ab9e84f 437a0000437a0000
0x000000001ab9e520:   0000000000000000 0000000000000000
0x000000001ab9e530:   0000000000013801 00000000feffffff
0x000000001ab9e540:   00000000000a08dc 00007ff8733721fb
0x000000001ab9e550:   00007ff8733af0a0 000000005b7f4000
0x000000001ab9e560:   000000001ab9e5c0 000000001ab9e680
0x000000001ab9e570:   000000001ab9e84f 00000000016c0150
0x000000001ab9e580:   000000001ab9e84f 000000001ab9e680
0x000000001ab9e590:   000000001ab9e740 00000000000003ff
0x000000001ab9e5a0:   0000000000000000 000000006fcfe306
0x000000001ab9e5b0:   00000000196a6080 00000000196a6080 

Instructions: (pc=0x00007ff87358fb14)
0x00007ff87358faf4:   b7 d1 66 c1 ea 08 49 3b cc 0f 82 9c 1a 00 00 4d
0x00007ff87358fb04:   8b 16 4c 89 54 24 58 4d 8b 5d 18 4c 89 5c 24 78
0x00007ff87358fb14:   49 8b 03 4d 8b 4a 08 49 3b c1 0f 85 58 1a 00 00
0x00007ff87358fb24:   49 3b c6 0f 85 4f 1a 00 00 48 29 8b c0 00 00 00 


Register to memory mapping:

RAX=0x00000000006e0016 is an unknown value
RBX=0x00000000016c0000 is an unknown value
RCX=0x0000000000001678 is an unknown value
RDX=0x0000000000000016 is an unknown value
RSP=0x000000001ab9e4c0 is pointing into the stack for thread: 0x0000000019d99800
RBP=0x000000001ab9e7b9 is pointing into the stack for thread: 0x0000000019d99800
RSI=0x00000000016c0150 is an unknown value
RDI=0x000000006e001678 is an unknown value
R8 =0x000000005b7f4000 is an unknown value
R9 =0x0000000000013890 is an unknown value
R10=0x437a0000437a0000 is an unknown value
R11=0x00000000feffffff is an unallocated location in the heap
R12=0x0000000000001389 is an unknown value
R13=0x000000005b7f4000 is an unknown value
R14=0x000000005b7f4010 is an unknown value
R15=0x00000000016c2c10 is an unknown value


Stack: [0x000000001aaa0000,0x000000001aba0000],  sp=0x000000001ab9e4c0,  free space=1017k
Native frames: (J=compiled Java code, j=interpreted, Vv=VM code, C=native code)
C  [ntdll.dll+0xfb14]
C  [ntdll.dll+0xda21]
C  [msvcrt.dll+0x19db0]
C  [gdx64.dll+0x3964]
C  0x00000000031c8c67

Java frames: (J=compiled Java code, j=interpreted, Vv=VM code)
j  com.badlogic.gdx.utils.BufferUtils.newDisposableByteBuffer(I)Ljava/nio/ByteBuffer;+0
j  com.badlogic.gdx.utils.BufferUtils.newUnsafeByteBuffer(I)Ljava/nio/ByteBuffer;+1
j  com.badlogic.gdx.graphics.glutils.VertexArray.<init>(ILcom/badlogic/gdx/graphics/VertexAttributes;)V+24
j  com.badlogic.gdx.graphics.Mesh.<init>(Lcom/badlogic/gdx/graphics/Mesh$VertexDataType;ZIILcom/badlogic/gdx/graphics/VertexAttributes;)V+179
j  com.badlogic.gdx.graphics.Mesh.<init>(Lcom/badlogic/gdx/graphics/Mesh$VertexDataType;ZII[Lcom/badlogic/gdx/graphics/VertexAttribute;)V+15
j  com.badlogic.gdx.graphics.g2d.SpriteBatch.<init>(ILcom/badlogic/gdx/graphics/glutils/ShaderProgram;)V+251
j  com.badlogic.gdx.graphics.g2d.SpriteBatch.<init>()V+5
j  com.badlogic.gdx.scenes.scene2d.Stage.<init>(Lcom/badlogic/gdx/utils/viewport/Viewport;)V+6
j  com.geeselightning.zepr.SelectCharacterScreen.<init>(Lcom/geeselightning/zepr/Zepr;)V+44
j  com.geeselightning.zepr.Zepr.changeScreen(I)V+88
j  com.geeselightning.zepr.TextScreen$1.changed(Lcom/badlogic/gdx/scenes/scene2d/utils/ChangeListener$ChangeEvent;Lcom/badlogic/gdx/scenes/scene2d/Actor;)V+8
j  com.badlogic.gdx.scenes.scene2d.utils.ChangeListener.handle(Lcom/badlogic/gdx/scenes/scene2d/Event;)Z+18
J 666 C1 com.badlogic.gdx.scenes.scene2d.Actor.notify(Lcom/badlogic/gdx/scenes/scene2d/Event;Z)Z (180 bytes) @ 0x00000000034677dc [0x0000000003466fc0+0x81c]
j  com.badlogic.gdx.scenes.scene2d.Actor.fire(Lcom/badlogic/gdx/scenes/scene2d/Event;)Z+152
j  com.badlogic.gdx.scenes.scene2d.ui.Button.setChecked(ZZ)V+49
j  com.badlogic.gdx.scenes.scene2d.ui.Button$1.clicked(Lcom/badlogic/gdx/scenes/scene2d/InputEvent;FF)V+31
j  com.badlogic.gdx.scenes.scene2d.utils.ClickListener.touchUp(Lcom/badlogic/gdx/scenes/scene2d/InputEvent;FFII)V+108
j  com.badlogic.gdx.scenes.scene2d.InputListener.handle(Lcom/badlogic/gdx/scenes/scene2d/Event;)Z+196
j  com.badlogic.gdx.scenes.scene2d.Stage.touchUp(IIII)Z+213
J 1179 C1 com.badlogic.gdx.backends.lwjgl.LwjglInput.processEvents()V (478 bytes) @ 0x0000000003627cac [0x0000000003626f20+0xd8c]
j  com.badlogic.gdx.backends.lwjgl.LwjglApplication.mainLoop()V+600
j  com.badlogic.gdx.backends.lwjgl.LwjglApplication$1.run()V+27
v  ~StubRoutines::call_stub

---------------  P R O C E S S  ---------------

Java Threads: ( => current thread )
  0x0000000019f44800 JavaThread "LWJGL Timer" daemon [_thread_blocked, id=10604, stack(0x0000000060d00000,0x0000000060e00000)]
  0x00000000030b2800 JavaThread "DestroyJavaVM" [_thread_blocked, id=1692, stack(0x0000000002fb0000,0x00000000030b0000)]
=>0x0000000019d99800 JavaThread "LWJGL Application" [_thread_in_native, id=2488, stack(0x000000001aaa0000,0x000000001aba0000)]
  0x0000000017d6e000 JavaThread "Service Thread" daemon [_thread_blocked, id=1812, stack(0x0000000019a60000,0x0000000019b60000)]
  0x0000000017d1b800 JavaThread "C1 CompilerThread2" daemon [_thread_blocked, id=13872, stack(0x0000000019560000,0x0000000019660000)]
  0x0000000017d16000 JavaThread "C2 CompilerThread1" daemon [_thread_blocked, id=13752, stack(0x0000000019460000,0x0000000019560000)]
  0x0000000017d10000 JavaThread "C2 CompilerThread0" daemon [_thread_blocked, id=7504, stack(0x0000000019360000,0x0000000019460000)]
  0x0000000017d0d800 JavaThread "Attach Listener" daemon [_thread_blocked, id=10956, stack(0x0000000019260000,0x0000000019360000)]
  0x0000000017d0c800 JavaThread "Signal Dispatcher" daemon [_thread_blocked, id=9324, stack(0x0000000019160000,0x0000000019260000)]
  0x0000000017cfa800 JavaThread "Finalizer" daemon [_thread_blocked, id=10312, stack(0x0000000018f60000,0x0000000019060000)]
  0x00000000031a1000 JavaThread "Reference Handler" daemon [_thread_blocked, id=12812, stack(0x0000000018e60000,0x0000000018f60000)]

Other Threads:
  0x0000000017cd8000 VMThread [stack: 0x0000000018d60000,0x0000000018e60000] [id=6436]
  0x00000000196a4800 WatcherThread [stack: 0x0000000019b60000,0x0000000019c60000] [id=11144]

VM state:not at safepoint (normal execution)

VM Mutex/Monitor currently owned by a thread: None

heap address: 0x0000000081600000, size: 2026 MB, Compressed Oops mode: 32-bit
Narrow klass base: 0x0000000000000000, Narrow klass shift: 3
Compressed class space size: 1073741824 Address: 0x0000000100000000

Heap:
 PSYoungGen      total 38400K, used 29723K [0x00000000d5d00000, 0x00000000d8780000, 0x0000000100000000)
  eden space 33280K, 89% used [0x00000000d5d00000,0x00000000d7a06e28,0x00000000d7d80000)
  from space 5120K, 0% used [0x00000000d8280000,0x00000000d8280000,0x00000000d8780000)
  to   space 5120K, 0% used [0x00000000d7d80000,0x00000000d7d80000,0x00000000d8280000)
 ParOldGen       total 87552K, used 0K [0x0000000081600000, 0x0000000086b80000, 0x00000000d5d00000)
  object space 87552K, 0% used [0x0000000081600000,0x0000000081600000,0x0000000086b80000)
 Metaspace       used 8387K, capacity 8591K, committed 8832K, reserved 1056768K
  class space    used 793K, capacity 850K, committed 896K, reserved 1048576K

Card table byte_map: [0x0000000012570000,0x0000000012970000] byte_map_base: 0x0000000012165000

Marking Bits: (ParMarkBitMap*) 0x0000000070464ce0
 Begin Bits: [0x0000000013020000, 0x0000000014fc8000)
 End Bits:   [0x0000000014fc8000, 0x0000000016f70000)

Polling page: 0x00000000012d0000

CodeCache: size=245760Kb used=4988Kb max_used=4988Kb free=240771Kb
 bounds [0x00000000031b0000, 0x00000000036a0000, 0x00000000121b0000]
 total_blobs=1787 nmethods=1321 adapters=378
 compilation: enabled

Compilation events (10 events):
Event: 34.193 Thread 0x0000000017d1b800 1318       3       org.lwjgl.opengl.GL11::glClear (19 bytes)
Event: 34.194 Thread 0x0000000017d1b800 nmethod 1318 0x000000000368d810 code [0x000000000368da00, 0x000000000368e138]
Event: 34.194 Thread 0x0000000017d1b800 1317       3       com.badlogic.gdx.backends.lwjgl.LwjglGL20::glClear (5 bytes)
Event: 34.195 Thread 0x0000000017d1b800 nmethod 1317 0x000000000368f550 code [0x000000000368f740, 0x000000000368fef8]
Event: 34.390 Thread 0x0000000017d1b800 1319  s    3       org.lwjgl.opengl.EventQueue::putEvent (80 bytes)
Event: 34.393 Thread 0x0000000017d1b800 nmethod 1319 0x0000000003692210 code [0x0000000003692460, 0x0000000003693528]
Event: 34.441 Thread 0x0000000017d1b800 1320       1       com.badlogic.gdx.scenes.scene2d.InputEvent::getType (5 bytes)
Event: 34.441 Thread 0x0000000017d1b800 nmethod 1320 0x000000000368f250 code [0x000000000368f3a0, 0x000000000368f4b0]
Event: 34.556 Thread 0x0000000017d1b800 1321       1       com.badlogic.gdx.scenes.scene2d.Event::getStage (5 bytes)
Event: 34.557 Thread 0x0000000017d1b800 nmethod 1321 0x0000000003688390 code [0x00000000036884e0, 0x00000000036885f0]

GC Heap History (0 events):
No events

Deoptimization events (10 events):
Event: 34.557 Thread 0x0000000019d99800 Uncommon trap: reason=class_check action=maybe_recompile pc=0x000000000363bf58 method=com.badlogic.gdx.scenes.scene2d.ui.Value$1.get(Lcom/badlogic/gdx/scenes/scene2d/Actor;)F @ 1
Event: 34.557 Thread 0x0000000019d99800 Uncommon trap: reason=class_check action=maybe_recompile pc=0x000000000363a40c method=com.badlogic.gdx.scenes.scene2d.ui.Value$2.get(Lcom/badlogic/gdx/scenes/scene2d/Actor;)F @ 1
Event: 34.558 Thread 0x0000000019d99800 Uncommon trap: reason=class_check action=maybe_recompile pc=0x000000000363ae78 method=com.badlogic.gdx.scenes.scene2d.ui.Value$5.get(Lcom/badlogic/gdx/scenes/scene2d/Actor;)F @ 1
Event: 34.558 Thread 0x0000000019d99800 Uncommon trap: reason=class_check action=maybe_recompile pc=0x000000000363abb8 method=com.badlogic.gdx.scenes.scene2d.ui.Value$6.get(Lcom/badlogic/gdx/scenes/scene2d/Actor;)F @ 1
Event: 34.558 Thread 0x0000000019d99800 Uncommon trap: reason=class_check action=maybe_recompile pc=0x000000000363bad8 method=com.badlogic.gdx.scenes.scene2d.ui.Value$3.get(Lcom/badlogic/gdx/scenes/scene2d/Actor;)F @ 1
Event: 34.558 Thread 0x0000000019d99800 Uncommon trap: reason=class_check action=maybe_recompile pc=0x000000000363d74c method=com.badlogic.gdx.scenes.scene2d.ui.Value$4.get(Lcom/badlogic/gdx/scenes/scene2d/Actor;)F @ 1
Event: 34.558 Thread 0x0000000019d99800 Uncommon trap: reason=class_check action=maybe_recompile pc=0x000000000363bf58 method=com.badlogic.gdx.scenes.scene2d.ui.Value$1.get(Lcom/badlogic/gdx/scenes/scene2d/Actor;)F @ 1
Event: 34.558 Thread 0x0000000019d99800 Uncommon trap: reason=class_check action=maybe_recompile pc=0x000000000363a40c method=com.badlogic.gdx.scenes.scene2d.ui.Value$2.get(Lcom/badlogic/gdx/scenes/scene2d/Actor;)F @ 1
Event: 34.558 Thread 0x0000000019d99800 Uncommon trap: reason=class_check action=maybe_recompile pc=0x000000000363ae78 method=com.badlogic.gdx.scenes.scene2d.ui.Value$5.get(Lcom/badlogic/gdx/scenes/scene2d/Actor;)F @ 1
Event: 34.558 Thread 0x0000000019d99800 Uncommon trap: reason=class_check action=maybe_recompile pc=0x000000000363abb8 method=com.badlogic.gdx.scenes.scene2d.ui.Value$6.get(Lcom/badlogic/gdx/scenes/scene2d/Actor;)F @ 1

Classes redefined (0 events):
No events

Internal exceptions (10 events):
Event: 1.133 Thread 0x00000000030b2800 Exception <a 'java/security/PrivilegedActionException'> (0x00000000d614ed60) thrown at [C:\re\workspace\8-2-build-windows-amd64-cygwin\jdk8u201\12322\hotspot\src\share\vm\prims\jvm.cpp, line 1502]
Event: 1.134 Thread 0x00000000030b2800 Exception <a 'java/security/PrivilegedActionException'> (0x00000000d614fed0) thrown at [C:\re\workspace\8-2-build-windows-amd64-cygwin\jdk8u201\12322\hotspot\src\share\vm\prims\jvm.cpp, line 1502]
Event: 1.134 Thread 0x00000000030b2800 Exception <a 'java/security/PrivilegedActionException'> (0x00000000d6155038) thrown at [C:\re\workspace\8-2-build-windows-amd64-cygwin\jdk8u201\12322\hotspot\src\share\vm\prims\jvm.cpp, line 1502]
Event: 1.134 Thread 0x00000000030b2800 Exception <a 'java/security/PrivilegedActionException'> (0x00000000d6155c90) thrown at [C:\re\workspace\8-2-build-windows-amd64-cygwin\jdk8u201\12322\hotspot\src\share\vm\prims\jvm.cpp, line 1502]
Event: 1.134 Thread 0x00000000030b2800 Exception <a 'java/security/PrivilegedActionException'> (0x00000000d61568b8) thrown at [C:\re\workspace\8-2-build-windows-amd64-cygwin\jdk8u201\12322\hotspot\src\share\vm\prims\jvm.cpp, line 1502]
Event: 2.608 Thread 0x0000000019d99800 Implicit null exception at 0x00000000033f8116 to 0x00000000033f84b9
Event: 33.427 Thread 0x0000000019d99800 Implicit null exception at 0x00000000036071f4 to 0x000000000360762d
Event: 33.459 Thread 0x0000000019d99800 Implicit null exception at 0x0000000003668e8c to 0x000000000366943d
Event: 33.470 Thread 0x0000000019d99800 Implicit null exception at 0x00000000036681b0 to 0x00000000036683d1
Event: 33.470 Thread 0x0000000019d99800 Implicit null exception at 0x0000000003635aab to 0x0000000003635bae

Events (10 events):
Event: 34.558 Thread 0x0000000019d99800 DEOPT UNPACKING pc=0x00000000031f583b sp=0x000000001ab9eb78 mode 2
Event: 34.558 Thread 0x0000000019d99800 Uncommon trap: trap_request=0xffffffde fr.pc=0x000000000363a40c
Event: 34.558 Thread 0x0000000019d99800 DEOPT PACKING pc=0x000000000363a40c sp=0x000000001ab9ebd0
Event: 34.558 Thread 0x0000000019d99800 DEOPT UNPACKING pc=0x00000000031f583b sp=0x000000001ab9eb78 mode 2
Event: 34.558 Thread 0x0000000019d99800 Uncommon trap: trap_request=0xffffffde fr.pc=0x000000000363ae78
Event: 34.558 Thread 0x0000000019d99800 DEOPT PACKING pc=0x000000000363ae78 sp=0x000000001ab9ebd0
Event: 34.558 Thread 0x0000000019d99800 DEOPT UNPACKING pc=0x00000000031f583b sp=0x000000001ab9eb78 mode 2
Event: 34.558 Thread 0x0000000019d99800 Uncommon trap: trap_request=0xffffffde fr.pc=0x000000000363abb8
Event: 34.558 Thread 0x0000000019d99800 DEOPT PACKING pc=0x000000000363abb8 sp=0x000000001ab9ebd0
Event: 34.558 Thread 0x0000000019d99800 DEOPT UNPACKING pc=0x00000000031f583b sp=0x000000001ab9eb78 mode 2


Dynamic libraries:
0x00007ff672fd0000 - 0x00007ff673007000 	C:\Program Files\Java\jre1.8.0_201\bin\javaw.exe
0x00007ff873580000 - 0x00007ff87376d000 	C:\Windows\SYSTEM32\ntdll.dll
0x00007ff8724b0000 - 0x00007ff872563000 	C:\Windows\System32\KERNEL32.DLL
0x00007ff870510000 - 0x00007ff8707a3000 	C:\Windows\System32\KERNELBASE.dll
0x00007ff8721c0000 - 0x00007ff872263000 	C:\Windows\System32\ADVAPI32.dll
0x00007ff873320000 - 0x00007ff8733be000 	C:\Windows\System32\msvcrt.dll
0x00007ff8722e0000 - 0x00007ff87237e000 	C:\Windows\System32\sechost.dll
0x00007ff873420000 - 0x00007ff873542000 	C:\Windows\System32\RPCRT4.dll
0x00007ff872e50000 - 0x00007ff872fe7000 	C:\Windows\System32\USER32.dll
0x00007ff86f650000 - 0x00007ff86f670000 	C:\Windows\System32\win32u.dll
0x00007ff872480000 - 0x00007ff8724a9000 	C:\Windows\System32\GDI32.dll
0x00007ff86f770000 - 0x00007ff86f90a000 	C:\Windows\System32\gdi32full.dll
0x00007ff8702e0000 - 0x00007ff870380000 	C:\Windows\System32\msvcp_win.dll
0x00007ff86f670000 - 0x00007ff86f76c000 	C:\Windows\System32\ucrtbase.dll
0x00007ff8642a0000 - 0x00007ff864519000 	C:\Windows\WinSxS\amd64_microsoft.windows.common-controls_6595b64144ccf1df_6.0.17763.253_none_05b2388e0721fece\COMCTL32.dll
0x00007ff872570000 - 0x00007ff87289d000 	C:\Windows\System32\combase.dll
0x00007ff870260000 - 0x00007ff8702de000 	C:\Windows\System32\bcryptPrimitives.dll
0x00007ff8732f0000 - 0x00007ff87331e000 	C:\Windows\System32\IMM32.DLL
0x00007ff86e700000 - 0x00007ff86e731000 	C:\Windows\SYSTEM32\ntmarta.dll
0x00007ff86f4b0000 - 0x00007ff86f4df000 	C:\Windows\SYSTEM32\SspiCli.dll
0x000000006fb60000 - 0x000000006fc31000 	C:\Program Files\Java\jre1.8.0_201\bin\msvcr100.dll
0x000000006fc40000 - 0x00000000704e4000 	C:\Program Files\Java\jre1.8.0_201\bin\server\jvm.dll
0x00007ff872270000 - 0x00007ff872278000 	C:\Windows\System32\PSAPI.DLL
0x00007ff866410000 - 0x00007ff866419000 	C:\Windows\SYSTEM32\WSOCK32.dll
0x00007ff872380000 - 0x00007ff8723ed000 	C:\Windows\System32\WS2_32.dll
0x00007ff86d750000 - 0x00007ff86d774000 	C:\Windows\SYSTEM32\WINMM.dll
0x00007ff86b0c0000 - 0x00007ff86b0ca000 	C:\Windows\SYSTEM32\VERSION.dll
0x00007ff86d720000 - 0x00007ff86d74d000 	C:\Windows\SYSTEM32\winmmbase.dll
0x00007ff870460000 - 0x00007ff8704aa000 	C:\Windows\System32\cfgmgr32.dll
0x00007ff869610000 - 0x00007ff86961f000 	C:\Program Files\Java\jre1.8.0_201\bin\verify.dll
0x00007ff84fca0000 - 0x00007ff84fcc9000 	C:\Program Files\Java\jre1.8.0_201\bin\java.dll
0x00007ff858bb0000 - 0x00007ff858bc6000 	C:\Program Files\Java\jre1.8.0_201\bin\zip.dll
0x00007ff870b20000 - 0x00007ff87200f000 	C:\Windows\System32\SHELL32.dll
0x00007ff873150000 - 0x00007ff8731f8000 	C:\Windows\System32\shcore.dll
0x00007ff86fb10000 - 0x00007ff87025a000 	C:\Windows\System32\windows.storage.dll
0x00007ff86f620000 - 0x00007ff86f644000 	C:\Windows\System32\profapi.dll
0x00007ff86f580000 - 0x00007ff86f5dd000 	C:\Windows\System32\powrprof.dll
0x00007ff872280000 - 0x00007ff8722d2000 	C:\Windows\System32\shlwapi.dll
0x00007ff86f600000 - 0x00007ff86f611000 	C:\Windows\System32\kernel.appcore.dll
0x00007ff86f910000 - 0x00007ff86f927000 	C:\Windows\System32\cryptsp.dll
0x0000000065580000 - 0x0000000065616000 	C:\Users\matth\AppData\Local\Temp\libgdxmatth\12dfaa03\gdx64.dll
0x00007ff86e970000 - 0x00007ff86e9a3000 	C:\Windows\system32\rsaenh.dll
0x00007ff870380000 - 0x00007ff8703a6000 	C:\Windows\System32\bcrypt.dll
0x00007ff86f480000 - 0x00007ff86f4a8000 	C:\Windows\SYSTEM32\USERENV.dll
0x00007ff86f0c0000 - 0x00007ff86f0cc000 	C:\Windows\SYSTEM32\CRYPTBASE.dll
0x00007ff855660000 - 0x00007ff85567a000 	C:\Program Files\Java\jre1.8.0_201\bin\net.dll
0x00007ff860950000 - 0x00007ff860b27000 	C:\Windows\SYSTEM32\urlmon.dll
0x00007ff860e70000 - 0x00007ff861118000 	C:\Windows\SYSTEM32\iertutil.dll
0x00007ff86edb0000 - 0x00007ff86ee17000 	C:\Windows\system32\mswsock.dll
0x00007ff86eb10000 - 0x00007ff86eb4d000 	C:\Windows\SYSTEM32\IPHLPAPI.DLL
0x00007ff8732e0000 - 0x00007ff8732e8000 	C:\Windows\System32\NSI.dll
0x00007ff864220000 - 0x00007ff864236000 	C:\Windows\SYSTEM32\dhcpcsvc6.DLL
0x00007ff8648f0000 - 0x00007ff86490c000 	C:\Windows\SYSTEM32\dhcpcsvc.DLL
0x00007ff86eb50000 - 0x00007ff86ec16000 	C:\Windows\SYSTEM32\DNSAPI.dll
0x00007ff851960000 - 0x00007ff851971000 	C:\Program Files\Java\jre1.8.0_201\bin\nio.dll
0x0000000180000000 - 0x0000000180053000 	C:\Users\matth\AppData\Local\Temp\libgdxmatth\dc0f0009\lwjgl64.dll
0x00007ff84b490000 - 0x00007ff84b5b7000 	C:\Windows\SYSTEM32\OPENGL32.dll
0x00007ff84faf0000 - 0x00007ff84fb1c000 	C:\Windows\SYSTEM32\GLU32.dll
0x0000000002d30000 - 0x0000000002d94000 	C:\Users\matth\AppData\Local\Temp\libgdxmatth\dc0f0009\OpenAL64.dll
0x00007ff872ff0000 - 0x00007ff873145000 	C:\Windows\System32\ole32.dll
0x00007ff86da00000 - 0x00007ff86da9c000 	C:\Windows\system32\uxtheme.dll
0x00007ff8708a0000 - 0x00007ff870942000 	C:\Windows\System32\clbcatq.dll
0x00007ff86cc50000 - 0x00007ff86cdf8000 	C:\Windows\System32\PROPSYS.dll
0x00007ff8707b0000 - 0x00007ff87087b000 	C:\Windows\System32\OLEAUT32.dll
0x00007ff854dd0000 - 0x00007ff854e66000 	C:\Windows\SYSTEM32\dsound.dll
0x00007ff865940000 - 0x00007ff8659b0000 	C:\Windows\System32\MMDevApi.dll
0x00007ff86f390000 - 0x00007ff86f3b9000 	C:\Windows\System32\DEVOBJ.dll
0x00007ff8659b0000 - 0x00007ff865af8000 	C:\Windows\SYSTEM32\AUDIOSES.DLL
0x00007ff86b620000 - 0x00007ff86b773000 	C:\Windows\SYSTEM32\wintypes.dll
0x00007ff869ee0000 - 0x00007ff869eea000 	C:\Windows\SYSTEM32\AVRT.dll
0x00007ff86dfa0000 - 0x00007ff86dfb4000 	C:\Windows\SYSTEM32\resourcepolicyclient.dll
0x00007ff8709b0000 - 0x00007ff870b1a000 	C:\Windows\System32\MSCTF.dll
0x00007ff86dc80000 - 0x00007ff86dcae000 	C:\Windows\system32\dwmapi.dll
0x00007ff86f930000 - 0x00007ff86fb0b000 	C:\Windows\System32\CRYPT32.dll
0x00007ff86f5e0000 - 0x00007ff86f5f2000 	C:\Windows\System32\MSASN1.dll
0x00007ff813690000 - 0x00007ff8143a8000 	C:\Windows\SYSTEM32\ig8icd64.dll
0x00007ff867110000 - 0x00007ff867b4f000 	C:\Windows\SYSTEM32\igdusc64.dll
0x00007ff86d000000 - 0x00007ff86d013000 	C:\Windows\SYSTEM32\WTSAPI32.dll
0x00007ff862440000 - 0x00007ff8624d5000 	C:\Windows\System32\TextInputFramework.dll
0x00007ff86d020000 - 0x00007ff86d102000 	C:\Windows\System32\CoreMessaging.dll
0x00007ff869990000 - 0x00007ff869cb2000 	C:\Windows\System32\CoreUIComponents.dll
0x00007ff864520000 - 0x00007ff8645cd000 	C:\Windows\SYSTEM32\mscms.dll
0x00007ff864290000 - 0x00007ff8642a0000 	C:\Windows\SYSTEM32\ColorAdapterClient.dll
0x00007ff85db00000 - 0x00007ff85db43000 	C:\Windows\SYSTEM32\icm32.dll
0x00007ff86e310000 - 0x00007ff86e3d2000 	C:\Windows\SYSTEM32\dxgi.dll
0x00007ff86bfb0000 - 0x00007ff86c22e000 	C:\Windows\SYSTEM32\d3d11.dll
0x00007ff868590000 - 0x00007ff8694ed000 	C:\Windows\SYSTEM32\igd10iumd64.dll
0x00007ff86f0d0000 - 0x00007ff86f0f6000 	C:\Windows\SYSTEM32\ncrypt.dll
0x00007ff86f080000 - 0x00007ff86f0bc000 	C:\Windows\SYSTEM32\NTASN1.dll
0x00007ff85e5d0000 - 0x00007ff85e7bd000 	C:\Windows\SYSTEM32\dbghelp.dll

VM Arguments:
jvm_args: -Dfile.encoding=Cp1252 
java_command: com.geeselightning.zepr.desktop.DesktopLauncher
java_class_path (initial): C:\Users\matth\Documents\CS\SEPR\Assessment_3_master\Assessment3\zepr\desktop\bin\main;C:\Users\matth\Documents\CS\SEPR\Assessment_3_master\Assessment3\zepr\core\bin\default;C:\Users\matth\Documents\CS\SEPR\Assessment_3_master\Assessment3\zepr\core\bin\main;C:\Users\matth\.gradle\caches\modules-2\files-2.1\com.badlogicgames.gdx\gdx-backend-lwjgl\1.9.8\b7c138f14ed67ad830ae7597da3d86ae02b20eee\gdx-backend-lwjgl-1.9.8.jar;C:\Users\matth\.gradle\caches\modules-2\files-2.1\com.badlogicgames.gdx\gdx-platform\1.9.8\604a2ef2c7c92a5900114757cbd3fb4dcbb8270c\gdx-platform-1.9.8-natives-desktop.jar;C:\Users\matth\.gradle\caches\modules-2\files-2.1\com.badlogicgames.gdx\gdx-box2d-platform\1.9.8\3195b56f82751d7cd7de85edb6824d17bf479781\gdx-box2d-platform-1.9.8-natives-desktop.jar;C:\Users\matth\.gradle\caches\modules-2\files-2.1\com.badlogicgames.gdx\gdx-box2d\1.9.8\6f0497b7958216464101adfb7bdc3a0f7b88d6d3\gdx-box2d-1.9.8.jar;C:\Users\matth\.gradle\caches\modules-2\files-2.1\com.badlogicgames.gdx\gdx\1.9.8\a35a0076fbce873f9c2d5a1a1c8066244231bb3c\gdx-1.9.8.jar;C:\Users\matth\.gradle\caches\modules-2\files-2.1\org.lwjgl.lwjgl\lwjgl_util\2.9.2\4b9e37300a87799856e0bd15ed81663cdb6b0947\lwjgl_util-2.9.2.jar;C:\Users\matth\.gradle\caches\modules-2\files-2.1\org.lwjgl.lwjgl\lwjgl\2.9.2\a9d80fe5935c7a9149f6584d9777cfd471f65489\lwjgl-2.9.2.jar;C:\Users\matth\.gradle\caches\modules-2\files-2.1\com.badlogicgames.jlayer\jlayer\1.0.1-gdx\7cca83cec5c1b2f011362f4d85aabd71a73b049d\jlayer-1.0.1-gdx.jar;C:\Users\matth\.gradle\caches\modules-2\files-2.1\org.jcraft\jorbis\0.0.17\8872d22b293e8f5d7d56ff92be966e6dc28ebdc6\jorbis-0.0.17.jar;C:\Users\matth\.gradle\caches\modules-2\files-2.1\org.lwjgl.lwjgl\lwjgl-platform\2.9.2\510c7d317f5e9e700b9cfaac5fd38bdebf0702e0\lwjgl-platform-2.9.2-natives-windows.jar;C:\Users\matth\.gradle\caches\modules-2\files-2.1\org.lwjgl.lwjgl\lwjgl-platform\2.9.2\d276cdf61fe2b516c7b7f4aa1b8dea91dbdc8d56\lwjgl-platform-2.9.2-natives-linux.jar;C:\U
Launcher Type: SUN_STANDARD

Environment Variables:
PATH=C:/Program Files/Java/jre1.8.0_201/bin/server;C:/Program Files/Java/jre1.8.0_201/bin;C:/Program Files/Java/jre1.8.0_201/lib/amd64;C:\Program Files (x86)\Common Files\Oracle\Java\javapath;C:\Windows\system32;C:\Windows;C:\Windows\System32\Wbem;C:\Windows\System32\WindowsPowerShell\v1.0\;C:\Windows\System32\OpenSSH\;C:\Users\matth\AppData\Local\Microsoft\WindowsApps;;C:\Users\matth\eclipse\java-2018-12\eclipse;
USERNAME=matth
OS=Windows_NT
PROCESSOR_IDENTIFIER=Intel64 Family 6 Model 61 Stepping 4, GenuineIntel



---------------  S Y S T E M  ---------------

OS: Windows 10.0 , 64 bit Build 17763 (10.0.17763.1)

CPU:total 4 (initial active 4) (2 cores per cpu, 2 threads per core) family 6 model 61 stepping 4, cmov, cx8, fxsr, mmx, sse, sse2, sse3, ssse3, sse4.1, sse4.2, popcnt, avx, avx2, aes, clmul, erms, 3dnowpref, lzcnt, ht, tsc, tscinvbit, bmi1, bmi2, adx

Memory: 4k page, physical 8296656k(3159068k free), swap 10262736k(3394532k free)

vm_info: Java HotSpot(TM) 64-Bit Server VM (25.201-b09) for windows-amd64 JRE (1.8.0_201-b09), built on Dec 15 2018 18:36:39 by "java_re" with MS VC++ 10.0 (VS2010)

time: Wed Feb 13 18:13:43 2019
timezone: GMT Standard Time
elapsed time: 34 seconds (0d 0h 0m 34s)

