#
# A fatal error has been detected by the Java Runtime Environment:
#
#  SIGSEGV (0xb) at pc=0x000000010cef0dfb, pid=3023, tid=0x0000000000003703
#
# JRE version: Java(TM) SE Runtime Environment (8.0_151-b12) (build 1.8.0_151-b12)
# Java VM: Java HotSpot(TM) 64-Bit Server VM (25.151-b12 mixed mode bsd-amd64 compressed oops)
# Problematic frame:
# V  [libjvm.dylib+0xa4dfb]
#
# Failed to write core dump. Core dumps have been disabled. To enable core dumping, try "ulimit -c unlimited" before starting Java again
#
# If you would like to submit a bug report, please visit:
#   http://bugreport.java.com/bugreport/crash.jsp
#

---------------  T H R E A D  ---------------

Current thread (0x00007f87b083b800):  JavaThread "C2 CompilerThread1" daemon [_thread_in_native, id=14083, stack(0x00007000060c5000,0x00007000061c5000)]

siginfo: si_signo: 11 (SIGSEGV), si_code: 0 (unknown), si_addr: 0x0000000000000000

Registers:
RAX=0x0000000000003703, RBX=0x00007000061c4090, RCX=0x0000000000000000, RDX=0x0000000000518200
RSP=0x00007000061c3f30, RBP=0x00007000061c3f40, RSI=0x0000000000002000, RDI=0x3f200000feffffff
R8 =0x0000000000000000, R9 =0x000000000000805e, R10=0x0000000000000000, R11=0x000000000000149b
R12=0x00007000061c3fa0, R13=0x0000000000000000, R14=0x3f200000feffffff, R15=0x00007f87b0504601
RIP=0x000000010cef0dfb, EFLAGS=0x0000000000010206, ERR=0x0000000000000000
  TRAPNO=0x000000000000000d

Top of Stack: (sp=0x00007000061c3f30)
0x00007000061c3f30:   00007000061c4090 0000000122cae701
0x00007000061c3f40:   00007000061c3f60 000000010cef0e4c
0x00007000061c3f50:   00007000061c4ab0 0000000122cae701
0x00007000061c3f60:   00007000061c49d0 000000010cf9d2d8
0x00007000061c3f70:   0000000000000001 0000000000000001
0x00007000061c3f80:   0000000000000000 00007f87b050a710
0x00007000061c3f90:   00007f87b185e6c0 01007000ffffffff
0x00007000061c3fa0:   0000700000000000 00007000061c3fa0
0x00007000061c3fb0:   01010100000003f8 00007f87b185e6c0
0x00007000061c3fc0:   532e6400ffffffff 00007f87b2268160
0x00007000061c3fd0:   00007f87b12e3580 0000000000000000
0x00007000061c3fe0:   0000000000000000 0000000000000000
0x00007000061c3ff0:   000000230000002b 0000000200000145
0x00007000061c4000:   00000000000124f8 0000004000000000
0x00007000061c4010:   0101000100000000 0000000000000000
0x00007000061c4020:   0000000000000000 0000000000000000
0x00007000061c4030:   0000000000000000 0000000000000000
0x00007000061c4040:   0000000000000000 0000000000000000
0x00007000061c4050:   0000000000000000 0000000000000000
0x00007000061c4060:   0000000000000000 0000000300000000
0x00007000061c4070:   0000000300000001 0000000000010001
0x00007000061c4080:   0000000000000003 000000020d463300
0x00007000061c4090:   0000700000000006 00007f87b0512580
0x00007000061c40a0:   00007f87b2155000 00007f87b2155380
0x00007000061c40b0:   00007f87b215cfe8 0000000000000000
0x00007000061c40c0:   00007000061c4ab0 0000000000000000
0x00007000061c40d0:   0000000000000000 00007f87b2097e10
0x00007000061c40e0:   00007f87b05128d0 00007f87b0512930
0x00007000061c40f0:   00007f87b2090e50 00007f87b2090eb0
0x00007000061c4100:   0000000000000000 0000700000000660
0x00007000061c4110:   000000010d727490 00007000061c4090
0x00007000061c4120:   0000700000000080 00007f87b10f9eb0 

Instructions: (pc=0x000000010cef0dfb)
0x000000010cef0ddb:   5d c3 90 55 48 89 e5 41 56 53 48 89 fb 31 f6 48
0x000000010cef0deb:   89 df e8 80 fc ff ff 48 8b 7b 08 48 85 ff 74 10
0x000000010cef0dfb:   4c 8b 37 e8 0b ff ff ff 4d 85 f6 4c 89 f7 75 f0
0x000000010cef0e0b:   48 89 df 48 c7 47 10 00 00 00 00 48 c7 47 08 00 

Register to memory mapping:

RAX=0x0000000000003703 is an unknown value
RBX=0x00007000061c4090 is pointing into the stack for thread: 0x00007f87b083b800
RCX=0x0000000000000000 is an unknown value
RDX=0x0000000000518200 is an unknown value
RSP=0x00007000061c3f30 is pointing into the stack for thread: 0x00007f87b083b800
RBP=0x00007000061c3f40 is pointing into the stack for thread: 0x00007f87b083b800
RSI=0x0000000000002000 is an unknown value
RDI=0x3f200000feffffff is an unknown value
R8 =0x0000000000000000 is an unknown value
R9 =0x000000000000805e is an unknown value
R10=0x0000000000000000 is an unknown value
R11=0x000000000000149b is an unknown value
R12=0x00007000061c3fa0 is pointing into the stack for thread: 0x00007f87b083b800
R13=0x0000000000000000 is an unknown value
R14=0x3f200000feffffff is an unknown value
R15=0x00007f87b0504601 is an unknown value


Stack: [0x00007000060c5000,0x00007000061c5000],  sp=0x00007000061c3f30,  free space=1019k
Native frames: (J=compiled Java code, j=interpreted, Vv=VM code, C=native code)
V  [libjvm.dylib+0xa4dfb]
V  [libjvm.dylib+0xa4e4c]
V  [libjvm.dylib+0x1512d8]
V  [libjvm.dylib+0x1b7454]
V  [libjvm.dylib+0x1b999b]
V  [libjvm.dylib+0x56c173]
V  [libjvm.dylib+0x56d860]
V  [libjvm.dylib+0x48bbb2]
C  [libsystem_pthread.dylib+0x3305]  _pthread_body+0x7e
C  [libsystem_pthread.dylib+0x626f]  _pthread_start+0x46
C  [libsystem_pthread.dylib+0x2415]  thread_start+0xd
C  0x0000000000000000


Current CompileTask:
C2:   4065 1016       4       java.util.StringTokenizer::nextToken (92 bytes)


---------------  P R O C E S S  ---------------

Java Threads: ( => current thread )
  0x00007f87b19de000 JavaThread "DestroyJavaVM" [_thread_blocked, id=10499, stack(0x00007000056a7000,0x00007000057a7000)]
  0x00007f87b19d1000 JavaThread "LWJGL Application" [_thread_in_native, id=74759, stack(0x0000700006863000,0x0000700006963000)]
  0x00007f87b2123000 JavaThread "AWT-Shutdown" [_thread_blocked, id=38411, stack(0x0000700006554000,0x0000700006654000)]
  0x00007f87b1151800 JavaThread "AppKit Thread" daemon [_thread_in_native, id=775, stack(0x00007ffee25e3000,0x00007ffee2de3000)]
  0x00007f87b2023000 JavaThread "Service Thread" daemon [_thread_blocked, id=17923, stack(0x00007000062cb000,0x00007000063cb000)]
  0x00007f87b2020800 JavaThread "C1 CompilerThread2" daemon [_thread_blocked, id=14339, stack(0x00007000061c8000,0x00007000062c8000)]
=>0x00007f87b083b800 JavaThread "C2 CompilerThread1" daemon [_thread_in_native, id=14083, stack(0x00007000060c5000,0x00007000061c5000)]
  0x00007f87b1011000 JavaThread "C2 CompilerThread0" daemon [_thread_blocked, id=13571, stack(0x0000700005fc2000,0x00007000060c2000)]
  0x00007f87b1841000 JavaThread "Signal Dispatcher" daemon [_thread_blocked, id=13315, stack(0x0000700005ebf000,0x0000700005fbf000)]
  0x00007f87b2012000 JavaThread "Finalizer" daemon [_thread_blocked, id=11779, stack(0x0000700005dbc000,0x0000700005ebc000)]
  0x00007f87b1010800 JavaThread "Reference Handler" daemon [_thread_blocked, id=11523, stack(0x0000700005cb9000,0x0000700005db9000)]

Other Threads:
  0x00007f87b2011800 VMThread [stack: 0x0000700005bb6000,0x0000700005cb6000] [id=20739]
  0x00007f87b1853800 WatcherThread [stack: 0x00007000063ce000,0x00007000064ce000] [id=14595]

VM state:not at safepoint (normal execution)

VM Mutex/Monitor currently owned by a thread: None

Heap:
 PSYoungGen      total 38400K, used 30243K [0x0000000795580000, 0x0000000798000000, 0x00000007c0000000)
  eden space 33280K, 90% used [0x0000000795580000,0x0000000797308ca8,0x0000000797600000)
  from space 5120K, 0% used [0x0000000797b00000,0x0000000797b00000,0x0000000798000000)
  to   space 5120K, 0% used [0x0000000797600000,0x0000000797600000,0x0000000797b00000)
 ParOldGen       total 87552K, used 0K [0x0000000740000000, 0x0000000745580000, 0x0000000795580000)
  object space 87552K, 0% used [0x0000000740000000,0x0000000740000000,0x0000000745580000)
 Metaspace       used 9592K, capacity 9743K, committed 9984K, reserved 1058816K
  class space    used 954K, capacity 1018K, committed 1024K, reserved 1048576K

Card table byte_map: [0x000000010ea4c000,0x000000010ee4d000] byte_map_base: 0x000000010b04c000

Marking Bits: (ParMarkBitMap*) 0x000000010d73f5d0
 Begin Bits: [0x000000011eb2b000, 0x0000000120b2b000)
 End Bits:   [0x0000000120b2b000, 0x0000000122b2b000)

Polling page: 0x000000010ddf3000

CodeCache: size=245760Kb used=3948Kb max_used=3962Kb free=241811Kb
 bounds [0x000000010fb2b000, 0x000000010ff1b000, 0x000000011eb2b000]
 total_blobs=1500 nmethods=1046 adapters=368
 compilation: enabled

Compilation events (10 events):
Event: 4.042 Thread 0x00007f87b2020800 1042       3       com.badlogic.gdx.graphics.Mesh::unbind (33 bytes)
Event: 4.043 Thread 0x00007f87b2020800 nmethod 1042 0x000000010fefef10 code [0x000000010feff0a0, 0x000000010feff4c8]
Event: 4.043 Thread 0x00007f87b2020800 1043       3       com.badlogic.gdx.graphics.glutils.IndexArray::unbind (1 bytes)
Event: 4.043 Thread 0x00007f87b2020800 nmethod 1043 0x000000010ff05590 code [0x000000010ff056e0, 0x000000010ff05830]
Event: 4.045 Thread 0x00007f87b1011000 1044       4       org.lwjgl.opengl.GLContext::getCapabilitiesImpl (23 bytes)
Event: 4.046 Thread 0x00007f87b1011000 nmethod 1044 0x000000010ff08550 code [0x000000010ff086a0, 0x000000010ff08738]
Event: 4.050 Thread 0x00007f87b2020800 1045       3       com.badlogic.gdx.scenes.scene2d.Actor::getWidth (5 bytes)
Event: 4.050 Thread 0x00007f87b2020800 nmethod 1045 0x000000010ff08210 code [0x000000010ff08360, 0x000000010ff084b0]
Event: 4.050 Thread 0x00007f87b2020800 1046       1       com.badlogic.gdx.graphics.g2d.BitmapFontCache::getFont (5 bytes)
Event: 4.051 Thread 0x00007f87b2020800 nmethod 1046 0x000000010ff07f50 code [0x000000010ff080a0, 0x000000010ff081b0]

GC Heap History (0 events):
No events

Deoptimization events (7 events):
Event: 0.367 Thread 0x00007f87b0800800 Uncommon trap: reason=unstable_if action=reinterpret pc=0x000000010fc81afc method=java.lang.String.indexOf([CII[CIII)I @ 134
Event: 1.317 Thread 0x00007f87b19d1000 Uncommon trap: reason=unstable_if action=reinterpret pc=0x000000010fceaa30 method=java.lang.String.replace(CC)Ljava/lang/String; @ 26
Event: 2.346 Thread 0x00007f87b19d1000 Uncommon trap: reason=unstable_if action=reinterpret pc=0x000000010fd77b04 method=java.lang.AbstractStringBuilder.append(Ljava/lang/String;)Ljava/lang/AbstractStringBuilder; @ 1
Event: 3.816 Thread 0x00007f87b19d1000 Uncommon trap: reason=unstable_if action=reinterpret pc=0x000000010fe1162c method=java.util.StringTokenizer.scanToken(I)I @ 7
Event: 3.816 Thread 0x00007f87b19d1000 Uncommon trap: reason=unstable_if action=reinterpret pc=0x000000010fe06044 method=java.util.StringTokenizer.skipDelimiters(I)I @ 29
Event: 3.816 Thread 0x00007f87b19d1000 Uncommon trap: reason=unstable_if action=reinterpret pc=0x000000010fd76800 method=sun.net.www.ParseUtil.encodePath(Ljava/lang/String;Z)Ljava/lang/String; @ 145
Event: 3.817 Thread 0x00007f87b19d1000 Uncommon trap: reason=unstable_if action=reinterpret pc=0x000000010fdc4070 method=java.util.StringTokenizer.scanToken(I)I @ 7

Internal exceptions (10 events):
Event: 0.522 Thread 0x00007f87b0800800 Exception <a 'java/lang/NoSuchFieldError': method resolution failed> (0x0000000795aee460) thrown at [/Users/java_re/workspace/8-2-build-macosx-x86_64/jdk8u151/9699/hotspot/src/share/vm/prims/methodHandles.cpp, line 1146]
Event: 0.798 Thread 0x00007f87b0800800 Exception <a 'java/io/FileNotFoundException'> (0x0000000795b690b0) thrown at [/Users/java_re/workspace/8-2-build-macosx-x86_64/jdk8u151/9699/hotspot/src/share/vm/prims/jni.cpp, line 709]
Event: 0.798 Thread 0x00007f87b0800800 Exception <a 'java/io/FileNotFoundException'> (0x0000000795b69c40) thrown at [/Users/java_re/workspace/8-2-build-macosx-x86_64/jdk8u151/9699/hotspot/src/share/vm/prims/jni.cpp, line 709]
Event: 0.817 Thread 0x00007f87b0800800 Exception <a 'java/security/PrivilegedActionException'> (0x0000000795b8ecb0) thrown at [/Users/java_re/workspace/8-2-build-macosx-x86_64/jdk8u151/9699/hotspot/src/share/vm/prims/jvm.cpp, line 1390]
Event: 0.817 Thread 0x00007f87b0800800 Exception <a 'java/security/PrivilegedActionException'> (0x0000000795b90898) thrown at [/Users/java_re/workspace/8-2-build-macosx-x86_64/jdk8u151/9699/hotspot/src/share/vm/prims/jvm.cpp, line 1390]
Event: 0.817 Thread 0x00007f87b0800800 Exception <a 'java/security/PrivilegedActionException'> (0x0000000795b919b8) thrown at [/Users/java_re/workspace/8-2-build-macosx-x86_64/jdk8u151/9699/hotspot/src/share/vm/prims/jvm.cpp, line 1390]
Event: 0.817 Thread 0x00007f87b0800800 Exception <a 'java/security/PrivilegedActionException'> (0x0000000795b96ad8) thrown at [/Users/java_re/workspace/8-2-build-macosx-x86_64/jdk8u151/9699/hotspot/src/share/vm/prims/jvm.cpp, line 1390]
Event: 0.817 Thread 0x00007f87b0800800 Exception <a 'java/security/PrivilegedActionException'> (0x0000000795b97730) thrown at [/Users/java_re/workspace/8-2-build-macosx-x86_64/jdk8u151/9699/hotspot/src/share/vm/prims/jvm.cpp, line 1390]
Event: 0.818 Thread 0x00007f87b0800800 Exception <a 'java/security/PrivilegedActionException'> (0x0000000795b98358) thrown at [/Users/java_re/workspace/8-2-build-macosx-x86_64/jdk8u151/9699/hotspot/src/share/vm/prims/jvm.cpp, line 1390]
Event: 2.346 Thread 0x00007f87b19d1000 Implicit null exception at 0x000000010fd77735 to 0x000000010fd77af1

Events (10 events):
Event: 3.943 loading class sun/reflect/ClassDefiner$1
Event: 3.943 loading class sun/reflect/ClassDefiner$1 done
Event: 3.943 loading class sun/reflect/BootstrapConstructorAccessorImpl
Event: 3.943 loading class sun/reflect/BootstrapConstructorAccessorImpl done
Event: 4.001 loading class com/geeselightning/zepr/TextScreen
Event: 4.001 loading class com/geeselightning/zepr/TextScreen done
Event: 4.033 loading class com/badlogic/gdx/utils/ObjectSet$ObjectSetIterator
Event: 4.033 loading class com/badlogic/gdx/utils/ObjectSet$ObjectSetIterator done
Event: 4.035 loading class com/geeselightning/zepr/TextScreen$1
Event: 4.035 loading class com/geeselightning/zepr/TextScreen$1 done


Dynamic libraries:
0x000000000ee12000 	/System/Library/Frameworks/Cocoa.framework/Versions/A/Cocoa
0x000000000ee12000 	/System/Library/Frameworks/Security.framework/Versions/A/Security
0x000000000ee12000 	/System/Library/Frameworks/ApplicationServices.framework/Versions/A/ApplicationServices
0x000000000ee12000 	/usr/lib/libz.1.dylib
0x000000000ee12000 	/usr/lib/libSystem.B.dylib
0x000000000ee12000 	/usr/lib/libobjc.A.dylib
0x000000000ee12000 	/System/Library/Frameworks/CoreFoundation.framework/Versions/A/CoreFoundation
0x000000000ee12000 	/System/Library/Frameworks/Foundation.framework/Versions/C/Foundation
0x000000000ee12000 	/System/Library/Frameworks/AppKit.framework/Versions/C/AppKit
0x000000000ee12000 	/System/Library/Frameworks/CoreData.framework/Versions/A/CoreData
0x000000000ee12000 	/System/Library/PrivateFrameworks/RemoteViewServices.framework/Versions/A/RemoteViewServices
0x000000000ee12000 	/System/Library/PrivateFrameworks/UIFoundation.framework/Versions/A/UIFoundation
0x000000000ee12000 	/System/Library/PrivateFrameworks/XCTTargetBootstrap.framework/Versions/A/XCTTargetBootstrap
0x000000000ee12000 	/System/Library/PrivateFrameworks/IconServices.framework/Versions/A/IconServices
0x000000000ee12000 	/System/Library/Frameworks/Metal.framework/Versions/A/Metal
0x000000000ee12000 	/System/Library/PrivateFrameworks/DesktopServicesPriv.framework/Versions/A/DesktopServicesPriv
0x000000000ee12000 	/usr/lib/libenergytrace.dylib
0x000000000ee12000 	/System/Library/PrivateFrameworks/SkyLight.framework/Versions/A/SkyLight
0x000000000ee12000 	/System/Library/Frameworks/CoreGraphics.framework/Versions/A/CoreGraphics
0x000000000ee12000 	/System/Library/Frameworks/Accelerate.framework/Versions/A/Accelerate
0x000000000ee12000 	/System/Library/Frameworks/IOSurface.framework/Versions/A/IOSurface
0x000000000ee12000 	/System/Library/PrivateFrameworks/DFRFoundation.framework/Versions/A/DFRFoundation
0x000000000ee12000 	/System/Library/Frameworks/AudioToolbox.framework/Versions/A/AudioToolbox
0x000000000ee12000 	/System/Library/Frameworks/AudioUnit.framework/Versions/A/AudioUnit
0x000000000ee12000 	/System/Library/PrivateFrameworks/DataDetectorsCore.framework/Versions/A/DataDetectorsCore
0x000000000ee12000 	/System/Library/Frameworks/Carbon.framework/Versions/A/Frameworks/HIToolbox.framework/Versions/A/HIToolbox
0x000000000ee12000 	/usr/lib/libicucore.A.dylib
0x000000000ee12000 	/System/Library/Frameworks/QuartzCore.framework/Versions/A/QuartzCore
0x000000000ee12000 	/System/Library/Frameworks/Carbon.framework/Versions/A/Frameworks/SpeechRecognition.framework/Versions/A/SpeechRecognition
0x000000000ee12000 	/usr/lib/libauto.dylib
0x000000000ee12000 	/usr/lib/libxml2.2.dylib
0x000000000ee12000 	/System/Library/PrivateFrameworks/CoreUI.framework/Versions/A/CoreUI
0x000000000ee12000 	/System/Library/Frameworks/CoreAudio.framework/Versions/A/CoreAudio
0x000000000ee12000 	/System/Library/Frameworks/DiskArbitration.framework/Versions/A/DiskArbitration
0x000000000ee12000 	/usr/lib/liblangid.dylib
0x000000000ee12000 	/System/Library/PrivateFrameworks/MultitouchSupport.framework/Versions/A/MultitouchSupport
0x000000000ee12000 	/System/Library/Frameworks/IOKit.framework/Versions/A/IOKit
0x000000000ee12000 	/usr/lib/libDiagnosticMessagesClient.dylib
0x000000000ee12000 	/System/Library/Frameworks/CoreServices.framework/Versions/A/CoreServices
0x000000000ee12000 	/System/Library/PrivateFrameworks/PerformanceAnalysis.framework/Versions/A/PerformanceAnalysis
0x000000000ee12000 	/System/Library/Frameworks/OpenGL.framework/Versions/A/OpenGL
0x000000000ee12000 	/System/Library/Frameworks/ColorSync.framework/Versions/A/ColorSync
0x000000000ee12000 	/System/Library/Frameworks/CoreImage.framework/Versions/A/CoreImage
0x000000000ee12000 	/System/Library/Frameworks/CoreText.framework/Versions/A/CoreText
0x000000000ee12000 	/System/Library/Frameworks/ImageIO.framework/Versions/A/ImageIO
0x000000000ee12000 	/System/Library/PrivateFrameworks/Backup.framework/Versions/A/Backup
0x000000000ee12000 	/usr/lib/libarchive.2.dylib
0x000000000ee12000 	/System/Library/Frameworks/CFNetwork.framework/Versions/A/CFNetwork
0x000000000ee12000 	/System/Library/Frameworks/SystemConfiguration.framework/Versions/A/SystemConfiguration
0x000000000ee12000 	/usr/lib/libCRFSuite.dylib
0x000000000ee12000 	/usr/lib/libc++.1.dylib
0x000000000ee12000 	/usr/lib/libc++abi.dylib
0x000000000ee12000 	/usr/lib/system/libcache.dylib
0x000000000ee12000 	/usr/lib/system/libcommonCrypto.dylib
0x000000000ee12000 	/usr/lib/system/libcompiler_rt.dylib
0x000000000ee12000 	/usr/lib/system/libcopyfile.dylib
0x000000000ee12000 	/usr/lib/system/libcorecrypto.dylib
0x000000000ee12000 	/usr/lib/system/libdispatch.dylib
0x000000000ee12000 	/usr/lib/system/libdyld.dylib
0x000000000ee12000 	/usr/lib/system/libkeymgr.dylib
0x000000000ee12000 	/usr/lib/system/liblaunch.dylib
0x000000000ee12000 	/usr/lib/system/libmacho.dylib
0x000000000ee12000 	/usr/lib/system/libquarantine.dylib
0x000000000ee12000 	/usr/lib/system/libremovefile.dylib
0x000000000ee12000 	/usr/lib/system/libsystem_asl.dylib
0x000000000ee12000 	/usr/lib/system/libsystem_blocks.dylib
0x000000000ee12000 	/usr/lib/system/libsystem_c.dylib
0x000000000ee12000 	/usr/lib/system/libsystem_configuration.dylib
0x000000000ee12000 	/usr/lib/system/libsystem_coreservices.dylib
0x000000000ee12000 	/usr/lib/system/libsystem_darwin.dylib
0x000000000ee12000 	/usr/lib/system/libsystem_dnssd.dylib
0x000000000ee12000 	/usr/lib/system/libsystem_info.dylib
0x000000000ee12000 	/usr/lib/system/libsystem_m.dylib
0x000000000ee12000 	/usr/lib/system/libsystem_malloc.dylib
0x000000000ee12000 	/usr/lib/system/libsystem_networkextension.dylib
0x000000000ee12000 	/usr/lib/system/libsystem_notify.dylib
0x000000000ee12000 	/usr/lib/system/libsystem_sandbox.dylib
0x000000000ee12000 	/usr/lib/system/libsystem_secinit.dylib
0x000000000ee12000 	/usr/lib/system/libsystem_kernel.dylib
0x000000000ee12000 	/usr/lib/system/libsystem_platform.dylib
0x000000000ee12000 	/usr/lib/system/libsystem_pthread.dylib
0x000000000ee12000 	/usr/lib/system/libsystem_symptoms.dylib
0x000000000ee12000 	/usr/lib/system/libsystem_trace.dylib
0x000000000ee12000 	/usr/lib/system/libunwind.dylib
0x000000000ee12000 	/usr/lib/system/libxpc.dylib
0x000000000ee12000 	/usr/lib/libbsm.0.dylib
0x000000000ee12000 	/usr/lib/system/libkxld.dylib
0x000000000ee12000 	/System/Library/PrivateFrameworks/AppleFSCompression.framework/Versions/A/AppleFSCompression
0x000000000ee12000 	/usr/lib/libOpenScriptingUtil.dylib
0x000000000ee12000 	/usr/lib/libcoretls.dylib
0x000000000ee12000 	/usr/lib/libcoretls_cfhelpers.dylib
0x000000000ee12000 	/usr/lib/libpam.2.dylib
0x000000000ee12000 	/usr/lib/libsqlite3.dylib
0x000000000ee12000 	/usr/lib/libxar.1.dylib
0x000000000ee12000 	/usr/lib/libbz2.1.0.dylib
0x000000000ee12000 	/usr/lib/liblzma.5.dylib
0x000000000ee12000 	/usr/lib/libnetwork.dylib
0x000000000ee12000 	/usr/lib/libapple_nghttp2.dylib
0x000000000ee12000 	/usr/lib/libpcap.A.dylib
0x000000000ee12000 	/System/Library/Frameworks/CoreServices.framework/Versions/A/Frameworks/FSEvents.framework/Versions/A/FSEvents
0x000000000ee12000 	/System/Library/Frameworks/CoreServices.framework/Versions/A/Frameworks/CarbonCore.framework/Versions/A/CarbonCore
0x000000000ee12000 	/System/Library/Frameworks/CoreServices.framework/Versions/A/Frameworks/Metadata.framework/Versions/A/Metadata
0x000000000ee12000 	/System/Library/Frameworks/CoreServices.framework/Versions/A/Frameworks/OSServices.framework/Versions/A/OSServices
0x000000000ee12000 	/System/Library/Frameworks/CoreServices.framework/Versions/A/Frameworks/SearchKit.framework/Versions/A/SearchKit
0x000000000ee12000 	/System/Library/Frameworks/CoreServices.framework/Versions/A/Frameworks/AE.framework/Versions/A/AE
0x000000000ee12000 	/System/Library/Frameworks/CoreServices.framework/Versions/A/Frameworks/LaunchServices.framework/Versions/A/LaunchServices
0x000000000ee12000 	/System/Library/Frameworks/CoreServices.framework/Versions/A/Frameworks/DictionaryServices.framework/Versions/A/DictionaryServices
0x000000000ee12000 	/System/Library/Frameworks/CoreServices.framework/Versions/A/Frameworks/SharedFileList.framework/Versions/A/SharedFileList
0x000000000ee12000 	/System/Library/Frameworks/NetFS.framework/Versions/A/NetFS
0x000000000ee12000 	/System/Library/PrivateFrameworks/NetAuth.framework/Versions/A/NetAuth
0x000000000ee12000 	/System/Library/PrivateFrameworks/login.framework/Versions/A/Frameworks/loginsupport.framework/Versions/A/loginsupport
0x000000000ee12000 	/System/Library/PrivateFrameworks/TCC.framework/Versions/A/TCC
0x000000000ee12000 	/System/Library/PrivateFrameworks/CoreNLP.framework/Versions/A/CoreNLP
0x000000000ee12000 	/System/Library/PrivateFrameworks/MetadataUtilities.framework/Versions/A/MetadataUtilities
0x000000000ee12000 	/usr/lib/libmecabra.dylib
0x000000000ee12000 	/System/Library/Frameworks/ApplicationServices.framework/Versions/A/Frameworks/ATS.framework/Versions/A/ATS
0x000000000ee12000 	/System/Library/Frameworks/ApplicationServices.framework/Versions/A/Frameworks/ColorSyncLegacy.framework/Versions/A/ColorSyncLegacy
0x000000000ee12000 	/System/Library/Frameworks/ApplicationServices.framework/Versions/A/Frameworks/HIServices.framework/Versions/A/HIServices
0x000000000ee12000 	/System/Library/Frameworks/ApplicationServices.framework/Versions/A/Frameworks/LangAnalysis.framework/Versions/A/LangAnalysis
0x000000000ee12000 	/System/Library/Frameworks/ApplicationServices.framework/Versions/A/Frameworks/PrintCore.framework/Versions/A/PrintCore
0x000000000ee12000 	/System/Library/Frameworks/ApplicationServices.framework/Versions/A/Frameworks/QD.framework/Versions/A/QD
0x000000000ee12000 	/System/Library/Frameworks/ApplicationServices.framework/Versions/A/Frameworks/SpeechSynthesis.framework/Versions/A/SpeechSynthesis
0x000000000ee12000 	/usr/lib/libcompression.dylib
0x000000000ee12000 	/System/Library/Frameworks/CoreDisplay.framework/Versions/A/CoreDisplay
0x000000000ee12000 	/System/Library/Frameworks/MetalPerformanceShaders.framework/Versions/A/MetalPerformanceShaders
0x000000000ee12000 	/System/Library/Frameworks/Accelerate.framework/Versions/A/Frameworks/vImage.framework/Versions/A/vImage
0x000000000ee12000 	/System/Library/Frameworks/Accelerate.framework/Versions/A/Frameworks/vecLib.framework/Versions/A/vecLib
0x000000000ee12000 	/System/Library/Frameworks/Accelerate.framework/Versions/A/Frameworks/vecLib.framework/Versions/A/libvMisc.dylib
0x000000000ee12000 	/System/Library/Frameworks/Accelerate.framework/Versions/A/Frameworks/vecLib.framework/Versions/A/libvDSP.dylib
0x000000000ee12000 	/System/Library/Frameworks/Accelerate.framework/Versions/A/Frameworks/vecLib.framework/Versions/A/libBLAS.dylib
0x000000000ee12000 	/System/Library/Frameworks/Accelerate.framework/Versions/A/Frameworks/vecLib.framework/Versions/A/libLAPACK.dylib
0x000000000ee12000 	/System/Library/Frameworks/Accelerate.framework/Versions/A/Frameworks/vecLib.framework/Versions/A/libLinearAlgebra.dylib
0x000000000ee12000 	/System/Library/Frameworks/Accelerate.framework/Versions/A/Frameworks/vecLib.framework/Versions/A/libSparseBLAS.dylib
0x000000000ee12000 	/System/Library/Frameworks/Accelerate.framework/Versions/A/Frameworks/vecLib.framework/Versions/A/libQuadrature.dylib
0x000000000ee12000 	/System/Library/Frameworks/Accelerate.framework/Versions/A/Frameworks/vecLib.framework/Versions/A/libBNNS.dylib
0x000000000ee12000 	/System/Library/Frameworks/Accelerate.framework/Versions/A/Frameworks/vecLib.framework/Versions/A/libSparse.dylib
0x000000000ee12000 	/System/Library/PrivateFrameworks/GPUWrangler.framework/Versions/A/GPUWrangler
0x000000000ee12000 	/System/Library/PrivateFrameworks/IOAccelerator.framework/Versions/A/IOAccelerator
0x000000000ee12000 	/System/Library/PrivateFrameworks/IOPresentment.framework/Versions/A/IOPresentment
0x000000000ee12000 	/System/Library/PrivateFrameworks/DSExternalDisplay.framework/Versions/A/DSExternalDisplay
0x000000000ee12000 	/System/Library/Frameworks/OpenGL.framework/Versions/A/Libraries/libCoreFSCache.dylib
0x000000000ee12000 	/System/Library/Frameworks/MetalPerformanceShaders.framework/Frameworks/MPSCore.framework/Versions/A/MPSCore
0x000000000ee12000 	/System/Library/Frameworks/MetalPerformanceShaders.framework/Frameworks/MPSImage.framework/Versions/A/MPSImage
0x000000000ee12000 	/System/Library/Frameworks/MetalPerformanceShaders.framework/Frameworks/MPSNeuralNetwork.framework/Versions/A/MPSNeuralNetwork
0x000000000ee12000 	/System/Library/Frameworks/MetalPerformanceShaders.framework/Frameworks/MPSMatrix.framework/Versions/A/MPSMatrix
0x000000000ee12000 	/System/Library/Frameworks/MetalPerformanceShaders.framework/Frameworks/MPSRayIntersector.framework/Versions/A/MPSRayIntersector
0x000000000ee12000 	/System/Library/PrivateFrameworks/MetalTools.framework/Versions/A/MetalTools
0x000000000ee12000 	/System/Library/PrivateFrameworks/AggregateDictionary.framework/Versions/A/AggregateDictionary
0x000000000ee12000 	/usr/lib/libMobileGestalt.dylib
0x000000000ee12000 	/System/Library/Frameworks/CoreVideo.framework/Versions/A/CoreVideo
0x000000000ee12000 	/System/Library/PrivateFrameworks/GraphVisualizer.framework/Versions/A/GraphVisualizer
0x000000000ee12000 	/System/Library/PrivateFrameworks/FaceCore.framework/Versions/A/FaceCore
0x000000000ee12000 	/System/Library/Frameworks/OpenCL.framework/Versions/A/OpenCL
0x000000000ee12000 	/usr/lib/libFosl_dynamic.dylib
0x000000000ee12000 	/System/Library/PrivateFrameworks/OTSVG.framework/Versions/A/OTSVG
0x000000000ee12000 	/System/Library/Frameworks/ApplicationServices.framework/Versions/A/Frameworks/ATS.framework/Versions/A/Resources/libFontParser.dylib
0x000000000ee12000 	/System/Library/Frameworks/ApplicationServices.framework/Versions/A/Frameworks/ATS.framework/Versions/A/Resources/libFontRegistry.dylib
0x000000000ee12000 	/System/Library/Frameworks/ImageIO.framework/Versions/A/Resources/libJPEG.dylib
0x000000000ee12000 	/System/Library/Frameworks/ImageIO.framework/Versions/A/Resources/libTIFF.dylib
0x000000000ee12000 	/System/Library/Frameworks/ImageIO.framework/Versions/A/Resources/libPng.dylib
0x000000000ee12000 	/System/Library/Frameworks/ImageIO.framework/Versions/A/Resources/libGIF.dylib
0x000000000ee12000 	/System/Library/Frameworks/ImageIO.framework/Versions/A/Resources/libJP2.dylib
0x000000000ee12000 	/System/Library/Frameworks/ImageIO.framework/Versions/A/Resources/libRadiance.dylib
0x000000000ee12000 	/System/Library/PrivateFrameworks/AppleJPEG.framework/Versions/A/AppleJPEG
0x000000000ee12000 	/System/Library/Frameworks/OpenGL.framework/Versions/A/Libraries/libGFXShared.dylib
0x000000000ee12000 	/System/Library/Frameworks/OpenGL.framework/Versions/A/Libraries/libGLU.dylib
0x000000000ee12000 	/System/Library/Frameworks/OpenGL.framework/Versions/A/Libraries/libGL.dylib
0x000000000ee12000 	/System/Library/Frameworks/OpenGL.framework/Versions/A/Libraries/libGLImage.dylib
0x000000000ee12000 	/System/Library/Frameworks/OpenGL.framework/Versions/A/Libraries/libCVMSPluginSupport.dylib
0x000000000ee12000 	/System/Library/Frameworks/OpenGL.framework/Versions/A/Libraries/libCoreVMClient.dylib
0x000000000ee12000 	/usr/lib/libcups.2.dylib
0x000000000ee12000 	/System/Library/Frameworks/Kerberos.framework/Versions/A/Kerberos
0x000000000ee12000 	/System/Library/Frameworks/GSS.framework/Versions/A/GSS
0x000000000ee12000 	/usr/lib/libresolv.9.dylib
0x000000000ee12000 	/usr/lib/libiconv.2.dylib
0x000000000ee12000 	/System/Library/PrivateFrameworks/Heimdal.framework/Versions/A/Heimdal
0x000000000ee12000 	/usr/lib/libheimdal-asn1.dylib
0x000000000ee12000 	/System/Library/Frameworks/OpenDirectory.framework/Versions/A/OpenDirectory
0x000000000ee12000 	/System/Library/PrivateFrameworks/CommonAuth.framework/Versions/A/CommonAuth
0x000000000ee12000 	/System/Library/Frameworks/OpenDirectory.framework/Versions/A/Frameworks/CFOpenDirectory.framework/Versions/A/CFOpenDirectory
0x000000000ee12000 	/System/Library/Frameworks/SecurityFoundation.framework/Versions/A/SecurityFoundation
0x000000000ee12000 	/System/Library/PrivateFrameworks/APFS.framework/Versions/A/APFS
0x000000000ee12000 	/usr/lib/libutil.dylib
0x000000000ee12000 	/usr/lib/libcharset.1.dylib
0x000000000ee12000 	/System/Library/PrivateFrameworks/AppleSauce.framework/Versions/A/AppleSauce
0x000000000ee12000 	/System/Library/PrivateFrameworks/AssertionServices.framework/Versions/A/AssertionServices
0x000000000ee12000 	/System/Library/PrivateFrameworks/BaseBoard.framework/Versions/A/BaseBoard
0x000000000ee12000 	/usr/lib/libmecab.1.0.0.dylib
0x000000000ee12000 	/usr/lib/libgermantok.dylib
0x000000000ee12000 	/usr/lib/libThaiTokenizer.dylib
0x000000000ee12000 	/usr/lib/libChineseTokenizer.dylib
0x000000000ee12000 	/System/Library/PrivateFrameworks/LanguageModeling.framework/Versions/A/LanguageModeling
0x000000000ee12000 	/System/Library/PrivateFrameworks/CoreEmoji.framework/Versions/A/CoreEmoji
0x000000000ee12000 	/System/Library/PrivateFrameworks/Lexicon.framework/Versions/A/Lexicon
0x000000000ee12000 	/System/Library/PrivateFrameworks/LinguisticData.framework/Versions/A/LinguisticData
0x000000000ee12000 	/usr/lib/libcmph.dylib
0x000000000ee12000 	/System/Library/Frameworks/ServiceManagement.framework/Versions/A/ServiceManagement
0x000000000ee12000 	/System/Library/PrivateFrameworks/BackgroundTaskManagement.framework/Versions/A/BackgroundTaskManagement
0x000000000ee12000 	/usr/lib/libxslt.1.dylib
0x000000000ee12000 	/System/Library/Frameworks/Carbon.framework/Versions/A/Frameworks/Ink.framework/Versions/A/Ink
0x000000000ee12000 	/System/Library/PrivateFrameworks/TextureIO.framework/Versions/A/TextureIO
0x000000000ee12000 	/usr/lib/libate.dylib
0x000000000ee12000 	/System/Library/PrivateFrameworks/CrashReporterSupport.framework/Versions/A/CrashReporterSupport
0x000000000ee12000 	/System/Library/PrivateFrameworks/Sharing.framework/Versions/A/Sharing
0x000000000ee12000 	/System/Library/PrivateFrameworks/AuthKit.framework/Versions/A/AuthKit
0x000000000ee12000 	/System/Library/PrivateFrameworks/Apple80211.framework/Versions/A/Apple80211
0x000000000ee12000 	/System/Library/PrivateFrameworks/CoreUtils.framework/Versions/A/CoreUtils
0x000000000ee12000 	/System/Library/Frameworks/CoreWLAN.framework/Versions/A/CoreWLAN
0x000000000ee12000 	/System/Library/Frameworks/IOBluetooth.framework/Versions/A/IOBluetooth
0x000000000ee12000 	/System/Library/PrivateFrameworks/ProtocolBuffer.framework/Versions/A/ProtocolBuffer
0x000000000ee12000 	/System/Library/PrivateFrameworks/MobileKeyBag.framework/Versions/A/MobileKeyBag
0x000000000ee12000 	/System/Library/PrivateFrameworks/CorePhoneNumbers.framework/Versions/A/CorePhoneNumbers
0x000000000ee12000 	/System/Library/PrivateFrameworks/AppleIDAuthSupport.framework/Versions/A/AppleIDAuthSupport
0x000000000ee12000 	/System/Library/PrivateFrameworks/KeychainCircle.framework/Versions/A/KeychainCircle
0x000000000ee12000 	/System/Library/PrivateFrameworks/ROCKit.framework/Versions/A/ROCKit
0x000000000ee12000 	/System/Library/PrivateFrameworks/CoreWiFi.framework/Versions/A/CoreWiFi
0x000000000ee12000 	/System/Library/Frameworks/CoreBluetooth.framework/Versions/A/CoreBluetooth
0x000000000ee12000 	/System/Library/PrivateFrameworks/DebugSymbols.framework/Versions/A/DebugSymbols
0x000000000ee12000 	/System/Library/PrivateFrameworks/CoreSymbolication.framework/Versions/A/CoreSymbolication
0x000000000ee12000 	/System/Library/PrivateFrameworks/Symbolication.framework/Versions/A/Symbolication
0x000000000ee12000 	/System/Library/PrivateFrameworks/SpeechRecognitionCore.framework/Versions/A/SpeechRecognitionCore
0x000000010ce4c000 	/Library/Java/JavaVirtualMachines/jdk1.8.0_151.jdk/Contents/Home/jre/lib/server/libjvm.dylib
0x000000000ee12000 	/usr/lib/libstdc++.6.dylib
0x000000010e600000 	/Library/Java/JavaVirtualMachines/jdk1.8.0_151.jdk/Contents/Home/jre/lib/libverify.dylib
0x000000010e60e000 	/Library/Java/JavaVirtualMachines/jdk1.8.0_151.jdk/Contents/Home/jre/lib/libjava.dylib
0x000000010e683000 	/Library/Java/JavaVirtualMachines/jdk1.8.0_151.jdk/Contents/Home/jre/lib/libzip.dylib
0x000000000ee12000 	/System/Library/Frameworks/JavaVM.framework/Versions/A/Frameworks/JavaRuntimeSupport.framework/Versions/A/JavaRuntimeSupport
0x000000000ee12000 	/System/Library/Frameworks/JavaVM.framework/Versions/A/Frameworks/JavaNativeFoundation.framework/Versions/A/JavaNativeFoundation
0x000000000ee12000 	/System/Library/Frameworks/JavaVM.framework/Versions/A/JavaVM
0x000000000ee12000 	/System/Library/Frameworks/Carbon.framework/Versions/A/Carbon
0x000000000ee12000 	/System/Library/PrivateFrameworks/JavaLaunching.framework/Versions/A/JavaLaunching
0x000000000ee12000 	/System/Library/Frameworks/Carbon.framework/Versions/A/Frameworks/CommonPanels.framework/Versions/A/CommonPanels
0x000000000ee12000 	/System/Library/Frameworks/Carbon.framework/Versions/A/Frameworks/Help.framework/Versions/A/Help
0x000000000ee12000 	/System/Library/Frameworks/Carbon.framework/Versions/A/Frameworks/ImageCapture.framework/Versions/A/ImageCapture
0x000000000ee12000 	/System/Library/Frameworks/Carbon.framework/Versions/A/Frameworks/OpenScripting.framework/Versions/A/OpenScripting
0x000000000ee12000 	/System/Library/Frameworks/Carbon.framework/Versions/A/Frameworks/Print.framework/Versions/A/Print
0x000000000ee12000 	/System/Library/Frameworks/Carbon.framework/Versions/A/Frameworks/SecurityHI.framework/Versions/A/SecurityHI
0x0000000125b29000 	/private/var/folders/g8/h7wvfc4s0yb2w59cy1vg9gcm0000gn/T/libgdxJohn_Rafael/25a8e9fb/libgdx64.dylib
0x0000000125b79000 	/Library/Java/JavaVirtualMachines/jdk1.8.0_151.jdk/Contents/Home/jre/lib/libawt.dylib
0x0000000125c21000 	/Library/Java/JavaVirtualMachines/jdk1.8.0_151.jdk/Contents/Home/jre/lib/./libmlib_image.dylib
0x0000000125ced000 	/Library/Java/JavaVirtualMachines/jdk1.8.0_151.jdk/Contents/Home/jre/lib/libawt_lwawt.dylib
0x0000000125da4000 	/Library/Java/JavaVirtualMachines/jdk1.8.0_151.jdk/Contents/Home/jre/lib/./libosxapp.dylib
0x000000000ee12000 	/System/Library/Frameworks/ExceptionHandling.framework/Versions/A/ExceptionHandling
0x000000000ee12000 	/System/Library/PrivateFrameworks/CoreServicesInternal.framework/Versions/A/CoreServicesInternal
0x000000000ee12000 	/System/Library/CoreServices/RawCamera.bundle/Contents/MacOS/RawCamera
0x000000000ee12000 	/System/Library/PrivateFrameworks/MobileAsset.framework/Versions/A/MobileAsset
0x000000000ee12000 	/System/Library/PrivateFrameworks/StreamingZip.framework/Versions/A/StreamingZip
0x000000000ee12000 	/System/Library/Frameworks/MediaToolbox.framework/Versions/A/MediaToolbox
0x000000000ee12000 	/System/Library/PrivateFrameworks/CoreAVCHD.framework/Versions/A/CoreAVCHD
0x000000000ee12000 	/System/Library/Frameworks/MediaAccessibility.framework/Versions/A/MediaAccessibility
0x000000000ee12000 	/System/Library/PrivateFrameworks/Mangrove.framework/Versions/A/Mangrove
0x000000000ee12000 	/System/Library/Frameworks/CoreMedia.framework/Versions/A/CoreMedia
0x000000000ee12000 	/System/Library/Frameworks/VideoToolbox.framework/Versions/A/VideoToolbox
0x000000000ee12000 	/System/Library/PrivateFrameworks/CoreAUC.framework/Versions/A/CoreAUC
0x000000000ee12000 	/usr/lib/libspindump.dylib
0x000000000ee12000 	/System/Library/PrivateFrameworks/AppleVA.framework/Versions/A/AppleVA
0x000000000ee12000 	/System/Library/Frameworks/Accelerate.framework/Versions/A/Frameworks/vImage.framework/Versions/A/Libraries/libCGInterfaces.dylib
0x000000000ee12000 	/System/Library/Frameworks/ApplicationServices.framework/Versions/A/Frameworks/ATS.framework/Versions/A/Resources/libTrueTypeScaler.dylib
0x000000000ee12000 	/System/Library/Extensions/AppleIntelHD4000GraphicsMTLDriver.bundle/Contents/MacOS/AppleIntelHD4000GraphicsMTLDriver
0x000000000ee12000 	/System/Library/PrivateFrameworks/GPUCompiler.framework/Versions/3902/Libraries/libmetal_timestamp.dylib
0x000000000ee12000 	/System/Library/PrivateFrameworks/FamilyControls.framework/Versions/A/FamilyControls
0x000000000ee12000 	/System/Library/PrivateFrameworks/CommerceKit.framework/Versions/A/Frameworks/CommerceCore.framework/Versions/A/CommerceCore
0x000000000ee12000 	/System/Library/PrivateFrameworks/SystemAdministration.framework/Versions/A/SystemAdministration
0x000000000ee12000 	/System/Library/PrivateFrameworks/AppContainer.framework/Versions/A/AppContainer
0x000000000ee12000 	/System/Library/PrivateFrameworks/AppSandbox.framework/Versions/A/AppSandbox
0x000000000ee12000 	/System/Library/PrivateFrameworks/SecCodeWrapper.framework/Versions/A/SecCodeWrapper
0x000000000ee12000 	/usr/lib/libsandbox.1.dylib
0x000000000ee12000 	/usr/lib/libMatch.1.dylib
0x000000000ee12000 	/System/Library/PrivateFrameworks/DiskManagement.framework/Versions/A/DiskManagement
0x000000000ee12000 	/System/Library/Frameworks/DirectoryService.framework/Versions/A/DirectoryService
0x000000000ee12000 	/System/Library/PrivateFrameworks/DiskImages.framework/Versions/A/DiskImages
0x000000000ee12000 	/System/Library/PrivateFrameworks/LoginUIKit.framework/Versions/A/Frameworks/LoginUICore.framework/Versions/A/LoginUICore
0x000000000ee12000 	/usr/lib/libCoreStorage.dylib
0x000000000ee12000 	/usr/lib/libcsfde.dylib
0x000000000ee12000 	/usr/lib/libodfde.dylib
0x000000000ee12000 	/System/Library/PrivateFrameworks/MediaKit.framework/Versions/A/MediaKit
0x000000000ee12000 	/System/Library/Frameworks/DiscRecording.framework/Versions/A/DiscRecording
0x000000000ee12000 	/System/Library/PrivateFrameworks/EFILogin.framework/Versions/A/EFILogin
0x000000000ee12000 	/System/Library/PrivateFrameworks/ProtectedCloudStorage.framework/Versions/A/ProtectedCloudStorage
0x000000000ee12000 	/usr/lib/libcurl.4.dylib
0x000000000ee12000 	/usr/lib/libcrypto.42.dylib
0x000000000ee12000 	/usr/lib/libssl.44.dylib
0x000000000ee12000 	/System/Library/Frameworks/LDAP.framework/Versions/A/LDAP
0x000000000ee12000 	/System/Library/PrivateFrameworks/TrustEvaluationAgent.framework/Versions/A/TrustEvaluationAgent
0x000000000ee12000 	/usr/lib/libsasl2.2.dylib
0x000000000ee12000 	/System/Library/PrivateFrameworks/CoreDaemon.framework/Versions/B/CoreDaemon
0x000000000ee12000 	/System/Library/PrivateFrameworks/AppleSRP.framework/Versions/A/AppleSRP
0x000000000ee12000 	/System/Library/PrivateFrameworks/ViewBridge.framework/Versions/A/ViewBridge
0x0000000128154000 	/Library/Java/JavaVirtualMachines/jdk1.8.0_151.jdk/Contents/Home/jre/lib/libfontmanager.dylib
0x00000001281bb000 	/private/var/folders/g8/h7wvfc4s0yb2w59cy1vg9gcm0000gn/T/libgdxJohn_Rafael/f7649394/liblwjgl.dylib
0x0000000126016000 	/Library/Java/JavaVirtualMachines/jdk1.8.0_151.jdk/Contents/Home/jre/lib/libjawt.dylib
0x000000012823d000 	/var/folders/g8/h7wvfc4s0yb2w59cy1vg9gcm0000gn/T/libgdxJohn_Rafael/f7649394/openal.dylib
0x00000001282c6000 	/System/Library/Components/CoreAudio.component/Contents/MacOS/CoreAudio
0x000000012850a000 	/System/Library/Extensions/AppleHDA.kext/Contents/PlugIns/AppleHDAHALPlugIn.bundle/Contents/MacOS/AppleHDAHALPlugIn
0x000000000ee12000 	/System/Library/Frameworks/OpenGL.framework/Versions/A/Resources/GLEngine.bundle/GLEngine
0x000000000ee12000 	/System/Library/Frameworks/OpenGL.framework/Versions/A/Libraries/libGLProgrammability.dylib
0x000000000ee12000 	/System/Library/Extensions/AppleIntelHD4000GraphicsGLDriver.bundle/Contents/MacOS/AppleIntelHD4000GraphicsGLDriver
0x000000000ee12000 	/System/Library/PrivateFrameworks/GPUSupport.framework/Versions/A/Libraries/libGPUSupportMercury.dylib
0x000000000ee12000 	/System/Library/Frameworks/OpenGL.framework/Versions/A/Resources/GLRendererFloat.bundle/GLRendererFloat
0x000000000ee12000 	/System/Library/Frameworks/OpenCL.framework/Versions/A/Libraries/libcldcpuengine.dylib
0x000000000ee12000 	/usr/lib/libcrypto.35.dylib

VM Arguments:
jvm_args: -Dfile.encoding=UTF-8 
java_command: com.geeselightning.zepr.desktop.DesktopLauncher
java_class_path (initial): /Library/Java/JavaVirtualMachines/jdk1.8.0_151.jdk/Contents/Home/jre/lib/resources.jar:/Library/Java/JavaVirtualMachines/jdk1.8.0_151.jdk/Contents/Home/jre/lib/rt.jar:/Library/Java/JavaVirtualMachines/jdk1.8.0_151.jdk/Contents/Home/jre/lib/jsse.jar:/Library/Java/JavaVirtualMachines/jdk1.8.0_151.jdk/Contents/Home/jre/lib/jce.jar:/Library/Java/JavaVirtualMachines/jdk1.8.0_151.jdk/Contents/Home/jre/lib/charsets.jar:/Library/Java/JavaVirtualMachines/jdk1.8.0_151.jdk/Contents/Home/jre/lib/jfr.jar:/Library/Java/JavaVirtualMachines/jdk1.8.0_151.jdk/Contents/Home/jre/lib/ext/sunec.jar:/Library/Java/JavaVirtualMachines/jdk1.8.0_151.jdk/Contents/Home/jre/lib/ext/nashorn.jar:/Library/Java/JavaVirtualMachines/jdk1.8.0_151.jdk/Contents/Home/jre/lib/ext/cldrdata.jar:/Library/Java/JavaVirtualMachines/jdk1.8.0_151.jdk/Contents/Home/jre/lib/ext/jfxrt.jar:/Library/Java/JavaVirtualMachines/jdk1.8.0_151.jdk/Contents/Home/jre/lib/ext/dnsns.jar:/Library/Java/JavaVirtualMachines/jdk1.8.0_151.jdk/Contents/Home/jre/lib/ext/localedata.jar:/Library/Java/JavaVirtualMachines/jdk1.8.0_151.jdk/Contents/Home/jre/lib/ext/sunjce_provider.jar:/Library/Java/JavaVirtualMachines/jdk1.8.0_151.jdk/Contents/Home/jre/lib/ext/sunpkcs11.jar:/Library/Java/JavaVirtualMachines/jdk1.8.0_151.jdk/Contents/Home/jre/lib/ext/jaccess.jar:/Library/Java/JavaVirtualMachines/jdk1.8.0_151.jdk/Contents/Home/jre/lib/ext/zipfs.jar:/System/Library/Java/Extensions/MRJToolkit.jar:/Users/John_Rafael/Downloads/GIT/Assessment3/zepr/desktop/bin/main:/zepr-desktop/bin/default:/Users/John_Rafael/Downloads/GIT/Assessment3/zepr/core/bin/main:/Users/John_Rafael/Downloads/GIT/Assessment3/zepr/core/bin/default:/Users/John_Rafael/.gradle/caches/modules-2/files-2.1/com.badlogicgames.gdx/gdx-backend-lwjgl/1.9.8/b7c138f14ed67ad830ae7597da3d86ae02b20eee/gdx-backend-lwjgl-1.9.8.jar:/Users/John_Rafael/.gradle/caches/modules-2/files-2.1/com.badlogicgames.gdx/gdx-platform/1.9.8/604a2ef2c7c92a5900114757cbd3fb4dcbb8270c/gd
Launcher Type: SUN_STANDARD

Environment Variables:
PATH=/usr/bin:/bin:/usr/sbin:/sbin
SHELL=/bin/bash

Signal Handlers:
SIGSEGV: [libjvm.dylib+0x5b27a5], sa_mask[0]=11111111011111110111111111111111, sa_flags=SA_ONSTACK|SA_RESTART|SA_SIGINFO
SIGBUS: [libjvm.dylib+0x5b27a5], sa_mask[0]=11111111011111110111111111111111, sa_flags=SA_RESTART|SA_SIGINFO
SIGFPE: [libjvm.dylib+0x4891c4], sa_mask[0]=11111111011111110111111111111111, sa_flags=SA_RESTART|SA_SIGINFO
SIGPIPE: [libjvm.dylib+0x4891c4], sa_mask[0]=11111111011111110111111111111111, sa_flags=SA_RESTART|SA_SIGINFO
SIGXFSZ: [libjvm.dylib+0x4891c4], sa_mask[0]=11111111011111110111111111111111, sa_flags=SA_RESTART|SA_SIGINFO
SIGILL: [libjvm.dylib+0x4891c4], sa_mask[0]=11111111011111110111111111111111, sa_flags=SA_RESTART|SA_SIGINFO
SIGUSR1: SIG_DFL, sa_mask[0]=00000000000000000000000000000000, sa_flags=none
SIGUSR2: [libjvm.dylib+0x488ce2], sa_mask[0]=00100000000000000000000000000000, sa_flags=SA_RESTART|SA_SIGINFO
SIGHUP: [libjvm.dylib+0x4872b9], sa_mask[0]=11111111011111110111111111111111, sa_flags=SA_RESTART|SA_SIGINFO
SIGINT: [libjvm.dylib+0x4872b9], sa_mask[0]=11111111011111110111111111111111, sa_flags=SA_RESTART|SA_SIGINFO
SIGTERM: [libjvm.dylib+0x4872b9], sa_mask[0]=11111111011111110111111111111111, sa_flags=SA_RESTART|SA_SIGINFO
SIGQUIT: [libjvm.dylib+0x4872b9], sa_mask[0]=11111111011111110111111111111111, sa_flags=SA_RESTART|SA_SIGINFO


---------------  S Y S T E M  ---------------

OS:Bsduname:Darwin 18.2.0 Darwin Kernel Version 18.2.0: Fri Dec 14 18:43:36 PST 2018; root:xnu-4903.240.10~4/RELEASE_X86_64 x86_64
rlimit: STACK 8192k, CORE 0k, NPROC 709, NOFILE 10240, AS infinity
load average:2.33 2.01 1.82

CPU:total 4 (initial active 4) (2 cores per cpu, 2 threads per core) family 6 model 58 stepping 9, cmov, cx8, fxsr, mmx, sse, sse2, sse3, ssse3, sse4.1, sse4.2, popcnt, avx, aes, clmul, erms, ht, tsc, tscinvbit, tscinv

Memory: 4k page, physical 8388608k(15412k free)

/proc/meminfo:


vm_info: Java HotSpot(TM) 64-Bit Server VM (25.151-b12) for bsd-amd64 JRE (1.8.0_151-b12), built on Sep  5 2017 19:37:08 by "java_re" with gcc 4.2.1 (Based on Apple Inc. build 5658) (LLVM build 2336.11.00)

time: Thu Feb 14 10:29:51 2019
elapsed time: 4 seconds (0d 0h 0m 4s)

