#
# A fatal error has been detected by the Java Runtime Environment:
#
#  EXCEPTION_ACCESS_VIOLATION (0xc0000005) at pc=0x00007ffdb645fb14, pid=10040, tid=0x0000000000000e1c
#
# JRE version: Java(TM) SE Runtime Environment (8.0_201-b09) (build 1.8.0_201-b09)
# Java VM: Java HotSpot(TM) 64-Bit Server VM (25.201-b09 mixed mode windows-amd64 compressed oops)
# Problematic frame:
# C  [ntdll.dll+0xfb14]
#
# Failed to write core dump. Minidumps are not enabled by default on client versions of Windows
#
# If you would like to submit a bug report, please visit:
#   http://bugreport.java.com/bugreport/crash.jsp
# The crash happened outside the Java Virtual Machine in native code.
# See problematic frame for where to report the bug.
#

---------------  T H R E A D  ---------------

Current thread (0x000000001984c800):  JavaThread "LWJGL Application" [_thread_in_native, id=3612, stack(0x000000001a790000,0x000000001a890000)]

siginfo: ExceptionCode=0xc0000005, reading address 0x00000000feffffff

Registers:
RAX=0x00000000006e0016, RBX=0x0000000001260000, RCX=0x0000000000001678, RDX=0x0000000000000016
RSP=0x000000001a88dfd0, RBP=0x000000001a88e2c9, RSI=0x0000000001260150, RDI=0x000000006e001678
R8 =0x000000001b3d0d60, R9 =0x0000000000013890, R10=0x44158f2b43fa23c3, R11=0x00000000feffffff
R12=0x0000000000001389, R13=0x000000001b3d0d60, R14=0x000000001b3d0d70, R15=0x0000000001262c10
RIP=0x00007ffdb645fb14, EFLAGS=0x0000000000010212

Top of Stack: (sp=0x000000001a88dfd0)
0x000000001a88dfd0:   0000000000000000 00007ffd6eda2117
0x000000001a88dfe0:   0000000000ccb160 000000001bd08530
0x000000001a88dff0:   0000000000000000 00007ffdb64a9860
0x000000001a88e000:   00000001ffffff01 0000000000000000
0x000000001a88e010:   0000000000000000 00000000000003ff
0x000000001a88e020:   000000001bc8eec0 44158f2b43fa23c3
0x000000001a88e030:   0000922000000000 0000000000000000
0x000000001a88e040:   0000000000013801 00000000feffffff
0x000000001a88e050:   0000000000000000 00000000d6450208
0x000000001a88e060:   0000000002b2666e 000000001b3d0d60
0x000000001a88e070:   000000000004081c 00007ffdb3a221fb
0x000000001a88e080:   00007ffdb3a5f0a0 0000000001260150
0x000000001a88e090:   000000001a88e0f0 000000001a88e1b0
0x000000001a88e0a0:   000000001a88e37f 00000000000003ff
0x000000001a88e0b0:   0000000000000000 00000000545fe306
0x000000001a88e0c0:   00000000191e8890 00000000191e8890 

Instructions: (pc=0x00007ffdb645fb14)
0x00007ffdb645faf4:   b7 d1 66 c1 ea 08 49 3b cc 0f 82 9c 1a 00 00 4d
0x00007ffdb645fb04:   8b 16 4c 89 54 24 58 4d 8b 5d 18 4c 89 5c 24 78
0x00007ffdb645fb14:   49 8b 03 4d 8b 4a 08 49 3b c1 0f 85 58 1a 00 00
0x00007ffdb645fb24:   49 3b c6 0f 85 4f 1a 00 00 48 29 8b c0 00 00 00 


Register to memory mapping:

RAX=0x00000000006e0016 is an unknown value
RBX=0x0000000001260000 is an unknown value
RCX=0x0000000000001678 is an unknown value
RDX=0x0000000000000016 is an unknown value
RSP=0x000000001a88dfd0 is pointing into the stack for thread: 0x000000001984c800
RBP=0x000000001a88e2c9 is pointing into the stack for thread: 0x000000001984c800
RSI=0x0000000001260150 is an unknown value
RDI=0x000000006e001678 is an unknown value
R8 =0x000000001b3d0d60 is an unknown value
R9 =0x0000000000013890 is an unknown value
R10=0x44158f2b43fa23c3 is an unknown value
R11=0x00000000feffffff is an unallocated location in the heap
R12=0x0000000000001389 is an unknown value
R13=0x000000001b3d0d60 is an unknown value
R14=0x000000001b3d0d70 is an unknown value
R15=0x0000000001262c10 is an unknown value


Stack: [0x000000001a790000,0x000000001a890000],  sp=0x000000001a88dfd0,  free space=1015k
Native frames: (J=compiled Java code, j=interpreted, Vv=VM code, C=native code)
C  [ntdll.dll+0xfb14]
C  [ntdll.dll+0xda21]
C  [msvcrt.dll+0x19db0]
C  [gdx64.dll+0x3964]
C  0x0000000002ce8c67

Java frames: (J=compiled Java code, j=interpreted, Vv=VM code)
j  com.badlogic.gdx.utils.BufferUtils.newDisposableByteBuffer(I)Ljava/nio/ByteBuffer;+0
j  com.badlogic.gdx.utils.BufferUtils.newUnsafeByteBuffer(I)Ljava/nio/ByteBuffer;+1
j  com.badlogic.gdx.graphics.glutils.VertexArray.<init>(ILcom/badlogic/gdx/graphics/VertexAttributes;)V+24
j  com.badlogic.gdx.graphics.Mesh.<init>(Lcom/badlogic/gdx/graphics/Mesh$VertexDataType;ZIILcom/badlogic/gdx/graphics/VertexAttributes;)V+179
j  com.badlogic.gdx.graphics.Mesh.<init>(Lcom/badlogic/gdx/graphics/Mesh$VertexDataType;ZII[Lcom/badlogic/gdx/graphics/VertexAttribute;)V+15
j  com.badlogic.gdx.graphics.g2d.SpriteBatch.<init>(ILcom/badlogic/gdx/graphics/glutils/ShaderProgram;)V+251
j  com.badlogic.gdx.graphics.g2d.SpriteBatch.<init>()V+5
j  com.badlogic.gdx.scenes.scene2d.Stage.<init>(Lcom/badlogic/gdx/utils/viewport/Viewport;)V+6
j  com.geeselightning.zepr.SelectCharacterScreen.<init>(Lcom/geeselightning/zepr/Zepr;)V+44
j  com.geeselightning.zepr.Zepr.changeScreen(I)V+88
j  com.geeselightning.zepr.TextScreen$1.changed(Lcom/badlogic/gdx/scenes/scene2d/utils/ChangeListener$ChangeEvent;Lcom/badlogic/gdx/scenes/scene2d/Actor;)V+8
j  com.badlogic.gdx.scenes.scene2d.utils.ChangeListener.handle(Lcom/badlogic/gdx/scenes/scene2d/Event;)Z+18
J 717 C1 com.badlogic.gdx.scenes.scene2d.Actor.notify(Lcom/badlogic/gdx/scenes/scene2d/Event;Z)Z (180 bytes) @ 0x0000000002fa405c [0x0000000002fa3840+0x81c]
J 907 C1 com.badlogic.gdx.scenes.scene2d.Actor.fire(Lcom/badlogic/gdx/scenes/scene2d/Event;)Z (294 bytes) @ 0x0000000003029d44 [0x0000000003028f00+0xe44]
j  com.badlogic.gdx.scenes.scene2d.ui.Button.setChecked(ZZ)V+49
j  com.badlogic.gdx.scenes.scene2d.ui.Button$1.clicked(Lcom/badlogic/gdx/scenes/scene2d/InputEvent;FF)V+31
j  com.badlogic.gdx.scenes.scene2d.utils.ClickListener.touchUp(Lcom/badlogic/gdx/scenes/scene2d/InputEvent;FFII)V+108
j  com.badlogic.gdx.scenes.scene2d.InputListener.handle(Lcom/badlogic/gdx/scenes/scene2d/Event;)Z+196
j  com.badlogic.gdx.scenes.scene2d.Stage.touchUp(IIII)Z+213
J 1211 C1 com.badlogic.gdx.backends.lwjgl.LwjglInput.processEvents()V (478 bytes) @ 0x00000000031277ac [0x0000000003126a20+0xd8c]
j  com.badlogic.gdx.backends.lwjgl.LwjglApplication.mainLoop()V+600
j  com.badlogic.gdx.backends.lwjgl.LwjglApplication$1.run()V+27
v  ~StubRoutines::call_stub

---------------  P R O C E S S  ---------------

Java Threads: ( => current thread )
  0x00000000199c9000 JavaThread "LWJGL Timer" daemon [_thread_blocked, id=3012, stack(0x00000000208b0000,0x00000000209b0000)]
  0x0000000002bd2800 JavaThread "DestroyJavaVM" [_thread_blocked, id=3568, stack(0x0000000002a10000,0x0000000002b10000)]
=>0x000000001984c800 JavaThread "LWJGL Application" [_thread_in_native, id=3612, stack(0x000000001a790000,0x000000001a890000)]
  0x00000000191e4800 JavaThread "Service Thread" daemon [_thread_blocked, id=6020, stack(0x00000000195a0000,0x00000000196a0000)]
  0x0000000017841800 JavaThread "C1 CompilerThread2" daemon [_thread_blocked, id=10420, stack(0x00000000190a0000,0x00000000191a0000)]
  0x0000000017837800 JavaThread "C2 CompilerThread1" daemon [_thread_blocked, id=5156, stack(0x0000000018fa0000,0x00000000190a0000)]
  0x0000000017831000 JavaThread "C2 CompilerThread0" daemon [_thread_blocked, id=5792, stack(0x0000000018ea0000,0x0000000018fa0000)]
  0x000000001782d800 JavaThread "Attach Listener" daemon [_thread_blocked, id=520, stack(0x0000000018da0000,0x0000000018ea0000)]
  0x000000001782c000 JavaThread "Signal Dispatcher" daemon [_thread_blocked, id=7256, stack(0x0000000018ca0000,0x0000000018da0000)]
  0x000000001781a800 JavaThread "Finalizer" daemon [_thread_blocked, id=11224, stack(0x0000000018aa0000,0x0000000018ba0000)]
  0x0000000002cc1000 JavaThread "Reference Handler" daemon [_thread_blocked, id=9432, stack(0x00000000189a0000,0x0000000018aa0000)]

Other Threads:
  0x00000000177f8000 VMThread [stack: 0x00000000188a0000,0x00000000189a0000] [id=6792]
  0x00000000191e5800 WatcherThread [stack: 0x00000000196a0000,0x00000000197a0000] [id=8520]

VM state:not at safepoint (normal execution)

VM Mutex/Monitor currently owned by a thread: None

heap address: 0x0000000081600000, size: 2026 MB, Compressed Oops mode: 32-bit
Narrow klass base: 0x0000000000000000, Narrow klass shift: 3
Compressed class space size: 1073741824 Address: 0x0000000100000000

Heap:
 PSYoungGen      total 38400K, used 29099K [0x00000000d5d00000, 0x00000000d8780000, 0x0000000100000000)
  eden space 33280K, 87% used [0x00000000d5d00000,0x00000000d796af38,0x00000000d7d80000)
  from space 5120K, 0% used [0x00000000d8280000,0x00000000d8280000,0x00000000d8780000)
  to   space 5120K, 0% used [0x00000000d7d80000,0x00000000d7d80000,0x00000000d8280000)
 ParOldGen       total 87552K, used 0K [0x0000000081600000, 0x0000000086b80000, 0x00000000d5d00000)
  object space 87552K, 0% used [0x0000000081600000,0x0000000081600000,0x0000000086b80000)
 Metaspace       used 7832K, capacity 8495K, committed 8704K, reserved 1056768K
  class space    used 719K, capacity 754K, committed 768K, reserved 1048576K

Card table byte_map: [0x0000000012090000,0x0000000012490000] byte_map_base: 0x0000000011c85000

Marking Bits: (ParMarkBitMap*) 0x0000000054d64ce0
 Begin Bits: [0x0000000012b40000, 0x0000000014ae8000)
 End Bits:   [0x0000000014ae8000, 0x0000000016a90000)

Polling page: 0x00000000011a0000

CodeCache: size=245760Kb used=4887Kb max_used=4887Kb free=240872Kb
 bounds [0x0000000002cd0000, 0x00000000031a0000, 0x0000000011cd0000]
 total_blobs=1749 nmethods=1303 adapters=358
 compilation: enabled

Compilation events (10 events):
Event: 15.979 Thread 0x0000000017831000 nmethod 1282 0x0000000003197c50 code [0x0000000003197dc0, 0x00000000031983f8]
Event: 15.980 Thread 0x0000000017841800 nmethod 1299 0x0000000003197290 code [0x0000000003197440, 0x0000000003197a98]
Event: 15.980 Thread 0x0000000017841800 1300       3       com.geeselightning.zepr.Level::getMouseWorldCoordinates (54 bytes)
Event: 15.982 Thread 0x0000000017841800 nmethod 1300 0x0000000003195c10 code [0x0000000003195ea0, 0x0000000003196aa8]
Event: 15.982 Thread 0x0000000017841800 1301       3       com.badlogic.gdx.graphics.Camera::unproject (28 bytes)
Event: 15.984 Thread 0x0000000017841800 nmethod 1301 0x00000000031987d0 code [0x0000000003198a80, 0x0000000003199848]
Event: 15.984 Thread 0x0000000017841800 1302       3       com.badlogic.gdx.math.Rectangle::overlaps (74 bytes)
Event: 15.984 Thread 0x0000000017841800 nmethod 1302 0x00000000031956d0 code [0x0000000003195840, 0x0000000003195b70]
Event: 15.984 Thread 0x0000000017841800 1303       3       com.geeselightning.zepr.PowerUpKnockback::update (31 bytes)
Event: 15.984 Thread 0x0000000017841800 nmethod 1303 0x0000000003195090 code [0x0000000003195220, 0x0000000003195570]

GC Heap History (0 events):
No events

Deoptimization events (10 events):
Event: 9.308 Thread 0x000000001984c800 Uncommon trap: reason=unstable_if action=reinterpret pc=0x0000000002f165bc method=java.util.StringTokenizer.scanToken(I)I @ 7
Event: 9.449 Thread 0x000000001984c800 Uncommon trap: reason=array_check action=maybe_recompile pc=0x000000000304f08c method=com.badlogic.gdx.utils.Array.add(Ljava/lang/Object;)V @ 46
Event: 9.449 Thread 0x000000001984c800 Uncommon trap: reason=array_check action=maybe_recompile pc=0x000000000304f08c method=com.badlogic.gdx.utils.Array.add(Ljava/lang/Object;)V @ 46
Event: 9.449 Thread 0x000000001984c800 Uncommon trap: reason=array_check action=maybe_recompile pc=0x000000000304f08c method=com.badlogic.gdx.utils.Array.add(Ljava/lang/Object;)V @ 46
Event: 9.449 Thread 0x000000001984c800 Uncommon trap: reason=array_check action=maybe_recompile pc=0x000000000304f08c method=com.badlogic.gdx.utils.Array.add(Ljava/lang/Object;)V @ 46
Event: 11.132 Thread 0x000000001984c800 Uncommon trap: reason=unstable_if action=reinterpret pc=0x00000000030b7b88 method=com.badlogic.gdx.graphics.g2d.SpriteBatch.draw(Lcom/badlogic/gdx/graphics/Texture;[FII)V @ 55
Event: 11.150 Thread 0x000000001984c800 Uncommon trap: reason=unstable_if action=reinterpret pc=0x0000000003025160 method=com.badlogic.gdx.graphics.g2d.SpriteBatch.draw(Lcom/badlogic/gdx/graphics/Texture;[FII)V @ 55
Event: 11.170 Thread 0x000000001984c800 Uncommon trap: reason=unstable_if action=reinterpret pc=0x00000000030b3e5c method=com.badlogic.gdx.graphics.g2d.SpriteBatch.draw(Lcom/badlogic/gdx/graphics/Texture;[FII)V @ 55
Event: 15.850 Thread 0x000000001984c800 Uncommon trap: reason=unstable_if action=reinterpret pc=0x000000000317be24 method=com.badlogic.gdx.scenes.scene2d.ui.Label.textEquals(Ljava/lang/CharSequence;)Z @ 49
Event: 15.934 Thread 0x000000001984c800 Uncommon trap: reason=null_check action=make_not_entrant pc=0x0000000003123ebc method=com.badlogic.gdx.utils.ObjectMap.get(Ljava/lang/Object;)Ljava/lang/Object; @ 38

Classes redefined (0 events):
No events

Internal exceptions (10 events):
Event: 0.366 Thread 0x0000000002bd2800 Exception <a 'java/security/PrivilegedActionException'> (0x00000000d5ffbd20) thrown at [C:\re\workspace\8-2-build-windows-amd64-cygwin\jdk8u201\12322\hotspot\src\share\vm\prims\jvm.cpp, line 1502]
Event: 0.366 Thread 0x0000000002bd2800 Exception <a 'java/security/PrivilegedActionException'> (0x00000000d5ffbf30) thrown at [C:\re\workspace\8-2-build-windows-amd64-cygwin\jdk8u201\12322\hotspot\src\share\vm\prims\jvm.cpp, line 1502]
Event: 1.283 Thread 0x0000000002bd2800 Exception <a 'java/security/PrivilegedActionException'> (0x00000000d6102aa0) thrown at [C:\re\workspace\8-2-build-windows-amd64-cygwin\jdk8u201\12322\hotspot\src\share\vm\prims\jvm.cpp, line 1502]
Event: 1.283 Thread 0x0000000002bd2800 Exception <a 'java/security/PrivilegedActionException'> (0x00000000d6104778) thrown at [C:\re\workspace\8-2-build-windows-amd64-cygwin\jdk8u201\12322\hotspot\src\share\vm\prims\jvm.cpp, line 1502]
Event: 1.283 Thread 0x0000000002bd2800 Exception <a 'java/security/PrivilegedActionException'> (0x00000000d61058e8) thrown at [C:\re\workspace\8-2-build-windows-amd64-cygwin\jdk8u201\12322\hotspot\src\share\vm\prims\jvm.cpp, line 1502]
Event: 1.284 Thread 0x0000000002bd2800 Exception <a 'java/security/PrivilegedActionException'> (0x00000000d610aa50) thrown at [C:\re\workspace\8-2-build-windows-amd64-cygwin\jdk8u201\12322\hotspot\src\share\vm\prims\jvm.cpp, line 1502]
Event: 1.284 Thread 0x0000000002bd2800 Exception <a 'java/security/PrivilegedActionException'> (0x00000000d610b6a8) thrown at [C:\re\workspace\8-2-build-windows-amd64-cygwin\jdk8u201\12322\hotspot\src\share\vm\prims\jvm.cpp, line 1502]
Event: 1.284 Thread 0x0000000002bd2800 Exception <a 'java/security/PrivilegedActionException'> (0x00000000d610c2d0) thrown at [C:\re\workspace\8-2-build-windows-amd64-cygwin\jdk8u201\12322\hotspot\src\share\vm\prims\jvm.cpp, line 1502]
Event: 4.105 Thread 0x000000001984c800 Implicit null exception at 0x0000000002f51f94 to 0x0000000002f52339
Event: 15.934 Thread 0x000000001984c800 Implicit null exception at 0x0000000003123a74 to 0x0000000003123ea9

Events (10 events):
Event: 15.850 Thread 0x000000001984c800 Uncommon trap: trap_request=0xffffff65 fr.pc=0x000000000317be24
Event: 15.850 Thread 0x000000001984c800 DEOPT PACKING pc=0x000000000317be24 sp=0x000000001a88e840
Event: 15.850 Thread 0x000000001984c800 DEOPT UNPACKING pc=0x0000000002d1583b sp=0x000000001a88e7d8 mode 2
Event: 15.863 loading class com/geeselightning/zepr/TextScreen
Event: 15.863 loading class com/geeselightning/zepr/TextScreen done
Event: 15.934 Thread 0x000000001984c800 Uncommon trap: trap_request=0xfffffff4 fr.pc=0x0000000003123ebc
Event: 15.934 Thread 0x000000001984c800 DEOPT PACKING pc=0x0000000003123ebc sp=0x000000001a88dea0
Event: 15.934 Thread 0x000000001984c800 DEOPT UNPACKING pc=0x0000000002d1583b sp=0x000000001a88de30 mode 2
Event: 15.971 loading class com/geeselightning/zepr/TextScreen$1
Event: 15.971 loading class com/geeselightning/zepr/TextScreen$1 done


Dynamic libraries:
0x00007ff6cad00000 - 0x00007ff6cad37000 	C:\Program Files\Java\jre1.8.0_201\bin\javaw.exe
0x00007ffdb6450000 - 0x00007ffdb663d000 	C:\Windows\SYSTEM32\ntdll.dll
0x00007ffdb38b0000 - 0x00007ffdb3963000 	C:\Windows\System32\KERNEL32.DLL
0x00007ffdb2f50000 - 0x00007ffdb31e3000 	C:\Windows\System32\KERNELBASE.dll
0x00007ffdb3d90000 - 0x00007ffdb3e33000 	C:\Windows\System32\ADVAPI32.dll
0x00007ffdb39d0000 - 0x00007ffdb3a6e000 	C:\Windows\System32\msvcrt.dll
0x00007ffdb5890000 - 0x00007ffdb592e000 	C:\Windows\System32\sechost.dll
0x00007ffdb3700000 - 0x00007ffdb3822000 	C:\Windows\System32\RPCRT4.dll
0x00007ffdb3e40000 - 0x00007ffdb3fd7000 	C:\Windows\System32\USER32.dll
0x00007ffdb2c70000 - 0x00007ffdb2c90000 	C:\Windows\System32\win32u.dll
0x00007ffdb3970000 - 0x00007ffdb3999000 	C:\Windows\System32\GDI32.dll
0x00007ffdb2db0000 - 0x00007ffdb2f4a000 	C:\Windows\System32\gdi32full.dll
0x00007ffdb34e0000 - 0x00007ffdb3580000 	C:\Windows\System32\msvcp_win.dll
0x00007ffdb3580000 - 0x00007ffdb367c000 	C:\Windows\System32\ucrtbase.dll
0x00007ffda8b50000 - 0x00007ffda8dc9000 	C:\Windows\WinSxS\amd64_microsoft.windows.common-controls_6595b64144ccf1df_6.0.17763.316_none_05b53be2071f46b6\COMCTL32.dll
0x00007ffdb5560000 - 0x00007ffdb588d000 	C:\Windows\System32\combase.dll
0x00007ffdb2c90000 - 0x00007ffdb2d0e000 	C:\Windows\System32\bcryptPrimitives.dll
0x00007ffdb39a0000 - 0x00007ffdb39ce000 	C:\Windows\System32\IMM32.DLL
0x00007ffdb15d0000 - 0x00007ffdb1601000 	C:\Windows\SYSTEM32\ntmarta.dll
0x00007ffdb2350000 - 0x00007ffdb237f000 	C:\Windows\SYSTEM32\SspiCli.dll
0x0000000054460000 - 0x0000000054531000 	C:\Program Files\Java\jre1.8.0_201\bin\msvcr100.dll
0x0000000054540000 - 0x0000000054de4000 	C:\Program Files\Java\jre1.8.0_201\bin\server\jvm.dll
0x00007ffdb6410000 - 0x00007ffdb6418000 	C:\Windows\System32\PSAPI.DLL
0x00007ffdabdf0000 - 0x00007ffdabdf9000 	C:\Windows\SYSTEM32\WSOCK32.dll
0x00007ffdb3830000 - 0x00007ffdb389d000 	C:\Windows\System32\WS2_32.dll
0x00007ffda9270000 - 0x00007ffda9294000 	C:\Windows\SYSTEM32\WINMM.dll
0x00007ffdaf2d0000 - 0x00007ffdaf2da000 	C:\Windows\SYSTEM32\VERSION.dll
0x00007ffda9240000 - 0x00007ffda926d000 	C:\Windows\SYSTEM32\winmmbase.dll
0x00007ffdb2d60000 - 0x00007ffdb2daa000 	C:\Windows\System32\cfgmgr32.dll
0x00007ffdab850000 - 0x00007ffdab85f000 	C:\Program Files\Java\jre1.8.0_201\bin\verify.dll
0x00007ffd9b120000 - 0x00007ffd9b149000 	C:\Program Files\Java\jre1.8.0_201\bin\java.dll
0x00007ffdaa460000 - 0x00007ffdaa476000 	C:\Program Files\Java\jre1.8.0_201\bin\zip.dll
0x00007ffdb3ff0000 - 0x00007ffdb54df000 	C:\Windows\System32\SHELL32.dll
0x00007ffdb3a70000 - 0x00007ffdb3b18000 	C:\Windows\System32\shcore.dll
0x00007ffdb2520000 - 0x00007ffdb2c6a000 	C:\Windows\System32\windows.storage.dll
0x00007ffdb24d0000 - 0x00007ffdb24f4000 	C:\Windows\System32\profapi.dll
0x00007ffdb2470000 - 0x00007ffdb24cd000 	C:\Windows\System32\powrprof.dll
0x00007ffdb5f40000 - 0x00007ffdb5f92000 	C:\Windows\System32\shlwapi.dll
0x00007ffdb2450000 - 0x00007ffdb2461000 	C:\Windows\System32\kernel.appcore.dll
0x00007ffdb2d40000 - 0x00007ffdb2d57000 	C:\Windows\System32\cryptsp.dll
0x0000000065580000 - 0x0000000065616000 	C:\Users\matth\AppData\Local\Temp\libgdxmatth\12dfaa03\gdx64.dll
0x0000000180000000 - 0x0000000180053000 	C:\Users\matth\AppData\Local\Temp\libgdxmatth\dc0f0009\lwjgl64.dll
0x00007ffd92840000 - 0x00007ffd92967000 	C:\Windows\SYSTEM32\OPENGL32.dll
0x00007ffd938b0000 - 0x00007ffd938dc000 	C:\Windows\SYSTEM32\GLU32.dll
0x0000000019fa0000 - 0x000000001a004000 	C:\Users\matth\AppData\Local\Temp\libgdxmatth\dc0f0009\OpenAL64.dll
0x00007ffdb6200000 - 0x00007ffdb6355000 	C:\Windows\System32\ole32.dll
0x00007ffdb0c90000 - 0x00007ffdb0d2c000 	C:\Windows\system32\uxtheme.dll
0x00007ffdb6360000 - 0x00007ffdb6402000 	C:\Windows\System32\clbcatq.dll
0x00007ffdb0210000 - 0x00007ffdb03b8000 	C:\Windows\System32\PROPSYS.dll
0x00007ffdb5fa0000 - 0x00007ffdb606b000 	C:\Windows\System32\OLEAUT32.dll
0x00007ffd7d940000 - 0x00007ffd7d9d6000 	C:\Windows\SYSTEM32\dsound.dll
0x00007ffdaeb70000 - 0x00007ffdaebe0000 	C:\Windows\System32\MMDevApi.dll
0x00007ffdb2200000 - 0x00007ffdb2229000 	C:\Windows\System32\DEVOBJ.dll
0x00007ffdaec50000 - 0x00007ffdaed98000 	C:\Windows\SYSTEM32\AUDIOSES.DLL
0x00007ffdb00b0000 - 0x00007ffdb0203000 	C:\Windows\SYSTEM32\wintypes.dll
0x00007ffdaf710000 - 0x00007ffdaf71a000 	C:\Windows\SYSTEM32\AVRT.dll
0x00007ffdb0e40000 - 0x00007ffdb0e54000 	C:\Windows\SYSTEM32\resourcepolicyclient.dll
0x00007ffdb5dd0000 - 0x00007ffdb5f3a000 	C:\Windows\System32\MSCTF.dll
0x00007ffdb0d60000 - 0x00007ffdb0d8e000 	C:\Windows\system32\dwmapi.dll
0x00007ffdb31f0000 - 0x00007ffdb33cb000 	C:\Windows\System32\CRYPT32.dll
0x00007ffdb2500000 - 0x00007ffdb2512000 	C:\Windows\System32\MSASN1.dll
0x00007ffd6e760000 - 0x00007ffd6f478000 	C:\Windows\SYSTEM32\ig8icd64.dll
0x00007ffdb0550000 - 0x00007ffdb0563000 	C:\Windows\SYSTEM32\WTSAPI32.dll
0x00007ffd9cae0000 - 0x00007ffd9d51f000 	C:\Windows\SYSTEM32\igdusc64.dll
0x00007ffd9fe80000 - 0x00007ffd9ff15000 	C:\Windows\System32\TextInputFramework.dll
0x00007ffd9fa80000 - 0x00007ffd9fda2000 	C:\Windows\System32\CoreUIComponents.dll
0x00007ffdad5b0000 - 0x00007ffdad692000 	C:\Windows\System32\CoreMessaging.dll
0x00007ffdaa0d0000 - 0x00007ffdaa17d000 	C:\Windows\SYSTEM32\mscms.dll
0x00007ffdb2380000 - 0x00007ffdb23a8000 	C:\Windows\SYSTEM32\USERENV.dll
0x00007ffdb0430000 - 0x00007ffdb0440000 	C:\Windows\SYSTEM32\ColorAdapterClient.dll
0x00007ffdadde0000 - 0x00007ffdade23000 	C:\Windows\SYSTEM32\icm32.dll
0x00007ffdb11e0000 - 0x00007ffdb12a2000 	C:\Windows\SYSTEM32\dxgi.dll
0x00007ffdafdf0000 - 0x00007ffdb006e000 	C:\Windows\SYSTEM32\d3d11.dll
0x00007ffd9d520000 - 0x00007ffd9e47d000 	C:\Windows\SYSTEM32\igd10iumd64.dll
0x00007ffdb2d10000 - 0x00007ffdb2d36000 	C:\Windows\System32\bcrypt.dll
0x00007ffdb1f40000 - 0x00007ffdb1f66000 	C:\Windows\SYSTEM32\ncrypt.dll
0x00007ffdb1f00000 - 0x00007ffdb1f3c000 	C:\Windows\SYSTEM32\NTASN1.dll
0x00007ffdab290000 - 0x00007ffdab47d000 	C:\Windows\SYSTEM32\dbghelp.dll

VM Arguments:
jvm_args: -Dfile.encoding=Cp1252 
java_command: com.geeselightning.zepr.desktop.DesktopLauncher
java_class_path (initial): C:\Users\matth\Documents\CS\SEPR\Assessment_3_master\Assessment3\zepr\desktop\bin\main;C:\Users\matth\Documents\CS\SEPR\Assessment_3_master\Assessment3\zepr\core\bin\default;C:\Users\matth\Documents\CS\SEPR\Assessment_3_master\Assessment3\zepr\core\bin\main;C:\Users\matth\.gradle\caches\modules-2\files-2.1\com.badlogicgames.gdx\gdx-backend-lwjgl\1.9.8\b7c138f14ed67ad830ae7597da3d86ae02b20eee\gdx-backend-lwjgl-1.9.8.jar;C:\Users\matth\.gradle\caches\modules-2\files-2.1\com.badlogicgames.gdx\gdx-platform\1.9.8\604a2ef2c7c92a5900114757cbd3fb4dcbb8270c\gdx-platform-1.9.8-natives-desktop.jar;C:\Users\matth\.gradle\caches\modules-2\files-2.1\com.badlogicgames.gdx\gdx-box2d-platform\1.9.8\3195b56f82751d7cd7de85edb6824d17bf479781\gdx-box2d-platform-1.9.8-natives-desktop.jar;C:\Users\matth\.gradle\caches\modules-2\files-2.1\com.badlogicgames.gdx\gdx-box2d\1.9.8\6f0497b7958216464101adfb7bdc3a0f7b88d6d3\gdx-box2d-1.9.8.jar;C:\Users\matth\.gradle\caches\modules-2\files-2.1\com.badlogicgames.gdx\gdx\1.9.8\a35a0076fbce873f9c2d5a1a1c8066244231bb3c\gdx-1.9.8.jar;C:\Users\matth\.gradle\caches\modules-2\files-2.1\org.lwjgl.lwjgl\lwjgl_util\2.9.2\4b9e37300a87799856e0bd15ed81663cdb6b0947\lwjgl_util-2.9.2.jar;C:\Users\matth\.gradle\caches\modules-2\files-2.1\org.lwjgl.lwjgl\lwjgl\2.9.2\a9d80fe5935c7a9149f6584d9777cfd471f65489\lwjgl-2.9.2.jar;C:\Users\matth\.gradle\caches\modules-2\files-2.1\com.badlogicgames.jlayer\jlayer\1.0.1-gdx\7cca83cec5c1b2f011362f4d85aabd71a73b049d\jlayer-1.0.1-gdx.jar;C:\Users\matth\.gradle\caches\modules-2\files-2.1\org.jcraft\jorbis\0.0.17\8872d22b293e8f5d7d56ff92be966e6dc28ebdc6\jorbis-0.0.17.jar;C:\Users\matth\.gradle\caches\modules-2\files-2.1\org.lwjgl.lwjgl\lwjgl-platform\2.9.2\510c7d317f5e9e700b9cfaac5fd38bdebf0702e0\lwjgl-platform-2.9.2-natives-windows.jar;C:\Users\matth\.gradle\caches\modules-2\files-2.1\org.lwjgl.lwjgl\lwjgl-platform\2.9.2\d276cdf61fe2b516c7b7f4aa1b8dea91dbdc8d56\lwjgl-platform-2.9.2-natives-linux.jar;C:\U
Launcher Type: SUN_STANDARD

Environment Variables:
PATH=C:/Program Files/Java/jre1.8.0_201/bin/server;C:/Program Files/Java/jre1.8.0_201/bin;C:/Program Files/Java/jre1.8.0_201/lib/amd64;C:\Program Files (x86)\Common Files\Oracle\Java\javapath;C:\Windows\system32;C:\Windows;C:\Windows\System32\Wbem;C:\Windows\System32\WindowsPowerShell\v1.0\;C:\Windows\System32\OpenSSH\;C:\Users\matth\AppData\Local\Microsoft\WindowsApps;;C:\Users\matth\eclipse\java-2018-12\eclipse;
USERNAME=matth
OS=Windows_NT
PROCESSOR_IDENTIFIER=Intel64 Family 6 Model 61 Stepping 4, GenuineIntel



---------------  S Y S T E M  ---------------

OS: Windows 10.0 , 64 bit Build 17763 (10.0.17763.292)

CPU:total 4 (initial active 4) (2 cores per cpu, 2 threads per core) family 6 model 61 stepping 4, cmov, cx8, fxsr, mmx, sse, sse2, sse3, ssse3, sse4.1, sse4.2, popcnt, avx, avx2, aes, clmul, erms, 3dnowpref, lzcnt, ht, tsc, tscinvbit, bmi1, bmi2, adx

Memory: 4k page, physical 8296656k(3012288k free), swap 9607376k(3060552k free)

vm_info: Java HotSpot(TM) 64-Bit Server VM (25.201-b09) for windows-amd64 JRE (1.8.0_201-b09), built on Dec 15 2018 18:36:39 by "java_re" with MS VC++ 10.0 (VS2010)

time: Thu Feb 14 14:37:33 2019
timezone: GMT Standard Time
elapsed time: 17 seconds (0d 0h 0m 17s)

