#
# A fatal error has been detected by the Java Runtime Environment:
#
#  SIGSEGV (0xb) at pc=0x00007f225699dcd4, pid=14329, tid=14366
#
# JRE version: OpenJDK Runtime Environment (10.0.2+13) (build 10.0.2+13-Ubuntu-1ubuntu0.18.04.4)
# Java VM: OpenJDK 64-Bit Server VM (10.0.2+13-Ubuntu-1ubuntu0.18.04.4, mixed mode, tiered, compressed oops, g1 gc, linux-amd64)
# Problematic frame:
# C  [libc.so.6+0x97cd4]  cfree+0x384
#
# Core dump will be written. Default location: Core dumps may be processed with "/usr/share/apport/apport %p %s %c %d %P" (or dumping to /home/matthew/Documents/CS/SEPR/Game/Assessment3/zepr/desktop/core.14329)
#
# If you would like to submit a bug report, please visit:
#   http://bugreport.java.com/bugreport/crash.jsp
# The crash happened outside the Java Virtual Machine in native code.
# See problematic frame for where to report the bug.
#

---------------  S U M M A R Y ------------

Command Line: -Dfile.encoding=UTF-8 com.geeselightning.zepr.desktop.DesktopLauncher

Host: Intel(R) Core(TM) i7-5500U CPU @ 2.40GHz, 
[timeout occurred during error reporting in step "printing summary machine and OS info"] after 30 s.
Time: Thu Jan 31 11:22:55 2019 GMT elapsed time: 40 seconds (0d 0h 0m 40s)

---------------  T H R E A D  ---------------

Current thread (0x00007f22504df000):  JavaThread "LWJGL Application" [_thread_in_native, id=14366, stack(0x00007f21ca818000,0x00007f21ca919000)]

Stack: [0x00007f21ca818000,0x00007f21ca919000],  sp=0x00007f21ca9172f0,  free space=1020k
Native frames: (J=compiled Java code, A=aot compiled Java code, j=interpreted, Vv=VM code, C=native code)
C  [libc.so.6+0x97cd4]  cfree+0x384

Java frames: (J=compiled Java code, j=interpreted, Vv=VM code)
J 1470  org.lwjgl.opengl.GL11.nglDrawElements(IIIJJ)V (0 bytes) @ 0x00007f223ea22e8e [0x00007f223ea22e40+0x000000000000004e]
J 1550 c2 com.badlogic.gdx.graphics.g2d.SpriteBatch.flush()V (193 bytes) @ 0x00007f223ea32d38 [0x00007f223ea327e0+0x0000000000000558]
J 1607 c2 com.badlogic.gdx.graphics.g2d.SpriteBatch.draw(Lcom/badlogic/gdx/graphics/Texture;[FII)V (165 bytes) @ 0x00007f223ea376dc [0x00007f223ea37580+0x000000000000015c]
J 1690 c1 com.geeselightning.zepr.Level.render(F)V (1069 bytes) @ 0x00007f223778422c [0x00007f223777fc00+0x000000000000462c]
J 1716 c1 com.badlogic.gdx.Game.render()V (25 bytes) @ 0x00007f223779dbfc [0x00007f223779da60+0x000000000000019c]
j  com.badlogic.gdx.backends.lwjgl.LwjglApplication.mainLoop()V+698
j  com.badlogic.gdx.backends.lwjgl.LwjglApplication$1.run()V+27
v  ~StubRoutines::call_stub

siginfo: si_signo: 11 (SIGSEGV), si_code: 128 (SI_KERNEL), si_addr: 0x0000000000000000

Register to memory mapping:

RAX=0x43909a8a439d9dba is an unknown value
RBX=0x00007f219c000020 is an unknown value
RCX=0x0000000000000060 is an unknown value
RDX=
[error occurred during error reporting (printing register info), id 0xb]

Registers:
RAX=0x43909a8a439d9dba, RBX=0x00007f219c000020, RCX=0x0000000000000060, RDX=0x00000000feffffff
RSP=0x00007f21ca9172f0, RBP=0x0000000000000000, RSI=0x00000000000139c1, RDI=0x0000000000000007
R8 =0x0000000000070001, R9 =0x0000000000000001, R10=0x0000000000000000, R11=0x0000000000000000
R12=0x00007f219ca19c60, R13=0x00007f219ca06290, R14=0x0000000000013a90, R15=0x00007f219ca19d20
RIP=0x00007f225699dcd4, EFLAGS=0x0000000000010246, CSGSFS=0x002b000000000033, ERR=0x0000000000000000
  TRAPNO=0x000000000000000d

Top of Stack: (sp=0x00007f21ca9172f0)
0x00007f21ca9172f0:   0000000000000000 bb0aa3a8d2856d00
0x00007f21ca917300:   0000000000000002 bb0aa3a8d2856d00
0x00007f21ca917310:   00007f219c9f4290 bb0aa3a8d2856d00
0x00007f21ca917320:   00007f219c9f4290 00007f219ca05510 

Instructions: (pc=0x00007f225699dcd4)
0x00007f225699dcb4:   01 c6 49 8b 75 08 48 89 f0 48 83 e0 f8 49 3b 44
0x00007f225699dcc4:   05 00 0f 85 87 04 00 00 49 8b 45 10 49 8b 55 18
0x00007f225699dcd4:   4c 3b 68 18 0f 85 50 04 00 00 4c 3b 6a 10 0f 85
0x00007f225699dce4:   46 04 00 00 48 81 fe ff 03 00 00 48 89 50 18 48 


---------------  P R O C E S S  ---------------

Threads class SMR info:
_java_thread_list=0x00007f219c01f580, length=14, elements={
0x00007f2250132800, 0x00007f2250134800, 0x00007f225013e000, 0x00007f2250148800,
0x00007f225014a800, 0x00007f225014c800, 0x00007f225014e800, 0x00007f22501bb000,
0x00007f22501c9800, 0x00007f225040a800, 0x00007f225040c000, 0x00007f22504df000,
0x00007f2250012800, 0x00007f219c011000
}

Java Threads: ( => current thread )
  0x00007f2250132800 JavaThread "Reference Handler" daemon [_thread_blocked, id=14344, stack(0x00007f223437f000,0x00007f2234480000)]
  0x00007f2250134800 JavaThread "Finalizer" daemon [_thread_blocked, id=14345, stack(0x00007f223427e000,0x00007f223437f000)]
  0x00007f225013e000 JavaThread "Signal Dispatcher" daemon [_thread_blocked, id=14346, stack(0x00007f223417d000,0x00007f223427e000)]
  0x00007f2250148800 JavaThread "C2 CompilerThread0" daemon [_thread_blocked, id=14350, stack(0x00007f223407c000,0x00007f223417d000)]
  0x00007f225014a800 JavaThread "C2 CompilerThread1" daemon [_thread_blocked, id=14352, stack(0x00007f222415f000,0x00007f2224260000)]
  0x00007f225014c800 JavaThread "C1 CompilerThread2" daemon [_thread_blocked, id=14353, stack(0x00007f222405e000,0x00007f222415f000)]
  0x00007f225014e800 JavaThread "Sweeper thread" daemon [_thread_blocked, id=14354, stack(0x00007f2219c21000,0x00007f2219d22000)]
  0x00007f22501bb000 JavaThread "Service Thread" daemon [_thread_blocked, id=14355, stack(0x00007f2219b20000,0x00007f2219c21000)]
  0x00007f22501c9800 JavaThread "Common-Cleaner" daemon [_thread_blocked, id=14357, stack(0x00007f221991d000,0x00007f2219a1e000)]
  0x00007f225040a800 JavaThread "Java2D Disposer" daemon [_thread_blocked, id=14361, stack(0x00007f21d40b2000,0x00007f21d41b3000)]
  0x00007f225040c000 JavaThread "AWT-XAWT" daemon [_thread_in_native, id=14362, stack(0x00007f21cb2ee000,0x00007f21cb3ef000)]
=>0x00007f22504df000 JavaThread "LWJGL Application" [_thread_in_native, id=14366, stack(0x00007f21ca818000,0x00007f21ca919000)]
  0x00007f2250012800 JavaThread "DestroyJavaVM" [_thread_blocked, id=14331, stack(0x00007f225700e000,0x00007f225710f000)]
  0x00007f219c011000 JavaThread "process reaper" daemon [_thread_blocked, id=14368, stack(0x00007f223402d000,0x00007f223404f000)]

Other Threads:
  0x00007f2250129000 VMThread "VM Thread" [stack: 0x00007f2234482000,0x00007f2234582000] [id=14343]
  0x00007f22501bd800 WatcherThread [stack: 0x00007f2219a20000,0x00007f2219b20000] [id=14356]
  0x00007f2250029000 GCTaskThread "GC Thread#0" [stack: 0x00007f2236bff000,0x00007f2236cff000] [id=14332]
  0x00007f225002a800 GCTaskThread "GC Thread#1" [stack: 0x00007f2236afd000,0x00007f2236bfd000] [id=14333]
  0x00007f225002c000 GCTaskThread "GC Thread#2" [stack: 0x00007f22369fb000,0x00007f2236afb000] [id=14334]
  0x00007f225002e000 GCTaskThread "GC Thread#3" [stack: 0x00007f22368f9000,0x00007f22369f9000] [id=14335]
  0x00007f2250057800 ConcurrentGCThread "G1 Main Marker" [stack: 0x00007f2235865000,0x00007f2235965000] [id=14336]
  0x00007f2250059000 ConcurrentGCThread "G1 Conc#0" [stack: 0x00007f2235763000,0x00007f2235863000] [id=14337]
  0x00007f22500c1000 ConcurrentGCThread "G1 Refine#0" [stack: 0x00007f223525d000,0x00007f223535d000] [id=14338]
  0x00007f22500c2800 ConcurrentGCThread "G1 Refine#1" [stack: 0x00007f223515b000,0x00007f223525b000] [id=14339]
  0x00007f22500c4800 ConcurrentGCThread "G1 Refine#2" [stack: 0x00007f2235059000,0x00007f2235159000] [id=14340]
  0x00007f22500c6000 ConcurrentGCThread "G1 Refine#3" [stack: 0x00007f2234f57000,0x00007f2235057000] [id=14341]
  0x00007f22500c8000 ConcurrentGCThread "G1 Young RemSet Sampling" [stack: 0x00007f2234e55000,0x00007f2234f55000] [id=14342]

Threads with active compile tasks:

VM state:not at safepoint (normal execution)

VM Mutex/Monitor currently owned by a thread: None

Heap address: 0x0000000084c00000, size: 1972 MB, Compressed Oops mode: 32-bit
Narrow klass base: 0x0000000000000000, Narrow klass shift: 3
Compressed class space size: 1073741824 Address: 0x0000000100000000

Heap:
 garbage-first heap   total 126976K, used 16712K [0x0000000084c00000, 0x0000000100000000)
  region size 1024K, 17 young (17408K), 2 survivors (2048K)
 Metaspace       used 15225K, capacity 15467K, committed 15744K, reserved 1062912K
  class space    used 1253K, capacity 1363K, committed 1408K, reserved 1048576K
Heap Regions: E=young(eden), S=young(survivor), O=old, HS=humongous(starts), HC=humongous(continues), CS=collection set, F=free, A=archive, TS=gc time stamp, AC=allocation context, TAMS=top-at-mark-start (previous, next)
|   0|0x0000000084c00000, 0x0000000084c52200, 0x0000000084d00000| 32%| O|  |TS  1|AC  0|TAMS 0x0000000084c00000, 0x0000000084c00000|
|   1|0x0000000084d00000, 0x0000000084d00000, 0x0000000084e00000|  0%| F|  |TS  0|AC  0|TAMS 0x0000000084d00000, 0x0000000084d00000|
|   2|0x0000000084e00000, 0x0000000084e00000, 0x0000000084f00000|  0%| F|  |TS  0|AC  0|TAMS 0x0000000084e00000, 0x0000000084e00000|
|   3|0x0000000084f00000, 0x0000000084f00000, 0x0000000085000000|  0%| F|  |TS  0|AC  0|TAMS 0x0000000084f00000, 0x0000000084f00000|
|   4|0x0000000085000000, 0x0000000085000000, 0x0000000085100000|  0%| F|  |TS  0|AC  0|TAMS 0x0000000085000000, 0x0000000085000000|
|   5|0x0000000085100000, 0x0000000085100000, 0x0000000085200000|  0%| F|  |TS  0|AC  0|TAMS 0x0000000085100000, 0x0000000085100000|
|   6|0x0000000085200000, 0x0000000085200000, 0x0000000085300000|  0%| F|  |TS  0|AC  0|TAMS 0x0000000085200000, 0x0000000085200000|
|   7|0x0000000085300000, 0x0000000085300000, 0x0000000085400000|  0%| F|  |TS  0|AC  0|TAMS 0x0000000085300000, 0x0000000085300000|
|   8|0x0000000085400000, 0x0000000085400000, 0x0000000085500000|  0%| F|  |TS  0|AC  0|TAMS 0x0000000085400000, 0x0000000085400000|
|   9|0x0000000085500000, 0x0000000085500000, 0x0000000085600000|  0%| F|  |TS  0|AC  0|TAMS 0x0000000085500000, 0x0000000085500000|
|  10|0x0000000085600000, 0x0000000085600000, 0x0000000085700000|  0%| F|  |TS  0|AC  0|TAMS 0x0000000085600000, 0x0000000085600000|
|  11|0x0000000085700000, 0x0000000085700000, 0x0000000085800000|  0%| F|  |TS  0|AC  0|TAMS 0x0000000085700000, 0x0000000085700000|
|  12|0x0000000085800000, 0x0000000085800000, 0x0000000085900000|  0%| F|  |TS  0|AC  0|TAMS 0x0000000085800000, 0x0000000085800000|
|  13|0x0000000085900000, 0x0000000085900000, 0x0000000085a00000|  0%| F|  |TS  0|AC  0|TAMS 0x0000000085900000, 0x0000000085900000|
|  14|0x0000000085a00000, 0x0000000085a00000, 0x0000000085b00000|  0%| F|  |TS  0|AC  0|TAMS 0x0000000085a00000, 0x0000000085a00000|
|  15|0x0000000085b00000, 0x0000000085b00000, 0x0000000085c00000|  0%| F|  |TS  0|AC  0|TAMS 0x0000000085b00000, 0x0000000085b00000|
|  16|0x0000000085c00000, 0x0000000085c00000, 0x0000000085d00000|  0%| F|  |TS  0|AC  0|TAMS 0x0000000085c00000, 0x0000000085c00000|
|  17|0x0000000085d00000, 0x0000000085d00000, 0x0000000085e00000|  0%| F|  |TS  0|AC  0|TAMS 0x0000000085d00000, 0x0000000085d00000|
|  18|0x0000000085e00000, 0x0000000085e00000, 0x0000000085f00000|  0%| F|  |TS  0|AC  0|TAMS 0x0000000085e00000, 0x0000000085e00000|
|  19|0x0000000085f00000, 0x0000000085f00000, 0x0000000086000000|  0%| F|  |TS  0|AC  0|TAMS 0x0000000085f00000, 0x0000000085f00000|
|  20|0x0000000086000000, 0x0000000086000000, 0x0000000086100000|  0%| F|  |TS  0|AC  0|TAMS 0x0000000086000000, 0x0000000086000000|
|  21|0x0000000086100000, 0x0000000086100000, 0x0000000086200000|  0%| F|  |TS  0|AC  0|TAMS 0x0000000086100000, 0x0000000086100000|
|  22|0x0000000086200000, 0x0000000086200000, 0x0000000086300000|  0%| F|  |TS  0|AC  0|TAMS 0x0000000086200000, 0x0000000086200000|
|  23|0x0000000086300000, 0x0000000086300000, 0x0000000086400000|  0%| F|  |TS  0|AC  0|TAMS 0x0000000086300000, 0x0000000086300000|
|  24|0x0000000086400000, 0x0000000086400000, 0x0000000086500000|  0%| F|  |TS  0|AC  0|TAMS 0x0000000086400000, 0x0000000086400000|
|  25|0x0000000086500000, 0x0000000086500000, 0x0000000086600000|  0%| F|  |TS  0|AC  0|TAMS 0x0000000086500000, 0x0000000086500000|
|  26|0x0000000086600000, 0x0000000086600000, 0x0000000086700000|  0%| F|  |TS  0|AC  0|TAMS 0x0000000086600000, 0x0000000086600000|
|  27|0x0000000086700000, 0x0000000086700000, 0x0000000086800000|  0%| F|  |TS  0|AC  0|TAMS 0x0000000086700000, 0x0000000086700000|
|  28|0x0000000086800000, 0x0000000086800000, 0x0000000086900000|  0%| F|  |TS  0|AC  0|TAMS 0x0000000086800000, 0x0000000086800000|
|  29|0x0000000086900000, 0x0000000086900000, 0x0000000086a00000|  0%| F|  |TS  0|AC  0|TAMS 0x0000000086900000, 0x0000000086900000|
|  30|0x0000000086a00000, 0x0000000086a00000, 0x0000000086b00000|  0%| F|  |TS  0|AC  0|TAMS 0x0000000086a00000, 0x0000000086a00000|
|  31|0x0000000086b00000, 0x0000000086b00000, 0x0000000086c00000|  0%| F|  |TS  0|AC  0|TAMS 0x0000000086b00000, 0x0000000086b00000|
|  32|0x0000000086c00000, 0x0000000086c00000, 0x0000000086d00000|  0%| F|  |TS  0|AC  0|TAMS 0x0000000086c00000, 0x0000000086c00000|
|  33|0x0000000086d00000, 0x0000000086d00000, 0x0000000086e00000|  0%| F|  |TS  0|AC  0|TAMS 0x0000000086d00000, 0x0000000086d00000|
|  34|0x0000000086e00000, 0x0000000086e00000, 0x0000000086f00000|  0%| F|  |TS  0|AC  0|TAMS 0x0000000086e00000, 0x0000000086e00000|
|  35|0x0000000086f00000, 0x0000000086f00000, 0x0000000087000000|  0%| F|  |TS  0|AC  0|TAMS 0x0000000086f00000, 0x0000000086f00000|
|  36|0x0000000087000000, 0x0000000087000000, 0x0000000087100000|  0%| F|  |TS  0|AC  0|TAMS 0x0000000087000000, 0x0000000087000000|
|  37|0x0000000087100000, 0x0000000087100000, 0x0000000087200000|  0%| F|  |TS  0|AC  0|TAMS 0x0000000087100000, 0x0000000087100000|
|  38|0x0000000087200000, 0x0000000087200000, 0x0000000087300000|  0%| F|  |TS  0|AC  0|TAMS 0x0000000087200000, 0x0000000087200000|
|  39|0x0000000087300000, 0x0000000087300000, 0x0000000087400000|  0%| F|  |TS  0|AC  0|TAMS 0x0000000087300000, 0x0000000087300000|
|  40|0x0000000087400000, 0x0000000087400000, 0x0000000087500000|  0%| F|  |TS  0|AC  0|TAMS 0x0000000087400000, 0x0000000087400000|
|  41|0x0000000087500000, 0x0000000087500000, 0x0000000087600000|  0%| F|  |TS  0|AC  0|TAMS 0x0000000087500000, 0x0000000087500000|
|  42|0x0000000087600000, 0x0000000087600000, 0x0000000087700000|  0%| F|  |TS  0|AC  0|TAMS 0x0000000087600000, 0x0000000087600000|
|  43|0x0000000087700000, 0x0000000087700000, 0x0000000087800000|  0%| F|  |TS  0|AC  0|TAMS 0x0000000087700000, 0x0000000087700000|
|  44|0x0000000087800000, 0x0000000087800000, 0x0000000087900000|  0%| F|  |TS  0|AC  0|TAMS 0x0000000087800000, 0x0000000087800000|
|  45|0x0000000087900000, 0x0000000087900000, 0x0000000087a00000|  0%| F|  |TS  0|AC  0|TAMS 0x0000000087900000, 0x0000000087900000|
|  46|0x0000000087a00000, 0x0000000087a00000, 0x0000000087b00000|  0%| F|  |TS  0|AC  0|TAMS 0x0000000087a00000, 0x0000000087a00000|
|  47|0x0000000087b00000, 0x0000000087b00000, 0x0000000087c00000|  0%| F|  |TS  0|AC  0|TAMS 0x0000000087b00000, 0x0000000087b00000|
|  48|0x0000000087c00000, 0x0000000087c00000, 0x0000000087d00000|  0%| F|  |TS  0|AC  0|TAMS 0x0000000087c00000, 0x0000000087c00000|
|  49|0x0000000087d00000, 0x0000000087d00000, 0x0000000087e00000|  0%| F|  |TS  0|AC  0|TAMS 0x0000000087d00000, 0x0000000087d00000|
|  50|0x0000000087e00000, 0x0000000087e00000, 0x0000000087f00000|  0%| F|  |TS  0|AC  0|TAMS 0x0000000087e00000, 0x0000000087e00000|
|  51|0x0000000087f00000, 0x0000000087f00000, 0x0000000088000000|  0%| F|  |TS  0|AC  0|TAMS 0x0000000087f00000, 0x0000000087f00000|
|  52|0x0000000088000000, 0x0000000088000000, 0x0000000088100000|  0%| F|  |TS  0|AC  0|TAMS 0x0000000088000000, 0x0000000088000000|
|  53|0x0000000088100000, 0x0000000088100000, 0x0000000088200000|  0%| F|  |TS  0|AC  0|TAMS 0x0000000088100000, 0x0000000088100000|
|  54|0x0000000088200000, 0x0000000088200000, 0x0000000088300000|  0%| F|  |TS  0|AC  0|TAMS 0x0000000088200000, 0x0000000088200000|
|  55|0x0000000088300000, 0x0000000088300000, 0x0000000088400000|  0%| F|  |TS  0|AC  0|TAMS 0x0000000088300000, 0x0000000088300000|
|  56|0x0000000088400000, 0x0000000088400000, 0x0000000088500000|  0%| F|  |TS  0|AC  0|TAMS 0x0000000088400000, 0x0000000088400000|
|  57|0x0000000088500000, 0x0000000088500000, 0x0000000088600000|  0%| F|  |TS  0|AC  0|TAMS 0x0000000088500000, 0x0000000088500000|
|  58|0x0000000088600000, 0x0000000088600000, 0x0000000088700000|  0%| F|  |TS  0|AC  0|TAMS 0x0000000088600000, 0x0000000088600000|
|  59|0x0000000088700000, 0x0000000088700000, 0x0000000088800000|  0%| F|  |TS  0|AC  0|TAMS 0x0000000088700000, 0x0000000088700000|
|  60|0x0000000088800000, 0x0000000088800000, 0x0000000088900000|  0%| F|  |TS  0|AC  0|TAMS 0x0000000088800000, 0x0000000088800000|
|  61|0x0000000088900000, 0x0000000088900000, 0x0000000088a00000|  0%| F|  |TS  0|AC  0|TAMS 0x0000000088900000, 0x0000000088900000|
|  62|0x0000000088a00000, 0x0000000088a00000, 0x0000000088b00000|  0%| F|  |TS  0|AC  0|TAMS 0x0000000088a00000, 0x0000000088a00000|
|  63|0x0000000088b00000, 0x0000000088b00000, 0x0000000088c00000|  0%| F|  |TS  0|AC  0|TAMS 0x0000000088b00000, 0x0000000088b00000|
|  64|0x0000000088c00000, 0x0000000088c00000, 0x0000000088d00000|  0%| F|  |TS  0|AC  0|TAMS 0x0000000088c00000, 0x0000000088c00000|
|  65|0x0000000088d00000, 0x0000000088d00000, 0x0000000088e00000|  0%| F|  |TS  0|AC  0|TAMS 0x0000000088d00000, 0x0000000088d00000|
|  66|0x0000000088e00000, 0x0000000088e00000, 0x0000000088f00000|  0%| F|  |TS  0|AC  0|TAMS 0x0000000088e00000, 0x0000000088e00000|
|  67|0x0000000088f00000, 0x0000000088f00000, 0x0000000089000000|  0%| F|  |TS  0|AC  0|TAMS 0x0000000088f00000, 0x0000000088f00000|
|  68|0x0000000089000000, 0x0000000089000000, 0x0000000089100000|  0%| F|  |TS  0|AC  0|TAMS 0x0000000089000000, 0x0000000089000000|
|  69|0x0000000089100000, 0x0000000089100000, 0x0000000089200000|  0%| F|  |TS  0|AC  0|TAMS 0x0000000089100000, 0x0000000089100000|
|  70|0x0000000089200000, 0x0000000089200000, 0x0000000089300000|  0%| F|  |TS  0|AC  0|TAMS 0x0000000089200000, 0x0000000089200000|
|  71|0x0000000089300000, 0x0000000089300000, 0x0000000089400000|  0%| F|  |TS  0|AC  0|TAMS 0x0000000089300000, 0x0000000089300000|
|  72|0x0000000089400000, 0x0000000089400000, 0x0000000089500000|  0%| F|  |TS  0|AC  0|TAMS 0x0000000089400000, 0x0000000089400000|
|  73|0x0000000089500000, 0x0000000089500000, 0x0000000089600000|  0%| F|  |TS  0|AC  0|TAMS 0x0000000089500000, 0x0000000089500000|
|  74|0x0000000089600000, 0x0000000089600000, 0x0000000089700000|  0%| F|  |TS  0|AC  0|TAMS 0x0000000089600000, 0x0000000089600000|
|  75|0x0000000089700000, 0x0000000089700000, 0x0000000089800000|  0%| F|  |TS  0|AC  0|TAMS 0x0000000089700000, 0x0000000089700000|
|  76|0x0000000089800000, 0x0000000089800000, 0x0000000089900000|  0%| F|  |TS  0|AC  0|TAMS 0x0000000089800000, 0x0000000089800000|
|  77|0x0000000089900000, 0x0000000089900000, 0x0000000089a00000|  0%| F|  |TS  0|AC  0|TAMS 0x0000000089900000, 0x0000000089900000|
|  78|0x0000000089a00000, 0x0000000089a00000, 0x0000000089b00000|  0%| F|  |TS  0|AC  0|TAMS 0x0000000089a00000, 0x0000000089a00000|
|  79|0x0000000089b00000, 0x0000000089b00000, 0x0000000089c00000|  0%| F|  |TS  0|AC  0|TAMS 0x0000000089b00000, 0x0000000089b00000|
|  80|0x0000000089c00000, 0x0000000089c00000, 0x0000000089d00000|  0%| F|  |TS  0|AC  0|TAMS 0x0000000089c00000, 0x0000000089c00000|
|  81|0x0000000089d00000, 0x0000000089d00000, 0x0000000089e00000|  0%| F|  |TS  0|AC  0|TAMS 0x0000000089d00000, 0x0000000089d00000|
|  82|0x0000000089e00000, 0x0000000089e00000, 0x0000000089f00000|  0%| F|  |TS  0|AC  0|TAMS 0x0000000089e00000, 0x0000000089e00000|
|  83|0x0000000089f00000, 0x0000000089f00000, 0x000000008a000000|  0%| F|  |TS  0|AC  0|TAMS 0x0000000089f00000, 0x0000000089f00000|
|  84|0x000000008a000000, 0x000000008a000000, 0x000000008a100000|  0%| F|  |TS  0|AC  0|TAMS 0x000000008a000000, 0x000000008a000000|
|  85|0x000000008a100000, 0x000000008a100000, 0x000000008a200000|  0%| F|  |TS  0|AC  0|TAMS 0x000000008a100000, 0x000000008a100000|
|  86|0x000000008a200000, 0x000000008a200000, 0x000000008a300000|  0%| F|  |TS  0|AC  0|TAMS 0x000000008a200000, 0x000000008a200000|
|  87|0x000000008a300000, 0x000000008a300000, 0x000000008a400000|  0%| F|  |TS  0|AC  0|TAMS 0x000000008a300000, 0x000000008a300000|
|  88|0x000000008a400000, 0x000000008a400000, 0x000000008a500000|  0%| F|  |TS  0|AC  0|TAMS 0x000000008a400000, 0x000000008a400000|
|  89|0x000000008a500000, 0x000000008a500000, 0x000000008a600000|  0%| F|  |TS  0|AC  0|TAMS 0x000000008a500000, 0x000000008a500000|
|  90|0x000000008a600000, 0x000000008a600000, 0x000000008a700000|  0%| F|  |TS  0|AC  0|TAMS 0x000000008a600000, 0x000000008a600000|
|  91|0x000000008a700000, 0x000000008a700000, 0x000000008a800000|  0%| F|  |TS  0|AC  0|TAMS 0x000000008a700000, 0x000000008a700000|
|  92|0x000000008a800000, 0x000000008a800000, 0x000000008a900000|  0%| F|  |TS  0|AC  0|TAMS 0x000000008a800000, 0x000000008a800000|
|  93|0x000000008a900000, 0x000000008a900000, 0x000000008aa00000|  0%| F|  |TS  0|AC  0|TAMS 0x000000008a900000, 0x000000008a900000|
|  94|0x000000008aa00000, 0x000000008aa00000, 0x000000008ab00000|  0%| F|  |TS  0|AC  0|TAMS 0x000000008aa00000, 0x000000008aa00000|
|  95|0x000000008ab00000, 0x000000008ab00000, 0x000000008ac00000|  0%| F|  |TS  0|AC  0|TAMS 0x000000008ab00000, 0x000000008ab00000|
|  96|0x000000008ac00000, 0x000000008ac00000, 0x000000008ad00000|  0%| F|  |TS  0|AC  0|TAMS 0x000000008ac00000, 0x000000008ac00000|
|  97|0x000000008ad00000, 0x000000008ad00000, 0x000000008ae00000|  0%| F|  |TS  0|AC  0|TAMS 0x000000008ad00000, 0x000000008ad00000|
|  98|0x000000008ae00000, 0x000000008ae00000, 0x000000008af00000|  0%| F|  |TS  0|AC  0|TAMS 0x000000008ae00000, 0x000000008ae00000|
|  99|0x000000008af00000, 0x000000008af00000, 0x000000008b000000|  0%| F|  |TS  0|AC  0|TAMS 0x000000008af00000, 0x000000008af00000|
| 100|0x000000008b000000, 0x000000008b000000, 0x000000008b100000|  0%| F|  |TS  0|AC  0|TAMS 0x000000008b000000, 0x000000008b000000|
| 101|0x000000008b100000, 0x000000008b100000, 0x000000008b200000|  0%| F|  |TS  0|AC  0|TAMS 0x000000008b100000, 0x000000008b100000|
| 102|0x000000008b200000, 0x000000008b200000, 0x000000008b300000|  0%| F|  |TS  0|AC  0|TAMS 0x000000008b200000, 0x000000008b200000|
| 103|0x000000008b300000, 0x000000008b300000, 0x000000008b400000|  0%| F|  |TS  0|AC  0|TAMS 0x000000008b300000, 0x000000008b300000|
| 104|0x000000008b400000, 0x000000008b400000, 0x000000008b500000|  0%| F|  |TS  0|AC  0|TAMS 0x000000008b400000, 0x000000008b400000|
| 105|0x000000008b500000, 0x000000008b500000, 0x000000008b600000|  0%| F|  |TS  0|AC  0|TAMS 0x000000008b500000, 0x000000008b500000|
| 106|0x000000008b600000, 0x000000008b600000, 0x000000008b700000|  0%| F|  |TS  0|AC  0|TAMS 0x000000008b600000, 0x000000008b600000|
| 107|0x000000008b700000, 0x000000008b780800, 0x000000008b800000| 50%| E|  |TS  0|AC  0|TAMS 0x000000008b700000, 0x000000008b700000|
| 108|0x000000008b800000, 0x000000008b900000, 0x000000008b900000|100%| S|CS|TS  1|AC  0|TAMS 0x000000008b800000, 0x000000008b800000|
| 109|0x000000008b900000, 0x000000008ba00000, 0x000000008ba00000|100%| S|CS|TS  1|AC  0|TAMS 0x000000008b900000, 0x000000008b900000|
| 110|0x000000008ba00000, 0x000000008bb00000, 0x000000008bb00000|100%| E|CS|TS  1|AC  0|TAMS 0x000000008ba00000, 0x000000008ba00000|
| 111|0x000000008bb00000, 0x000000008bc00000, 0x000000008bc00000|100%| E|CS|TS  1|AC  0|TAMS 0x000000008bb00000, 0x000000008bb00000|
| 112|0x000000008bc00000, 0x000000008bd00000, 0x000000008bd00000|100%| E|CS|TS  1|AC  0|TAMS 0x000000008bc00000, 0x000000008bc00000|
| 113|0x000000008bd00000, 0x000000008be00000, 0x000000008be00000|100%| E|CS|TS  1|AC  0|TAMS 0x000000008bd00000, 0x000000008bd00000|
| 114|0x000000008be00000, 0x000000008bf00000, 0x000000008bf00000|100%| E|CS|TS  1|AC  0|TAMS 0x000000008be00000, 0x000000008be00000|
| 115|0x000000008bf00000, 0x000000008c000000, 0x000000008c000000|100%| E|CS|TS  1|AC  0|TAMS 0x000000008bf00000, 0x000000008bf00000|
| 116|0x000000008c000000, 0x000000008c100000, 0x000000008c100000|100%| E|CS|TS  1|AC  0|TAMS 0x000000008c000000, 0x000000008c000000|
| 117|0x000000008c100000, 0x000000008c200000, 0x000000008c200000|100%| E|CS|TS  1|AC  0|TAMS 0x000000008c100000, 0x000000008c100000|
| 118|0x000000008c200000, 0x000000008c300000, 0x000000008c300000|100%| E|CS|TS  1|AC  0|TAMS 0x000000008c200000, 0x000000008c200000|
| 119|0x000000008c300000, 0x000000008c400000, 0x000000008c400000|100%| E|CS|TS  1|AC  0|TAMS 0x000000008c300000, 0x000000008c300000|
| 120|0x000000008c400000, 0x000000008c500000, 0x000000008c500000|100%| E|CS|TS  1|AC  0|TAMS 0x000000008c400000, 0x000000008c400000|
| 121|0x000000008c500000, 0x000000008c600000, 0x000000008c600000|100%| E|CS|TS  1|AC  0|TAMS 0x000000008c500000, 0x000000008c500000|
| 122|0x000000008c600000, 0x000000008c700000, 0x000000008c700000|100%| E|CS|TS  1|AC  0|TAMS 0x000000008c600000, 0x000000008c600000|
| 123|0x000000008c700000, 0x000000008c800000, 0x000000008c800000|100%| E|CS|TS  1|AC  0|TAMS 0x000000008c700000, 0x000000008c700000|

Card table byte_map: [0x00007f2235d3f000,0x00007f2236119000] byte_map_base: 0x00007f2235919000

Marking Bits (Prev, Next): (CMBitMap*) 0x00007f2250056800, (CMBitMap*) 0x00007f2250056838
 Prev Bits: [0x00007f2226130000, 0x00007f2228000000)
 Next Bits: [0x00007f2224260000, 0x00007f2226130000)

Polling page: 0x00007f225712a000

CodeHeap 'non-profiled nmethods': size=120032Kb used=724Kb max_used=724Kb free=119307Kb
 bounds [0x00007f223e99d000, 0x00007f223ec0d000, 0x00007f2245ed5000]
CodeHeap 'profiled nmethods': size=120032Kb used=3493Kb max_used=3493Kb free=116538Kb
 bounds [0x00007f2237465000, 0x00007f22377d5000, 0x00007f223e99d000]
CodeHeap 'non-nmethods': size=5696Kb used=1238Kb max_used=1257Kb free=4457Kb
 bounds [0x00007f2236ed5000, 0x00007f2237145000, 0x00007f2237465000]
 total_blobs=2828 nmethods=1770 adapters=574
 compilation: enabled

Compilation events (10 events):
Event: 9.948 Thread 0x00007f225014c800 1754       3       java.util.StringTokenizer::nextToken (92 bytes)
Event: 9.948 Thread 0x00007f225014c800 nmethod 1754 0x00007f22377b8c10 code [0x00007f22377b8e00, 0x00007f22377b91d8]
Event: 9.948 Thread 0x00007f225014c800 1751       3       java.lang.String::codePointAt (50 bytes)
Event: 9.949 Thread 0x00007f225014c800 nmethod 1751 0x00007f22377b9310 code [0x00007f22377b9500, 0x00007f22377b98c8]
Event: 9.949 Thread 0x00007f225014c800 1755       3       java.util.regex.Pattern::next (33 bytes)
Event: 9.950 Thread 0x00007f225014c800 nmethod 1755 0x00007f22377b9a90 code [0x00007f22377b9c60, 0x00007f22377b9f28]
Event: 9.950 Thread 0x00007f225014a800 1756       4       java.util.StringTokenizer::scanToken (179 bytes)
Event: 9.950 Thread 0x00007f225014c800 1757   !   3       com.badlogic.gdx.utils.Json::readValue (1451 bytes)
Event: 9.959 Thread 0x00007f2250148800 nmethod 1743 0x00007f223ea4e890 code [0x00007f223ea4eb60, 0x00007f223ea4ffa0]
Event: 9.960 Thread 0x00007f225014a800 nmethod 1756 0x00007f223ea50e10 code [0x00007f223ea50fc0, 0x00007f223ea51388]

GC Heap History (2 events):
Event: 1.467 GC heap before
{Heap before GC invocations=0 (full 0):
 garbage-first heap   total 126976K, used 14336K [0x0000000084c00000, 0x0000000100000000)
  region size 1024K, 14 young (14336K), 0 survivors (0K)
 Metaspace       used 13163K, capacity 13425K, committed 13824K, reserved 1062912K
  class space    used 1101K, capacity 1196K, committed 1280K, reserved 1048576K
}
Event: 1.473 GC heap after
{Heap after GC invocations=1 (full 0):
 garbage-first heap   total 126976K, used 2376K [0x0000000084c00000, 0x0000000100000000)
  region size 1024K, 2 young (2048K), 2 survivors (2048K)
 Metaspace       used 13163K, capacity 13425K, committed 13824K, reserved 1062912K
  class space    used 1101K, capacity 1196K, committed 1280K, reserved 1048576K
}

Deoptimization events (10 events):
Event: 4.216 Thread 0x00007f22504df000 Uncommon trap: reason=class_check action=maybe_recompile pc=0x00007f223ea17590 method=com.badlogic.gdx.graphics.g2d.TextureRegion.setRegion(IIII)V @ 50 c2
Event: 4.217 Thread 0x00007f22504df000 Uncommon trap: reason=class_check action=maybe_recompile pc=0x00007f223ea17590 method=com.badlogic.gdx.graphics.g2d.TextureRegion.setRegion(IIII)V @ 50 c2
Event: 4.217 Thread 0x00007f22504df000 Uncommon trap: reason=class_check action=maybe_recompile pc=0x00007f223ea17590 method=com.badlogic.gdx.graphics.g2d.TextureRegion.setRegion(IIII)V @ 50 c2
Event: 4.658 Thread 0x00007f22504df000 Uncommon trap: reason=array_check action=maybe_recompile pc=0x00007f223ea2e624 method=com.badlogic.gdx.utils.Array.add(Ljava/lang/Object;)V @ 46 c2
Event: 4.658 Thread 0x00007f22504df000 Uncommon trap: reason=array_check action=maybe_recompile pc=0x00007f223ea2e624 method=com.badlogic.gdx.utils.Array.add(Ljava/lang/Object;)V @ 46 c2
Event: 4.658 Thread 0x00007f22504df000 Uncommon trap: reason=array_check action=maybe_recompile pc=0x00007f223ea2e624 method=com.badlogic.gdx.utils.Array.add(Ljava/lang/Object;)V @ 46 c2
Event: 4.658 Thread 0x00007f22504df000 Uncommon trap: reason=array_check action=maybe_recompile pc=0x00007f223ea2e624 method=com.badlogic.gdx.utils.Array.add(Ljava/lang/Object;)V @ 46 c2
Event: 5.205 Thread 0x00007f22504df000 Uncommon trap: reason=unstable_if action=reinterpret pc=0x00007f223ea2cae8 method=com.badlogic.gdx.graphics.g2d.SpriteBatch.draw(Lcom/badlogic/gdx/graphics/Texture;[FII)V @ 55 c2
Event: 5.222 Thread 0x00007f22504df000 Uncommon trap: reason=unstable_if action=reinterpret pc=0x00007f223ea224fc method=com.badlogic.gdx.graphics.g2d.SpriteBatch.draw(Lcom/badlogic/gdx/graphics/Texture;[FII)V @ 55 c2
Event: 5.240 Thread 0x00007f22504df000 Uncommon trap: reason=unstable_if action=reinterpret pc=0x00007f223ea2a8dc method=com.badlogic.gdx.graphics.g2d.SpriteBatch.draw(Lcom/badlogic/gdx/graphics/Texture;[FII)V @ 55 c2

Classes redefined (0 events):
No events

Internal exceptions (10 events):
Event: 1.004 Thread 0x00007f2250012800 Exception <a 'java/security/PrivilegedActionException'{0x000000008c02fde8}> (0x000000008c02fde8) thrown at [/build/openjdk-lts-Ae5PRQ/openjdk-lts-10.0.2+13/src/hotspot/share/prims/jvm.cpp, line 1345]
Event: 1.094 Thread 0x00007f22504df000 Exception <a 'java/lang/NoSuchMethodError'{0x000000008be6de08}: method resolution failed> (0x000000008be6de08) thrown at [/build/openjdk-lts-Ae5PRQ/openjdk-lts-10.0.2+13/src/hotspot/share/prims/methodHandles.cpp, line 1226]
Event: 1.094 Thread 0x00007f22504df000 Exception <a 'java/lang/NoSuchMethodError'{0x000000008be714e0}: java.lang.invoke.DirectMethodHandle$Holder.invokeStaticInit(Ljava/lang/Object;Ljava/lang/Object;JLjava/lang/Object;)Ljava/lang/Object;> (0x000000008be714e0) thrown at [/build/openjdk-lts-Ae5P
Event: 1.095 Thread 0x00007f22504df000 Exception <a 'java/lang/NoSuchMethodError'{0x000000008be77590}: java.lang.invoke.DirectMethodHandle$Holder.invokeStatic(Ljava/lang/Object;Ljava/lang/Object;J)Ljava/lang/Object;> (0x000000008be77590) thrown at [/build/openjdk-lts-Ae5PRQ/openjdk-lts-10.0.2+
Event: 1.095 Thread 0x00007f22504df000 Exception <a 'java/lang/NoSuchMethodError'{0x000000008be7ab70}: method resolution failed> (0x000000008be7ab70) thrown at [/build/openjdk-lts-Ae5PRQ/openjdk-lts-10.0.2+13/src/hotspot/share/prims/methodHandles.cpp, line 1226]
Event: 1.098 Thread 0x00007f22504df000 Exception <a 'java/lang/NoSuchMethodError'{0x000000008be849a0}: java.lang.invoke.DirectMethodHandle$Holder.invokeStatic(Ljava/lang/Object;Ljava/lang/Object;Ljava/lang/Object;I)Ljava/lang/Object;> (0x000000008be849a0) thrown at [/build/openjdk-lts-Ae5PRQ/o
Event: 1.099 Thread 0x00007f22504df000 Exception <a 'java/lang/NoSuchMethodError'{0x000000008be884a0}: java.lang.invoke.DirectMethodHandle$Holder.invokeSpecial(Ljava/lang/Object;Ljava/lang/Object;Ljava/lang/Object;Ljava/lang/Object;I)Ljava/lang/Object;> (0x000000008be884a0) thrown at [/build/o
Event: 1.132 Thread 0x00007f22504df000 Exception <a 'java/lang/NoClassDefFoundError'{0x000000008beb00b8}: org/lwjgl/opengles/GLContext> (0x000000008beb00b8) thrown at [/build/openjdk-lts-Ae5PRQ/openjdk-lts-10.0.2+13/src/hotspot/share/classfile/systemDictionary.cpp, line 222]
Event: 1.553 Thread 0x00007f22504df000 Exception <a 'java/lang/NoSuchMethodError'{0x000000008c53ed30}: java.lang.Object.lambda$union$2(Ljava/util/regex/Pattern$CharPredicate;I)Z> (0x000000008c53ed30) thrown at [/build/openjdk-lts-Ae5PRQ/openjdk-lts-10.0.2+13/src/hotspot/share/interpreter/linkR
Event: 1.554 Thread 0x00007f22504df000 Exception <a 'java/lang/NoSuchMethodError'{0x000000008c543260}: java.lang.Object.lambda$negate$3(I)Z> (0x000000008c543260) thrown at [/build/openjdk-lts-Ae5PRQ/openjdk-lts-10.0.2+13/src/hotspot/share/interpreter/linkResolver.cpp, line 741]

Events (10 events):
Event: 9.946 Thread 0x00007f22504df000 DEOPT PACKING pc=0x00007f2237604705 sp=0x00007f21ca9165b0
Event: 9.946 Thread 0x00007f22504df000 DEOPT UNPACKING pc=0x00007f2236efcdba sp=0x00007f21ca915b58 mode 0
Event: 9.948 Thread 0x00007f22504df000 DEOPT PACKING pc=0x00007f2237604705 sp=0x00007f21ca9165b0
Event: 9.948 Thread 0x00007f22504df000 DEOPT UNPACKING pc=0x00007f2236efcdba sp=0x00007f21ca915b58 mode 0
Event: 9.950 Thread 0x00007f22504df000 DEOPT PACKING pc=0x00007f2237604705 sp=0x00007f21ca9165b0
Event: 9.950 Thread 0x00007f22504df000 DEOPT UNPACKING pc=0x00007f2236efcdba sp=0x00007f21ca915b58 mode 0
Event: 9.960 loading class com/badlogic/gdx/utils/ObjectSet$ObjectSetIterator
Event: 9.960 loading class com/badlogic/gdx/utils/ObjectSet$ObjectSetIterator done
Event: 9.961 loading class com/geeselightning/zepr/TextScreen$1
Event: 9.961 loading class com/geeselightning/zepr/TextScreen$1 done


Dynamic libraries:
84c00000-8c800000 rw-p 00000000 00:00 0 
8c800000-100000000 ---p 00000000 00:00 0 
100000000-100160000 rw-p 00000000 00:00 0 
100160000-140000000 ---p 00000000 00:00 0 
55821e33a000-55821e33b000 r-xp 00000000 08:01 51776435                   /usr/lib/jvm/java-11-openjdk-amd64/bin/java
55821e53b000-55821e53c000 r--p 00001000 08:01 51776435                   /usr/lib/jvm/java-11-openjdk-amd64/bin/java
55821e53c000-55821e53d000 rw-p 00002000 08:01 51776435                   /usr/lib/jvm/java-11-openjdk-amd64/bin/java
5582201ea000-55822020b000 rw-p 00000000 00:00 0                          [heap]
7f21947b9000-7f2194eb9000 rw-s 00000000 00:19 13                         /i915 (deleted)
7f2194eb9000-7f21955b9000 rw-s 00000000 00:19 178                        /i915 (deleted)
7f21955b9000-7f2195779000 rw-s 00000000 00:19 161                        /i915 (deleted)
7f2195779000-7f2195939000 rw-s 00000000 00:19 153                        /i915 (deleted)
7f2195939000-7f2196039000 rw-s 00000000 00:19 121                        /i915 (deleted)
7f2196039000-7f2196739000 rw-s 00000000 00:19 523                        /i915 (deleted)
7f219683b000-7f2196f3b000 rw-s 00000000 00:19 445                        /i915 (deleted)
7f2196f3b000-7f2198000000 rw-p 00000000 00:00 0 
7f2198000000-7f2198021000 rw-p 00000000 00:00 0 
7f2198021000-7f219c000000 ---p 00000000 00:00 0 
7f219c000000-7f219d26b000 rw-p 00000000 00:00 0 
7f219d26b000-7f21a0000000 ---p 00000000 00:00 0 
7f21a0000000-7f21a4000000 rw-s 00000000 00:05 1145614                    /memfd:pulseaudio (deleted)
7f21a4000000-7f21a8000000 rw-s 00000000 00:05 32212                      /memfd:pulseaudio (deleted)
7f21a8000000-7f21ac000000 rw-s 00000000 00:05 1145611                    /memfd:pulseaudio (deleted)
7f21ac000000-7f21ac021000 rw-p 00000000 00:00 0 
7f21ac021000-7f21b0000000 ---p 00000000 00:00 0 
7f21b00f5000-7f21b02f5000 rw-p 00000000 00:00 0 
7f21b02f5000-7f21b05e1000 rw-p 00000000 00:00 0 
7f21b05e1000-7f21b05e9000 r-xp 00000000 08:01 51388500                   /usr/lib/x86_64-linux-gnu/libpciaccess.so.0.11.1
7f21b05e9000-7f21b07e8000 ---p 00008000 08:01 51388500                   /usr/lib/x86_64-linux-gnu/libpciaccess.so.0.11.1
7f21b07e8000-7f21b07e9000 r--p 00007000 08:01 51388500                   /usr/lib/x86_64-linux-gnu/libpciaccess.so.0.11.1
7f21b07e9000-7f21b07ea000 rw-p 00008000 08:01 51388500                   /usr/lib/x86_64-linux-gnu/libpciaccess.so.0.11.1
7f21b07ea000-7f21b07f5000 r-xp 00000000 08:01 51388954                   /usr/lib/x86_64-linux-gnu/libdrm_radeon.so.1.0.1
7f21b07f5000-7f21b09f4000 ---p 0000b000 08:01 51388954                   /usr/lib/x86_64-linux-gnu/libdrm_radeon.so.1.0.1
7f21b09f4000-7f21b09f5000 r--p 0000a000 08:01 51388954                   /usr/lib/x86_64-linux-gnu/libdrm_radeon.so.1.0.1
7f21b09f5000-7f21b09f6000 rw-p 0000b000 08:01 51388954                   /usr/lib/x86_64-linux-gnu/libdrm_radeon.so.1.0.1
7f21b09f6000-7f21b09fd000 r-xp 00000000 08:01 51388951                   /usr/lib/x86_64-linux-gnu/libdrm_nouveau.so.2.0.0
7f21b09fd000-7f21b0bfc000 ---p 00007000 08:01 51388951                   /usr/lib/x86_64-linux-gnu/libdrm_nouveau.so.2.0.0
7f21b0bfc000-7f21b0bfd000 r--p 00006000 08:01 51388951                   /usr/lib/x86_64-linux-gnu/libdrm_nouveau.so.2.0.0
7f21b0bfd000-7f21b0bfe000 rw-p 00007000 08:01 51388951                   /usr/lib/x86_64-linux-gnu/libdrm_nouveau.so.2.0.0
7f21b0bfe000-7f21b0c20000 r-xp 00000000 08:01 51388949                   /usr/lib/x86_64-linux-gnu/libdrm_intel.so.1.0.0
7f21b0c20000-7f21b0e1f000 ---p 00022000 08:01 51388949                   /usr/lib/x86_64-linux-gnu/libdrm_intel.so.1.0.0
7f21b0e1f000-7f21b0e20000 r--p 00021000 08:01 51388949                   /usr/lib/x86_64-linux-gnu/libdrm_intel.so.1.0.0
7f21b0e20000-7f21b0e21000 rw-p 00022000 08:01 51388949                   /usr/lib/x86_64-linux-gnu/libdrm_intel.so.1.0.0
7f21b0e21000-7f21b16a0000 r-xp 00000000 08:01 53742706                   /usr/lib/x86_64-linux-gnu/dri/i965_dri.so
7f21b16a0000-7f21b18a0000 ---p 0087f000 08:01 53742706                   /usr/lib/x86_64-linux-gnu/dri/i965_dri.so
7f21b18a0000-7f21b18f0000 r--p 0087f000 08:01 53742706                   /usr/lib/x86_64-linux-gnu/dri/i965_dri.so
7f21b18f0000-7f21b18fb000 rw-p 008cf000 08:01 53742706                   /usr/lib/x86_64-linux-gnu/dri/i965_dri.so
7f21b18fb000-7f21b19a0000 rw-p 00000000 00:00 0 
7f21b19a0000-7f21b19b0000 r-xp 00000000 08:01 51387544                   /usr/lib/x86_64-linux-gnu/libdrm.so.2.4.0
7f21b19b0000-7f21b1baf000 ---p 00010000 08:01 51387544                   /usr/lib/x86_64-linux-gnu/libdrm.so.2.4.0
7f21b1baf000-7f21b1bb0000 r--p 0000f000 08:01 51387544                   /usr/lib/x86_64-linux-gnu/libdrm.so.2.4.0
7f21b1bb0000-7f21b1bb1000 rw-p 00010000 08:01 51387544                   /usr/lib/x86_64-linux-gnu/libdrm.so.2.4.0
7f21b1bb1000-7f21b1bb5000 r-xp 00000000 08:01 51388195                   /usr/lib/x86_64-linux-gnu/libxcb-dri2.so.0.0.0
7f21b1bb5000-7f21b1db4000 ---p 00004000 08:01 51388195                   /usr/lib/x86_64-linux-gnu/libxcb-dri2.so.0.0.0
7f21b1db4000-7f21b1db5000 r--p 00003000 08:01 51388195                   /usr/lib/x86_64-linux-gnu/libxcb-dri2.so.0.0.0
7f21b1db5000-7f21b1db6000 rw-p 00004000 08:01 51388195                   /usr/lib/x86_64-linux-gnu/libxcb-dri2.so.0.0.0
7f21b1db6000-7f21b1dce000 r-xp 00000000 08:01 51388945                   /usr/lib/x86_64-linux-gnu/libxcb-glx.so.0.0.0
7f21b1dce000-7f21b1fce000 ---p 00018000 08:01 51388945                   /usr/lib/x86_64-linux-gnu/libxcb-glx.so.0.0.0
7f21b1fce000-7f21b1fd0000 r--p 00018000 08:01 51388945                   /usr/lib/x86_64-linux-gnu/libxcb-glx.so.0.0.0
7f21b1fd0000-7f21b1fd1000 rw-p 0001a000 08:01 51388945                   /usr/lib/x86_64-linux-gnu/libxcb-glx.so.0.0.0
7f21b1fd1000-7f21b1fd2000 r-xp 00000000 08:01 51388193                   /usr/lib/x86_64-linux-gnu/libX11-xcb.so.1.0.0
7f21b1fd2000-7f21b21d1000 ---p 00001000 08:01 51388193                   /usr/lib/x86_64-linux-gnu/libX11-xcb.so.1.0.0
7f21b21d1000-7f21b21d2000 r--p 00000000 08:01 51388193                   /usr/lib/x86_64-linux-gnu/libX11-xcb.so.1.0.0
7f21b21d2000-7f21b21d3000 rw-p 00001000 08:01 51388193                   /usr/lib/x86_64-linux-gnu/libX11-xcb.so.1.0.0
7f21b21d3000-7f21b21d5000 r-xp 00000000 08:01 51388220                   /usr/lib/x86_64-linux-gnu/libXdamage.so.1.1.0
7f21b21d5000-7f21b23d4000 ---p 00002000 08:01 51388220                   /usr/lib/x86_64-linux-gnu/libXdamage.so.1.1.0
7f21b23d4000-7f21b23d5000 r--p 00001000 08:01 51388220                   /usr/lib/x86_64-linux-gnu/libXdamage.so.1.1.0
7f21b23d5000-7f21b23d6000 rw-p 00002000 08:01 51388220                   /usr/lib/x86_64-linux-gnu/libXdamage.so.1.1.0
7f21b23d6000-7f21b2402000 r-xp 00000000 08:01 51388190                   /usr/lib/x86_64-linux-gnu/libglapi.so.0.0.0
7f21b2402000-7f21b2601000 ---p 0002c000 08:01 51388190                   /usr/lib/x86_64-linux-gnu/libglapi.so.0.0.0
7f21b2601000-7f21b2605000 r--p 0002b000 08:01 51388190                   /usr/lib/x86_64-linux-gnu/libglapi.so.0.0.0
7f21b2605000-7f21b2606000 rw-p 0002f000 08:01 51388190                   /usr/lib/x86_64-linux-gnu/libglapi.so.0.0.0
7f21b2606000-7f21b2607000 rw-p 00000000 00:00 0 
7f21b2607000-7f21b2608000 r-xp 00000000 08:01 51388205                   /usr/lib/x86_64-linux-gnu/libxshmfence.so.1.0.0
7f21b2608000-7f21b2807000 ---p 00001000 08:01 51388205                   /usr/lib/x86_64-linux-gnu/libxshmfence.so.1.0.0
7f21b2807000-7f21b2808000 r--p 00000000 08:01 51388205                   /usr/lib/x86_64-linux-gnu/libxshmfence.so.1.0.0
7f21b2808000-7f21b2809000 rw-p 00001000 08:01 51388205                   /usr/lib/x86_64-linux-gnu/libxshmfence.so.1.0.0
7f21b2809000-7f21b280e000 r-xp 00000000 08:01 51388201                   /usr/lib/x86_64-linux-gnu/libxcb-sync.so.1.0.0
7f21b280e000-7f21b2a0e000 ---p 00005000 08:01 51388201                   /usr/lib/x86_64-linux-gnu/libxcb-sync.so.1.0.0
7f21b2a0e000-7f21b2a0f000 r--p 00005000 08:01 51388201                   /usr/lib/x86_64-linux-gnu/libxcb-sync.so.1.0.0
7f21b2a0f000-7f21b2a10000 rw-p 00006000 08:01 51388201                   /usr/lib/x86_64-linux-gnu/libxcb-sync.so.1.0.0
7f21b2a10000-7f21b2a12000 r-xp 00000000 08:01 51388199                   /usr/lib/x86_64-linux-gnu/libxcb-present.so.0.0.0
7f21b2a12000-7f21b2c11000 ---p 00002000 08:01 51388199                   /usr/lib/x86_64-linux-gnu/libxcb-present.so.0.0.0
7f21b2c11000-7f21b2c12000 r--p 00001000 08:01 51388199                   /usr/lib/x86_64-linux-gnu/libxcb-present.so.0.0.0
7f21b2c12000-7f21b2c13000 rw-p 00002000 08:01 51388199                   /usr/lib/x86_64-linux-gnu/libxcb-present.so.0.0.0
7f21b2c13000-7f21b2c16000 r-xp 00000000 08:01 51388197                   /usr/lib/x86_64-linux-gnu/libxcb-dri3.so.0.0.0
7f21b2c16000-7f21b2e15000 ---p 00003000 08:01 51388197                   /usr/lib/x86_64-linux-gnu/libxcb-dri3.so.0.0.0
7f21b2e15000-7f21b2e16000 r--p 00002000 08:01 51388197                   /usr/lib/x86_64-linux-gnu/libxcb-dri3.so.0.0.0
7f21b2e16000-7f21b2e17000 rw-p 00003000 08:01 51388197                   /usr/lib/x86_64-linux-gnu/libxcb-dri3.so.0.0.0
7f21b2e17000-7f21b2e46000 r-xp 00000000 08:01 60817412                   /lib/x86_64-linux-gnu/libexpat.so.1.6.7
7f21b2e46000-7f21b3046000 ---p 0002f000 08:01 60817412                   /lib/x86_64-linux-gnu/libexpat.so.1.6.7
7f21b3046000-7f21b3048000 r--p 0002f000 08:01 60817412                   /lib/x86_64-linux-gnu/libexpat.so.1.6.7
7f21b3048000-7f21b3049000 rw-p 00031000 08:01 60817412                   /lib/x86_64-linux-gnu/libexpat.so.1.6.7
7f21b3049000-7f21b30b9000 r-xp 00000000 08:01 51388961                   /usr/lib/x86_64-linux-gnu/libGLX_mesa.so.0.0.0
7f21b30b9000-7f21b32b8000 ---p 00070000 08:01 51388961                   /usr/lib/x86_64-linux-gnu/libGLX_mesa.so.0.0.0
7f21b32b8000-7f21b32bb000 r--p 0006f000 08:01 51388961                   /usr/lib/x86_64-linux-gnu/libGLX_mesa.so.0.0.0
7f21b32bb000-7f21b32bc000 rw-p 00072000 08:01 51388961                   /usr/lib/x86_64-linux-gnu/libGLX_mesa.so.0.0.0
7f21b32bc000-7f21b32bd000 rw-p 00000000 00:00 0 
7f21b32bd000-7f21b332b000 r-xp 00000000 08:01 51388182                   /usr/lib/x86_64-linux-gnu/libGLdispatch.so.0.0.0
7f21b332b000-7f21b352a000 ---p 0006e000 08:01 51388182                   /usr/lib/x86_64-linux-gnu/libGLdispatch.so.0.0.0
7f21b352a000-7f21b3552000 r--p 0006d000 08:01 51388182                   /usr/lib/x86_64-linux-gnu/libGLdispatch.so.0.0.0
7f21b3552000-7f21b3553000 rw-p 00095000 08:01 51388182                   /usr/lib/x86_64-linux-gnu/libGLdispatch.so.0.0.0
7f21b3553000-7f21b3573000 rw-p 00000000 00:00 0 
7f21b3573000-7f21b35e4000 r-xp 00000000 08:01 51388966                   /usr/lib/x86_64-linux-gnu/libGL.so.1.0.0
7f21b35e4000-7f21b37e3000 ---p 00071000 08:01 51388966                   /usr/lib/x86_64-linux-gnu/libGL.so.1.0.0
7f21b37e3000-7f21b37fd000 r--p 00070000 08:01 51388966                   /usr/lib/x86_64-linux-gnu/libGL.so.1.0.0
7f21b37fd000-7f21b37fe000 rw-p 0008a000 08:01 51388966                   /usr/lib/x86_64-linux-gnu/libGL.so.1.0.0
7f21b37fe000-7f21b37ff000 rw-p 00000000 00:00 0 
7f21b37ff000-7f21b77ff000 rw-s 00000000 00:05 1145611                    /memfd:pulseaudio (deleted)
7f21b77ff000-7f21b7800000 ---p 00000000 00:00 0 
7f21b7800000-7f21b8000000 rw-p 00000000 00:00 0 
7f21b8000000-7f21b8021000 rw-p 00000000 00:00 0 
7f21b8021000-7f21bc000000 ---p 00000000 00:00 0 
7f21bc000000-7f21bc021000 rw-p 00000000 00:00 0 
7f21bc021000-7f21c0000000 ---p 00000000 00:00 0 
7f21c0000000-7f21c0021000 rw-p 00000000 00:00 0 
7f21c0021000-7f21c4000000 ---p 00000000 00:00 0 
7f21c4000000-7f21c4021000 rw-p 00000000 00:00 0 
7f21c4021000-7f21c8000000 ---p 00000000 00:00 0 
7f21c8033000-7f21c8043000 r-xp 00000000 08:01 51388964                   /usr/lib/x86_64-linux-gnu/libGLX.so.0.0.0
7f21c8043000-7f21c8242000 ---p 00010000 08:01 51388964                   /usr/lib/x86_64-linux-gnu/libGLX.so.0.0.0
7f21c8242000-7f21c8243000 r--p 0000f000 08:01 51388964                   /usr/lib/x86_64-linux-gnu/libGLX.so.0.0.0
7f21c8243000-7f21c8244000 rw-p 00010000 08:01 51388964                   /usr/lib/x86_64-linux-gnu/libGLX.so.0.0.0
7f21c8244000-7f21c8464000 rw-p 00000000 00:00 0 
7f21c8464000-7f21c8478000 r-xp 00000000 08:01 60817474                   /lib/x86_64-linux-gnu/libgpg-error.so.0.22.0
7f21c8478000-7f21c8677000 ---p 00014000 08:01 60817474                   /lib/x86_64-linux-gnu/libgpg-error.so.0.22.0
7f21c8677000-7f21c8678000 r--p 00013000 08:01 60817474                   /lib/x86_64-linux-gnu/libgpg-error.so.0.22.0
7f21c8678000-7f21c8679000 rw-p 00014000 08:01 60817474                   /lib/x86_64-linux-gnu/libgpg-error.so.0.22.0
7f21c8679000-7f21c8706000 r-xp 00000000 08:01 51389488                   /usr/lib/x86_64-linux-gnu/libvorbisenc.so.2.0.11
7f21c8706000-7f21c8905000 ---p 0008d000 08:01 51389488                   /usr/lib/x86_64-linux-gnu/libvorbisenc.so.2.0.11
7f21c8905000-7f21c8921000 r--p 0008c000 08:01 51389488                   /usr/lib/x86_64-linux-gnu/libvorbisenc.so.2.0.11
7f21c8921000-7f21c8922000 rw-p 000a8000 08:01 51389488                   /usr/lib/x86_64-linux-gnu/libvorbisenc.so.2.0.11
7f21c8922000-7f21c894c000 r-xp 00000000 08:01 51388737                   /usr/lib/x86_64-linux-gnu/libvorbis.so.0.4.8
7f21c894c000-7f21c8b4b000 ---p 0002a000 08:01 51388737                   /usr/lib/x86_64-linux-gnu/libvorbis.so.0.4.8
7f21c8b4b000-7f21c8b4c000 r--p 00029000 08:01 51388737                   /usr/lib/x86_64-linux-gnu/libvorbis.so.0.4.8
7f21c8b4c000-7f21c8b4d000 rw-p 0002a000 08:01 51388737                   /usr/lib/x86_64-linux-gnu/libvorbis.so.0.4.8
7f21c8b4d000-7f21c8b54000 r-xp 00000000 08:01 51388275                   /usr/lib/x86_64-linux-gnu/libogg.so.0.8.2
7f21c8b54000-7f21c8d54000 ---p 00007000 08:01 51388275                   /usr/lib/x86_64-linux-gnu/libogg.so.0.8.2
7f21c8d54000-7f21c8d55000 r--p 00007000 08:01 51388275                   /usr/lib/x86_64-linux-gnu/libogg.so.0.8.2
7f21c8d55000-7f21c8d56000 rw-p 00008000 08:01 51388275                   /usr/lib/x86_64-linux-gnu/libogg.so.0.8.2
7f21c8d56000-7f21c8dcb000 r-xp 00000000 08:01 51389512                   /usr/lib/x86_64-linux-gnu/libFLAC.so.8.3.0
7f21c8dcb000-7f21c8fcb000 ---p 00075000 08:01 51389512                   /usr/lib/x86_64-linux-gnu/libFLAC.so.8.3.0
7f21c8fcb000-7f21c8fcc000 r--p 00075000 08:01 51389512                   /usr/lib/x86_64-linux-gnu/libFLAC.so.8.3.0
7f21c8fcc000-7f21c8fcd000 rw-p 00076000 08:01 51389512                   /usr/lib/x86_64-linux-gnu/libFLAC.so.8.3.0
7f21c8fcd000-7f21c90e1000 r-xp 00000000 08:01 60817527                   /lib/x86_64-linux-gnu/libgcrypt.so.20.2.1
7f21c90e1000-7f21c92e0000 ---p 00114000 08:01 60817527                   /lib/x86_64-linux-gnu/libgcrypt.so.20.2.1
7f21c92e0000-7f21c92e2000 r--p 00113000 08:01 60817527                   /lib/x86_64-linux-gnu/libgcrypt.so.20.2.1
7f21c92e2000-7f21c92e7000 rw-p 00115000 08:01 60817527                   /lib/x86_64-linux-gnu/libgcrypt.so.20.2.1
7f21c92e7000-7f21c92e8000 rw-p 00000000 00:00 0 
7f21c92e8000-7f21c9303000 r-xp 00000000 08:01 51380864                   /usr/lib/x86_64-linux-gnu/liblz4.so.1.7.1
7f21c9303000-7f21c9502000 ---p 0001b000 08:01 51380864                   /usr/lib/x86_64-linux-gnu/liblz4.so.1.7.1
7f21c9502000-7f21c9503000 r--p 0001a000 08:01 51380864                   /usr/lib/x86_64-linux-gnu/liblz4.so.1.7.1
7f21c9503000-7f21c9504000 rw-p 0001b000 08:01 51380864                   /usr/lib/x86_64-linux-gnu/liblz4.so.1.7.1
7f21c9504000-7f21c9528000 r-xp 00000000 08:01 60817476                   /lib/x86_64-linux-gnu/liblzma.so.5.2.2
7f21c9528000-7f21c9728000 ---p 00024000 08:01 60817476                   /lib/x86_64-linux-gnu/liblzma.so.5.2.2
7f21c9728000-7f21c9729000 r--p 00024000 08:01 60817476                   /lib/x86_64-linux-gnu/liblzma.so.5.2.2
7f21c9729000-7f21c972a000 rw-p 00025000 08:01 60817476                   /lib/x86_64-linux-gnu/liblzma.so.5.2.2
7f21c972a000-7f21c972f000 r-xp 00000000 08:01 51390052                   /usr/lib/x86_64-linux-gnu/libasyncns.so.0.3.1
7f21c972f000-7f21c992e000 ---p 00005000 08:01 51390052                   /usr/lib/x86_64-linux-gnu/libasyncns.so.0.3.1
7f21c992e000-7f21c992f000 r--p 00004000 08:01 51390052                   /usr/lib/x86_64-linux-gnu/libasyncns.so.0.3.1
7f21c992f000-7f21c9930000 rw-p 00005000 08:01 51390052                   /usr/lib/x86_64-linux-gnu/libasyncns.so.0.3.1
7f21c9930000-7f21c99a4000 r-xp 00000000 08:01 51390054                   /usr/lib/x86_64-linux-gnu/libsndfile.so.1.0.28
7f21c99a4000-7f21c9ba3000 ---p 00074000 08:01 51390054                   /usr/lib/x86_64-linux-gnu/libsndfile.so.1.0.28
7f21c9ba3000-7f21c9ba6000 r--p 00073000 08:01 51390054                   /usr/lib/x86_64-linux-gnu/libsndfile.so.1.0.28
7f21c9ba6000-7f21c9ba7000 rw-p 00076000 08:01 51390054                   /usr/lib/x86_64-linux-gnu/libsndfile.so.1.0.28
7f21c9ba7000-7f21c9ba9000 rw-p 00000000 00:00 0 
7f21c9ba9000-7f21c9bb1000 r-xp 00000000 08:01 60817824                   /lib/x86_64-linux-gnu/libwrap.so.0.7.6
7f21c9bb1000-7f21c9db1000 ---p 00008000 08:01 60817824                   /lib/x86_64-linux-gnu/libwrap.so.0.7.6
7f21c9db1000-7f21c9db2000 r--p 00008000 08:01 60817824                   /lib/x86_64-linux-gnu/libwrap.so.0.7.6
7f21c9db2000-7f21c9db3000 rw-p 00009000 08:01 60817824                   /lib/x86_64-linux-gnu/libwrap.so.0.7.6
7f21c9db3000-7f21c9e33000 r-xp 00000000 08:01 60817540                   /lib/x86_64-linux-gnu/libsystemd.so.0.21.0
7f21c9e33000-7f21ca032000 ---p 00080000 08:01 60817540                   /lib/x86_64-linux-gnu/libsystemd.so.0.21.0
7f21ca032000-7f21ca035000 r--p 0007f000 08:01 60817540                   /lib/x86_64-linux-gnu/libsystemd.so.0.21.0
7f21ca035000-7f21ca036000 rw-p 00082000 08:01 60817540                   /lib/x86_64-linux-gnu/libsystemd.so.0.21.0
7f21ca036000-7f21ca037000 rw-p 00000000 00:00 0 
7f21ca037000-7f21ca082000 r-xp 00000000 08:01 60817974                   /lib/x86_64-linux-gnu/libdbus-1.so.3.19.4
7f21ca082000-7f21ca282000 ---p 0004b000 08:01 60817974                   /lib/x86_64-linux-gnu/libdbus-1.so.3.19.4
7f21ca282000-7f21ca283000 r--p 0004b000 08:01 60817974                   /lib/x86_64-linux-gnu/libdbus-1.so.3.19.4
7f21ca283000-7f21ca284000 rw-p 0004c000 08:01 60817974                   /lib/x86_64-linux-gnu/libdbus-1.so.3.19.4
7f21ca284000-7f21ca300000 r-xp 00000000 08:01 54003498                   /usr/lib/x86_64-linux-gnu/pulseaudio/libpulsecommon-11.1.so
7f21ca300000-7f21ca4ff000 ---p 0007c000 08:01 54003498                   /usr/lib/x86_64-linux-gnu/pulseaudio/libpulsecommon-11.1.so
7f21ca4ff000-7f21ca501000 r--p 0007b000 08:01 54003498                   /usr/lib/x86_64-linux-gnu/pulseaudio/libpulsecommon-11.1.so
7f21ca501000-7f21ca502000 rw-p 0007d000 08:01 54003498                   /usr/lib/x86_64-linux-gnu/pulseaudio/libpulsecommon-11.1.so
7f21ca502000-7f21ca550000 r-xp 00000000 08:01 51390057                   /usr/lib/x86_64-linux-gnu/libpulse.so.0.20.2
7f21ca550000-7f21ca74f000 ---p 0004e000 08:01 51390057                   /usr/lib/x86_64-linux-gnu/libpulse.so.0.20.2
7f21ca74f000-7f21ca751000 r--p 0004d000 08:01 51390057                   /usr/lib/x86_64-linux-gnu/libpulse.so.0.20.2
7f21ca751000-7f21ca752000 rw-p 0004f000 08:01 51390057                   /usr/lib/x86_64-linux-gnu/libpulse.so.0.20.2
7f21ca818000-7f21ca81c000 ---p 00000000 00:00 0 
7f21ca81c000-7f21ca919000 rw-p 00000000 00:00 0 
7f21ca919000-7f21ca91a000 ---p 00000000 00:00 0 
7f21ca91a000-7f21caa1a000 rw-p 00000000 00:00 0 
7f21caa1a000-7f21caa6f000 r-xp 00000000 08:01 23330915                   /tmp/libgdxmatthew/31ce78a2/libopenal64.so
7f21caa6f000-7f21cac6e000 ---p 00055000 08:01 23330915                   /tmp/libgdxmatthew/31ce78a2/libopenal64.so
7f21cac6e000-7f21cac71000 r--p 00054000 08:01 23330915                   /tmp/libgdxmatthew/31ce78a2/libopenal64.so
7f21cac71000-7f21cac72000 rw-p 00057000 08:01 23330915                   /tmp/libgdxmatthew/31ce78a2/libopenal64.so
7f21cac72000-7f21cac73000 rw-p 00000000 00:00 0 
7f21cac73000-7f21cac78000 r-xp 00000000 08:01 51388384                   /usr/lib/x86_64-linux-gnu/libXxf86vm.so.1.0.0
7f21cac78000-7f21cae77000 ---p 00005000 08:01 51388384                   /usr/lib/x86_64-linux-gnu/libXxf86vm.so.1.0.0
7f21cae77000-7f21cae78000 r--p 00004000 08:01 51388384                   /usr/lib/x86_64-linux-gnu/libXxf86vm.so.1.0.0
7f21cae78000-7f21cae79000 rw-p 00005000 08:01 51388384                   /usr/lib/x86_64-linux-gnu/libXxf86vm.so.1.0.0
7f21cae79000-7f21caee9000 r-xp 00000000 08:01 23330914                   /tmp/libgdxmatthew/31ce78a2/liblwjgl64.so
7f21caee9000-7f21cb0e9000 ---p 00070000 08:01 23330914                   /tmp/libgdxmatthew/31ce78a2/liblwjgl64.so
7f21cb0e9000-7f21cb0eb000 r--p 00070000 08:01 23330914                   /tmp/libgdxmatthew/31ce78a2/liblwjgl64.so
7f21cb0eb000-7f21cb0ec000 rw-p 00072000 08:01 23330914                   /tmp/libgdxmatthew/31ce78a2/liblwjgl64.so
7f21cb0ec000-7f21cb0ed000 r-xp 00000000 08:01 54788646                   /usr/lib/jvm/java-11-openjdk-amd64/lib/libjawt.so
7f21cb0ed000-7f21cb2ec000 ---p 00001000 08:01 54788646                   /usr/lib/jvm/java-11-openjdk-amd64/lib/libjawt.so
7f21cb2ec000-7f21cb2ed000 r--p 00000000 08:01 54788646                   /usr/lib/jvm/java-11-openjdk-amd64/lib/libjawt.so
7f21cb2ed000-7f21cb2ee000 rw-p 00001000 08:01 54788646                   /usr/lib/jvm/java-11-openjdk-amd64/lib/libjawt.so
7f21cb2ee000-7f21cb2f2000 ---p 00000000 00:00 0 
7f21cb2f2000-7f21cb3ef000 rw-p 00000000 00:00 0 
7f21cb3ef000-7f21cb3f4000 r-xp 00000000 08:01 51388216                   /usr/lib/x86_64-linux-gnu/libXfixes.so.3.1.0
7f21cb3f4000-7f21cb5f3000 ---p 00005000 08:01 51388216                   /usr/lib/x86_64-linux-gnu/libXfixes.so.3.1.0
7f21cb5f3000-7f21cb5f4000 r--p 00004000 08:01 51388216                   /usr/lib/x86_64-linux-gnu/libXfixes.so.3.1.0
7f21cb5f4000-7f21cb5f5000 rw-p 00005000 08:01 51388216                   /usr/lib/x86_64-linux-gnu/libXfixes.so.3.1.0
7f21cb5f5000-7f21cb5fe000 r-xp 00000000 08:01 51388218                   /usr/lib/x86_64-linux-gnu/libXcursor.so.1.0.2
7f21cb5fe000-7f21cb7fd000 ---p 00009000 08:01 51388218                   /usr/lib/x86_64-linux-gnu/libXcursor.so.1.0.2
7f21cb7fd000-7f21cb7fe000 r--p 00008000 08:01 51388218                   /usr/lib/x86_64-linux-gnu/libXcursor.so.1.0.2
7f21cb7fe000-7f21cb7ff000 rw-p 00009000 08:01 51388218                   /usr/lib/x86_64-linux-gnu/libXcursor.so.1.0.2
7f21cb7ff000-7f21cb800000 ---p 00000000 00:00 0 
7f21cb800000-7f21cc000000 rw-p 00000000 00:00 0 
7f21cc000000-7f21cc021000 rw-p 00000000 00:00 0 
7f21cc021000-7f21d0000000 ---p 00000000 00:00 0 
7f21d0000000-7f21d0021000 rw-p 00000000 00:00 0 
7f21d0021000-7f21d4000000 ---p 00000000 00:00 0 
7f21d4046000-7f21d404a000 rw-s 00000000 00:19 280                        /i915 (deleted)
7f21d404a000-7f21d405e000 rw-s 00000000 00:19 498                        /i915 (deleted)
7f21d405e000-7f21d4060000 rw-s 00000000 00:19 495                        /i915 (deleted)
7f21d4060000-7f21d4062000 rw-s 00000000 00:19 489                        /i915 (deleted)
7f21d4062000-7f21d4064000 rw-s 00000000 00:19 449                        /i915 (deleted)
7f21d4064000-7f21d4066000 rw-s 00000000 00:19 448                        /i915 (deleted)
7f21d4066000-7f21d4068000 rw-s 00000000 00:19 446                        /i915 (deleted)
7f21d4068000-7f21d406a000 rw-s 00000000 00:19 439                        /i915 (deleted)
7f21d406a000-7f21d406c000 rw-s 00000000 00:19 382                        /i915 (deleted)
7f21d406c000-7f21d406e000 rw-s 00000000 00:19 372                        /i915 (deleted)
7f21d406e000-7f21d4070000 rw-s 00000000 00:19 369                        /i915 (deleted)
7f21d4070000-7f21d4072000 rw-s 00000000 00:19 355                        /i915 (deleted)
7f21d4072000-7f21d4082000 rw-s 00000000 00:19 334                        /i915 (deleted)
7f21d4082000-7f21d4092000 rw-s 00000000 00:19 309                        /i915 (deleted)
7f21d4092000-7f21d40a2000 rw-s 00000000 00:19 294                        /i915 (deleted)
7f21d40a2000-7f21d40b2000 rw-s 00000000 00:19 289                        /i915 (deleted)
7f21d40b2000-7f21d40b6000 ---p 00000000 00:00 0 
7f21d40b6000-7f21d41b3000 rw-p 00000000 00:00 0 
7f21d41b3000-7f21d41b4000 ---p 00000000 00:00 0 
7f21d41b4000-7f21d49b4000 rw-p 00000000 00:00 0 
7f21d49b4000-7f21d49b5000 ---p 00000000 00:00 0 
7f21d49b5000-7f21d51b5000 rw-p 00000000 00:00 0 
7f21d51b5000-7f21d51c1000 r-xp 00000000 08:01 51513937                   /usr/lib/x86_64-linux-gnu/gio/modules/libdconfsettings.so
7f21d51c1000-7f21d53c0000 ---p 0000c000 08:01 51513937                   /usr/lib/x86_64-linux-gnu/gio/modules/libdconfsettings.so
7f21d53c0000-7f21d53c1000 r--p 0000b000 08:01 51513937                   /usr/lib/x86_64-linux-gnu/gio/modules/libdconfsettings.so
7f21d53c1000-7f21d53c2000 rw-p 0000c000 08:01 51513937                   /usr/lib/x86_64-linux-gnu/gio/modules/libdconfsettings.so
7f21d53c2000-7f21d53c8000 r-xp 00000000 08:01 60822405                   /lib/x86_64-linux-gnu/libuuid.so.1.3.0
7f21d53c8000-7f21d55c7000 ---p 00006000 08:01 60822405                   /lib/x86_64-linux-gnu/libuuid.so.1.3.0
7f21d55c7000-7f21d55c8000 r--p 00005000 08:01 60822405                   /lib/x86_64-linux-gnu/libuuid.so.1.3.0
7f21d55c8000-7f21d55c9000 rw-p 00006000 08:01 60822405                   /lib/x86_64-linux-gnu/libuuid.so.1.3.0
7f21d55c9000-7f21d5610000 r-xp 00000000 08:01 60817427                   /lib/x86_64-linux-gnu/libblkid.so.1.1.0
7f21d5610000-7f21d5810000 ---p 00047000 08:01 60817427                   /lib/x86_64-linux-gnu/libblkid.so.1.1.0
7f21d5810000-7f21d5814000 r--p 00047000 08:01 60817427                   /lib/x86_64-linux-gnu/libblkid.so.1.1.0
7f21d5814000-7f21d5815000 rw-p 0004b000 08:01 60817427                   /lib/x86_64-linux-gnu/libblkid.so.1.1.0
7f21d5815000-7f21d5816000 rw-p 00000000 00:00 0 
7f21d5816000-7f21d5886000 r-xp 00000000 08:01 60817499                   /lib/x86_64-linux-gnu/libpcre.so.3.13.3
7f21d5886000-7f21d5a86000 ---p 00070000 08:01 60817499                   /lib/x86_64-linux-gnu/libpcre.so.3.13.3
7f21d5a86000-7f21d5a87000 r--p 00070000 08:01 60817499                   /lib/x86_64-linux-gnu/libpcre.so.3.13.3
7f21d5a87000-7f21d5a88000 rw-p 00071000 08:01 60817499                   /lib/x86_64-linux-gnu/libpcre.so.3.13.3
7f21d5a88000-7f21d5a8f000 r-xp 00000000 08:01 51385009                   /usr/lib/x86_64-linux-gnu/libffi.so.6.0.4
7f21d5a8f000-7f21d5c8e000 ---p 00007000 08:01 51385009                   /usr/lib/x86_64-linux-gnu/libffi.so.6.0.4
7f21d5c8e000-7f21d5c8f000 r--p 00006000 08:01 51385009                   /usr/lib/x86_64-linux-gnu/libffi.so.6.0.4
7f21d5c8f000-7f21d5c90000 rw-p 00007000 08:01 51385009                   /usr/lib/x86_64-linux-gnu/libffi.so.6.0.4
7f21d5c90000-7f21d5ce1000 r-xp 00000000 08:01 60817419                   /lib/x86_64-linux-gnu/libmount.so.1.1.0
7f21d5ce1000-7f21d5ee0000 ---p 00051000 08:01 60817419                   /lib/x86_64-linux-gnu/libmount.so.1.1.0
7f21d5ee0000-7f21d5ee2000 r--p 00050000 08:01 60817419                   /lib/x86_64-linux-gnu/libmount.so.1.1.0
7f21d5ee2000-7f21d5ee3000 rw-p 00052000 08:01 60817419                   /lib/x86_64-linux-gnu/libmount.so.1.1.0
7f21d5ee3000-7f21d5ee4000 rw-p 00000000 00:00 0 
7f21d5ee4000-7f21d5efb000 r-xp 00000000 08:01 60817448                   /lib/x86_64-linux-gnu/libresolv-2.27.so
7f21d5efb000-7f21d60fb000 ---p 00017000 08:01 60817448                   /lib/x86_64-linux-gnu/libresolv-2.27.so
7f21d60fb000-7f21d60fc000 r--p 00017000 08:01 60817448                   /lib/x86_64-linux-gnu/libresolv-2.27.so
7f21d60fc000-7f21d60fd000 rw-p 00018000 08:01 60817448                   /lib/x86_64-linux-gnu/libresolv-2.27.so
7f21d60fd000-7f21d60ff000 rw-p 00000000 00:00 0 
7f21d60ff000-7f21d6124000 r-xp 00000000 08:01 60817505                   /lib/x86_64-linux-gnu/libselinux.so.1
7f21d6124000-7f21d6323000 ---p 00025000 08:01 60817505                   /lib/x86_64-linux-gnu/libselinux.so.1
7f21d6323000-7f21d6324000 r--p 00024000 08:01 60817505                   /lib/x86_64-linux-gnu/libselinux.so.1
7f21d6324000-7f21d6325000 rw-p 00025000 08:01 60817505                   /lib/x86_64-linux-gnu/libselinux.so.1
7f21d6325000-7f21d6327000 rw-p 00000000 00:00 0 
7f21d6327000-7f21d643a000 r-xp 00000000 08:01 51386555                   /usr/lib/x86_64-linux-gnu/libglib-2.0.so.0.5600.3
7f21d643a000-7f21d663a000 ---p 00113000 08:01 51386555                   /usr/lib/x86_64-linux-gnu/libglib-2.0.so.0.5600.3
7f21d663a000-7f21d663b000 r--p 00113000 08:01 51386555                   /usr/lib/x86_64-linux-gnu/libglib-2.0.so.0.5600.3
7f21d663b000-7f21d663c000 rw-p 00114000 08:01 51386555                   /usr/lib/x86_64-linux-gnu/libglib-2.0.so.0.5600.3
7f21d663c000-7f21d663d000 rw-p 00000000 00:00 0 
7f21d663d000-7f21d6640000 r-xp 00000000 08:01 51386556                   /usr/lib/x86_64-linux-gnu/libgmodule-2.0.so.0.5600.3
7f21d6640000-7f21d683f000 ---p 00003000 08:01 51386556                   /usr/lib/x86_64-linux-gnu/libgmodule-2.0.so.0.5600.3
7f21d683f000-7f21d6840000 r--p 00002000 08:01 51386556                   /usr/lib/x86_64-linux-gnu/libgmodule-2.0.so.0.5600.3
7f21d6840000-7f21d6841000 rw-p 00003000 08:01 51386556                   /usr/lib/x86_64-linux-gnu/libgmodule-2.0.so.0.5600.3
7f21d6841000-7f21d6893000 r-xp 00000000 08:01 51386557                   /usr/lib/x86_64-linux-gnu/libgobject-2.0.so.0.5600.3
7f21d6893000-7f21d6a93000 ---p 00052000 08:01 51386557                   /usr/lib/x86_64-linux-gnu/libgobject-2.0.so.0.5600.3
7f21d6a93000-7f21d6a94000 r--p 00052000 08:01 51386557                   /usr/lib/x86_64-linux-gnu/libgobject-2.0.so.0.5600.3
7f21d6a94000-7f21d6a95000 rw-p 00053000 08:01 51386557                   /usr/lib/x86_64-linux-gnu/libgobject-2.0.so.0.5600.3
7f21d6a95000-7f21d6c2a000 r-xp 00000000 08:01 51386553                   /usr/lib/x86_64-linux-gnu/libgio-2.0.so.0.5600.3
7f21d6c2a000-7f21d6e2a000 ---p 00195000 08:01 51386553                   /usr/lib/x86_64-linux-gnu/libgio-2.0.so.0.5600.3
7f21d6e2a000-7f21d6e31000 r--p 00195000 08:01 51386553                   /usr/lib/x86_64-linux-gnu/libgio-2.0.so.0.5600.3
7f21d6e31000-7f21d6e32000 rw-p 0019c000 08:01 51386553                   /usr/lib/x86_64-linux-gnu/libgio-2.0.so.0.5600.3
7f21d6e32000-7f21d6e34000 rw-p 00000000 00:00 0 
7f21d6e34000-7f21d6e3e000 r-xp 00000000 08:01 51388228                   /usr/lib/x86_64-linux-gnu/libXrandr.so.2.2.0
7f21d6e3e000-7f21d703d000 ---p 0000a000 08:01 51388228                   /usr/lib/x86_64-linux-gnu/libXrandr.so.2.2.0
7f21d703d000-7f21d703e000 r--p 00009000 08:01 51388228                   /usr/lib/x86_64-linux-gnu/libXrandr.so.2.2.0
7f21d703e000-7f21d703f000 rw-p 0000a000 08:01 51388228                   /usr/lib/x86_64-linux-gnu/libXrandr.so.2.2.0
7f21d703f000-7f21d7070000 r-xp 00000000 08:01 51387552                   /usr/lib/x86_64-linux-gnu/libpng16.so.16.34.0
7f21d7070000-7f21d726f000 ---p 00031000 08:01 51387552                   /usr/lib/x86_64-linux-gnu/libpng16.so.16.34.0
7f21d726f000-7f21d7270000 r--p 00030000 08:01 51387552                   /usr/lib/x86_64-linux-gnu/libpng16.so.16.34.0
7f21d7270000-7f21d7271000 rw-p 00031000 08:01 51387552                   /usr/lib/x86_64-linux-gnu/libpng16.so.16.34.0
7f21d7271000-7f21d731e000 r-xp 00000000 08:01 51381944                   /usr/lib/x86_64-linux-gnu/libfreetype.so.6.15.0
7f21d731e000-7f21d751d000 ---p 000ad000 08:01 51381944                   /usr/lib/x86_64-linux-gnu/libfreetype.so.6.15.0
7f21d751d000-7f21d7524000 r--p 000ac000 08:01 51381944                   /usr/lib/x86_64-linux-gnu/libfreetype.so.6.15.0
7f21d7524000-7f21d7525000 rw-p 000b3000 08:01 51381944                   /usr/lib/x86_64-linux-gnu/libfreetype.so.6.15.0
7f21d7525000-7f21d75ba000 r-xp 00000000 08:01 54788638                   /usr/lib/jvm/java-11-openjdk-amd64/lib/libfontmanager.so
7f21d75ba000-7f21d77ba000 ---p 00095000 08:01 54788638                   /usr/lib/jvm/java-11-openjdk-amd64/lib/libfontmanager.so
7f21d77ba000-7f21d77bb000 r--p 00095000 08:01 54788638                   /usr/lib/jvm/java-11-openjdk-amd64/lib/libfontmanager.so
7f21d77bb000-7f21d77bc000 rw-p 00096000 08:01 54788638                   /usr/lib/jvm/java-11-openjdk-amd64/lib/libfontmanager.so
7f21d77bc000-7f21d79bd000 rw-p 00000000 00:00 0 
7f21d79bd000-7f21d79d0000 r-xp 00000000 08:01 60817972                   /lib/x86_64-linux-gnu/libbsd.so.0.8.7
7f21d79d0000-7f21d7bcf000 ---p 00013000 08:01 60817972                   /lib/x86_64-linux-gnu/libbsd.so.0.8.7
7f21d7bcf000-7f21d7bd0000 r--p 00012000 08:01 60817972                   /lib/x86_64-linux-gnu/libbsd.so.0.8.7
7f21d7bd0000-7f21d7bd1000 rw-p 00013000 08:01 60817972                   /lib/x86_64-linux-gnu/libbsd.so.0.8.7
7f21d7bd1000-7f21d7bd2000 rw-p 00000000 00:00 0 
7f21d7bd2000-7f21d7bd7000 r-xp 00000000 08:01 51385736                   /usr/lib/x86_64-linux-gnu/libXdmcp.so.6.0.0
7f21d7bd7000-7f21d7dd6000 ---p 00005000 08:01 51385736                   /usr/lib/x86_64-linux-gnu/libXdmcp.so.6.0.0
7f21d7dd6000-7f21d7dd7000 r--p 00004000 08:01 51385736                   /usr/lib/x86_64-linux-gnu/libXdmcp.so.6.0.0
7f21d7dd7000-7f21d7dd8000 rw-p 00005000 08:01 51385736                   /usr/lib/x86_64-linux-gnu/libXdmcp.so.6.0.0
7f21d7dd8000-7f21d7dfe000 r-xp 00000000 08:01 51385738                   /usr/lib/x86_64-linux-gnu/libxcb.so.1.1.0
7f21d7dfe000-7f21d7ffe000 ---p 00026000 08:01 51385738                   /usr/lib/x86_64-linux-gnu/libxcb.so.1.1.0
7f21d7ffe000-7f21d7fff000 r--p 00026000 08:01 51385738                   /usr/lib/x86_64-linux-gnu/libxcb.so.1.1.0
7f21d7fff000-7f21d8000000 rw-p 00027000 08:01 51385738                   /usr/lib/x86_64-linux-gnu/libxcb.so.1.1.0
7f21d8000000-7f21d8021000 rw-p 00000000 00:00 0 
7f21d8021000-7f21dc000000 ---p 00000000 00:00 0 
7f21dc000000-7f21dc021000 rw-p 00000000 00:00 0 
7f21dc021000-7f21e0000000 ---p 00000000 00:00 0 
7f21e0000000-7f21e05be000 rw-p 00000000 00:00 0 
7f21e05be000-7f21e4000000 ---p 00000000 00:00 0 
7f21e4000000-7f21e4021000 rw-p 00000000 00:00 0 
7f21e4021000-7f21e8000000 ---p 00000000 00:00 0 
7f21e8000000-7f21e842e000 rw-p 00000000 00:00 0 
7f21e842e000-7f21ec000000 ---p 00000000 00:00 0 
7f21ec000000-7f21ec934000 rw-p 00000000 00:00 0 
7f21ec934000-7f21f0000000 ---p 00000000 00:00 0 
7f21f0000000-7f21f0021000 rw-p 00000000 00:00 0 
7f21f0021000-7f21f4000000 ---p 00000000 00:00 0 
7f21f4000000-7f21f4021000 rw-p 00000000 00:00 0 
7f21f4021000-7f21f8000000 ---p 00000000 00:00 0 
7f21f8000000-7f21f8021000 rw-p 00000000 00:00 0 
7f21f8021000-7f21fc000000 ---p 00000000 00:00 0 
7f21fc000000-7f21fc021000 rw-p 00000000 00:00 0 
7f21fc021000-7f2200000000 ---p 00000000 00:00 0 
7f2200000000-7f2200021000 rw-p 00000000 00:00 0 
7f2200021000-7f2204000000 ---p 00000000 00:00 0 
7f2204000000-7f2204021000 rw-p 00000000 00:00 0 
7f2204021000-7f2208000000 ---p 00000000 00:00 0 
7f2208000000-7f2208021000 rw-p 00000000 00:00 0 
7f2208021000-7f220c000000 ---p 00000000 00:00 0 
7f220c000000-7f220c021000 rw-p 00000000 00:00 0 
7f220c021000-7f2210000000 ---p 00000000 00:00 0 
7f2210000000-7f2210021000 rw-p 00000000 00:00 0 
7f2210021000-7f2214000000 ---p 00000000 00:00 0 
7f2214000000-7f2214021000 rw-p 00000000 00:00 0 
7f2214021000-7f2218000000 ---p 00000000 00:00 0 
7f2218000000-7f2218005000 rw-s 00000000 00:19 326                        /i915 (deleted)
7f2218005000-7f2218015000 rw-s 00000000 00:19 287                        /i915 (deleted)
7f2218015000-7f2218017000 rw-s 00000000 00:19 286                        /i915 (deleted)
7f2218017000-7f2218019000 r-xp 00000000 08:01 51385734                   /usr/lib/x86_64-linux-gnu/libXau.so.6.0.0
7f2218019000-7f2218219000 ---p 00002000 08:01 51385734                   /usr/lib/x86_64-linux-gnu/libXau.so.6.0.0
7f2218219000-7f221821a000 r--p 00002000 08:01 51385734                   /usr/lib/x86_64-linux-gnu/libXau.so.6.0.0
7f221821a000-7f221821b000 rw-p 00003000 08:01 51385734                   /usr/lib/x86_64-linux-gnu/libXau.so.6.0.0
7f221821b000-7f221822a000 r-xp 00000000 08:01 51388222                   /usr/lib/x86_64-linux-gnu/libXi.so.6.1.0
7f221822a000-7f2218429000 ---p 0000f000 08:01 51388222                   /usr/lib/x86_64-linux-gnu/libXi.so.6.1.0
7f2218429000-7f221842a000 r--p 0000e000 08:01 51388222                   /usr/lib/x86_64-linux-gnu/libXi.so.6.1.0
7f221842a000-7f221842b000 rw-p 0000f000 08:01 51388222                   /usr/lib/x86_64-linux-gnu/libXi.so.6.1.0
7f221842b000-7f2218430000 r-xp 00000000 08:01 51389028                   /usr/lib/x86_64-linux-gnu/libXtst.so.6.1.0
7f2218430000-7f221862f000 ---p 00005000 08:01 51389028                   /usr/lib/x86_64-linux-gnu/libXtst.so.6.1.0
7f221862f000-7f2218630000 r--p 00004000 08:01 51389028                   /usr/lib/x86_64-linux-gnu/libXtst.so.6.1.0
7f2218630000-7f2218631000 rw-p 00005000 08:01 51389028                   /usr/lib/x86_64-linux-gnu/libXtst.so.6.1.0
7f2218631000-7f221863a000 r-xp 00000000 08:01 51388142                   /usr/lib/x86_64-linux-gnu/libXrender.so.1.3.0
7f221863a000-7f2218839000 ---p 00009000 08:01 51388142                   /usr/lib/x86_64-linux-gnu/libXrender.so.1.3.0
7f2218839000-7f221883a000 r--p 00008000 08:01 51388142                   /usr/lib/x86_64-linux-gnu/libXrender.so.1.3.0
7f221883a000-7f221883b000 rw-p 00009000 08:01 51388142                   /usr/lib/x86_64-linux-gnu/libXrender.so.1.3.0
7f221883b000-7f221896e000 r-xp 00000000 08:01 51386460                   /usr/lib/x86_64-linux-gnu/libX11.so.6.3.0
7f221896e000-7f2218b6e000 ---p 00133000 08:01 51386460                   /usr/lib/x86_64-linux-gnu/libX11.so.6.3.0
7f2218b6e000-7f2218b6f000 r--p 00133000 08:01 51386460                   /usr/lib/x86_64-linux-gnu/libX11.so.6.3.0
7f2218b6f000-7f2218b73000 rw-p 00134000 08:01 51386460                   /usr/lib/x86_64-linux-gnu/libX11.so.6.3.0
7f2218b73000-7f2218b84000 r-xp 00000000 08:01 51386463                   /usr/lib/x86_64-linux-gnu/libXext.so.6.4.0
7f2218b84000-7f2218d83000 ---p 00011000 08:01 51386463                   /usr/lib/x86_64-linux-gnu/libXext.so.6.4.0
7f2218d83000-7f2218d84000 r--p 00010000 08:01 51386463                   /usr/lib/x86_64-linux-gnu/libXext.so.6.4.0
7f2218d84000-7f2218d85000 rw-p 00011000 08:01 51386463                   /usr/lib/x86_64-linux-gnu/libXext.so.6.4.0
7f2218d85000-7f2218de4000 r-xp 00000000 08:01 54788635                   /usr/lib/jvm/java-11-openjdk-amd64/lib/libawt_xawt.so
7f2218de4000-7f2218fe3000 ---p 0005f000 08:01 54788635                   /usr/lib/jvm/java-11-openjdk-amd64/lib/libawt_xawt.so
7f2218fe3000-7f2218fe4000 r--p 0005e000 08:01 54788635                   /usr/lib/jvm/java-11-openjdk-amd64/lib/libawt_xawt.so
7f2218fe4000-7f2218fe7000 rw-p 0005f000 08:01 54788635                   /usr/lib/jvm/java-11-openjdk-amd64/lib/libawt_xawt.so
7f2218fe7000-7f2218fe9000 rw-p 00000000 00:00 0 
7f2218fe9000-7f2219089000 r-xp 00000000 08:01 54788633                   /usr/lib/jvm/java-11-openjdk-amd64/lib/libawt.so
7f2219089000-7f2219289000 ---p 000a0000 08:01 54788633                   /usr/lib/jvm/java-11-openjdk-amd64/lib/libawt.so
7f2219289000-7f221928a000 r--p 000a0000 08:01 54788633                   /usr/lib/jvm/java-11-openjdk-amd64/lib/libawt.so
7f221928a000-7f2219295000 rw-p 000a1000 08:01 54788633                   /usr/lib/jvm/java-11-openjdk-amd64/lib/libawt.so
7f2219295000-7f22192ba000 rw-p 00000000 00:00 0 
7f22192ba000-7f22192f2000 r-xp 00000000 08:01 23330874                   /tmp/libgdxmatthew/b793cc16/libgdx64.so
7f22192f2000-7f22194f1000 ---p 00038000 08:01 23330874                   /tmp/libgdxmatthew/b793cc16/libgdx64.so
7f22194f1000-7f22194f2000 r--p 00037000 08:01 23330874                   /tmp/libgdxmatthew/b793cc16/libgdx64.so
7f22194f2000-7f22194f3000 rw-p 00038000 08:01 23330874                   /tmp/libgdxmatthew/b793cc16/libgdx64.so
7f22194f3000-7f221950a000 r-xp 00000000 08:01 54788656                   /usr/lib/jvm/java-11-openjdk-amd64/lib/libnet.so
7f221950a000-7f2219709000 ---p 00017000 08:01 54788656                   /usr/lib/jvm/java-11-openjdk-amd64/lib/libnet.so
7f2219709000-7f221970a000 r--p 00016000 08:01 54788656                   /usr/lib/jvm/java-11-openjdk-amd64/lib/libnet.so
7f221970a000-7f221970b000 rw-p 00017000 08:01 54788656                   /usr/lib/jvm/java-11-openjdk-amd64/lib/libnet.so
7f221970b000-7f221971c000 r-xp 00000000 08:01 54788657                   /usr/lib/jvm/java-11-openjdk-amd64/lib/libnio.so
7f221971c000-7f221991b000 ---p 00011000 08:01 54788657                   /usr/lib/jvm/java-11-openjdk-amd64/lib/libnio.so
7f221991b000-7f221991c000 r--p 00010000 08:01 54788657                   /usr/lib/jvm/java-11-openjdk-amd64/lib/libnio.so
7f221991c000-7f221991d000 rw-p 00011000 08:01 54788657                   /usr/lib/jvm/java-11-openjdk-amd64/lib/libnio.so
7f221991d000-7f2219921000 ---p 00000000 00:00 0 
7f2219921000-7f2219a1e000 rw-p 00000000 00:00 0 
7f2219a1e000-7f2219a1f000 ---p 00000000 00:00 0 
7f2219a1f000-7f2219b20000 rw-p 00000000 00:00 0 
7f2219b20000-7f2219b24000 ---p 00000000 00:00 0 
7f2219b24000-7f2219c21000 rw-p 00000000 00:00 0 
7f2219c21000-7f2219c25000 ---p 00000000 00:00 0 
7f2219c25000-7f2219d22000 rw-p 00000000 00:00 0 
7f2219d22000-7f221a000000 r--p 00000000 08:01 51380246                   /usr/lib/locale/locale-archive
7f221a000000-7f221c000000 rw-p 00000000 00:00 0 
7f221c000000-7f221c021000 rw-p 00000000 00:00 0 
7f221c021000-7f2220000000 ---p 00000000 00:00 0 
7f2220000000-7f2220021000 rw-p 00000000 00:00 0 
7f2220021000-7f2224000000 ---p 00000000 00:00 0 
7f2224000000-7f2224002000 rw-s 00000000 00:19 285                        /i915 (deleted)
7f2224002000-7f222401e000 rw-s 100679000 00:06 386                       /dev/dri/card0
7f222401e000-7f222402e000 rw-s 00000000 00:19 854                        /i915 (deleted)
7f222402e000-7f222403e000 rw-s 00000000 00:19 852                        /i915 (deleted)
7f222403e000-7f222405e000 rw-s 00000000 08:01 50861822                   /home/matthew/#50861822 (deleted)
7f222405e000-7f2224062000 ---p 00000000 00:00 0 
7f2224062000-7f222415f000 rw-p 00000000 00:00 0 
7f222415f000-7f2224163000 ---p 00000000 00:00 0 
7f2224163000-7f2224450000 rw-p 00000000 00:00 0 
7f2224450000-7f2226130000 ---p 00000000 00:00 0 
7f2226130000-7f2226320000 rw-p 00000000 00:00 0 
7f2226320000-7f2228000000 ---p 00000000 00:00 0 
7f2228000000-7f2228021000 rw-p 00000000 00:00 0 
7f2228021000-7f222c000000 ---p 00000000 00:00 0 
7f222c000000-7f222c021000 rw-p 00000000 00:00 0 
7f222c021000-7f2230000000 ---p 00000000 00:00 0 
7f2230000000-7f2230021000 rw-p 00000000 00:00 0 
7f2230021000-7f2234000000 ---p 00000000 00:00 0 
7f2234001000-7f2234003000 rw-s 00000000 00:19 266                        /i915 (deleted)
7f2234003000-7f2234005000 rw-s 00000000 00:19 238                        /i915 (deleted)
7f2234005000-7f2234007000 rw-s 00000000 00:19 225                        /i915 (deleted)
7f2234007000-7f2234009000 rw-s 00000000 00:19 195                        /i915 (deleted)
7f2234009000-7f223400b000 rw-s 00000000 00:19 468                        /i915 (deleted)
7f223400b000-7f223400d000 rw-s 00000000 00:19 373                        /i915 (deleted)
7f223400d000-7f223402d000 r-xs 00000000 08:01 50861822                   /home/matthew/#50861822 (deleted)
7f223402d000-7f2234031000 ---p 00000000 00:00 0 
7f2234031000-7f223404f000 rw-p 00000000 00:00 0 
7f223404f000-7f223407c000 r--p 00000000 08:01 51514325                   /usr/share/glib-2.0/schemas/gschemas.compiled
7f223407c000-7f2234080000 ---p 00000000 00:00 0 
7f2234080000-7f223417d000 rw-p 00000000 00:00 0 
7f223417d000-7f2234181000 ---p 00000000 00:00 0 
7f2234181000-7f223427e000 rw-p 00000000 00:00 0 
7f223427e000-7f2234282000 ---p 00000000 00:00 0 
7f2234282000-7f223437f000 rw-p 00000000 00:00 0 
7f223437f000-7f2234383000 ---p 00000000 00:00 0 
7f2234383000-7f2234480000 rw-p 00000000 00:00 0 
7f2234480000-7f2234481000 ---p 00000000 00:00 0 
7f2234481000-7f2234e53000 rw-p 00000000 00:00 0 
7f2234e53000-7f2234e54000 ---p 00000000 00:00 0 
7f2234e54000-7f2234f55000 rw-p 00000000 00:00 0 
7f2234f55000-7f2234f56000 ---p 00000000 00:00 0 
7f2234f56000-7f2235057000 rw-p 00000000 00:00 0 
7f2235057000-7f2235058000 ---p 00000000 00:00 0 
7f2235058000-7f2235159000 rw-p 00000000 00:00 0 
7f2235159000-7f223515a000 ---p 00000000 00:00 0 
7f223515a000-7f223525b000 rw-p 00000000 00:00 0 
7f223525b000-7f223525c000 ---p 00000000 00:00 0 
7f223525c000-7f2235761000 rw-p 00000000 00:00 0 
7f2235761000-7f2235762000 ---p 00000000 00:00 0 
7f2235762000-7f2235863000 rw-p 00000000 00:00 0 
7f2235863000-7f2235864000 ---p 00000000 00:00 0 
7f2235864000-7f22359a3000 rw-p 00000000 00:00 0 
7f22359a3000-7f2235d3f000 ---p 00000000 00:00 0 
7f2235d3f000-7f2235d7d000 rw-p 00000000 00:00 0 
7f2235d7d000-7f2236119000 ---p 00000000 00:00 0 
7f2236119000-7f2236157000 rw-p 00000000 00:00 0 
7f2236157000-7f22364f3000 ---p 00000000 00:00 0 
7f22364f3000-7f22368f7000 rw-p 00000000 00:00 0 
7f22368f7000-7f22368f8000 ---p 00000000 00:00 0 
7f22368f8000-7f22369f9000 rw-p 00000000 00:00 0 
7f22369f9000-7f22369fa000 ---p 00000000 00:00 0 
7f22369fa000-7f2236afb000 rw-p 00000000 00:00 0 
7f2236afb000-7f2236afc000 ---p 00000000 00:00 0 
7f2236afc000-7f2236bfd000 rw-p 00000000 00:00 0 
7f2236bfd000-7f2236bfe000 ---p 00000000 00:00 0 
7f2236bfe000-7f2236d04000 rw-p 00000000 00:00 0 
7f2236d04000-7f2236dea000 ---p 00000000 00:00 0 
7f2236dea000-7f2236df1000 rw-p 00000000 00:00 0 
7f2236df1000-7f2236ed5000 ---p 00000000 00:00 0 
7f2236ed5000-7f2237145000 rwxp 00000000 00:00 0 
7f2237145000-7f2237465000 ---p 00000000 00:00 0 
7f2237465000-7f22377d5000 rwxp 00000000 00:00 0 
7f22377d5000-7f223e99d000 ---p 00000000 00:00 0 
7f223e99d000-7f223ec0d000 rwxp 00000000 00:00 0 
7f223ec0d000-7f2245ed5000 ---p 00000000 00:00 0 
7f2245ed5000-7f224f3b0000 r--s 00000000 08:01 54788880                   /usr/lib/jvm/java-11-openjdk-amd64/lib/modules
7f224f3b0000-7f224f3b5000 r-xp 00000000 08:01 54788648                   /usr/lib/jvm/java-11-openjdk-amd64/lib/libjimage.so
7f224f3b5000-7f224f5b4000 ---p 00005000 08:01 54788648                   /usr/lib/jvm/java-11-openjdk-amd64/lib/libjimage.so
7f224f5b4000-7f224f5b5000 r--p 00004000 08:01 54788648                   /usr/lib/jvm/java-11-openjdk-amd64/lib/libjimage.so
7f224f5b5000-7f224f5b6000 rw-p 00005000 08:01 54788648                   /usr/lib/jvm/java-11-openjdk-amd64/lib/libjimage.so
7f224f5b6000-7f224f5bd000 r-xp 00000000 08:01 54788879                   /usr/lib/jvm/java-11-openjdk-amd64/lib/libzip.so
7f224f5bd000-7f224f7bc000 ---p 00007000 08:01 54788879                   /usr/lib/jvm/java-11-openjdk-amd64/lib/libzip.so
7f224f7bc000-7f224f7bd000 r--p 00006000 08:01 54788879                   /usr/lib/jvm/java-11-openjdk-amd64/lib/libzip.so
7f224f7bd000-7f224f7be000 rw-p 00007000 08:01 54788879                   /usr/lib/jvm/java-11-openjdk-amd64/lib/libzip.so
7f224f7be000-7f224f7c9000 r-xp 00000000 08:01 60817442                   /lib/x86_64-linux-gnu/libnss_files-2.27.so
7f224f7c9000-7f224f9c8000 ---p 0000b000 08:01 60817442                   /lib/x86_64-linux-gnu/libnss_files-2.27.so
7f224f9c8000-7f224f9c9000 r--p 0000a000 08:01 60817442                   /lib/x86_64-linux-gnu/libnss_files-2.27.so
7f224f9c9000-7f224f9ca000 rw-p 0000b000 08:01 60817442                   /lib/x86_64-linux-gnu/libnss_files-2.27.so
7f224f9ca000-7f224f9d0000 rw-p 00000000 00:00 0 
7f224f9d0000-7f224f9e7000 r-xp 00000000 08:01 60817439                   /lib/x86_64-linux-gnu/libnsl-2.27.so
7f224f9e7000-7f224fbe6000 ---p 00017000 08:01 60817439                   /lib/x86_64-linux-gnu/libnsl-2.27.so
7f224fbe6000-7f224fbe7000 r--p 00016000 08:01 60817439                   /lib/x86_64-linux-gnu/libnsl-2.27.so
7f224fbe7000-7f224fbe8000 rw-p 00017000 08:01 60817439                   /lib/x86_64-linux-gnu/libnsl-2.27.so
7f224fbe8000-7f224fbea000 rw-p 00000000 00:00 0 
7f224fbea000-7f224fbf5000 r-xp 00000000 08:01 60817444                   /lib/x86_64-linux-gnu/libnss_nis-2.27.so
7f224fbf5000-7f224fdf4000 ---p 0000b000 08:01 60817444                   /lib/x86_64-linux-gnu/libnss_nis-2.27.so
7f224fdf4000-7f224fdf5000 r--p 0000a000 08:01 60817444                   /lib/x86_64-linux-gnu/libnss_nis-2.27.so
7f224fdf5000-7f224fdf6000 rw-p 0000b000 08:01 60817444                   /lib/x86_64-linux-gnu/libnss_nis-2.27.so
7f224fdf6000-7f224fdfe000 r-xp 00000000 08:01 60817440                   /lib/x86_64-linux-gnu/libnss_compat-2.27.so
7f224fdfe000-7f224fffe000 ---p 00008000 08:01 60817440                   /lib/x86_64-linux-gnu/libnss_compat-2.27.so
7f224fffe000-7f224ffff000 r--p 00008000 08:01 60817440                   /lib/x86_64-linux-gnu/libnss_compat-2.27.so
7f224ffff000-7f2250000000 rw-p 00009000 08:01 60817440                   /lib/x86_64-linux-gnu/libnss_compat-2.27.so
7f2250000000-7f22504e8000 rw-p 00000000 00:00 0 
7f22504e8000-7f2254000000 ---p 00000000 00:00 0 
7f2254000000-7f2254001000 rw-s 1007e3000 00:06 386                       /dev/dri/card0
7f2254001000-7f2254003000 rw-s 00000000 00:19 782                        /i915 (deleted)
7f2254003000-7f2254007000 rw-s 00000000 00:19 803                        /i915 (deleted)
7f2254007000-7f2254060000 rw-p 00000000 00:00 0 
7f2254060000-7f225408c000 r-xp 00000000 08:01 54788644                   /usr/lib/jvm/java-11-openjdk-amd64/lib/libjava.so
7f225408c000-7f225428b000 ---p 0002c000 08:01 54788644                   /usr/lib/jvm/java-11-openjdk-amd64/lib/libjava.so
7f225428b000-7f225428c000 r--p 0002b000 08:01 54788644                   /usr/lib/jvm/java-11-openjdk-amd64/lib/libjava.so
7f225428c000-7f225428e000 rw-p 0002c000 08:01 54788644                   /usr/lib/jvm/java-11-openjdk-amd64/lib/libjava.so
7f225428e000-7f225429b000 r-xp 00000000 08:01 54788878                   /usr/lib/jvm/java-11-openjdk-amd64/lib/libverify.so
7f225429b000-7f225449a000 ---p 0000d000 08:01 54788878                   /usr/lib/jvm/java-11-openjdk-amd64/lib/libverify.so
7f225449a000-7f225449c000 r--p 0000c000 08:01 54788878                   /usr/lib/jvm/java-11-openjdk-amd64/lib/libverify.so
7f225449c000-7f225449d000 rw-p 0000e000 08:01 54788878                   /usr/lib/jvm/java-11-openjdk-amd64/lib/libverify.so
7f225449d000-7f22544a4000 r-xp 00000000 08:01 60817449                   /lib/x86_64-linux-gnu/librt-2.27.so
7f22544a4000-7f22546a3000 ---p 00007000 08:01 60817449                   /lib/x86_64-linux-gnu/librt-2.27.so
7f22546a3000-7f22546a4000 r--p 00006000 08:01 60817449                   /lib/x86_64-linux-gnu/librt-2.27.so
7f22546a4000-7f22546a5000 rw-p 00007000 08:01 60817449                   /lib/x86_64-linux-gnu/librt-2.27.so
7f22546a5000-7f22546bc000 r-xp 00000000 08:01 60817522                   /lib/x86_64-linux-gnu/libgcc_s.so.1
7f22546bc000-7f22548bb000 ---p 00017000 08:01 60817522                   /lib/x86_64-linux-gnu/libgcc_s.so.1
7f22548bb000-7f22548bc000 r--p 00016000 08:01 60817522                   /lib/x86_64-linux-gnu/libgcc_s.so.1
7f22548bc000-7f22548bd000 rw-p 00017000 08:01 60817522                   /lib/x86_64-linux-gnu/libgcc_s.so.1
7f22548bd000-7f2254a5a000 r-xp 00000000 08:01 60817436                   /lib/x86_64-linux-gnu/libm-2.27.so
7f2254a5a000-7f2254c59000 ---p 0019d000 08:01 60817436                   /lib/x86_64-linux-gnu/libm-2.27.so
7f2254c59000-7f2254c5a000 r--p 0019c000 08:01 60817436                   /lib/x86_64-linux-gnu/libm-2.27.so
7f2254c5a000-7f2254c5b000 rw-p 0019d000 08:01 60817436                   /lib/x86_64-linux-gnu/libm-2.27.so
7f2254c5b000-7f2254dd4000 r-xp 00000000 08:01 51380837                   /usr/lib/x86_64-linux-gnu/libstdc++.so.6.0.25
7f2254dd4000-7f2254fd4000 ---p 00179000 08:01 51380837                   /usr/lib/x86_64-linux-gnu/libstdc++.so.6.0.25
7f2254fd4000-7f2254fde000 r--p 00179000 08:01 51380837                   /usr/lib/x86_64-linux-gnu/libstdc++.so.6.0.25
7f2254fde000-7f2254fe0000 rw-p 00183000 08:01 51380837                   /usr/lib/x86_64-linux-gnu/libstdc++.so.6.0.25
7f2254fe0000-7f2254fe4000 rw-p 00000000 00:00 0 
7f2254fe4000-7f2255f81000 r-xp 00000000 08:01 54788883                   /usr/lib/jvm/java-11-openjdk-amd64/lib/server/libjvm.so
7f2255f81000-7f2256181000 ---p 00f9d000 08:01 54788883                   /usr/lib/jvm/java-11-openjdk-amd64/lib/server/libjvm.so
7f2256181000-7f2256245000 r--p 00f9d000 08:01 54788883                   /usr/lib/jvm/java-11-openjdk-amd64/lib/server/libjvm.so
7f2256245000-7f225627d000 rw-p 01061000 08:01 54788883                   /usr/lib/jvm/java-11-openjdk-amd64/lib/server/libjvm.so
7f225627d000-7f22562c6000 rw-p 00000000 00:00 0 
7f22562c6000-7f22562e0000 r-xp 00000000 08:01 60817447                   /lib/x86_64-linux-gnu/libpthread-2.27.so
7f22562e0000-7f22564df000 ---p 0001a000 08:01 60817447                   /lib/x86_64-linux-gnu/libpthread-2.27.so
7f22564df000-7f22564e0000 r--p 00019000 08:01 60817447                   /lib/x86_64-linux-gnu/libpthread-2.27.so
7f22564e0000-7f22564e1000 rw-p 0001a000 08:01 60817447                   /lib/x86_64-linux-gnu/libpthread-2.27.so
7f22564e1000-7f22564e5000 rw-p 00000000 00:00 0 
7f22564e5000-7f22564e8000 r-xp 00000000 08:01 60817435                   /lib/x86_64-linux-gnu/libdl-2.27.so
7f22564e8000-7f22566e7000 ---p 00003000 08:01 60817435                   /lib/x86_64-linux-gnu/libdl-2.27.so
7f22566e7000-7f22566e8000 r--p 00002000 08:01 60817435                   /lib/x86_64-linux-gnu/libdl-2.27.so
7f22566e8000-7f22566e9000 rw-p 00003000 08:01 60817435                   /lib/x86_64-linux-gnu/libdl-2.27.so
7f22566e9000-7f2256705000 r-xp 00000000 08:01 60817575                   /lib/x86_64-linux-gnu/libz.so.1.2.11
7f2256705000-7f2256904000 ---p 0001c000 08:01 60817575                   /lib/x86_64-linux-gnu/libz.so.1.2.11
7f2256904000-7f2256905000 r--p 0001b000 08:01 60817575                   /lib/x86_64-linux-gnu/libz.so.1.2.11
7f2256905000-7f2256906000 rw-p 0001c000 08:01 60817575                   /lib/x86_64-linux-gnu/libz.so.1.2.11
7f2256906000-7f2256aed000 r-xp 00000000 08:01 60817432                   /lib/x86_64-linux-gnu/libc-2.27.so
7f2256aed000-7f2256ced000 ---p 001e7000 08:01 60817432                   /lib/x86_64-linux-gnu/libc-2.27.so
7f2256ced000-7f2256cf1000 r--p 001e7000 08:01 60817432                   /lib/x86_64-linux-gnu/libc-2.27.so
7f2256cf1000-7f2256cf3000 rw-p 001eb000 08:01 60817432                   /lib/x86_64-linux-gnu/libc-2.27.so
7f2256cf3000-7f2256cf7000 rw-p 00000000 00:00 0 
7f2256cf7000-7f2256d06000 r-xp 00000000 08:01 54788629                   /usr/lib/jvm/java-11-openjdk-amd64/lib/jli/libjli.so
7f2256d06000-7f2256f05000 ---p 0000f000 08:01 54788629                   /usr/lib/jvm/java-11-openjdk-amd64/lib/jli/libjli.so
7f2256f05000-7f2256f06000 r--p 0000e000 08:01 54788629                   /usr/lib/jvm/java-11-openjdk-amd64/lib/jli/libjli.so
7f2256f06000-7f2256f07000 rw-p 0000f000 08:01 54788629                   /usr/lib/jvm/java-11-openjdk-amd64/lib/jli/libjli.so
7f2256f07000-7f2256f2e000 r-xp 00000000 08:01 60817423                   /lib/x86_64-linux-gnu/ld-2.27.so
7f2256f2e000-7f2256f2f000 rw-s 00000000 00:05 1149049                    /memfd:xshmfence (deleted)
7f2256f2f000-7f2256f34000 rw-s 00000000 00:19 800                        /i915 (deleted)
7f2256f34000-7f2256f35000 rw-s 00000000 00:05 1149991                    /memfd:xshmfence (deleted)
7f2256f35000-7f2256f36000 rwxp 00000000 00:00 0 
7f2256f36000-7f2256f3a000 rw-s 00000000 00:19 604                        /i915 (deleted)
7f2256f3a000-7f2256f3e000 rw-s 00000000 00:19 598                        /i915 (deleted)
7f2256f3e000-7f2256f43000 rw-s 00000000 00:19 597                        /i915 (deleted)
7f2256f43000-7f2256f44000 r--p 00000000 08:01 53216899                   /usr/share/locale-langpack/en_GB/LC_MESSAGES/pulseaudio.mo
7f2256f44000-7f2256f4b000 r--s 00000000 08:01 51382746                   /usr/lib/x86_64-linux-gnu/gconv/gconv-modules.cache
7f2256f4b000-7f2256f50000 r--p 00000000 08:01 50861975                   /home/matthew/.config/dconf/user
7f2256f50000-7f225700e000 rw-p 00000000 00:00 0 
7f225700e000-7f2257012000 ---p 00000000 00:00 0 
7f2257012000-7f2257111000 rw-p 00000000 00:00 0 
7f2257111000-7f2257112000 r--s 00000000 00:35 37                         /run/user/1000/dconf/user
7f2257112000-7f2257114000 r--p 00000000 08:01 53218476                   /usr/share/locale-langpack/en_GB/LC_MESSAGES/glib20.mo
7f2257114000-7f2257115000 r--p 00000000 08:01 53216847                   /usr/share/locale-langpack/en_GB/LC_MESSAGES/libc.mo
7f2257115000-7f225711b000 rw-p 00000000 00:00 0 
7f225711b000-7f2257122000 ---p 00000000 00:00 0 
7f2257122000-7f225712a000 rw-s 00000000 08:01 23330928                   /tmp/hsperfdata_matthew/14329
7f225712a000-7f225712b000 ---p 00000000 00:00 0 
7f225712b000-7f225712c000 r--p 00000000 00:00 0 
7f225712c000-7f225712e000 rw-p 00000000 00:00 0 
7f225712e000-7f225712f000 r--p 00027000 08:01 60817423                   /lib/x86_64-linux-gnu/ld-2.27.so
7f225712f000-7f2257130000 rw-p 00028000 08:01 60817423                   /lib/x86_64-linux-gnu/ld-2.27.so
7f2257130000-7f2257131000 rw-p 00000000 00:00 0 
7ffe8e429000-7ffe8e44b000 rw-p 00000000 00:00 0                          [stack]
7ffe8e5e7000-7ffe8e5ea000 r--p 00000000 00:00 0                          [vvar]
7ffe8e5ea000-7ffe8e5ec000 r-xp 00000000 00:00 0                          [vdso]
ffffffffff600000-ffffffffff601000 r-xp 00000000 00:00 0                  [vsyscall]


VM Arguments:
jvm_args: -Dfile.encoding=UTF-8 
java_command: com.geeselightning.zepr.desktop.DesktopLauncher
java_class_path (initial): /home/matthew/Documents/CS/SEPR/Game/Assessment3/zepr/desktop/bin/main:/home/matthew/Documents/CS/SEPR/Game/Assessment3/zepr/core/bin/default:/home/matthew/Documents/CS/SEPR/Game/Assessment3/zepr/core/bin/main:/home/matthew/.gradle/caches/modules-2/files-2.1/com.badlogicgames.gdx/gdx-backend-lwjgl/1.9.8/b7c138f14ed67ad830ae7597da3d86ae02b20eee/gdx-backend-lwjgl-1.9.8.jar:/home/matthew/.gradle/caches/modules-2/files-2.1/com.badlogicgames.gdx/gdx-platform/1.9.8/604a2ef2c7c92a5900114757cbd3fb4dcbb8270c/gdx-platform-1.9.8-natives-desktop.jar:/home/matthew/.gradle/caches/modules-2/files-2.1/com.badlogicgames.gdx/gdx-box2d-platform/1.9.8/3195b56f82751d7cd7de85edb6824d17bf479781/gdx-box2d-platform-1.9.8-natives-desktop.jar:/home/matthew/.gradle/caches/modules-2/files-2.1/com.badlogicgames.gdx/gdx-box2d/1.9.8/6f0497b7958216464101adfb7bdc3a0f7b88d6d3/gdx-box2d-1.9.8.jar:/home/matthew/.gradle/caches/modules-2/files-2.1/com.badlogicgames.gdx/gdx/1.9.8/a35a0076fbce873f9c2d5a1a1c8066244231bb3c/gdx-1.9.8.jar:/home/matthew/.gradle/caches/modules-2/files-2.1/org.lwjgl.lwjgl/lwjgl_util/2.9.2/4b9e37300a87799856e0bd15ed81663cdb6b0947/lwjgl_util-2.9.2.jar:/home/matthew/.gradle/caches/modules-2/files-2.1/org.lwjgl.lwjgl/lwjgl/2.9.2/a9d80fe5935c7a9149f6584d9777cfd471f65489/lwjgl-2.9.2.jar:/home/matthew/.gradle/caches/modules-2/files-2.1/com.badlogicgames.jlayer/jlayer/1.0.1-gdx/7cca83cec5c1b2f011362f4d85aabd71a73b049d/jlayer-1.0.1-gdx.jar:/home/matthew/.gradle/caches/modules-2/files-2.1/org.jcraft/jorbis/0.0.17/8872d22b293e8f5d7d56ff92be966e6dc28ebdc6/jorbis-0.0.17.jar:/home/matthew/.gradle/caches/modules-2/files-2.1/org.lwjgl.lwjgl/lwjgl-platform/2.9.2/510c7d317f5e9e700b9cfaac5fd38bdebf0702e0/lwjgl-platform-2.9.2-natives-windows.jar:/home/matthew/.gradle/caches/modules-2/files-2.1/org.lwjgl.lwjgl/lwjgl-platform/2.9.2/d276cdf61fe2b516c7b7f4aa1b8dea91dbdc8d56/lwjgl-platform-2.9.2-natives-linux.jar:/home/matthew/.gradle/caches/modules-2/files-2.1/org.lwjgl.lwjg
Launcher Type: SUN_STANDARD

Logging:
Log output configuration:
#0: stdout all=warning uptime,level,tags
#1: stderr all=off uptime,level,tags

Environment Variables:
PATH=/usr/local/sbin:/usr/local/bin:/usr/sbin:/usr/bin:/sbin:/bin:/usr/games:/usr/local/games:/snap/bin
USERNAME=matthew
SHELL=/bin/bash
DISPLAY=:0

Signal Handlers:
SIGSEGV: [libjvm.so+0xd28b70], sa_mask[0]=11111111011111111101111111111110, sa_flags=SA_RESTART|SA_SIGINFO
SIGBUS: [libjvm.so+0xd28b70], sa_mask[0]=11111111011111111101111111111110, sa_flags=SA_RESTART|SA_SIGINFO
SIGFPE: [libjvm.so+0xd28b70], sa_mask[0]=11111111011111111101111111111110, sa_flags=SA_RESTART|SA_SIGINFO
SIGPIPE: SIG_IGN, sa_mask[0]=00000000000010000000000000000000, sa_flags=SA_RESTART
SIGXFSZ: [libjvm.so+0xb2a1f0], sa_mask[0]=11111111011111111101111111111110, sa_flags=SA_RESTART|SA_SIGINFO
SIGILL: [libjvm.so+0xd28b70], sa_mask[0]=11111111011111111101111111111110, sa_flags=SA_RESTART|SA_SIGINFO
SIGUSR2: [libjvm.so+0xb2a030], sa_mask[0]=00100000000000000000000000000000, sa_flags=SA_RESTART|SA_SIGINFO
SIGHUP: [libjvm.so+0xb2a180], sa_mask[0]=11111111011111111101111111111110, sa_flags=SA_RESTART|SA_SIGINFO
SIGINT: [libjvm.so+0xb2a180], sa_mask[0]=11111111011111111101111111111110, sa_flags=SA_RESTART|SA_SIGINFO
SIGTERM: [libjvm.so+0xb2a180], sa_mask[0]=11111111011111111101111111111110, sa_flags=SA_RESTART|SA_SIGINFO
SIGQUIT: [libjvm.so+0xb2a180], sa_mask[0]=11111111011111111101111111111110, sa_flags=SA_RESTART|SA_SIGINFO


---------------  S Y S T E M  ---------------

OS:DISTRIB_ID=Ubuntu
DISTRIB_RELEASE=18.04
DISTRIB_CODENAME=bionic
DISTRIB_DESCRIPTION="Ubuntu 18.04.1 LTS"
uname:Linux 4.15.0-43-generic #46-Ubuntu SMP Thu Dec 6 14:45:28 UTC 2018 x86_64
libc:glibc 2.27 NPTL 2.27 
rlimit: STACK 8192k, CORE 0k, NPROC 31314, NOFILE 4096, AS infinity, DATA infinity, FSIZE infinity
load average:1.89 2.41 1.91

/proc/meminfo:
MemTotal:        8076980 kB
MemFree:          172076 kB
MemAvailable:    3170544 kB
Buffers:          500944 kB
Cached:          3134620 kB
SwapCached:            0 kB
Active:          5497700 kB
Inactive:        1859156 kB
Active(anon):    3657992 kB
Inactive(anon):   700912 kB
Active(file):    1839708 kB
Inactive(file):  1158244 kB
Unevictable:          80 kB
Mlocked:              80 kB
SwapTotal:       2097148 kB
SwapFree:        2097148 kB
Dirty:               284 kB
Writeback:             0 kB
AnonPages:       3721688 kB
Mapped:           904776 kB
Shmem:            637520 kB
Slab:             369704 kB
SReclaimable:     305296 kB
SUnreclaim:        64408 kB
KernelStack:       16432 kB
PageTables:        65412 kB
NFS_Unstable:          0 kB
Bounce:                0 kB
WritebackTmp:          0 kB
CommitLimit:     6135636 kB
Committed_AS:   11631336 kB
VmallocTotal:   34359738367 kB
VmallocUsed:           0 kB
VmallocChunk:          0 kB
HardwareCorrupted:     0 kB
AnonHugePages:         0 kB
ShmemHugePages:        0 kB
ShmemPmdMapped:        0 kB
CmaTotal:              0 kB
CmaFree:               0 kB
HugePages_Total:       0
HugePages_Free:        0
HugePages_Rsvd:        0
HugePages_Surp:        0
Hugepagesize:       2048 kB
DirectMap4k:      303716 kB
DirectMap2M:     7993344 kB
DirectMap1G:           0 kB

container (cgroup) information:
container_type: cgroupv1

[timeout occurred during error reporting in step "printing OS information"] after 30 s.
CPU:total 4 (initial active 4) (2 cores per cpu, 2 threads per core) family 6 model 61 stepping 4, cmov, cx8, fxsr, mmx, sse, sse2, sse3, ssse3, sse4.1, sse4.2, popcnt, avx, avx2, aes, clmul, erms, 3dnowpref, lzcnt, ht, tsc, tscinvbit, bmi1, bmi2, adx, fma

[timeout occurred during error reporting in step "printing CPU info"] after 30 s.
Memory: 4k page
------ Timeout during error reporting after 120 s. ------
