#
# A fatal error has been detected by the Java Runtime Environment:
#
#  EXCEPTION_ACCESS_VIOLATION (0xc0000005) at pc=0x00007ffd7fe2c1a7, pid=15296, tid=0x00000000000030ec
#
# JRE version: Java(TM) SE Runtime Environment (8.0_201-b09) (build 1.8.0_201-b09)
# Java VM: Java HotSpot(TM) 64-Bit Server VM (25.201-b09 mixed mode windows-amd64 compressed oops)
# Problematic frame:
# C  [ntdll.dll+0x1c1a7]
#
# Failed to write core dump. Minidumps are not enabled by default on client versions of Windows
#
# If you would like to submit a bug report, please visit:
#   http://bugreport.java.com/bugreport/crash.jsp
# The crash happened outside the Java Virtual Machine in native code.
# See problematic frame for where to report the bug.
#

---------------  T H R E A D  ---------------

Current thread (0x00000000196f9800):  JavaThread "LWJGL Application" [_thread_in_native, id=12524, stack(0x000000001a810000,0x000000001a910000)]

siginfo: ExceptionCode=0xc0000005, reading address 0x00000000feffffff

Registers:
RAX=0x00000000006e0016, RBX=0x0000000000fa0000, RCX=0x0000000000001678, RDX=0x0000000000000016
RSP=0x000000001a90e240, RBP=0x0000000000000000, RSI=0x000000001a3a7d10, RDI=0x000000006e001678
R8 =0x00000000feffffff, R9 =0x0000000000013890, R10=0x0000000002b68c3b, R11=0x00007ffd7ff28b40
R12=0x0000000000fa0150, R13=0x4385a699438d7ceb, R14=0x000000001a3a7d00, R15=0x0000000000fa2250
RIP=0x00007ffd7fe2c1a7, EFLAGS=0x0000000000010212

Top of Stack: (sp=0x000000001a90e240)
0x000000001a90e240:   000004b400000007 0000000000000202
0x000000001a90e250:   0000000000000000 00000000d6445100
0x000000001a90e260:   0000000060aaeea9 0000000001a30241
0x000000001a90e270:   0000000100060601 0000000000000000
0x000000001a90e280:   000000000087e000 0000000000000000
0x000000001a90e290:   0000000000000000 0000000000001389
0x000000001a90e2a0:   0000000000000001 00000000feffffff
0x000000001a90e2b0:   000000001a90e3c0 00007ffd7fe4e5e4
0x000000001a90e2c0:   000000001a90e470 0000000002ea3d4c
0x000000001a90e2d0:   000000001a3a7d00 000000001a90e308
0x000000001a90e2e0:   000000001a90e330 00000000000003ff
0x000000001a90e2f0:   00000000007c0bec 00000000745fb1e5
0x000000001a90e300:   0000000000000000 00000000745ae306
0x000000001a90e310:   000000001907ed80 000000001907ed80
0x000000001a90e320:   000000001907ed88 00000000196f9800
0x000000001a90e330:   00000000196f9800 00000000745ae230 

Instructions: (pc=0x00007ffd7fe2c1a7)
0x00007ffd7fe2c187:   0f b7 4e 08 0f b7 d1 66 c1 ea 08 49 3b cd 0f 82
0x00007ffd7fe2c197:   ef 17 00 00 4c 8b 2e 4d 8b 46 18 4c 89 44 24 68
0x00007ffd7fe2c1a7:   49 8b 00 4d 8b 4d 08 49 3b c1 0f 85 b0 17 00 00
0x00007ffd7fe2c1b7:   48 3b c6 0f 85 a7 17 00 00 48 29 8b c0 00 00 00 


Register to memory mapping:

RAX=0x00000000006e0016 is an unknown value
RBX=0x0000000000fa0000 is an unknown value
RCX=0x0000000000001678 is an unknown value
RDX=0x0000000000000016 is an unknown value
RSP=0x000000001a90e240 is pointing into the stack for thread: 0x00000000196f9800
RBP=0x0000000000000000 is an unknown value
RSI=0x000000001a3a7d10 is an unknown value
RDI=0x000000006e001678 is an unknown value
R8 =0x00000000feffffff is an unallocated location in the heap
R9 =0x0000000000013890 is an unknown value
R10=0x0000000002b68c3b is at code_begin+891 in an Interpreter codelet
method entry point (kind = native)  [0x0000000002b688c0, 0x0000000002b69280]  2496 bytes
R11=0x00007ffd7ff28b40 is an unknown value
R12=0x0000000000fa0150 is an unknown value
R13=0x4385a699438d7ceb is an unknown value
R14=0x000000001a3a7d00 is an unknown value
R15=0x0000000000fa2250 is an unknown value


Stack: [0x000000001a810000,0x000000001a910000],  sp=0x000000001a90e240,  free space=1016k
Native frames: (J=compiled Java code, j=interpreted, Vv=VM code, C=native code)

Java frames: (J=compiled Java code, j=interpreted, Vv=VM code)
j  com.badlogic.gdx.utils.BufferUtils.newDisposableByteBuffer(I)Ljava/nio/ByteBuffer;+0
j  com.badlogic.gdx.utils.BufferUtils.newUnsafeByteBuffer(I)Ljava/nio/ByteBuffer;+1
j  com.badlogic.gdx.graphics.glutils.VertexArray.<init>(ILcom/badlogic/gdx/graphics/VertexAttributes;)V+24
j  com.badlogic.gdx.graphics.Mesh.<init>(Lcom/badlogic/gdx/graphics/Mesh$VertexDataType;ZIILcom/badlogic/gdx/graphics/VertexAttributes;)V+179
j  com.badlogic.gdx.graphics.Mesh.<init>(Lcom/badlogic/gdx/graphics/Mesh$VertexDataType;ZII[Lcom/badlogic/gdx/graphics/VertexAttribute;)V+15
j  com.badlogic.gdx.graphics.g2d.SpriteBatch.<init>(ILcom/badlogic/gdx/graphics/glutils/ShaderProgram;)V+251
j  com.badlogic.gdx.graphics.g2d.SpriteBatch.<init>()V+5
j  com.badlogic.gdx.scenes.scene2d.Stage.<init>(Lcom/badlogic/gdx/utils/viewport/Viewport;)V+6
j  com.geeselightning.zepr.SelectCharacterScreen.<init>(Lcom/geeselightning/zepr/Zepr;)V+38
j  com.geeselightning.zepr.Zepr.changeScreen(I)V+92
j  com.geeselightning.zepr.TextScreen$1.changed(Lcom/badlogic/gdx/scenes/scene2d/utils/ChangeListener$ChangeEvent;Lcom/badlogic/gdx/scenes/scene2d/Actor;)V+8
j  com.badlogic.gdx.scenes.scene2d.utils.ChangeListener.handle(Lcom/badlogic/gdx/scenes/scene2d/Event;)Z+18
J 655 C1 com.badlogic.gdx.scenes.scene2d.Actor.notify(Lcom/badlogic/gdx/scenes/scene2d/Event;Z)Z (180 bytes) @ 0x0000000002df7a9c [0x0000000002df7280+0x81c]
j  com.badlogic.gdx.scenes.scene2d.Actor.fire(Lcom/badlogic/gdx/scenes/scene2d/Event;)Z+152
j  com.badlogic.gdx.scenes.scene2d.ui.Button.setChecked(ZZ)V+49
j  com.badlogic.gdx.scenes.scene2d.ui.Button$1.clicked(Lcom/badlogic/gdx/scenes/scene2d/InputEvent;FF)V+31
j  com.badlogic.gdx.scenes.scene2d.utils.ClickListener.touchUp(Lcom/badlogic/gdx/scenes/scene2d/InputEvent;FFII)V+108
j  com.badlogic.gdx.scenes.scene2d.InputListener.handle(Lcom/badlogic/gdx/scenes/scene2d/Event;)Z+196
j  com.badlogic.gdx.scenes.scene2d.Stage.touchUp(IIII)Z+213
J 1222 C1 com.badlogic.gdx.backends.lwjgl.LwjglInput.processEvents()V (478 bytes) @ 0x0000000002fdd3ec [0x0000000002fdc660+0xd8c]
j  com.badlogic.gdx.backends.lwjgl.LwjglApplication.mainLoop()V+600
j  com.badlogic.gdx.backends.lwjgl.LwjglApplication$1.run()V+27
v  ~StubRoutines::call_stub

---------------  P R O C E S S  ---------------

Java Threads: ( => current thread )
  0x000000001985b800 JavaThread "LWJGL Timer" daemon [_thread_blocked, id=11796, stack(0x000000001e340000,0x000000001e440000)]
  0x0000000000bfe800 JavaThread "DestroyJavaVM" [_thread_blocked, id=9720, stack(0x0000000002950000,0x0000000002a50000)]
=>0x00000000196f9800 JavaThread "LWJGL Application" [_thread_in_native, id=12524, stack(0x000000001a810000,0x000000001a910000)]
  0x000000001773e800 JavaThread "Service Thread" daemon [_thread_blocked, id=3940, stack(0x0000000019430000,0x0000000019530000)]
  0x00000000176ed800 JavaThread "C1 CompilerThread2" daemon [_thread_blocked, id=15248, stack(0x0000000018f30000,0x0000000019030000)]
  0x00000000176e5000 JavaThread "C2 CompilerThread1" daemon [_thread_blocked, id=11076, stack(0x0000000018e30000,0x0000000018f30000)]
  0x00000000176e1000 JavaThread "C2 CompilerThread0" daemon [_thread_blocked, id=7220, stack(0x0000000018d30000,0x0000000018e30000)]
  0x00000000176de000 JavaThread "Attach Listener" daemon [_thread_blocked, id=8760, stack(0x0000000018c30000,0x0000000018d30000)]
  0x00000000176dd000 JavaThread "Signal Dispatcher" daemon [_thread_blocked, id=10860, stack(0x0000000018b30000,0x0000000018c30000)]
  0x00000000176ca800 JavaThread "Finalizer" daemon [_thread_blocked, id=7256, stack(0x0000000018930000,0x0000000018a30000)]
  0x00000000176a9000 JavaThread "Reference Handler" daemon [_thread_blocked, id=10548, stack(0x0000000018830000,0x0000000018930000)]

Other Threads:
  0x00000000176a8000 VMThread [stack: 0x0000000018730000,0x0000000018830000] [id=8808]
  0x000000001907e000 WatcherThread [stack: 0x0000000019530000,0x0000000019630000] [id=12656]

VM state:not at safepoint (normal execution)

VM Mutex/Monitor currently owned by a thread: None

heap address: 0x0000000081600000, size: 2026 MB, Compressed Oops mode: 32-bit
Narrow klass base: 0x0000000000000000, Narrow klass shift: 3
Compressed class space size: 1073741824 Address: 0x0000000100000000

Heap:
 PSYoungGen      total 38400K, used 28683K [0x00000000d5d00000, 0x00000000d8780000, 0x0000000100000000)
  eden space 33280K, 86% used [0x00000000d5d00000,0x00000000d7902ea8,0x00000000d7d80000)
  from space 5120K, 0% used [0x00000000d8280000,0x00000000d8280000,0x00000000d8780000)
  to   space 5120K, 0% used [0x00000000d7d80000,0x00000000d7d80000,0x00000000d8280000)
 ParOldGen       total 87552K, used 0K [0x0000000081600000, 0x0000000086b80000, 0x00000000d5d00000)
  object space 87552K, 0% used [0x0000000081600000,0x0000000081600000,0x0000000086b80000)
 Metaspace       used 8373K, capacity 8591K, committed 8832K, reserved 1056768K
  class space    used 790K, capacity 850K, committed 896K, reserved 1048576K

Card table byte_map: [0x0000000011f10000,0x0000000012310000] byte_map_base: 0x0000000011b05000

Marking Bits: (ParMarkBitMap*) 0x0000000074d14ce0
 Begin Bits: [0x00000000129c0000, 0x0000000014968000)
 End Bits:   [0x0000000014968000, 0x0000000016910000)

Polling page: 0x0000000000f40000

CodeCache: size=245760Kb used=4914Kb max_used=4914Kb free=240845Kb
 bounds [0x0000000002b50000, 0x0000000003030000, 0x0000000011b50000]
 total_blobs=1753 nmethods=1287 adapters=378
 compilation: enabled

Compilation events (10 events):
Event: 21.787 Thread 0x00000000176ed800 1284       3       com.badlogic.gdx.utils.ObjectMap::containsKey (71 bytes)
Event: 21.788 Thread 0x00000000176ed800 nmethod 1284 0x000000000301d810 code [0x000000000301d9e0, 0x000000000301e0c8]
Event: 21.788 Thread 0x00000000176ed800 1286       3       java.lang.reflect.Field::getGenericType (20 bytes)
Event: 21.788 Thread 0x00000000176ed800 nmethod 1286 0x0000000003003950 code [0x0000000003003b00, 0x0000000003004078]
Event: 21.788 Thread 0x00000000176ed800 1276       3       com.badlogic.gdx.utils.Json::readValue (24 bytes)
Event: 21.788 Thread 0x00000000176ed800 nmethod 1276 0x000000000301e3d0 code [0x000000000301e540, 0x000000000301e818]
Event: 21.788 Thread 0x00000000176ed800 1285       1       java.lang.reflect.Constructor::getModifiers (5 bytes)
Event: 21.788 Thread 0x00000000176ed800 nmethod 1285 0x000000000301e910 code [0x000000000301ea60, 0x000000000301eb70]
Event: 22.511 Thread 0x00000000176ed800 1287       1       com.badlogic.gdx.scenes.scene2d.InputEvent::getType (5 bytes)
Event: 22.512 Thread 0x00000000176ed800 nmethod 1287 0x0000000003020450 code [0x00000000030205a0, 0x00000000030206b0]

GC Heap History (0 events):
No events

Deoptimization events (10 events):
Event: 21.808 Thread 0x00000000196f9800 Uncommon trap: reason=class_check action=maybe_recompile pc=0x0000000002ff104c method=com.badlogic.gdx.scenes.scene2d.ui.Value$2.get(Lcom/badlogic/gdx/scenes/scene2d/Actor;)F @ 1
Event: 21.808 Thread 0x00000000196f9800 Uncommon trap: reason=class_check action=maybe_recompile pc=0x0000000002feded4 method=com.badlogic.gdx.scenes.scene2d.ui.Value$3.get(Lcom/badlogic/gdx/scenes/scene2d/Actor;)F @ 1
Event: 21.808 Thread 0x00000000196f9800 Uncommon trap: reason=class_check action=maybe_recompile pc=0x0000000002ff1a14 method=com.badlogic.gdx.scenes.scene2d.ui.Value$1.get(Lcom/badlogic/gdx/scenes/scene2d/Actor;)F @ 1
Event: 21.808 Thread 0x00000000196f9800 Uncommon trap: reason=class_check action=maybe_recompile pc=0x0000000002ff104c method=com.badlogic.gdx.scenes.scene2d.ui.Value$2.get(Lcom/badlogic/gdx/scenes/scene2d/Actor;)F @ 1
Event: 22.511 Thread 0x00000000196f9800 Uncommon trap: reason=class_check action=maybe_recompile pc=0x0000000002feded4 method=com.badlogic.gdx.scenes.scene2d.ui.Value$3.get(Lcom/badlogic/gdx/scenes/scene2d/Actor;)F @ 1
Event: 22.512 Thread 0x00000000196f9800 Uncommon trap: reason=class_check action=maybe_recompile pc=0x0000000002ff1a14 method=com.badlogic.gdx.scenes.scene2d.ui.Value$1.get(Lcom/badlogic/gdx/scenes/scene2d/Actor;)F @ 1
Event: 22.512 Thread 0x00000000196f9800 Uncommon trap: reason=class_check action=maybe_recompile pc=0x0000000002ff104c method=com.badlogic.gdx.scenes.scene2d.ui.Value$2.get(Lcom/badlogic/gdx/scenes/scene2d/Actor;)F @ 1
Event: 22.512 Thread 0x00000000196f9800 Uncommon trap: reason=class_check action=maybe_recompile pc=0x0000000002feded4 method=com.badlogic.gdx.scenes.scene2d.ui.Value$3.get(Lcom/badlogic/gdx/scenes/scene2d/Actor;)F @ 1
Event: 22.512 Thread 0x00000000196f9800 Uncommon trap: reason=class_check action=maybe_recompile pc=0x0000000002ff1a14 method=com.badlogic.gdx.scenes.scene2d.ui.Value$1.get(Lcom/badlogic/gdx/scenes/scene2d/Actor;)F @ 1
Event: 22.512 Thread 0x00000000196f9800 Uncommon trap: reason=class_check action=maybe_recompile pc=0x0000000002ff104c method=com.badlogic.gdx.scenes.scene2d.ui.Value$2.get(Lcom/badlogic/gdx/scenes/scene2d/Actor;)F @ 1

Classes redefined (0 events):
No events

Internal exceptions (10 events):
Event: 0.244 Thread 0x0000000000bfe800 Exception <a 'java/security/PrivilegedActionException'> (0x00000000d60153f0) thrown at [C:\re\workspace\8-2-build-windows-amd64-cygwin\jdk8u201\12322\hotspot\src\share\vm\prims\jvm.cpp, line 1502]
Event: 0.480 Thread 0x0000000000bfe800 Exception <a 'java/security/PrivilegedActionException'> (0x00000000d615b2d0) thrown at [C:\re\workspace\8-2-build-windows-amd64-cygwin\jdk8u201\12322\hotspot\src\share\vm\prims\jvm.cpp, line 1502]
Event: 0.480 Thread 0x0000000000bfe800 Exception <a 'java/security/PrivilegedActionException'> (0x00000000d615cfa8) thrown at [C:\re\workspace\8-2-build-windows-amd64-cygwin\jdk8u201\12322\hotspot\src\share\vm\prims\jvm.cpp, line 1502]
Event: 0.480 Thread 0x0000000000bfe800 Exception <a 'java/security/PrivilegedActionException'> (0x00000000d615e118) thrown at [C:\re\workspace\8-2-build-windows-amd64-cygwin\jdk8u201\12322\hotspot\src\share\vm\prims\jvm.cpp, line 1502]
Event: 0.480 Thread 0x0000000000bfe800 Exception <a 'java/security/PrivilegedActionException'> (0x00000000d6163280) thrown at [C:\re\workspace\8-2-build-windows-amd64-cygwin\jdk8u201\12322\hotspot\src\share\vm\prims\jvm.cpp, line 1502]
Event: 0.480 Thread 0x0000000000bfe800 Exception <a 'java/security/PrivilegedActionException'> (0x00000000d6163ed8) thrown at [C:\re\workspace\8-2-build-windows-amd64-cygwin\jdk8u201\12322\hotspot\src\share\vm\prims\jvm.cpp, line 1502]
Event: 0.480 Thread 0x0000000000bfe800 Exception <a 'java/security/PrivilegedActionException'> (0x00000000d6164b00) thrown at [C:\re\workspace\8-2-build-windows-amd64-cygwin\jdk8u201\12322\hotspot\src\share\vm\prims\jvm.cpp, line 1502]
Event: 2.065 Thread 0x00000000196f9800 Implicit null exception at 0x0000000002d0fd56 to 0x0000000002d100ed
Event: 21.760 Thread 0x00000000196f9800 Implicit null exception at 0x0000000002fc9ab4 to 0x0000000002fc9edd
Event: 21.782 Thread 0x00000000196f9800 Implicit null exception at 0x0000000002fead2b to 0x0000000002feae2e

Events (10 events):
Event: 22.512 Thread 0x00000000196f9800 DEOPT UNPACKING pc=0x0000000002b9583b sp=0x000000001a90e6e8 mode 2
Event: 22.512 Thread 0x00000000196f9800 Uncommon trap: trap_request=0xffffffde fr.pc=0x0000000002feded4
Event: 22.512 Thread 0x00000000196f9800 DEOPT PACKING pc=0x0000000002feded4 sp=0x000000001a90e910
Event: 22.512 Thread 0x00000000196f9800 DEOPT UNPACKING pc=0x0000000002b9583b sp=0x000000001a90e8a8 mode 2
Event: 22.512 Thread 0x00000000196f9800 Uncommon trap: trap_request=0xffffffde fr.pc=0x0000000002ff1a14
Event: 22.512 Thread 0x00000000196f9800 DEOPT PACKING pc=0x0000000002ff1a14 sp=0x000000001a90e910
Event: 22.512 Thread 0x00000000196f9800 DEOPT UNPACKING pc=0x0000000002b9583b sp=0x000000001a90e8a8 mode 2
Event: 22.512 Thread 0x00000000196f9800 Uncommon trap: trap_request=0xffffffde fr.pc=0x0000000002ff104c
Event: 22.512 Thread 0x00000000196f9800 DEOPT PACKING pc=0x0000000002ff104c sp=0x000000001a90e910
Event: 22.512 Thread 0x00000000196f9800 DEOPT UNPACKING pc=0x0000000002b9583b sp=0x000000001a90e8a8 mode 2


Dynamic libraries:
0x00007ff69e6f0000 - 0x00007ff69e727000 	C:\Program Files\Java\jre1.8.0_201\bin\javaw.exe
0x00007ffd7fe10000 - 0x00007ffd7fff1000 	C:\WINDOWS\SYSTEM32\ntdll.dll
0x00007ffd7f8f0000 - 0x00007ffd7f9a2000 	C:\WINDOWS\System32\KERNEL32.DLL
0x00007ffd7c2e0000 - 0x00007ffd7c553000 	C:\WINDOWS\System32\KERNELBASE.dll
0x00007ffd7fa20000 - 0x00007ffd7fac1000 	C:\WINDOWS\System32\ADVAPI32.dll
0x00007ffd7f180000 - 0x00007ffd7f21e000 	C:\WINDOWS\System32\msvcrt.dll
0x00007ffd7f890000 - 0x00007ffd7f8eb000 	C:\WINDOWS\System32\sechost.dll
0x00007ffd7f550000 - 0x00007ffd7f674000 	C:\WINDOWS\System32\RPCRT4.dll
0x00007ffd7fba0000 - 0x00007ffd7fd30000 	C:\WINDOWS\System32\USER32.dll
0x00007ffd7c1e0000 - 0x00007ffd7c200000 	C:\WINDOWS\System32\win32u.dll
0x00007ffd7e880000 - 0x00007ffd7e8a8000 	C:\WINDOWS\System32\GDI32.dll
0x00007ffd7c900000 - 0x00007ffd7ca92000 	C:\WINDOWS\System32\gdi32full.dll
0x00007ffd7caf0000 - 0x00007ffd7cb8f000 	C:\WINDOWS\System32\msvcp_win.dll
0x00007ffd7c610000 - 0x00007ffd7c70a000 	C:\WINDOWS\System32\ucrtbase.dll
0x00007ffd669c0000 - 0x00007ffd66c29000 	C:\WINDOWS\WinSxS\amd64_microsoft.windows.common-controls_6595b64144ccf1df_6.0.17134.523_none_fb409dd930672a56\COMCTL32.dll
0x00007ffd7f220000 - 0x00007ffd7f542000 	C:\WINDOWS\System32\combase.dll
0x00007ffd7c200000 - 0x00007ffd7c27a000 	C:\WINDOWS\System32\bcryptPrimitives.dll
0x00007ffd7f150000 - 0x00007ffd7f17d000 	C:\WINDOWS\System32\IMM32.DLL
0x0000000074330000 - 0x0000000074401000 	C:\Program Files\Java\jre1.8.0_201\bin\msvcr100.dll
0x00000000744f0000 - 0x0000000074d94000 	C:\Program Files\Java\jre1.8.0_201\bin\server\jvm.dll
0x00007ffd7fa10000 - 0x00007ffd7fa18000 	C:\WINDOWS\System32\PSAPI.DLL
0x00007ffd7a1c0000 - 0x00007ffd7a1e3000 	C:\WINDOWS\SYSTEM32\WINMM.dll
0x00007ffd78aa0000 - 0x00007ffd78aa9000 	C:\WINDOWS\SYSTEM32\WSOCK32.dll
0x00007ffd7f680000 - 0x00007ffd7f6ec000 	C:\WINDOWS\System32\WS2_32.dll
0x00007ffd71580000 - 0x00007ffd7158a000 	C:\WINDOWS\SYSTEM32\VERSION.dll
0x00007ffd79d70000 - 0x00007ffd79d9a000 	C:\WINDOWS\SYSTEM32\WINMMBASE.dll
0x00007ffd7caa0000 - 0x00007ffd7cae9000 	C:\WINDOWS\System32\cfgmgr32.dll
0x00007ffd76e40000 - 0x00007ffd76e4f000 	C:\Program Files\Java\jre1.8.0_201\bin\verify.dll
0x00007ffd5e620000 - 0x00007ffd5e649000 	C:\Program Files\Java\jre1.8.0_201\bin\java.dll
0x00007ffd741c0000 - 0x00007ffd741d6000 	C:\Program Files\Java\jre1.8.0_201\bin\zip.dll
0x00007ffd7d420000 - 0x00007ffd7e860000 	C:\WINDOWS\System32\SHELL32.dll
0x00007ffd7fd30000 - 0x00007ffd7fdd9000 	C:\WINDOWS\System32\shcore.dll
0x00007ffd7cb90000 - 0x00007ffd7d29d000 	C:\WINDOWS\System32\windows.storage.dll
0x00007ffd7f9b0000 - 0x00007ffd7fa01000 	C:\WINDOWS\System32\shlwapi.dll
0x00007ffd7c1c0000 - 0x00007ffd7c1d1000 	C:\WINDOWS\System32\kernel.appcore.dll
0x00007ffd7c190000 - 0x00007ffd7c1af000 	C:\WINDOWS\System32\profapi.dll
0x00007ffd7c140000 - 0x00007ffd7c18c000 	C:\WINDOWS\System32\powrprof.dll
0x00007ffd7c1b0000 - 0x00007ffd7c1ba000 	C:\WINDOWS\System32\FLTLIB.DLL
0x0000000065580000 - 0x0000000065616000 	C:\Users\TGWTu\AppData\Local\Temp\libgdxTGWTu\12dfaa03\gdx64.dll
0x00007ffd7baf0000 - 0x00007ffd7bb07000 	C:\WINDOWS\SYSTEM32\CRYPTSP.dll
0x00007ffd7b520000 - 0x00007ffd7b553000 	C:\WINDOWS\system32\rsaenh.dll
0x00007ffd7bc20000 - 0x00007ffd7bc45000 	C:\WINDOWS\SYSTEM32\bcrypt.dll
0x00007ffd7c020000 - 0x00007ffd7c048000 	C:\WINDOWS\SYSTEM32\USERENV.dll
0x00007ffd7bb10000 - 0x00007ffd7bb1b000 	C:\WINDOWS\SYSTEM32\CRYPTBASE.dll
0x00007ffd73ad0000 - 0x00007ffd73aea000 	C:\Program Files\Java\jre1.8.0_201\bin\net.dll
0x00007ffd72910000 - 0x00007ffd72ad9000 	C:\WINDOWS\SYSTEM32\urlmon.dll
0x00007ffd720a0000 - 0x00007ffd72345000 	C:\WINDOWS\SYSTEM32\iertutil.dll
0x00007ffd7b940000 - 0x00007ffd7b9a6000 	C:\WINDOWS\system32\mswsock.dll
0x00007ffd7b6c0000 - 0x00007ffd7b6f8000 	C:\WINDOWS\SYSTEM32\IPHLPAPI.DLL
0x00007ffd7ea70000 - 0x00007ffd7ea78000 	C:\WINDOWS\System32\NSI.dll
0x00007ffd72dc0000 - 0x00007ffd72dd6000 	C:\WINDOWS\SYSTEM32\dhcpcsvc6.DLL
0x00007ffd72df0000 - 0x00007ffd72e0a000 	C:\WINDOWS\SYSTEM32\dhcpcsvc.DLL
0x00007ffd71840000 - 0x00007ffd71851000 	C:\Program Files\Java\jre1.8.0_201\bin\nio.dll
0x0000000180000000 - 0x0000000180053000 	C:\Users\TGWTu\AppData\Local\Temp\libgdxTGWTu\dc0f0009\lwjgl64.dll
0x00007ffd6e750000 - 0x00007ffd6e870000 	C:\WINDOWS\SYSTEM32\OPENGL32.dll
0x00007ffd76320000 - 0x00007ffd7634c000 	C:\WINDOWS\SYSTEM32\GLU32.dll
0x000000001a190000 - 0x000000001a1f4000 	C:\Users\TGWTu\AppData\Local\Temp\libgdxTGWTu\dc0f0009\OpenAL64.dll
0x00007ffd7e8b0000 - 0x00007ffd7ea01000 	C:\WINDOWS\System32\ole32.dll
0x00007ffd7a590000 - 0x00007ffd7a628000 	C:\WINDOWS\system32\uxtheme.dll
0x00007ffd7d380000 - 0x00007ffd7d420000 	C:\WINDOWS\System32\clbcatq.dll
0x00007ffd78890000 - 0x00007ffd78a44000 	C:\WINDOWS\System32\PROPSYS.dll
0x00007ffd7fad0000 - 0x00007ffd7fb92000 	C:\WINDOWS\System32\OLEAUT32.dll
0x00007ffd68220000 - 0x00007ffd682af000 	C:\WINDOWS\SYSTEM32\dsound.dll
0x00007ffd757b0000 - 0x00007ffd75826000 	C:\WINDOWS\System32\MMDevApi.dll
0x00007ffd7bed0000 - 0x00007ffd7bef7000 	C:\WINDOWS\System32\DEVOBJ.dll
0x00007ffd5c1f0000 - 0x00007ffd5c31c000 	C:\WINDOWS\SYSTEM32\AUDIOSES.DLL
0x00007ffd77c20000 - 0x00007ffd77d6d000 	C:\WINDOWS\SYSTEM32\wintypes.dll
0x00007ffd77890000 - 0x00007ffd7789a000 	C:\WINDOWS\SYSTEM32\AVRT.dll
0x00007ffd7efc0000 - 0x00007ffd7f133000 	C:\WINDOWS\System32\MSCTF.dll
0x00007ffd7a7e0000 - 0x00007ffd7a809000 	C:\WINDOWS\system32\dwmapi.dll
0x00007ffd48540000 - 0x00007ffd48d72000 	C:\WINDOWS\SYSTEM32\ig7icd64.dll
0x00007ffd78ad0000 - 0x00007ffd78ae3000 	C:\WINDOWS\SYSTEM32\WTSAPI32.dll
0x00007ffd743f0000 - 0x00007ffd74855000 	C:\WINDOWS\SYSTEM32\igdusc64.dll
0x00007ffd6e600000 - 0x00007ffd6e696000 	C:\WINDOWS\System32\TextInputFramework.dll
0x00007ffd770b0000 - 0x00007ffd773ce000 	C:\WINDOWS\System32\CoreUIComponents.dll
0x00007ffd7a0e0000 - 0x00007ffd7a1ba000 	C:\WINDOWS\System32\CoreMessaging.dll
0x00007ffd7b210000 - 0x00007ffd7b241000 	C:\WINDOWS\SYSTEM32\ntmarta.dll
0x00007ffd5fb00000 - 0x00007ffd5fba8000 	C:\WINDOWS\SYSTEM32\mscms.dll
0x00007ffd74880000 - 0x00007ffd74890000 	C:\WINDOWS\SYSTEM32\ColorAdapterClient.dll
0x00007ffd6c250000 - 0x00007ffd6c293000 	C:\WINDOWS\SYSTEM32\icm32.dll
0x00007ffd7aee0000 - 0x00007ffd7af9b000 	C:\WINDOWS\SYSTEM32\dxgi.dll
0x00007ffd792f0000 - 0x00007ffd795fb000 	C:\WINDOWS\SYSTEM32\d3d11.dll
0x00007ffd5a610000 - 0x00007ffd5b1b2000 	C:\WINDOWS\SYSTEM32\igd10iumd64.dll
0x00007ffd7bbf0000 - 0x00007ffd7bc16000 	C:\WINDOWS\SYSTEM32\ncrypt.dll
0x00007ffd7bbb0000 - 0x00007ffd7bbe6000 	C:\WINDOWS\SYSTEM32\NTASN1.dll
0x00007ffd67740000 - 0x00007ffd67909000 	C:\WINDOWS\SYSTEM32\dbghelp.dll

VM Arguments:
jvm_args: -Dfile.encoding=Cp1252 
java_command: com.geeselightning.zepr.desktop.DesktopLauncher
java_class_path (initial): C:\Program Files\Java\jre1.8.0_201\lib\resources.jar;C:\Program Files\Java\jre1.8.0_201\lib\rt.jar;C:\Program Files\Java\jre1.8.0_201\lib\jsse.jar;C:\Program Files\Java\jre1.8.0_201\lib\jce.jar;C:\Program Files\Java\jre1.8.0_201\lib\charsets.jar;C:\Program Files\Java\jre1.8.0_201\lib\jfr.jar;C:\Program Files\Java\jre1.8.0_201\lib\ext\access-bridge-64.jar;C:\Program Files\Java\jre1.8.0_201\lib\ext\cldrdata.jar;C:\Program Files\Java\jre1.8.0_201\lib\ext\dnsns.jar;C:\Program Files\Java\jre1.8.0_201\lib\ext\jaccess.jar;C:\Program Files\Java\jre1.8.0_201\lib\ext\jfxrt.jar;C:\Program Files\Java\jre1.8.0_201\lib\ext\localedata.jar;C:\Program Files\Java\jre1.8.0_201\lib\ext\nashorn.jar;C:\Program Files\Java\jre1.8.0_201\lib\ext\sunec.jar;C:\Program Files\Java\jre1.8.0_201\lib\ext\sunjce_provider.jar;C:\Program Files\Java\jre1.8.0_201\lib\ext\sunmscapi.jar;C:\Program Files\Java\jre1.8.0_201\lib\ext\sunpkcs11.jar;C:\Program Files\Java\jre1.8.0_201\lib\ext\zipfs.jar;C:\Users\TGWTu\Documents\Git\Assessment3\zepr\desktop\bin\main;C:\Users\TGWTu\Documents\Git\Assessment3\zepr\core\bin\default;C:\Users\TGWTu\Documents\Git\Assessment3\zepr\core\bin\main;C:\Users\TGWTu\.gradle\caches\modules-2\files-2.1\com.badlogicgames.gdx\gdx-backend-lwjgl\1.9.8\b7c138f14ed67ad830ae7597da3d86ae02b20eee\gdx-backend-lwjgl-1.9.8.jar;C:\Users\TGWTu\.gradle\caches\modules-2\files-2.1\com.badlogicgames.gdx\gdx-platform\1.9.8\604a2ef2c7c92a5900114757cbd3fb4dcbb8270c\gdx-platform-1.9.8-natives-desktop.jar;C:\Users\TGWTu\.gradle\caches\modules-2\files-2.1\com.badlogicgames.gdx\gdx-box2d-platform\1.9.8\3195b56f82751d7cd7de85edb6824d17bf479781\gdx-box2d-platform-1.9.8-natives-desktop.jar;C:\Users\TGWTu\.gradle\caches\modules-2\files-2.1\com.badlogicgames.gdx\gdx-box2d\1.9.8\6f0497b7958216464101adfb7bdc3a0f7b88d6d3\gdx-box2d-1.9.8.jar;C:\Users\TGWTu\.gradle\caches\modules-2\files-2.1\com.badlogicgames.gdx\gdx\1.9.8\a35a0076fbce873f9c2d5a1a1c8066244231bb3c\gdx-1.9.8.jar;C:\Users\T
Launcher Type: SUN_STANDARD

Environment Variables:
PATH=C:/Program Files/Java/jre1.8.0_201/bin/server;C:/Program Files/Java/jre1.8.0_201/bin;C:/Program Files/Java/jre1.8.0_201/lib/amd64;C:\Program Files (x86)\Common Files\Oracle\Java\javapath;C:\ProgramData\Oracle\Java\javapath;C:\Program Files (x86)\NVIDIA Corporation\PhysX\Common;C:\WINDOWS\system32;C:\WINDOWS;C:\WINDOWS\System32\Wbem;C:\WINDOWS\System32\WindowsPowerShell\v1.0\;C:\Program Files (x86)\Skype\Phone\;C:\Program Files (x86)\GtkSharp\2.12\bin;C:\Program Files\dotnet\;C:\WINDOWS\System32\OpenSSH\;C:\Program Files\Git\cmd;C:\Users\TGWTu\AppData\Local\Microsoft\WindowsApps;;C:\WINDOWS\System32;
USERNAME=TGWTu
OS=Windows_NT
PROCESSOR_IDENTIFIER=Intel64 Family 6 Model 58 Stepping 9, GenuineIntel



---------------  S Y S T E M  ---------------

OS: Windows 10.0 , 64 bit Build 17134 (10.0.17134.1)

CPU:total 4 (initial active 4) (2 cores per cpu, 2 threads per core) family 6 model 58 stepping 9, cmov, cx8, fxsr, mmx, sse, sse2, sse3, ssse3, sse4.1, sse4.2, popcnt, avx, aes, clmul, erms, ht, tsc, tscinvbit, tscinv

Memory: 4k page, physical 8291852k(4070572k free), swap 9602572k(4389568k free)

vm_info: Java HotSpot(TM) 64-Bit Server VM (25.201-b09) for windows-amd64 JRE (1.8.0_201-b09), built on Dec 15 2018 18:36:39 by "java_re" with MS VC++ 10.0 (VS2010)

time: Fri Feb 08 12:04:34 2019
timezone: GMT Standard Time
elapsed time: 22 seconds (0d 0h 0m 22s)

