#
# A fatal error has been detected by the Java Runtime Environment:
#
#  SIGSEGV (0xb) at pc=0x00007fb877958135, pid=10323, tid=10360
#
# JRE version: OpenJDK Runtime Environment (10.0.2+13) (build 10.0.2+13-Ubuntu-1ubuntu0.18.04.4)
# Java VM: OpenJDK 64-Bit Server VM (10.0.2+13-Ubuntu-1ubuntu0.18.04.4, mixed mode, tiered, compressed oops, g1 gc, linux-amd64)
# Problematic frame:
# C  [libc.so.6+0x95135]
[timeout occurred during error reporting in step "printing problematic frame"] after 30 s.
# Core dump will be written. Default location: Core dumps may be processed with "/usr/share/apport/apport %p %s %c %d %P" (or dumping to /home/matthew/Documents/CS/SEPR/Game/Assessment3/zepr/desktop/core.10323)
#
# If you would like to submit a bug report, please visit:
#   http://bugreport.java.com/bugreport/crash.jsp
# The crash happened outside the Java Virtual Machine in native code.
# See problematic frame for where to report the bug.
#

---------------  S U M M A R Y ------------

Command Line: -Dfile.encoding=UTF-8 com.geeselightning.zepr.desktop.DesktopLauncher

Host: 
[timeout occurred during error reporting in step "printing summary machine and OS info"] after 30 s.
Time: Sat Feb  2 06:15:35 2019 GMT elapsed time: 209 seconds (0d 0h 3m 29s)

---------------  T H R E A D  ---------------

Current thread (0x00007fb87062f800):  JavaThread "LWJGL Application" [_thread_in_native, id=10360, stack(0x00007fb7d4d3e000,0x00007fb7d4e3f000)]

Stack: [0x00007fb7d4d3e000,0x00007fb7d4e3f000],  sp=0x00007fb7d4e3cdd0,  free space=1019k
Native frames: (J=compiled Java code, A=aot compiled Java code, j=interpreted, Vv=VM code, C=native code)
C  [libc.so.6+0x95135]
------ Timeout during error reporting after 120 s. ------
