#
# A fatal error has been detected by the Java Runtime Environment:
#
#  EXCEPTION_ACCESS_VIOLATION (0xc0000005) at pc=0x00007fff9b73c1a7, pid=11212, tid=0x0000000000001234
#
# JRE version: Java(TM) SE Runtime Environment (8.0_201-b09) (build 1.8.0_201-b09)
# Java VM: Java HotSpot(TM) 64-Bit Server VM (25.201-b09 mixed mode windows-amd64 compressed oops)
# Problematic frame:
# C  [ntdll.dll+0x1c1a7]
#
# Failed to write core dump. Minidumps are not enabled by default on client versions of Windows
#
# If you would like to submit a bug report, please visit:
#   http://bugreport.java.com/bugreport/crash.jsp
# The crash happened outside the Java Virtual Machine in native code.
# See problematic frame for where to report the bug.
#

---------------  T H R E A D  ---------------

Current thread (0x000000001df5e000):  JavaThread "LWJGL Application" [_thread_in_native, id=4660, stack(0x000000001f280000,0x000000001f380000)]

siginfo: ExceptionCode=0xc0000005, reading address 0x00000000feffffff

Registers:
RAX=0x00000000006e0016, RBX=0x00000000005c0000, RCX=0x0000000000001678, RDX=0x0000000000000016
RSP=0x000000001f37e240, RBP=0x0000000000000000, RSI=0x000000001f7a1950, RDI=0x000000006e001678
R8 =0x00000000feffffff, R9 =0x0000000000013890, R10=0x00000000028a8c3b, R11=0x00007fff9b839400
R12=0x00000000005c0150, R13=0x4396000043960000, R14=0x000000001f7a1940, R15=0x00000000005c2d40
RIP=0x00007fff9b73c1a7, EFLAGS=0x0000000000010212

Top of Stack: (sp=0x000000001f37e240)
0x000000001f37e240:   00000000017abe11 0000000001790299
0x000000001f37e250:   00000000000408f4 00007fff9b75f2ac
0x000000001f37e260:   0000000000550000 0000000000000002
0x000000001f37e270:   0000000100003001 0000000000000000
0x000000001f37e280:   0000000000000001 0000000000000000
0x000000001f37e290:   0000000000000000 0000000000001389
0x000000001f37e2a0:   0000000000000001 00000000feffffff
0x000000001f37e2b0:   0000aa25ee42e1bc 000000001f37e3e1
0x000000001f37e2c0:   0000000000000000 000000001f37e408
0x000000001f37e2d0:   000000001f7a1940 0000000000000003
0x000000001f37e2e0:   000000000055179c 00000000000003ff
0x000000001f37e2f0:   000000001f37e361 000000005c39b1e5
0x000000001f37e300:   0000000000000000 000000005c34e306
0x000000001f37e310:   000000001bf8d010 000000001bf8d010
0x000000001f37e320:   000000001bf8d018 000000001df5e000
0x000000001f37e330:   000000001df5e000 000000005c34e230 

Instructions: (pc=0x00007fff9b73c1a7)
0x00007fff9b73c187:   0f b7 4e 08 0f b7 d1 66 c1 ea 08 49 3b cd 0f 82
0x00007fff9b73c197:   ef 17 00 00 4c 8b 2e 4d 8b 46 18 4c 89 44 24 68
0x00007fff9b73c1a7:   49 8b 00 4d 8b 4d 08 49 3b c1 0f 85 b0 17 00 00
0x00007fff9b73c1b7:   48 3b c6 0f 85 a7 17 00 00 48 29 8b c0 00 00 00 


Register to memory mapping:

RAX=0x00000000006e0016 is an unknown value
RBX=0x00000000005c0000 is an unknown value
RCX=0x0000000000001678 is an unknown value
RDX=0x0000000000000016 is an unknown value
RSP=0x000000001f37e240 is pointing into the stack for thread: 0x000000001df5e000
RBP=0x0000000000000000 is an unknown value
RSI=0x000000001f7a1950 is an unknown value
RDI=0x000000006e001678 is an unknown value
R8 =0x00000000feffffff is an unknown value
R9 =0x0000000000013890 is an unknown value
R10=0x00000000028a8c3b is at code_begin+891 in an Interpreter codelet
method entry point (kind = native)  [0x00000000028a88c0, 0x00000000028a9280]  2496 bytes
R11=0x00007fff9b839400 is an unknown value
R12=0x00000000005c0150 is an unknown value
R13=0x4396000043960000 is an unknown value
R14=0x000000001f7a1940 is an unknown value
R15=0x00000000005c2d40 is an unknown value


Stack: [0x000000001f280000,0x000000001f380000],  sp=0x000000001f37e240,  free space=1016k
Native frames: (J=compiled Java code, j=interpreted, Vv=VM code, C=native code)

Java frames: (J=compiled Java code, j=interpreted, Vv=VM code)
j  com.badlogic.gdx.utils.BufferUtils.newDisposableByteBuffer(I)Ljava/nio/ByteBuffer;+0
j  com.badlogic.gdx.utils.BufferUtils.newUnsafeByteBuffer(I)Ljava/nio/ByteBuffer;+1
j  com.badlogic.gdx.graphics.glutils.VertexArray.<init>(ILcom/badlogic/gdx/graphics/VertexAttributes;)V+24
j  com.badlogic.gdx.graphics.Mesh.<init>(Lcom/badlogic/gdx/graphics/Mesh$VertexDataType;ZIILcom/badlogic/gdx/graphics/VertexAttributes;)V+179
j  com.badlogic.gdx.graphics.Mesh.<init>(Lcom/badlogic/gdx/graphics/Mesh$VertexDataType;ZII[Lcom/badlogic/gdx/graphics/VertexAttribute;)V+15
j  com.badlogic.gdx.graphics.g2d.SpriteBatch.<init>(ILcom/badlogic/gdx/graphics/glutils/ShaderProgram;)V+251
j  com.badlogic.gdx.graphics.g2d.SpriteBatch.<init>()V+5
j  com.badlogic.gdx.scenes.scene2d.Stage.<init>(Lcom/badlogic/gdx/utils/viewport/Viewport;)V+6
j  com.geeselightning.zepr.SelectCharacterScreen.<init>(Lcom/geeselightning/zepr/Zepr;)V+44
j  com.geeselightning.zepr.Zepr.changeScreen(I)V+88
j  com.geeselightning.zepr.TextScreen$1.changed(Lcom/badlogic/gdx/scenes/scene2d/utils/ChangeListener$ChangeEvent;Lcom/badlogic/gdx/scenes/scene2d/Actor;)V+8
j  com.badlogic.gdx.scenes.scene2d.utils.ChangeListener.handle(Lcom/badlogic/gdx/scenes/scene2d/Event;)Z+18
J 743 C1 com.badlogic.gdx.scenes.scene2d.Actor.notify(Lcom/badlogic/gdx/scenes/scene2d/Event;Z)Z (180 bytes) @ 0x0000000002b86b7c [0x0000000002b86340+0x83c]
j  com.badlogic.gdx.scenes.scene2d.Actor.fire(Lcom/badlogic/gdx/scenes/scene2d/Event;)Z+152
j  com.badlogic.gdx.scenes.scene2d.ui.Button.setChecked(ZZ)V+49
j  com.badlogic.gdx.scenes.scene2d.ui.Button$1.clicked(Lcom/badlogic/gdx/scenes/scene2d/InputEvent;FF)V+31
j  com.badlogic.gdx.scenes.scene2d.utils.ClickListener.touchUp(Lcom/badlogic/gdx/scenes/scene2d/InputEvent;FFII)V+108
j  com.badlogic.gdx.scenes.scene2d.InputListener.handle(Lcom/badlogic/gdx/scenes/scene2d/Event;)Z+196
j  com.badlogic.gdx.scenes.scene2d.Stage.touchUp(IIII)Z+213
j  com.badlogic.gdx.backends.lwjgl.LwjglInput.processEvents()V+283
j  com.badlogic.gdx.backends.lwjgl.LwjglApplication.mainLoop()V+600
j  com.badlogic.gdx.backends.lwjgl.LwjglApplication$1.run()V+27
v  ~StubRoutines::call_stub

---------------  P R O C E S S  ---------------

Java Threads: ( => current thread )
  0x000000001e165800 JavaThread "LWJGL Timer" daemon [_thread_blocked, id=4480, stack(0x000000002c1c0000,0x000000002c2c0000)]
  0x000000000275e800 JavaThread "DestroyJavaVM" [_thread_blocked, id=13076, stack(0x0000000002650000,0x0000000002750000)]
=>0x000000001df5e000 JavaThread "LWJGL Application" [_thread_in_native, id=4660, stack(0x000000001f280000,0x000000001f380000)]
  0x000000001d8a0800 JavaThread "Service Thread" daemon [_thread_blocked, id=4572, stack(0x000000001dc80000,0x000000001dd80000)]
  0x000000001bf41800 JavaThread "C1 CompilerThread2" daemon [_thread_blocked, id=9184, stack(0x000000001d780000,0x000000001d880000)]
  0x000000001bf34800 JavaThread "C2 CompilerThread1" daemon [_thread_blocked, id=4084, stack(0x000000001d680000,0x000000001d780000)]
  0x000000001bf31800 JavaThread "C2 CompilerThread0" daemon [_thread_blocked, id=5616, stack(0x000000001d580000,0x000000001d680000)]
  0x000000001bf30000 JavaThread "Attach Listener" daemon [_thread_blocked, id=12124, stack(0x000000001d480000,0x000000001d580000)]
  0x000000001bf2f000 JavaThread "Signal Dispatcher" daemon [_thread_blocked, id=13292, stack(0x000000001d380000,0x000000001d480000)]
  0x000000001bf1a000 JavaThread "Finalizer" daemon [_thread_blocked, id=3068, stack(0x000000001d180000,0x000000001d280000)]
  0x0000000002873000 JavaThread "Reference Handler" daemon [_thread_blocked, id=2352, stack(0x000000001d080000,0x000000001d180000)]

Other Threads:
  0x000000001bef8000 VMThread [stack: 0x000000001cf80000,0x000000001d080000] [id=5124]
  0x000000001bf8c000 WatcherThread [stack: 0x000000001dd80000,0x000000001de80000] [id=8596]

VM state:not at safepoint (normal execution)

VM Mutex/Monitor currently owned by a thread: None

heap address: 0x00000006c0e00000, size: 4082 MB, Compressed Oops mode: Zero based, Oop shift amount: 3
Narrow klass base: 0x0000000000000000, Narrow klass shift: 3
Compressed class space size: 1073741824 Address: 0x00000007c0000000

Heap:
 PSYoungGen      total 76288K, used 30688K [0x000000076af80000, 0x0000000770480000, 0x00000007c0000000)
  eden space 65536K, 46% used [0x000000076af80000,0x000000076cd78280,0x000000076ef80000)
  from space 10752K, 0% used [0x000000076fa00000,0x000000076fa00000,0x0000000770480000)
  to   space 10752K, 0% used [0x000000076ef80000,0x000000076ef80000,0x000000076fa00000)
 ParOldGen       total 175104K, used 0K [0x00000006c0e00000, 0x00000006cb900000, 0x000000076af80000)
  object space 175104K, 0% used [0x00000006c0e00000,0x00000006c0e00000,0x00000006cb900000)
 Metaspace       used 8397K, capacity 8591K, committed 8832K, reserved 1056768K
  class space    used 793K, capacity 850K, committed 896K, reserved 1048576K

Card table byte_map: [0x0000000011c50000,0x0000000012450000] byte_map_base: 0x000000000e649000

Marking Bits: (ParMarkBitMap*) 0x000000005cab4ce0
 Begin Bits: [0x0000000012db0000, 0x0000000016d78000)
 End Bits:   [0x0000000016d78000, 0x000000001ad40000)

Polling page: 0x0000000002760000

CodeCache: size=245760Kb used=4903Kb max_used=4915Kb free=240856Kb
 bounds [0x0000000002890000, 0x0000000002d70000, 0x0000000011890000]
 total_blobs=1702 nmethods=1236 adapters=378
 compilation: enabled

Compilation events (10 events):
Event: 8.885 Thread 0x000000001bf41800 nmethod 1231 0x0000000002d56fd0 code [0x0000000002d571a0, 0x0000000002d57718]
Event: 8.885 Thread 0x000000001bf41800 1232       3       java.util.regex.Pattern::compile (10 bytes)
Event: 8.885 Thread 0x000000001bf41800 nmethod 1232 0x0000000002d4f910 code [0x0000000002d4fa80, 0x0000000002d4fc68]
Event: 8.885 Thread 0x000000001bf41800 1233       3       java.util.regex.Matcher::quoteReplacement (82 bytes)
Event: 8.886 Thread 0x000000001bf41800 nmethod 1233 0x0000000002d580d0 code [0x0000000002d58380, 0x0000000002d59a98]
Event: 8.886 Thread 0x000000001bf41800 1234   !   3       com.badlogic.gdx.utils.reflect.Field::set (77 bytes)
Event: 8.886 Thread 0x000000001bf41800 nmethod 1234 0x0000000002d5a750 code [0x0000000002d5a9e0, 0x0000000002d5bce8]
Event: 8.887 Thread 0x000000001bf31800 nmethod 1223 0x0000000002d5f910 code [0x0000000002d5fa80, 0x0000000002d60118]
Event: 9.645 Thread 0x000000001bf41800 1236       3       com.badlogic.gdx.scenes.scene2d.utils.BaseDrawable::getMinWidth (5 bytes)
Event: 9.645 Thread 0x000000001bf41800 nmethod 1236 0x0000000002d5f5d0 code [0x0000000002d5f720, 0x0000000002d5f870]

GC Heap History (0 events):
No events

Deoptimization events (10 events):
Event: 3.500 Thread 0x000000001df5e000 Uncommon trap: reason=unstable_if action=reinterpret pc=0x0000000002ae2a14 method=java.util.StringTokenizer.scanToken(I)I @ 7
Event: 3.616 Thread 0x000000001df5e000 Uncommon trap: reason=unstable_if action=reinterpret pc=0x0000000002bebc04 method=java.lang.Math.round(F)I @ 36
Event: 4.147 Thread 0x000000001df5e000 Uncommon trap: reason=array_check action=maybe_recompile pc=0x0000000002c5ead0 method=com.badlogic.gdx.utils.Array.add(Ljava/lang/Object;)V @ 46
Event: 4.147 Thread 0x000000001df5e000 Uncommon trap: reason=array_check action=maybe_recompile pc=0x0000000002c5ead0 method=com.badlogic.gdx.utils.Array.add(Ljava/lang/Object;)V @ 46
Event: 4.147 Thread 0x000000001df5e000 Uncommon trap: reason=array_check action=maybe_recompile pc=0x0000000002c5ead0 method=com.badlogic.gdx.utils.Array.add(Ljava/lang/Object;)V @ 46
Event: 4.147 Thread 0x000000001df5e000 Uncommon trap: reason=array_check action=maybe_recompile pc=0x0000000002c5ead0 method=com.badlogic.gdx.utils.Array.add(Ljava/lang/Object;)V @ 46
Event: 6.529 Thread 0x000000001df5e000 Uncommon trap: reason=unstable_if action=reinterpret pc=0x0000000002c4eb4c method=com.badlogic.gdx.graphics.g2d.SpriteBatch.draw(Lcom/badlogic/gdx/graphics/Texture;[FII)V @ 55
Event: 6.547 Thread 0x000000001df5e000 Uncommon trap: reason=unstable_if action=reinterpret pc=0x0000000002c2c64c method=com.badlogic.gdx.graphics.g2d.SpriteBatch.draw(Lcom/badlogic/gdx/graphics/Texture;[FII)V @ 55
Event: 6.580 Thread 0x000000001df5e000 Uncommon trap: reason=unstable_if action=reinterpret pc=0x0000000002c4b15c method=com.badlogic.gdx.graphics.g2d.SpriteBatch.draw(Lcom/badlogic/gdx/graphics/Texture;[FII)V @ 55
Event: 8.876 Thread 0x000000001df5e000 Uncommon trap: reason=null_check action=make_not_entrant pc=0x0000000002cfbd74 method=com.badlogic.gdx.utils.ObjectMap.get(Ljava/lang/Object;)Ljava/lang/Object; @ 38

Classes redefined (0 events):
No events

Internal exceptions (10 events):
Event: 0.167 Thread 0x000000000275e800 Exception <a 'java/security/PrivilegedActionException'> (0x000000076b32b1e8) thrown at [C:\re\workspace\8-2-build-windows-amd64-cygwin\jdk8u201\12322\hotspot\src\share\vm\prims\jvm.cpp, line 1502]
Event: 0.167 Thread 0x000000000275e800 Exception <a 'java/security/PrivilegedActionException'> (0x000000076b32b3f8) thrown at [C:\re\workspace\8-2-build-windows-amd64-cygwin\jdk8u201\12322\hotspot\src\share\vm\prims\jvm.cpp, line 1502]
Event: 0.286 Thread 0x000000000275e800 Exception <a 'java/security/PrivilegedActionException'> (0x000000076b4679c0) thrown at [C:\re\workspace\8-2-build-windows-amd64-cygwin\jdk8u201\12322\hotspot\src\share\vm\prims\jvm.cpp, line 1502]
Event: 0.286 Thread 0x000000000275e800 Exception <a 'java/security/PrivilegedActionException'> (0x000000076b469698) thrown at [C:\re\workspace\8-2-build-windows-amd64-cygwin\jdk8u201\12322\hotspot\src\share\vm\prims\jvm.cpp, line 1502]
Event: 0.286 Thread 0x000000000275e800 Exception <a 'java/security/PrivilegedActionException'> (0x000000076b46a808) thrown at [C:\re\workspace\8-2-build-windows-amd64-cygwin\jdk8u201\12322\hotspot\src\share\vm\prims\jvm.cpp, line 1502]
Event: 0.286 Thread 0x000000000275e800 Exception <a 'java/security/PrivilegedActionException'> (0x000000076b46f970) thrown at [C:\re\workspace\8-2-build-windows-amd64-cygwin\jdk8u201\12322\hotspot\src\share\vm\prims\jvm.cpp, line 1502]
Event: 0.286 Thread 0x000000000275e800 Exception <a 'java/security/PrivilegedActionException'> (0x000000076b4705c8) thrown at [C:\re\workspace\8-2-build-windows-amd64-cygwin\jdk8u201\12322\hotspot\src\share\vm\prims\jvm.cpp, line 1502]
Event: 0.286 Thread 0x000000000275e800 Exception <a 'java/security/PrivilegedActionException'> (0x000000076b4711f0) thrown at [C:\re\workspace\8-2-build-windows-amd64-cygwin\jdk8u201\12322\hotspot\src\share\vm\prims\jvm.cpp, line 1502]
Event: 2.487 Thread 0x000000001df5e000 Implicit null exception at 0x0000000002a9ea16 to 0x0000000002a9edb9
Event: 8.876 Thread 0x000000001df5e000 Implicit null exception at 0x0000000002cfb899 to 0x0000000002cfbd61

Events (10 events):
Event: 6.580 Thread 0x000000001df5e000 DEOPT UNPACKING pc=0x00000000028d583b sp=0x000000001f37ec18 mode 2
Event: 6.729 Thread 0x000000001df5e000 DEOPT PACKING pc=0x0000000002cdaefa sp=0x000000001f37ed80
Event: 6.729 Thread 0x000000001df5e000 DEOPT UNPACKING pc=0x00000000028d7890 sp=0x000000001f37ea20 mode 0
Event: 8.862 loading class com/geeselightning/zepr/TextScreen
Event: 8.862 loading class com/geeselightning/zepr/TextScreen done
Event: 8.876 Thread 0x000000001df5e000 Uncommon trap: trap_request=0xfffffff4 fr.pc=0x0000000002cfbd74
Event: 8.876 Thread 0x000000001df5e000 DEOPT PACKING pc=0x0000000002cfbd74 sp=0x000000001f37e090
Event: 8.876 Thread 0x000000001df5e000 DEOPT UNPACKING pc=0x00000000028d583b sp=0x000000001f37e020 mode 2
Event: 8.885 loading class com/geeselightning/zepr/TextScreen$1
Event: 8.885 loading class com/geeselightning/zepr/TextScreen$1 done


Dynamic libraries:
0x00007ff68dc40000 - 0x00007ff68dc77000 	C:\Program Files\Java\jre1.8.0_201\bin\javaw.exe
0x00007fff9b720000 - 0x00007fff9b901000 	C:\Windows\SYSTEM32\ntdll.dll
0x00007fff9b4d0000 - 0x00007fff9b582000 	C:\Windows\System32\KERNEL32.DLL
0x00007fff98560000 - 0x00007fff987d3000 	C:\Windows\System32\KERNELBASE.dll
0x000000005fdf0000 - 0x0000000060115000 	C:\Program Files\Norton Security\NortonData\22.15.0.88\Definitions\IPSDefs\20190213.061\IPSEng64.dll
0x00007fff99220000 - 0x00007fff992c1000 	C:\Windows\System32\ADVAPI32.dll
0x00007fff99c90000 - 0x00007fff99d2e000 	C:\Windows\System32\msvcrt.dll
0x00007fff995d0000 - 0x00007fff9962b000 	C:\Windows\System32\sechost.dll
0x00007fff9b170000 - 0x00007fff9b294000 	C:\Windows\System32\RPCRT4.dll
0x00007fff99210000 - 0x00007fff99218000 	C:\Windows\System32\PSAPI.DLL
0x00007fff99630000 - 0x00007fff997c0000 	C:\Windows\System32\USER32.dll
0x00007fff98540000 - 0x00007fff98560000 	C:\Windows\System32\win32u.dll
0x00007fff9b4a0000 - 0x00007fff9b4c8000 	C:\Windows\System32\GDI32.dll
0x00007fff98970000 - 0x00007fff98b02000 	C:\Windows\System32\gdi32full.dll
0x00007fff98b10000 - 0x00007fff98baf000 	C:\Windows\System32\msvcp_win.dll
0x00007fff97af0000 - 0x00007fff97bea000 	C:\Windows\System32\ucrtbase.dll
0x00007fff84900000 - 0x00007fff84b69000 	C:\Windows\WinSxS\amd64_microsoft.windows.common-controls_6595b64144ccf1df_6.0.17134.590_none_fb3d9bff3069e088\COMCTL32.dll
0x00007fff997c0000 - 0x00007fff99ae2000 	C:\Windows\System32\combase.dll
0x00007fff98840000 - 0x00007fff988ba000 	C:\Windows\System32\bcryptPrimitives.dll
0x00007fff99c40000 - 0x00007fff99c6d000 	C:\Windows\System32\IMM32.DLL
0x000000005df90000 - 0x000000005e061000 	C:\Program Files\Java\jre1.8.0_201\bin\msvcr100.dll
0x000000005c290000 - 0x000000005cb34000 	C:\Program Files\Java\jre1.8.0_201\bin\server\jvm.dll
0x00007fff8a1a0000 - 0x00007fff8a1a9000 	C:\Windows\SYSTEM32\WSOCK32.dll
0x00007fff99560000 - 0x00007fff995cc000 	C:\Windows\System32\WS2_32.dll
0x00007fff8f6e0000 - 0x00007fff8f703000 	C:\Windows\SYSTEM32\WINMM.dll
0x00007fff93fe0000 - 0x00007fff93fea000 	C:\Windows\SYSTEM32\VERSION.dll
0x00007fff8f6b0000 - 0x00007fff8f6da000 	C:\Windows\SYSTEM32\WINMMBASE.dll
0x00007fff984f0000 - 0x00007fff98539000 	C:\Windows\System32\cfgmgr32.dll
0x00007fff89110000 - 0x00007fff8911f000 	C:\Program Files\Java\jre1.8.0_201\bin\verify.dll
0x00007fff82c40000 - 0x00007fff82c69000 	C:\Program Files\Java\jre1.8.0_201\bin\java.dll
0x00007fff82ab0000 - 0x00007fff82ac6000 	C:\Program Files\Java\jre1.8.0_201\bin\zip.dll
0x00007fff99d30000 - 0x00007fff9b170000 	C:\Windows\System32\SHELL32.dll
0x00007fff994b0000 - 0x00007fff99559000 	C:\Windows\System32\shcore.dll
0x00007fff97de0000 - 0x00007fff984ed000 	C:\Windows\System32\windows.storage.dll
0x00007fff9b440000 - 0x00007fff9b491000 	C:\Windows\System32\shlwapi.dll
0x00007fff97ad0000 - 0x00007fff97ae1000 	C:\Windows\System32\kernel.appcore.dll
0x00007fff97ab0000 - 0x00007fff97acf000 	C:\Windows\System32\profapi.dll
0x00007fff97a40000 - 0x00007fff97a8c000 	C:\Windows\System32\powrprof.dll
0x00007fff97a30000 - 0x00007fff97a3a000 	C:\Windows\System32\FLTLIB.DLL
0x0000000065580000 - 0x0000000065616000 	C:\Users\TGWTu\AppData\Local\Temp\libgdxTGWTu\12dfaa03\gdx64.dll
0x00007fff97470000 - 0x00007fff97487000 	C:\Windows\SYSTEM32\CRYPTSP.dll
0x00007fff96e90000 - 0x00007fff96ec3000 	C:\Windows\system32\rsaenh.dll
0x00007fff97590000 - 0x00007fff975b5000 	C:\Windows\SYSTEM32\bcrypt.dll
0x00007fff97930000 - 0x00007fff97958000 	C:\Windows\SYSTEM32\USERENV.dll
0x00007fff97460000 - 0x00007fff9746b000 	C:\Windows\SYSTEM32\CRYPTBASE.dll
0x00007fff7ccc0000 - 0x00007fff7ccda000 	C:\Program Files\Java\jre1.8.0_201\bin\net.dll
0x00007fff8f850000 - 0x00007fff8fa19000 	C:\Windows\SYSTEM32\urlmon.dll
0x00007fff8cd10000 - 0x00007fff8cfb5000 	C:\Windows\SYSTEM32\iertutil.dll
0x00007fff972b0000 - 0x00007fff97316000 	C:\Windows\system32\mswsock.dll
0x00007fff97030000 - 0x00007fff97068000 	C:\Windows\SYSTEM32\IPHLPAPI.DLL
0x00007fff98bb0000 - 0x00007fff98bb8000 	C:\Windows\System32\NSI.dll
0x00007fff92a60000 - 0x00007fff92a76000 	C:\Windows\SYSTEM32\dhcpcsvc6.DLL
0x00007fff92cd0000 - 0x00007fff92cea000 	C:\Windows\SYSTEM32\dhcpcsvc.DLL
0x00007fff7cca0000 - 0x00007fff7ccb1000 	C:\Program Files\Java\jre1.8.0_201\bin\nio.dll
0x0000000180000000 - 0x0000000180053000 	C:\Users\TGWTu\AppData\Local\Temp\libgdxTGWTu\dc0f0009\lwjgl64.dll
0x00007fff81110000 - 0x00007fff81230000 	C:\Windows\SYSTEM32\OPENGL32.dll
0x00007fff87bb0000 - 0x00007fff87bdc000 	C:\Windows\SYSTEM32\GLU32.dll
0x000000001e9e0000 - 0x000000001ea44000 	C:\Users\TGWTu\AppData\Local\Temp\libgdxTGWTu\dc0f0009\OpenAL64.dll
0x00007fff9b590000 - 0x00007fff9b6e1000 	C:\Windows\System32\ole32.dll
0x00007fff96030000 - 0x00007fff960c8000 	C:\Windows\system32\uxtheme.dll
0x00007fff992d0000 - 0x00007fff99370000 	C:\Windows\System32\clbcatq.dll
0x00007fff91e70000 - 0x00007fff92024000 	C:\Windows\System32\PROPSYS.dll
0x00007fff99380000 - 0x00007fff99443000 	C:\Windows\System32\OLEAUT32.dll
0x00007fff64470000 - 0x00007fff644ff000 	C:\Windows\SYSTEM32\dsound.dll
0x00007fff923b0000 - 0x00007fff92426000 	C:\Windows\System32\MMDevApi.dll
0x00007fff97840000 - 0x00007fff97867000 	C:\Windows\System32\DEVOBJ.dll
0x00007fff8f530000 - 0x00007fff8f65c000 	C:\Windows\SYSTEM32\AUDIOSES.DLL
0x00007fff944e0000 - 0x00007fff9462d000 	C:\Windows\SYSTEM32\wintypes.dll
0x00007fff94060000 - 0x00007fff9406a000 	C:\Windows\SYSTEM32\AVRT.dll
0x00007fff99090000 - 0x00007fff99203000 	C:\Windows\System32\MSCTF.dll
0x00007fff96100000 - 0x00007fff96129000 	C:\Windows\system32\dwmapi.dll
0x0000000059c00000 - 0x000000005c289000 	C:\Windows\System32\DriverStore\FileRepository\nv_dispi.inf_amd64_5db32447b43ce666\nvoglv64.dll
0x00007fff98c40000 - 0x00007fff9908b000 	C:\Windows\System32\SETUPAPI.dll
0x00007fff94450000 - 0x00007fff94463000 	C:\Windows\SYSTEM32\WTSAPI32.dll
0x00007fff987e0000 - 0x00007fff98837000 	C:\Windows\System32\WINTRUST.dll
0x00007fff97a90000 - 0x00007fff97aa2000 	C:\Windows\System32\MSASN1.dll
0x00007fff97bf0000 - 0x00007fff97dd2000 	C:\Windows\System32\CRYPT32.dll
0x00007fff96b20000 - 0x00007fff96b51000 	C:\Windows\SYSTEM32\ntmarta.dll
0x00007fff4fa60000 - 0x00007fff4fd26000 	C:\Windows\system32\nvspcap64.dll
0x00007fff8ec40000 - 0x00007fff8ecd6000 	C:\Windows\System32\TextInputFramework.dll
0x00007fff8e880000 - 0x00007fff8eb9e000 	C:\Windows\System32\CoreUIComponents.dll
0x00007fff95bc0000 - 0x00007fff95c9a000 	C:\Windows\System32\CoreMessaging.dll
0x00007fff78430000 - 0x00007fff784d8000 	C:\Windows\SYSTEM32\mscms.dll
0x00007fff8f7d0000 - 0x00007fff8f7e0000 	C:\Windows\SYSTEM32\ColorAdapterClient.dll
0x00007fff64610000 - 0x00007fff64653000 	C:\Windows\SYSTEM32\icm32.dll
0x00007fff96bc0000 - 0x00007fff96c16000 	C:\Windows\SYSTEM32\WINSTA.dll
0x00007fff92fe0000 - 0x00007fff931a9000 	C:\Windows\SYSTEM32\dbghelp.dll

VM Arguments:
jvm_args: -Dfile.encoding=Cp1252 
java_command: com.geeselightning.zepr.desktop.DesktopLauncher
java_class_path (initial): C:\Program Files\Java\jre1.8.0_201\lib\resources.jar;C:\Program Files\Java\jre1.8.0_201\lib\rt.jar;C:\Program Files\Java\jre1.8.0_201\lib\jsse.jar;C:\Program Files\Java\jre1.8.0_201\lib\jce.jar;C:\Program Files\Java\jre1.8.0_201\lib\charsets.jar;C:\Program Files\Java\jre1.8.0_201\lib\jfr.jar;C:\Program Files\Java\jre1.8.0_201\lib\ext\access-bridge-64.jar;C:\Program Files\Java\jre1.8.0_201\lib\ext\cldrdata.jar;C:\Program Files\Java\jre1.8.0_201\lib\ext\dnsns.jar;C:\Program Files\Java\jre1.8.0_201\lib\ext\jaccess.jar;C:\Program Files\Java\jre1.8.0_201\lib\ext\jfxrt.jar;C:\Program Files\Java\jre1.8.0_201\lib\ext\localedata.jar;C:\Program Files\Java\jre1.8.0_201\lib\ext\nashorn.jar;C:\Program Files\Java\jre1.8.0_201\lib\ext\sunec.jar;C:\Program Files\Java\jre1.8.0_201\lib\ext\sunjce_provider.jar;C:\Program Files\Java\jre1.8.0_201\lib\ext\sunmscapi.jar;C:\Program Files\Java\jre1.8.0_201\lib\ext\sunpkcs11.jar;C:\Program Files\Java\jre1.8.0_201\lib\ext\zipfs.jar;E:\Downloads\Git\Assessment3\zepr\desktop\bin\main;E:\Downloads\Git\Assessment3\zepr\core\bin\default;E:\Downloads\Git\Assessment3\zepr\core\bin\main;C:\Users\TGWTu\.gradle\caches\modules-2\files-2.1\com.badlogicgames.gdx\gdx-backend-lwjgl\1.9.8\b7c138f14ed67ad830ae7597da3d86ae02b20eee\gdx-backend-lwjgl-1.9.8.jar;C:\Users\TGWTu\.gradle\caches\modules-2\files-2.1\com.badlogicgames.gdx\gdx-platform\1.9.8\604a2ef2c7c92a5900114757cbd3fb4dcbb8270c\gdx-platform-1.9.8-natives-desktop.jar;C:\Users\TGWTu\.gradle\caches\modules-2\files-2.1\com.badlogicgames.gdx\gdx-box2d-platform\1.9.8\3195b56f82751d7cd7de85edb6824d17bf479781\gdx-box2d-platform-1.9.8-natives-desktop.jar;C:\Users\TGWTu\.gradle\caches\modules-2\files-2.1\com.badlogicgames.gdx\gdx-box2d\1.9.8\6f0497b7958216464101adfb7bdc3a0f7b88d6d3\gdx-box2d-1.9.8.jar;C:\Users\TGWTu\.gradle\caches\modules-2\files-2.1\com.badlogicgames.gdx\gdx\1.9.8\a35a0076fbce873f9c2d5a1a1c8066244231bb3c\gdx-1.9.8.jar;C:\Users\TGWTu\.gradle\caches\modules-2\files-
Launcher Type: SUN_STANDARD

Environment Variables:
PATH=C:/Program Files/Java/jre1.8.0_201/bin/server;C:/Program Files/Java/jre1.8.0_201/bin;C:/Program Files/Java/jre1.8.0_201/lib/amd64;C:\Program Files (x86)\Common Files\Oracle\Java\javapath;C:\Windows\system32;C:\Windows;C:\Windows\System32\Wbem;C:\Windows\System32\WindowsPowerShell\v1.0\;C:\Windows\System32\OpenSSH\;C:\Program Files (x86)\NVIDIA Corporation\PhysX\Common;E:\Documents\Programs\Git\Git\cmd;C:\Program Files\NVIDIA Corporation\NVIDIA NvDLISR;C:\Users\TGWTu\AppData\Local\Microsoft\WindowsApps;C:\Program Files\Java\jdk1.8.0_191\bin;;C:\Windows\system32;
USERNAME=TGWTu
OS=Windows_NT
PROCESSOR_IDENTIFIER=Intel64 Family 6 Model 60 Stepping 3, GenuineIntel



---------------  S Y S T E M  ---------------

OS: Windows 10.0 , 64 bit Build 17134 (10.0.17134.556)

CPU:total 4 (initial active 4) (4 cores per cpu, 1 threads per core) family 6 model 60 stepping 3, cmov, cx8, fxsr, mmx, sse, sse2, sse3, ssse3, sse4.1, sse4.2, popcnt, avx, avx2, aes, clmul, erms, lzcnt, tsc, tscinvbit, bmi1, bmi2

Memory: 4k page, physical 16718816k(9920060k free), swap 19209184k(8831816k free)

vm_info: Java HotSpot(TM) 64-Bit Server VM (25.201-b09) for windows-amd64 JRE (1.8.0_201-b09), built on Dec 15 2018 18:36:39 by "java_re" with MS VC++ 10.0 (VS2010)

time: Thu Feb 14 19:34:21 2019
timezone: GMT Standard Time
elapsed time: 9 seconds (0d 0h 0m 9s)

