#
# A fatal error has been detected by the Java Runtime Environment:
#
#  EXCEPTION_ACCESS_VIOLATION (0xc0000005) at pc=0x00007ffa3e7bc1a7, pid=10948, tid=0x0000000000002f4c
#
# JRE version: Java(TM) SE Runtime Environment (8.0_201-b09) (build 1.8.0_201-b09)
# Java VM: Java HotSpot(TM) 64-Bit Server VM (25.201-b09 mixed mode windows-amd64 compressed oops)
# Problematic frame:
# C  [ntdll.dll+0x1c1a7]
#
# Failed to write core dump. Minidumps are not enabled by default on client versions of Windows
#
# If you would like to submit a bug report, please visit:
#   http://bugreport.java.com/bugreport/crash.jsp
# The crash happened outside the Java Virtual Machine in native code.
# See problematic frame for where to report the bug.
#

---------------  T H R E A D  ---------------

Current thread (0x000000001dc4c000):  JavaThread "LWJGL Application" [_thread_in_native, id=12108, stack(0x000000001efd0000,0x000000001f0d0000)]

siginfo: ExceptionCode=0xc0000005, reading address 0x00000000feffffff

Registers:
RAX=0x00000000006e0016, RBX=0x00000000005e0000, RCX=0x0000000000001678, RDX=0x0000000000000016
RSP=0x000000001f0ce6b0, RBP=0x0000000000000000, RSI=0x000000001f4c4a30, RDI=0x000000006e001678
R8 =0x00000000feffffff, R9 =0x0000000000013890, R10=0x0000000002568c3b, R11=0x00007ffa3e8b8b40
R12=0x00000000005e0150, R13=0x4396000043960000, R14=0x000000001f4c4a20, R15=0x00000000005e2d30
RIP=0x00007ffa3e7bc1a7, EFLAGS=0x0000000000010212

Top of Stack: (sp=0x000000001f0ce6b0)
0x000000001f0ce6b0:   000000001d551fe8 000000007043e230
0x000000001f0ce6c0:   0000000000000000 000000000248c550
0x000000001f0ce6d0:   0000000002497e70 000000000248c550
0x000000001f0ce6e0:   0000000102497e01 0000000000000000
0x000000001f0ce6f0:   000000001dc4c000 0000000000000000
0x000000001f0ce700:   0000000000000000 0000000000001389
0x000000001f0ce710:   0000000000000001 00000000feffffff
0x000000001f0ce720:   0000000002497e70 000000000248c550
0x000000001f0ce730:   00000007c0028d70 000000007097861c
0x000000001f0ce740:   000000001f4c4a20 000000001f0ceab0
0x000000001f0ce750:   000000001dc4c000 00000000000003ff
0x000000001f0ce760:   000000001dc4c000 000000007048b1e5
0x000000001f0ce770:   0000000000000000 000000007043e306
0x000000001f0ce780:   000000001d374660 000000001d374660
0x000000001f0ce790:   000000001d374668 000000001dc4c000
0x000000001f0ce7a0:   000000001dc4c000 000000007043e230 

Instructions: (pc=0x00007ffa3e7bc1a7)
0x00007ffa3e7bc187:   0f b7 4e 08 0f b7 d1 66 c1 ea 08 49 3b cd 0f 82
0x00007ffa3e7bc197:   ef 17 00 00 4c 8b 2e 4d 8b 46 18 4c 89 44 24 68
0x00007ffa3e7bc1a7:   49 8b 00 4d 8b 4d 08 49 3b c1 0f 85 b0 17 00 00
0x00007ffa3e7bc1b7:   48 3b c6 0f 85 a7 17 00 00 48 29 8b c0 00 00 00 


Register to memory mapping:

RAX=0x00000000006e0016 is an unknown value
RBX=0x00000000005e0000 is an unknown value
RCX=0x0000000000001678 is an unknown value
RDX=0x0000000000000016 is an unknown value
RSP=0x000000001f0ce6b0 is pointing into the stack for thread: 0x000000001dc4c000
RBP=0x0000000000000000 is an unknown value
RSI=0x000000001f4c4a30 is an unknown value
RDI=0x000000006e001678 is an unknown value
R8 =0x00000000feffffff is an unknown value
R9 =0x0000000000013890 is an unknown value
R10=0x0000000002568c3b is at code_begin+891 in an Interpreter codelet
method entry point (kind = native)  [0x00000000025688c0, 0x0000000002569280]  2496 bytes
R11=0x00007ffa3e8b8b40 is an unknown value
R12=0x00000000005e0150 is an unknown value
R13=0x4396000043960000 is an unknown value
R14=0x000000001f4c4a20 is an unknown value
R15=0x00000000005e2d30 is an unknown value


Stack: [0x000000001efd0000,0x000000001f0d0000],  sp=0x000000001f0ce6b0,  free space=1017k
Native frames: (J=compiled Java code, j=interpreted, Vv=VM code, C=native code)

Java frames: (J=compiled Java code, j=interpreted, Vv=VM code)
j  com.badlogic.gdx.utils.BufferUtils.newDisposableByteBuffer(I)Ljava/nio/ByteBuffer;+0
j  com.badlogic.gdx.utils.BufferUtils.newUnsafeByteBuffer(I)Ljava/nio/ByteBuffer;+1
j  com.badlogic.gdx.graphics.glutils.VertexArray.<init>(ILcom/badlogic/gdx/graphics/VertexAttributes;)V+24
j  com.badlogic.gdx.graphics.Mesh.<init>(Lcom/badlogic/gdx/graphics/Mesh$VertexDataType;ZIILcom/badlogic/gdx/graphics/VertexAttributes;)V+179
j  com.badlogic.gdx.graphics.Mesh.<init>(Lcom/badlogic/gdx/graphics/Mesh$VertexDataType;ZII[Lcom/badlogic/gdx/graphics/VertexAttribute;)V+15
j  com.badlogic.gdx.graphics.g2d.SpriteBatch.<init>(ILcom/badlogic/gdx/graphics/glutils/ShaderProgram;)V+251
j  com.badlogic.gdx.graphics.g2d.SpriteBatch.<init>()V+5
j  com.badlogic.gdx.scenes.scene2d.Stage.<init>(Lcom/badlogic/gdx/utils/viewport/Viewport;)V+6
j  com.geeselightning.zepr.SelectCharacterScreen.<init>(Lcom/geeselightning/zepr/Zepr;)V+44
j  com.geeselightning.zepr.Zepr.changeScreen(I)V+92
j  com.geeselightning.zepr.TextScreen$1.changed(Lcom/badlogic/gdx/scenes/scene2d/utils/ChangeListener$ChangeEvent;Lcom/badlogic/gdx/scenes/scene2d/Actor;)V+16
j  com.badlogic.gdx.scenes.scene2d.utils.ChangeListener.handle(Lcom/badlogic/gdx/scenes/scene2d/Event;)Z+18
J 639 C1 com.badlogic.gdx.scenes.scene2d.Actor.notify(Lcom/badlogic/gdx/scenes/scene2d/Event;Z)Z (180 bytes) @ 0x00000000027ed3fc [0x00000000027ecbc0+0x83c]
j  com.badlogic.gdx.scenes.scene2d.Actor.fire(Lcom/badlogic/gdx/scenes/scene2d/Event;)Z+152
j  com.badlogic.gdx.scenes.scene2d.ui.Button.setChecked(ZZ)V+49
j  com.badlogic.gdx.scenes.scene2d.ui.Button$1.clicked(Lcom/badlogic/gdx/scenes/scene2d/InputEvent;FF)V+31
j  com.badlogic.gdx.scenes.scene2d.utils.ClickListener.touchUp(Lcom/badlogic/gdx/scenes/scene2d/InputEvent;FFII)V+108
j  com.badlogic.gdx.scenes.scene2d.InputListener.handle(Lcom/badlogic/gdx/scenes/scene2d/Event;)Z+196
j  com.badlogic.gdx.scenes.scene2d.Stage.touchUp(IIII)Z+213
J 1205 C1 com.badlogic.gdx.backends.lwjgl.LwjglInput.processEvents()V (478 bytes) @ 0x00000000029cf204 [0x00000000029ce460+0xda4]
j  com.badlogic.gdx.backends.lwjgl.LwjglApplication.mainLoop()V+600
j  com.badlogic.gdx.backends.lwjgl.LwjglApplication$1.run()V+27
v  ~StubRoutines::call_stub

---------------  P R O C E S S  ---------------

Java Threads: ( => current thread )
  0x000000001e002000 JavaThread "LWJGL Timer" daemon [_thread_blocked, id=6324, stack(0x000000002bf30000,0x000000002c030000)]
  0x000000000243e800 JavaThread "DestroyJavaVM" [_thread_blocked, id=9324, stack(0x0000000002310000,0x0000000002410000)]
=>0x000000001dc4c000 JavaThread "LWJGL Application" [_thread_in_native, id=12108, stack(0x000000001efd0000,0x000000001f0d0000)]
  0x000000001d34a000 JavaThread "Service Thread" daemon [_thread_blocked, id=6428, stack(0x000000001d940000,0x000000001da40000)]
  0x000000001d345000 JavaThread "C1 CompilerThread2" daemon [_thread_blocked, id=13716, stack(0x000000001d840000,0x000000001d940000)]
  0x000000001bc49800 JavaThread "C2 CompilerThread1" daemon [_thread_blocked, id=2680, stack(0x000000001d740000,0x000000001d840000)]
  0x000000001bbf0000 JavaThread "C2 CompilerThread0" daemon [_thread_blocked, id=2780, stack(0x000000001d240000,0x000000001d340000)]
  0x000000001bbee800 JavaThread "Attach Listener" daemon [_thread_blocked, id=12828, stack(0x000000001d140000,0x000000001d240000)]
  0x000000001bbed000 JavaThread "Signal Dispatcher" daemon [_thread_blocked, id=10192, stack(0x000000001d040000,0x000000001d140000)]
  0x000000001bbda800 JavaThread "Finalizer" daemon [_thread_blocked, id=10108, stack(0x000000001ce40000,0x000000001cf40000)]
  0x0000000002532000 JavaThread "Reference Handler" daemon [_thread_blocked, id=6228, stack(0x000000001cd40000,0x000000001ce40000)]

Other Threads:
  0x000000001bbb7800 VMThread [stack: 0x000000001cc40000,0x000000001cd40000] [id=12212]
  0x000000001d373800 WatcherThread [stack: 0x000000001da40000,0x000000001db40000] [id=4672]

VM state:not at safepoint (normal execution)

VM Mutex/Monitor currently owned by a thread: None

heap address: 0x00000006c0e00000, size: 4082 MB, Compressed Oops mode: Zero based, Oop shift amount: 3
Narrow klass base: 0x0000000000000000, Narrow klass shift: 3
Compressed class space size: 1073741824 Address: 0x00000007c0000000

Heap:
 PSYoungGen      total 76288K, used 29398K [0x000000076af80000, 0x0000000770480000, 0x00000007c0000000)
  eden space 65536K, 44% used [0x000000076af80000,0x000000076cc35a98,0x000000076ef80000)
  from space 10752K, 0% used [0x000000076fa00000,0x000000076fa00000,0x0000000770480000)
  to   space 10752K, 0% used [0x000000076ef80000,0x000000076ef80000,0x000000076fa00000)
 ParOldGen       total 175104K, used 0K [0x00000006c0e00000, 0x00000006cb900000, 0x000000076af80000)
  object space 175104K, 0% used [0x00000006c0e00000,0x00000006c0e00000,0x00000006cb900000)
 Metaspace       used 8404K, capacity 8591K, committed 8832K, reserved 1056768K
  class space    used 793K, capacity 850K, committed 896K, reserved 1048576K

Card table byte_map: [0x0000000011910000,0x0000000012110000] byte_map_base: 0x000000000e309000

Marking Bits: (ParMarkBitMap*) 0x0000000070ba4ce0
 Begin Bits: [0x0000000012a70000, 0x0000000016a38000)
 End Bits:   [0x0000000016a38000, 0x000000001aa00000)

Polling page: 0x0000000002410000

CodeCache: size=245760Kb used=4920Kb max_used=4920Kb free=240839Kb
 bounds [0x0000000002550000, 0x0000000002a30000, 0x0000000011550000]
 total_blobs=1746 nmethods=1280 adapters=378
 compilation: enabled

Compilation events (10 events):
Event: 15.680 Thread 0x000000001d345000 1276       3       java.nio.Bits::long6 (7 bytes)
Event: 15.680 Thread 0x000000001d345000 nmethod 1276 0x0000000002a20b10 code [0x0000000002a20c60, 0x0000000002a20db0]
Event: 15.680 Thread 0x000000001d345000 1277       3       java.nio.Bits::long5 (7 bytes)
Event: 15.680 Thread 0x000000001d345000 nmethod 1277 0x0000000002a20e10 code [0x0000000002a20f60, 0x0000000002a210b0]
Event: 15.680 Thread 0x000000001d345000 1278       3       java.nio.Bits::long4 (7 bytes)
Event: 15.680 Thread 0x000000001d345000 nmethod 1278 0x0000000002a21110 code [0x0000000002a21260, 0x0000000002a213b0]
Event: 15.680 Thread 0x000000001d345000 1279       3       java.nio.HeapByteBuffer::getLong (19 bytes)
Event: 15.680 Thread 0x000000001d345000 nmethod 1279 0x0000000002a21410 code [0x0000000002a215a0, 0x0000000002a21948]
Event: 16.181 Thread 0x000000001d345000 1280       3       com.badlogic.gdx.scenes.scene2d.Actor::stageToLocalCoordinates (24 bytes)
Event: 16.181 Thread 0x000000001d345000 nmethod 1280 0x0000000002a21a90 code [0x0000000002a21c20, 0x0000000002a22128]

GC Heap History (0 events):
No events

Deoptimization events (10 events):
Event: 15.059 Thread 0x000000001dc4c000 Uncommon trap: reason=class_check action=maybe_recompile pc=0x00000000029edf10 method=com.badlogic.gdx.scenes.scene2d.ui.Value$2.get(Lcom/badlogic/gdx/scenes/scene2d/Actor;)F @ 1
Event: 15.059 Thread 0x000000001dc4c000 Uncommon trap: reason=class_check action=maybe_recompile pc=0x00000000029ee418 method=com.badlogic.gdx.scenes.scene2d.ui.Value$3.get(Lcom/badlogic/gdx/scenes/scene2d/Actor;)F @ 1
Event: 15.059 Thread 0x000000001dc4c000 Uncommon trap: reason=class_check action=maybe_recompile pc=0x00000000029ee918 method=com.badlogic.gdx.scenes.scene2d.ui.Value$1.get(Lcom/badlogic/gdx/scenes/scene2d/Actor;)F @ 1
Event: 15.059 Thread 0x000000001dc4c000 Uncommon trap: reason=class_check action=maybe_recompile pc=0x00000000029edf10 method=com.badlogic.gdx.scenes.scene2d.ui.Value$2.get(Lcom/badlogic/gdx/scenes/scene2d/Actor;)F @ 1
Event: 16.195 Thread 0x000000001dc4c000 Uncommon trap: reason=class_check action=maybe_recompile pc=0x00000000029ee418 method=com.badlogic.gdx.scenes.scene2d.ui.Value$3.get(Lcom/badlogic/gdx/scenes/scene2d/Actor;)F @ 1
Event: 16.195 Thread 0x000000001dc4c000 Uncommon trap: reason=class_check action=maybe_recompile pc=0x00000000029ee918 method=com.badlogic.gdx.scenes.scene2d.ui.Value$1.get(Lcom/badlogic/gdx/scenes/scene2d/Actor;)F @ 1
Event: 16.195 Thread 0x000000001dc4c000 Uncommon trap: reason=class_check action=maybe_recompile pc=0x00000000029edf10 method=com.badlogic.gdx.scenes.scene2d.ui.Value$2.get(Lcom/badlogic/gdx/scenes/scene2d/Actor;)F @ 1
Event: 16.195 Thread 0x000000001dc4c000 Uncommon trap: reason=class_check action=maybe_recompile pc=0x00000000029ee418 method=com.badlogic.gdx.scenes.scene2d.ui.Value$3.get(Lcom/badlogic/gdx/scenes/scene2d/Actor;)F @ 1
Event: 16.195 Thread 0x000000001dc4c000 Uncommon trap: reason=class_check action=maybe_recompile pc=0x00000000029ee918 method=com.badlogic.gdx.scenes.scene2d.ui.Value$1.get(Lcom/badlogic/gdx/scenes/scene2d/Actor;)F @ 1
Event: 16.195 Thread 0x000000001dc4c000 Uncommon trap: reason=class_check action=maybe_recompile pc=0x00000000029edf10 method=com.badlogic.gdx.scenes.scene2d.ui.Value$2.get(Lcom/badlogic/gdx/scenes/scene2d/Actor;)F @ 1

Classes redefined (0 events):
No events

Internal exceptions (10 events):
Event: 0.302 Thread 0x000000000243e800 Exception <a 'java/security/PrivilegedActionException'> (0x000000076b32b990) thrown at [C:\re\workspace\8-2-build-windows-amd64-cygwin\jdk8u201\12322\hotspot\src\share\vm\prims\jvm.cpp, line 1502]
Event: 0.421 Thread 0x000000000243e800 Exception <a 'java/security/PrivilegedActionException'> (0x000000076b463558) thrown at [C:\re\workspace\8-2-build-windows-amd64-cygwin\jdk8u201\12322\hotspot\src\share\vm\prims\jvm.cpp, line 1502]
Event: 0.421 Thread 0x000000000243e800 Exception <a 'java/security/PrivilegedActionException'> (0x000000076b465230) thrown at [C:\re\workspace\8-2-build-windows-amd64-cygwin\jdk8u201\12322\hotspot\src\share\vm\prims\jvm.cpp, line 1502]
Event: 0.421 Thread 0x000000000243e800 Exception <a 'java/security/PrivilegedActionException'> (0x000000076b4663a0) thrown at [C:\re\workspace\8-2-build-windows-amd64-cygwin\jdk8u201\12322\hotspot\src\share\vm\prims\jvm.cpp, line 1502]
Event: 0.421 Thread 0x000000000243e800 Exception <a 'java/security/PrivilegedActionException'> (0x000000076b46b508) thrown at [C:\re\workspace\8-2-build-windows-amd64-cygwin\jdk8u201\12322\hotspot\src\share\vm\prims\jvm.cpp, line 1502]
Event: 0.421 Thread 0x000000000243e800 Exception <a 'java/security/PrivilegedActionException'> (0x000000076b46c160) thrown at [C:\re\workspace\8-2-build-windows-amd64-cygwin\jdk8u201\12322\hotspot\src\share\vm\prims\jvm.cpp, line 1502]
Event: 0.421 Thread 0x000000000243e800 Exception <a 'java/security/PrivilegedActionException'> (0x000000076b46cd88) thrown at [C:\re\workspace\8-2-build-windows-amd64-cygwin\jdk8u201\12322\hotspot\src\share\vm\prims\jvm.cpp, line 1502]
Event: 1.950 Thread 0x000000001dc4c000 Implicit null exception at 0x000000000270ef16 to 0x000000000270f2b1
Event: 15.046 Thread 0x000000001dc4c000 Implicit null exception at 0x00000000029c618b to 0x00000000029c6619
Event: 15.058 Thread 0x000000001dc4c000 Implicit null exception at 0x00000000029e312b to 0x00000000029e3232

Events (10 events):
Event: 16.195 Thread 0x000000001dc4c000 DEOPT UNPACKING pc=0x000000000259583b sp=0x000000001f0ceb58 mode 2
Event: 16.195 Thread 0x000000001dc4c000 Uncommon trap: trap_request=0xffffffde fr.pc=0x00000000029ee418
Event: 16.195 Thread 0x000000001dc4c000 DEOPT PACKING pc=0x00000000029ee418 sp=0x000000001f0ced80
Event: 16.195 Thread 0x000000001dc4c000 DEOPT UNPACKING pc=0x000000000259583b sp=0x000000001f0ced18 mode 2
Event: 16.195 Thread 0x000000001dc4c000 Uncommon trap: trap_request=0xffffffde fr.pc=0x00000000029ee918
Event: 16.195 Thread 0x000000001dc4c000 DEOPT PACKING pc=0x00000000029ee918 sp=0x000000001f0ced80
Event: 16.195 Thread 0x000000001dc4c000 DEOPT UNPACKING pc=0x000000000259583b sp=0x000000001f0ced18 mode 2
Event: 16.195 Thread 0x000000001dc4c000 Uncommon trap: trap_request=0xffffffde fr.pc=0x00000000029edf10
Event: 16.195 Thread 0x000000001dc4c000 DEOPT PACKING pc=0x00000000029edf10 sp=0x000000001f0ced80
Event: 16.195 Thread 0x000000001dc4c000 DEOPT UNPACKING pc=0x000000000259583b sp=0x000000001f0ced18 mode 2


Dynamic libraries:
0x00007ff6bfdd0000 - 0x00007ff6bfe07000 	C:\Program Files\Java\jre1.8.0_201\bin\javaw.exe
0x00007ffa3e7a0000 - 0x00007ffa3e981000 	C:\Windows\SYSTEM32\ntdll.dll
0x00007ffa3df20000 - 0x00007ffa3dfd2000 	C:\Windows\System32\KERNEL32.DLL
0x00007ffa3ab70000 - 0x00007ffa3ade3000 	C:\Windows\System32\KERNELBASE.dll
0x0000000072cd0000 - 0x0000000072ff5000 	C:\Program Files\Norton Security\NortonData\22.15.0.88\Definitions\IPSDefs\20190208.061\IPSEng64.dll
0x00007ffa3ddd0000 - 0x00007ffa3de71000 	C:\Windows\System32\ADVAPI32.dll
0x00007ffa3de80000 - 0x00007ffa3df1e000 	C:\Windows\System32\msvcrt.dll
0x00007ffa3d1d0000 - 0x00007ffa3d22b000 	C:\Windows\System32\sechost.dll
0x00007ffa3d290000 - 0x00007ffa3d3b4000 	C:\Windows\System32\RPCRT4.dll
0x00007ffa3d870000 - 0x00007ffa3d878000 	C:\Windows\System32\PSAPI.DLL
0x00007ffa3e180000 - 0x00007ffa3e310000 	C:\Windows\System32\USER32.dll
0x00007ffa3af80000 - 0x00007ffa3afa0000 	C:\Windows\System32\win32u.dll
0x00007ffa3d4c0000 - 0x00007ffa3d4e8000 	C:\Windows\System32\GDI32.dll
0x00007ffa3b7a0000 - 0x00007ffa3b932000 	C:\Windows\System32\gdi32full.dll
0x00007ffa3b700000 - 0x00007ffa3b79f000 	C:\Windows\System32\msvcp_win.dll
0x00007ffa3b940000 - 0x00007ffa3ba3a000 	C:\Windows\System32\ucrtbase.dll
0x00007ffa32bc0000 - 0x00007ffa32e29000 	C:\Windows\WinSxS\amd64_microsoft.windows.common-controls_6595b64144ccf1df_6.0.17134.523_none_fb409dd930672a56\COMCTL32.dll
0x00007ffa3daa0000 - 0x00007ffa3ddc2000 	C:\Windows\System32\combase.dll
0x00007ffa3af00000 - 0x00007ffa3af7a000 	C:\Windows\System32\bcryptPrimitives.dll
0x00007ffa3d490000 - 0x00007ffa3d4bd000 	C:\Windows\System32\IMM32.DLL
0x0000000070100000 - 0x00000000701d1000 	C:\Program Files\Java\jre1.8.0_201\bin\msvcr100.dll
0x0000000070380000 - 0x0000000070c24000 	C:\Program Files\Java\jre1.8.0_201\bin\server\jvm.dll
0x00007ffa2ac00000 - 0x00007ffa2ac09000 	C:\Windows\SYSTEM32\WSOCK32.dll
0x00007ffa37890000 - 0x00007ffa378b3000 	C:\Windows\SYSTEM32\WINMM.dll
0x00007ffa3d420000 - 0x00007ffa3d48c000 	C:\Windows\System32\WS2_32.dll
0x00007ffa35690000 - 0x00007ffa3569a000 	C:\Windows\SYSTEM32\VERSION.dll
0x00007ffa37860000 - 0x00007ffa3788a000 	C:\Windows\SYSTEM32\WINMMBASE.dll
0x00007ffa3b6b0000 - 0x00007ffa3b6f9000 	C:\Windows\System32\cfgmgr32.dll
0x00007ffa29a20000 - 0x00007ffa29a2f000 	C:\Program Files\Java\jre1.8.0_201\bin\verify.dll
0x00007ffa299f0000 - 0x00007ffa29a19000 	C:\Program Files\Java\jre1.8.0_201\bin\java.dll
0x00007ffa299d0000 - 0x00007ffa299e6000 	C:\Program Files\Java\jre1.8.0_201\bin\zip.dll
0x00007ffa3bd90000 - 0x00007ffa3d1d0000 	C:\Windows\System32\SHELL32.dll
0x00007ffa3d700000 - 0x00007ffa3d7a9000 	C:\Windows\System32\shcore.dll
0x00007ffa3afa0000 - 0x00007ffa3b6ad000 	C:\Windows\System32\windows.storage.dll
0x00007ffa3d3c0000 - 0x00007ffa3d411000 	C:\Windows\System32\shlwapi.dll
0x00007ffa3ab30000 - 0x00007ffa3ab41000 	C:\Windows\System32\kernel.appcore.dll
0x00007ffa3aac0000 - 0x00007ffa3aadf000 	C:\Windows\System32\profapi.dll
0x00007ffa3aae0000 - 0x00007ffa3ab2c000 	C:\Windows\System32\powrprof.dll
0x00007ffa3aab0000 - 0x00007ffa3aaba000 	C:\Windows\System32\FLTLIB.DLL
0x0000000065580000 - 0x0000000065616000 	C:\Users\TGWTu\AppData\Local\Temp\libgdxTGWTu\12dfaa03\gdx64.dll
0x00007ffa3a4f0000 - 0x00007ffa3a507000 	C:\Windows\SYSTEM32\CRYPTSP.dll
0x00007ffa39f10000 - 0x00007ffa39f43000 	C:\Windows\system32\rsaenh.dll
0x00007ffa3a610000 - 0x00007ffa3a635000 	C:\Windows\SYSTEM32\bcrypt.dll
0x00007ffa3a9b0000 - 0x00007ffa3a9d8000 	C:\Windows\SYSTEM32\USERENV.dll
0x00007ffa3a4e0000 - 0x00007ffa3a4eb000 	C:\Windows\SYSTEM32\CRYPTBASE.dll
0x00007ffa299b0000 - 0x00007ffa299ca000 	C:\Program Files\Java\jre1.8.0_201\bin\net.dll
0x00007ffa2b920000 - 0x00007ffa2bae9000 	C:\Windows\SYSTEM32\urlmon.dll
0x00007ffa30380000 - 0x00007ffa30625000 	C:\Windows\SYSTEM32\iertutil.dll
0x00007ffa3a330000 - 0x00007ffa3a396000 	C:\Windows\system32\mswsock.dll
0x00007ffa3a0b0000 - 0x00007ffa3a0e8000 	C:\Windows\SYSTEM32\IPHLPAPI.DLL
0x00007ffa3d6f0000 - 0x00007ffa3d6f8000 	C:\Windows\System32\NSI.dll
0x00007ffa34070000 - 0x00007ffa34086000 	C:\Windows\SYSTEM32\dhcpcsvc6.DLL
0x00007ffa34d60000 - 0x00007ffa34d7a000 	C:\Windows\SYSTEM32\dhcpcsvc.DLL
0x00007ffa27990000 - 0x00007ffa279a1000 	C:\Program Files\Java\jre1.8.0_201\bin\nio.dll
0x0000000180000000 - 0x0000000180053000 	C:\Users\TGWTu\AppData\Local\Temp\libgdxTGWTu\dc0f0009\lwjgl64.dll
0x00007ffa31190000 - 0x00007ffa312b0000 	C:\Windows\SYSTEM32\OPENGL32.dll
0x00007ffa36d40000 - 0x00007ffa36d6c000 	C:\Windows\SYSTEM32\GLU32.dll
0x000000001e7a0000 - 0x000000001e804000 	C:\Users\TGWTu\AppData\Local\Temp\libgdxTGWTu\dc0f0009\OpenAL64.dll
0x00007ffa3bc30000 - 0x00007ffa3bd81000 	C:\Windows\System32\ole32.dll
0x00007ffa390a0000 - 0x00007ffa39138000 	C:\Windows\system32\uxtheme.dll
0x00007ffa3d7d0000 - 0x00007ffa3d870000 	C:\Windows\System32\clbcatq.dll
0x00007ffa36ff0000 - 0x00007ffa371a4000 	C:\Windows\System32\PROPSYS.dll
0x00007ffa3d9d0000 - 0x00007ffa3da92000 	C:\Windows\System32\OLEAUT32.dll
0x00007ffa01800000 - 0x00007ffa0188f000 	C:\Windows\SYSTEM32\dsound.dll
0x00007ffa31770000 - 0x00007ffa317e6000 	C:\Windows\System32\MMDevApi.dll
0x00007ffa3a8c0000 - 0x00007ffa3a8e7000 	C:\Windows\System32\DEVOBJ.dll
0x00007ffa03c80000 - 0x00007ffa03dac000 	C:\Windows\SYSTEM32\AUDIOSES.DLL
0x00007ffa36d70000 - 0x00007ffa36ebd000 	C:\Windows\SYSTEM32\wintypes.dll
0x00007ffa362d0000 - 0x00007ffa362da000 	C:\Windows\SYSTEM32\AVRT.dll
0x00007ffa3d570000 - 0x00007ffa3d6e3000 	C:\Windows\System32\MSCTF.dll
0x00007ffa39180000 - 0x00007ffa391a9000 	C:\Windows\system32\dwmapi.dll
0x000000006da70000 - 0x00000000700f9000 	C:\Windows\System32\DriverStore\FileRepository\nv_dispi.inf_amd64_5db32447b43ce666\nvoglv64.dll
0x00007ffa3e320000 - 0x00007ffa3e76b000 	C:\Windows\System32\SETUPAPI.dll
0x00007ffa373a0000 - 0x00007ffa373b3000 	C:\Windows\SYSTEM32\WTSAPI32.dll
0x00007ffa3adf0000 - 0x00007ffa3ae47000 	C:\Windows\System32\WINTRUST.dll
0x00007ffa3ab50000 - 0x00007ffa3ab62000 	C:\Windows\System32\MSASN1.dll
0x00007ffa3ba40000 - 0x00007ffa3bc22000 	C:\Windows\System32\CRYPT32.dll
0x00007ffa39ba0000 - 0x00007ffa39bd1000 	C:\Windows\SYSTEM32\ntmarta.dll
0x00007ff9edce0000 - 0x00007ff9edfa6000 	C:\Windows\system32\nvspcap64.dll
0x00007ffa31c30000 - 0x00007ffa31cc6000 	C:\Windows\System32\TextInputFramework.dll
0x00007ffa35df0000 - 0x00007ffa3610e000 	C:\Windows\System32\CoreUIComponents.dll
0x00007ffa38b70000 - 0x00007ffa38c4a000 	C:\Windows\System32\CoreMessaging.dll
0x00007ffa32ef0000 - 0x00007ffa32f98000 	C:\Windows\SYSTEM32\mscms.dll
0x00007ffa33cb0000 - 0x00007ffa33cc0000 	C:\Windows\SYSTEM32\ColorAdapterClient.dll
0x00007ffa01a20000 - 0x00007ffa01a63000 	C:\Windows\SYSTEM32\icm32.dll
0x00007ffa39c40000 - 0x00007ffa39c96000 	C:\Windows\SYSTEM32\WINSTA.dll
0x00007ffa29720000 - 0x00007ffa298e9000 	C:\Windows\SYSTEM32\dbghelp.dll

VM Arguments:
jvm_args: -Dfile.encoding=Cp1252 
java_command: com.geeselightning.zepr.desktop.DesktopLauncher
java_class_path (initial): C:\Program Files\Java\jre1.8.0_201\lib\resources.jar;C:\Program Files\Java\jre1.8.0_201\lib\rt.jar;C:\Program Files\Java\jre1.8.0_201\lib\jsse.jar;C:\Program Files\Java\jre1.8.0_201\lib\jce.jar;C:\Program Files\Java\jre1.8.0_201\lib\charsets.jar;C:\Program Files\Java\jre1.8.0_201\lib\jfr.jar;C:\Program Files\Java\jre1.8.0_201\lib\ext\access-bridge-64.jar;C:\Program Files\Java\jre1.8.0_201\lib\ext\cldrdata.jar;C:\Program Files\Java\jre1.8.0_201\lib\ext\dnsns.jar;C:\Program Files\Java\jre1.8.0_201\lib\ext\jaccess.jar;C:\Program Files\Java\jre1.8.0_201\lib\ext\jfxrt.jar;C:\Program Files\Java\jre1.8.0_201\lib\ext\localedata.jar;C:\Program Files\Java\jre1.8.0_201\lib\ext\nashorn.jar;C:\Program Files\Java\jre1.8.0_201\lib\ext\sunec.jar;C:\Program Files\Java\jre1.8.0_201\lib\ext\sunjce_provider.jar;C:\Program Files\Java\jre1.8.0_201\lib\ext\sunmscapi.jar;C:\Program Files\Java\jre1.8.0_201\lib\ext\sunpkcs11.jar;C:\Program Files\Java\jre1.8.0_201\lib\ext\zipfs.jar;E:\Downloads\Git\Assessment3\zepr\desktop\bin\main;E:\Downloads\Git\Assessment3\zepr\core\bin\default;E:\Downloads\Git\Assessment3\zepr\core\bin\main;C:\Users\TGWTu\.gradle\caches\modules-2\files-2.1\com.badlogicgames.gdx\gdx-backend-lwjgl\1.9.8\b7c138f14ed67ad830ae7597da3d86ae02b20eee\gdx-backend-lwjgl-1.9.8.jar;C:\Users\TGWTu\.gradle\caches\modules-2\files-2.1\com.badlogicgames.gdx\gdx-platform\1.9.8\604a2ef2c7c92a5900114757cbd3fb4dcbb8270c\gdx-platform-1.9.8-natives-desktop.jar;C:\Users\TGWTu\.gradle\caches\modules-2\files-2.1\com.badlogicgames.gdx\gdx-box2d-platform\1.9.8\3195b56f82751d7cd7de85edb6824d17bf479781\gdx-box2d-platform-1.9.8-natives-desktop.jar;C:\Users\TGWTu\.gradle\caches\modules-2\files-2.1\com.badlogicgames.gdx\gdx-box2d\1.9.8\6f0497b7958216464101adfb7bdc3a0f7b88d6d3\gdx-box2d-1.9.8.jar;C:\Users\TGWTu\.gradle\caches\modules-2\files-2.1\com.badlogicgames.gdx\gdx\1.9.8\a35a0076fbce873f9c2d5a1a1c8066244231bb3c\gdx-1.9.8.jar;C:\Users\TGWTu\.gradle\caches\modules-2\files-
Launcher Type: SUN_STANDARD

Environment Variables:
PATH=C:/Program Files/Java/jre1.8.0_201/bin/server;C:/Program Files/Java/jre1.8.0_201/bin;C:/Program Files/Java/jre1.8.0_201/lib/amd64;C:\Program Files (x86)\Common Files\Oracle\Java\javapath;C:\Windows\system32;C:\Windows;C:\Windows\System32\Wbem;C:\Windows\System32\WindowsPowerShell\v1.0\;C:\Windows\System32\OpenSSH\;C:\Program Files (x86)\NVIDIA Corporation\PhysX\Common;E:\Documents\Programs\Git\Git\cmd;C:\Program Files\NVIDIA Corporation\NVIDIA NvDLISR;C:\Users\TGWTu\AppData\Local\Microsoft\WindowsApps;C:\Program Files\Java\jdk1.8.0_191\bin;;E:\Desktop;
USERNAME=TGWTu
OS=Windows_NT
PROCESSOR_IDENTIFIER=Intel64 Family 6 Model 60 Stepping 3, GenuineIntel



---------------  S Y S T E M  ---------------

OS: Windows 10.0 , 64 bit Build 17134 (10.0.17134.1)

CPU:total 4 (initial active 4) (4 cores per cpu, 1 threads per core) family 6 model 60 stepping 3, cmov, cx8, fxsr, mmx, sse, sse2, sse3, ssse3, sse4.1, sse4.2, popcnt, avx, avx2, aes, clmul, erms, lzcnt, tsc, tscinvbit, bmi1, bmi2

Memory: 4k page, physical 16718816k(11164736k free), swap 19209184k(10957892k free)

vm_info: Java HotSpot(TM) 64-Bit Server VM (25.201-b09) for windows-amd64 JRE (1.8.0_201-b09), built on Dec 15 2018 18:36:39 by "java_re" with MS VC++ 10.0 (VS2010)

time: Sun Feb 10 14:54:06 2019
timezone: GMT Standard Time
elapsed time: 16 seconds (0d 0h 0m 16s)

